{"TimeCreated":"2025-04-16 18:15:28","LogName":"System","Level":"Information","EventID":16,"ProviderName":"Microsoft-Windows-Kernel-General","Message":"The access history in hive \\??\\C:\\ProgramData\\Packages\\Microsoft.XboxGamingOverlay_8wekyb3d8bbwe\\S-1-5-21-3773365355-1627060674-2487742414-1001\\SystemAppData\\Helium\\Cache\\748d71a455a7e7a0_COM15.dat was cleared updating 1 keys and creating 1 modified pages.","MachineName":"DESKTOP-OIQSE1G","UserId":{"BinaryLength":12,"AccountDomainSid":null,"Value":"S-1-5-18"},"TaskDisplayName":null,"ProcessId":1432,"ThreadId":51512},{"TimeCreated":"2025-04-16 18:15:28","LogName":"System","Level":"Information","EventID":16,"ProviderName":"Microsoft-Windows-Kernel-General","Message":"The access history in hive \\??\\C:\\Users\\mkroe\\AppData\\Local\\Packages\\Microsoft.XboxGamingOverlay_8wekyb3d8bbwe\\Settings\\settings.dat was cleared updating 4 keys and creating 2 modified pages.","MachineName":"DESKTOP-OIQSE1G","UserId":{"BinaryLength":12,"AccountDomainSid":null,"Value":"S-1-5-18"},"TaskDisplayName":null,"ProcessId":32088,"ThreadId":58280},{"TimeCreated":"2025-04-16 17:44:38","LogName":"System","Level":"Information","EventID":566,"ProviderName":"Microsoft-Windows-Kernel-Power","Message":"The system session has transitioned from 106 to 108.\\n\\nReason InputHid \\n\\nBootId: 31","MachineName":"DESKTOP-OIQSE1G","UserId":{"BinaryLength":12,"AccountDomainSid":null,"Value":"S-1-5-18"},"TaskDisplayName":null,"ProcessId":4,"ThreadId":44340},{"TimeCreated":"2025-04-16 17:41:26","LogName":"System","Level":"Information","EventID":566,"ProviderName":"Microsoft-Windows-Kernel-Power","Message":"The system session has transitioned from 105 to 106.\\n\\nReason SessionUnlock \\n\\nBootId: 31","MachineName":"DESKTOP-OIQSE1G","UserId":{"BinaryLength":12,"AccountDomainSid":null,"Value":"S-1-5-18"},"TaskDisplayName":null,"ProcessId":4,"ThreadId":24772},{"TimeCreated":"2025-04-16 17:40:25","LogName":"System","Level":"Information","EventID":566,"ProviderName":"Microsoft-Windows-Kernel-Power","Message":"The system session has transitioned from 103 to 105.\\n\\nReason InputHid \\n\\nBootId: 31","MachineName":"DESKTOP-OIQSE1G","UserId":{"BinaryLength":12,"AccountDomainSid":null,"Value":"S-1-5-18"},"TaskDisplayName":null,"ProcessId":4,"ThreadId":26904},{"TimeCreated":"2025-04-16 17:32:30","LogName":"System","Level":"Information","EventID":566,"ProviderName":"Microsoft-Windows-Kernel-Power","Message":"The system session has transitioned from 102 to 103.\\n\\nReason SessionUnlock \\n\\nBootId: 31","MachineName":"DESKTOP-OIQSE1G","UserId":{"BinaryLength":12,"AccountDomainSid":null,"Value":"S-1-5-18"},"TaskDisplayName":null,"ProcessId":4,"ThreadId":53316},{"TimeCreated":"2025-04-16 17:31:30","LogName":"System","Level":"Information","EventID":566,"ProviderName":"Microsoft-Windows-Kernel-Power","Message":"The system session has transitioned from 100 to 102.\\n\\nReason InputHid \\n\\nBootId: 31","MachineName":"DESKTOP-OIQSE1G","UserId":{"BinaryLength":12,"AccountDomainSid":null,"Value":"S-1-5-18"},"TaskDisplayName":null,"ProcessId":4,"ThreadId":56964},{"TimeCreated":"2025-04-16 17:27:52","LogName":"System","Level":"Information","EventID":7040,"ProviderName":"Service Control Manager","Message":"The start type of the Windows Modules Installer service was changed from auto start to demand start.","MachineName":"DESKTOP-OIQSE1G","UserId":{"BinaryLength":12,"AccountDomainSid":null,"Value":"S-1-5-18"},"TaskDisplayName":null,"ProcessId":1208,"ThreadId":43376},{"TimeCreated":"2025-04-16 17:25:07","LogName":"System","Level":"Information","EventID":7040,"ProviderName":"Service Control Manager","Message":"The start type of the Windows Modules Installer service was changed from demand start to auto start.","MachineName":"DESKTOP-OIQSE1G","UserId":{"BinaryLength":12,"AccountDomainSid":null,"Value":"S-1-5-18"},"TaskDisplayName":null,"ProcessId":1208,"ThreadId":57680},{"TimeCreated":"2025-04-16 17:24:55","LogName":"System","Level":"Error","EventID":7009,"ProviderName":"Service Control Manager","Message":"A timeout was reached (30000 milliseconds) while waiting for the Intel(R) SUR QC Software Asset Manager service to connect.","MachineName":"DESKTOP-OIQSE1G","UserId":null,"TaskDisplayName":null,"ProcessId":1208,"ThreadId":45960},{"TimeCreated":"2025-04-16 17:24:52","LogName":"System","Level":"Information","EventID":7040,"ProviderName":"Service Control Manager","Message":"The start type of the Windows Modules Installer service was changed from auto start to demand start.","MachineName":"DESKTOP-OIQSE1G","UserId":{"BinaryLength":12,"AccountDomainSid":null,"Value":"S-1-5-18"},"TaskDisplayName":null,"ProcessId":1208,"ThreadId":57680},{"TimeCreated":"2025-04-16 17:22:57","LogName":"System","Level":"Information","EventID":19,"ProviderName":"Microsoft-Windows-WindowsUpdateClient","Message":"Installation Successful: Windows successfully installed the following update: 9NTXGKQ8P7N0-MicrosoftWindows.CrossDevice","MachineName":"DESKTOP-OIQSE1G","UserId":{"BinaryLength":12,"AccountDomainSid":null,"Value":"S-1-5-18"},"TaskDisplayName":"Windows Update Agent","ProcessId":53120,"ThreadId":47224},{"TimeCreated":"2025-04-16 17:22:55","LogName":"System","Level":"Information","EventID":43,"ProviderName":"Microsoft-Windows-WindowsUpdateClient","Message":"Installation Started: Windows has started installing the following update: 9NTXGKQ8P7N0-MicrosoftWindows.CrossDevice","MachineName":"DESKTOP-OIQSE1G","UserId":{"BinaryLength":12,"AccountDomainSid":null,"Value":"S-1-5-18"},"TaskDisplayName":"Windows Update Agent","ProcessId":53120,"ThreadId":47224},{"TimeCreated":"2025-04-16 17:22:55","LogName":"System","Level":"Information","EventID":44,"ProviderName":"Microsoft-Windows-WindowsUpdateClient","Message":"Windows Update started downloading an update.","MachineName":"DESKTOP-OIQSE1G","UserId":{"BinaryLength":12,"AccountDomainSid":null,"Value":"S-1-5-18"},"TaskDisplayName":"Windows Update Agent","ProcessId":53120,"ThreadId":47224},{"TimeCreated":"2025-04-16 17:22:37","LogName":"System","Level":"Information","EventID":7040,"ProviderName":"Service Control Manager","Message":"The start type of the Windows Modules Installer service was changed from demand start to auto start.","MachineName":"DESKTOP-OIQSE1G","UserId":{"BinaryLength":12,"AccountDomainSid":null,"Value":"S-1-5-18"},"TaskDisplayName":null,"ProcessId":1208,"ThreadId":5160},{"TimeCreated":"2025-04-16 17:22:16","LogName":"System","Level":"Information","EventID":566,"ProviderName":"Microsoft-Windows-Kernel-Power","Message":"The system session has transitioned from 99 to 100.\\n\\nReason SessionUnlock \\n\\nBootId: 31","MachineName":"DESKTOP-OIQSE1G","UserId":{"BinaryLength":12,"AccountDomainSid":null,"Value":"S-1-5-18"},"TaskDisplayName":null,"ProcessId":4,"ThreadId":26904},{"TimeCreated":"2025-04-16 17:12:24","LogName":"System","Level":"Information","EventID":19,"ProviderName":"Microsoft-Windows-WindowsUpdateClient","Message":"Installation Successful: Windows successfully installed the following update: Security Intelligence Update for Microsoft Defender Antivirus - KB2267602 (Version 1.427.291.0) - Current Channel (Broad)","MachineName":"DESKTOP-OIQSE1G","UserId":{"BinaryLength":12,"AccountDomainSid":null,"Value":"S-1-5-18"},"TaskDisplayName":"Windows Update Agent","ProcessId":59636,"ThreadId":38804},{"TimeCreated":"2025-04-16 17:12:19","LogName":"System","Level":"Information","EventID":43,"ProviderName":"Microsoft-Windows-WindowsUpdateClient","Message":"Installation Started: Windows has started installing the following update: Security Intelligence Update for Microsoft Defender Antivirus - KB2267602 (Version 1.427.291.0) - Current Channel (Broad)","MachineName":"DESKTOP-OIQSE1G","UserId":{"BinaryLength":12,"AccountDomainSid":null,"Value":"S-1-5-18"},"TaskDisplayName":"Windows Update Agent","ProcessId":59636,"ThreadId":38804},{"TimeCreated":"2025-04-16 17:12:19","LogName":"System","Level":"Information","EventID":44,"ProviderName":"Microsoft-Windows-WindowsUpdateClient","Message":"Windows Update started downloading an update.","MachineName":"DESKTOP-OIQSE1G","UserId":{"BinaryLength":12,"AccountDomainSid":null,"Value":"S-1-5-18"},"TaskDisplayName":"Windows Update Agent","ProcessId":59636,"ThreadId":38804},{"TimeCreated":"2025-04-16 17:08:29","LogName":"System","Level":"Information","EventID":37,"ProviderName":"Microsoft-Windows-Time-Service","Message":"The time provider NtpClient is currently receiving valid time data from time.windows.com,0x9 (ntp.m|0x9|0.0.0.0:123-\u003e168.61.215.74:123).","MachineName":"DESKTOP-OIQSE1G","UserId":{"BinaryLength":12,"AccountDomainSid":null,"Value":"S-1-5-19"},"TaskDisplayName":null,"ProcessId":17492,"ThreadId":20884},{"TimeCreated":"2025-04-16 16:25:39","LogName":"System","Level":"Warning","EventID":1014,"ProviderName":"Microsoft-Windows-DNS-Client","Message":"Name resolution for the name test.steampowered.com timed out after none of the configured DNS servers responded. Client PID 1720.","MachineName":"DESKTOP-OIQSE1G","UserId":{"BinaryLength":12,"AccountDomainSid":null,"Value":"S-1-5-20"},"TaskDisplayName":null,"ProcessId":2496,"ThreadId":58220},{"TimeCreated":"2025-04-16 16:25:37","LogName":"System","Level":"Information","EventID":32,"ProviderName":"e1rexpress","Message":"Intel(R) I211 Gigabit Network Connection\\n Network link has been established at 1Gbps full duplex.\\n","MachineName":"DESKTOP-OIQSE1G","UserId":null,"TaskDisplayName":"None","ProcessId":4,"ThreadId":22860},{"TimeCreated":"2025-04-16 16:25:33","LogName":"System","Level":"Information","EventID":1,"ProviderName":"Microsoft-Windows-Power-Troubleshooter","Message":"The system has returned from a low power state.\\n\\nSleep Time:  2025 - 04 - 16T14:32:12.956816300Z\\nWake Time:  2025 - 04 - 16T22:25:32.607764700Z\\n\\nWake Source: Unknown","MachineName":"DESKTOP-OIQSE1G","UserId":{"BinaryLength":12,"AccountDomainSid":null,"Value":"S-1-5-19"},"TaskDisplayName":null,"ProcessId":4444,"ThreadId":31064},{"TimeCreated":"2025-04-16 16:25:32","LogName":"System","Level":"Information","EventID":566,"ProviderName":"Microsoft-Windows-Kernel-Power","Message":"The system session has transitioned from 97 to 99.\\n\\nReason Unknown \\n\\nBootId: 31","MachineName":"DESKTOP-OIQSE1G","UserId":{"BinaryLength":12,"AccountDomainSid":null,"Value":"S-1-5-18"},"TaskDisplayName":null,"ProcessId":4,"ThreadId":6640},{"TimeCreated":"2025-04-16 16:25:32","LogName":"System","Level":"Information","EventID":117,"ProviderName":"Microsoft-Windows-HttpService","Message":"Delete URL group 0xFE00000720000014. Status 0x0. Process Id 0x19AC Executable path \\Device\\HarddiskVolume2\\Windows\\System32\\svchost.exe, User S-1-5-19","MachineName":"DESKTOP-OIQSE1G","UserId":{"BinaryLength":12,"AccountDomainSid":null,"Value":"S-1-5-19"},"TaskDisplayName":"HTTP Configuration Property Trace Task","ProcessId":6572,"ThreadId":6816},{"TimeCreated":"2025-04-16 16:25:32","LogName":"System","Level":"Information","EventID":114,"ProviderName":"Microsoft-Windows-HttpService","Message":"Removed URL (http://*:5357/19669707-bcd3-4cf0-bbea-b420834c3fe4/) from URL group (0xFE00000720000014). Process Id 0x19AC Executable path \\Device\\HarddiskVolume2\\Windows\\System32\\svchost.exe, User S-1-5-19","MachineName":"DESKTOP-OIQSE1G","UserId":{"BinaryLength":12,"AccountDomainSid":null,"Value":"S-1-5-19"},"TaskDisplayName":"HTTP Configuration Property Trace Task","ProcessId":6572,"ThreadId":6816},{"TimeCreated":"2025-04-16 16:25:32","LogName":"System","Level":"Information","EventID":113,"ProviderName":"Microsoft-Windows-HttpService","Message":"Attempted to add URL (http://*:5357/19669707-bcd3-4cf0-bbea-b420834c3fe4/) to URL group (0xFE00000720000014). Status: 0x0. Process Id 0x19AC Executable path \\Device\\HarddiskVolume2\\Windows\\System32\\svchost.exe, User S-1-5-19","MachineName":"DESKTOP-OIQSE1G","UserId":{"BinaryLength":12,"AccountDomainSid":null,"Value":"S-1-5-19"},"TaskDisplayName":"HTTP Configuration Property Trace Task","ProcessId":6572,"ThreadId":6816},{"TimeCreated":"2025-04-16 16:25:32","LogName":"System","Level":"Information","EventID":111,"ProviderName":"Microsoft-Windows-HttpService","Message":"Create URL group 0xFE00000720000014. Status 0x0. Process Id 0x19AC Executable path \\Device\\HarddiskVolume2\\Windows\\System32\\svchost.exe, User S-1-5-19","MachineName":"DESKTOP-OIQSE1G","UserId":{"BinaryLength":12,"AccountDomainSid":null,"Value":"S-1-5-19"},"TaskDisplayName":"HTTP Configuration Property Trace Task","ProcessId":6572,"ThreadId":6816},{"TimeCreated":"2025-04-16 16:25:32","LogName":"System","Level":"Information","EventID":117,"ProviderName":"Microsoft-Windows-HttpService","Message":"Delete URL group 0xFE00000420000004. Status 0x0. Process Id 0x19AC Executable path \\Device\\HarddiskVolume2\\Windows\\System32\\svchost.exe, User S-1-5-19","MachineName":"DESKTOP-OIQSE1G","UserId":{"BinaryLength":12,"AccountDomainSid":null,"Value":"S-1-5-19"},"TaskDisplayName":"HTTP Configuration Property Trace Task","ProcessId":6572,"ThreadId":6816},{"TimeCreated":"2025-04-16 16:25:32","LogName":"System","Level":"Information","EventID":114,"ProviderName":"Microsoft-Windows-HttpService","Message":"Removed URL (http://*:5357/19669707-bcd3-4cf0-bbea-b420834c3fe4/) from URL group (0xFE00000420000004). Process Id 0x19AC Executable path \\Device\\HarddiskVolume2\\Windows\\System32\\svchost.exe, User S-1-5-19","MachineName":"DESKTOP-OIQSE1G","UserId":{"BinaryLength":12,"AccountDomainSid":null,"Value":"S-1-5-19"},"TaskDisplayName":"HTTP Configuration Property Trace Task","ProcessId":6572,"ThreadId":6816},{"TimeCreated":"2025-04-16 16:25:32","LogName":"System","Level":"Information","EventID":113,"ProviderName":"Microsoft-Windows-HttpService","Message":"Attempted to add URL (http://*:5357/19669707-bcd3-4cf0-bbea-b420834c3fe4/) to URL group (0xFE00000420000004). Status: 0x0. Process Id 0x19AC Executable path \\Device\\HarddiskVolume2\\Windows\\System32\\svchost.exe, User S-1-5-19","MachineName":"DESKTOP-OIQSE1G","UserId":{"BinaryLength":12,"AccountDomainSid":null,"Value":"S-1-5-19"},"TaskDisplayName":"HTTP Configuration Property Trace Task","ProcessId":6572,"ThreadId":6816},{"TimeCreated":"2025-04-16 16:25:32","LogName":"System","Level":"Information","EventID":111,"ProviderName":"Microsoft-Windows-HttpService","Message":"Create URL group 0xFE00000420000004. Status 0x0. Process Id 0x19AC Executable path \\Device\\HarddiskVolume2\\Windows\\System32\\svchost.exe, User S-1-5-19","MachineName":"DESKTOP-OIQSE1G","UserId":{"BinaryLength":12,"AccountDomainSid":null,"Value":"S-1-5-19"},"TaskDisplayName":"HTTP Configuration Property Trace Task","ProcessId":6572,"ThreadId":6816},{"TimeCreated":"2025-04-16 16:25:32","LogName":"System","Level":"Information","EventID":117,"ProviderName":"Microsoft-Windows-HttpService","Message":"Delete URL group 0xFE00000520000011. Status 0x0. Process Id 0x19AC Executable path \\Device\\HarddiskVolume2\\Windows\\System32\\svchost.exe, User S-1-5-19","MachineName":"DESKTOP-OIQSE1G","UserId":{"BinaryLength":12,"AccountDomainSid":null,"Value":"S-1-5-19"},"TaskDisplayName":"HTTP Configuration Property Trace Task","ProcessId":6572,"ThreadId":6816},{"TimeCreated":"2025-04-16 16:25:32","LogName":"System","Level":"Information","EventID":114,"ProviderName":"Microsoft-Windows-HttpService","Message":"Removed URL (http://*:5357/19669707-bcd3-4cf0-bbea-b420834c3fe4/) from URL group (0xFE00000520000011). Process Id 0x19AC Executable path \\Device\\HarddiskVolume2\\Windows\\System32\\svchost.exe, User S-1-5-19","MachineName":"DESKTOP-OIQSE1G","UserId":{"BinaryLength":12,"AccountDomainSid":null,"Value":"S-1-5-19"},"TaskDisplayName":"HTTP Configuration Property Trace Task","ProcessId":6572,"ThreadId":6816},{"TimeCreated":"2025-04-16 16:25:32","LogName":"System","Level":"Information","EventID":113,"ProviderName":"Microsoft-Windows-HttpService","Message":"Attempted to add URL (http://*:5357/19669707-bcd3-4cf0-bbea-b420834c3fe4/) to URL group (0xFE00000520000011). Status: 0x0. Process Id 0x19AC Executable path \\Device\\HarddiskVolume2\\Windows\\System32\\svchost.exe, User S-1-5-19","MachineName":"DESKTOP-OIQSE1G","UserId":{"BinaryLength":12,"AccountDomainSid":null,"Value":"S-1-5-19"},"TaskDisplayName":"HTTP Configuration Property Trace Task","ProcessId":6572,"ThreadId":6816},{"TimeCreated":"2025-04-16 16:25:32","LogName":"System","Level":"Information","EventID":111,"ProviderName":"Microsoft-Windows-HttpService","Message":"Create URL group 0xFE00000520000011. Status 0x0. Process Id 0x19AC Executable path \\Device\\HarddiskVolume2\\Windows\\System32\\svchost.exe, User S-1-5-19","MachineName":"DESKTOP-OIQSE1G","UserId":{"BinaryLength":12,"AccountDomainSid":null,"Value":"S-1-5-19"},"TaskDisplayName":"HTTP Configuration Property Trace Task","ProcessId":6572,"ThreadId":6816},{"TimeCreated":"2025-04-16 16:25:32","LogName":"System","Level":"Information","EventID":117,"ProviderName":"Microsoft-Windows-HttpService","Message":"Delete URL group 0xFE00000720000013. Status 0x0. Process Id 0x19AC Executable path \\Device\\HarddiskVolume2\\Windows\\System32\\svchost.exe, User S-1-5-19","MachineName":"DESKTOP-OIQSE1G","UserId":{"BinaryLength":12,"AccountDomainSid":null,"Value":"S-1-5-19"},"TaskDisplayName":"HTTP Configuration Property Trace Task","ProcessId":6572,"ThreadId":6816},{"TimeCreated":"2025-04-16 16:25:32","LogName":"System","Level":"Information","EventID":114,"ProviderName":"Microsoft-Windows-HttpService","Message":"Removed URL (http://*:5357/19669707-bcd3-4cf0-bbea-b420834c3fe4/) from URL group (0xFE00000720000013). Process Id 0x19AC Executable path \\Device\\HarddiskVolume2\\Windows\\System32\\svchost.exe, User S-1-5-19","MachineName":"DESKTOP-OIQSE1G","UserId":{"BinaryLength":12,"AccountDomainSid":null,"Value":"S-1-5-19"},"TaskDisplayName":"HTTP Configuration Property Trace Task","ProcessId":6572,"ThreadId":6816},{"TimeCreated":"2025-04-16 16:25:32","LogName":"System","Level":"Information","EventID":113,"ProviderName":"Microsoft-Windows-HttpService","Message":"Attempted to add URL (http://*:5357/19669707-bcd3-4cf0-bbea-b420834c3fe4/) to URL group (0xFE00000720000013). Status: 0x0. Process Id 0x19AC Executable path \\Device\\HarddiskVolume2\\Windows\\System32\\svchost.exe, User S-1-5-19","MachineName":"DESKTOP-OIQSE1G","UserId":{"BinaryLength":12,"AccountDomainSid":null,"Value":"S-1-5-19"},"TaskDisplayName":"HTTP Configuration Property Trace Task","ProcessId":6572,"ThreadId":6816},{"TimeCreated":"2025-04-16 16:25:32","LogName":"System","Level":"Information","EventID":111,"ProviderName":"Microsoft-Windows-HttpService","Message":"Create URL group 0xFE00000720000013. Status 0x0. Process Id 0x19AC Executable path \\Device\\HarddiskVolume2\\Windows\\System32\\svchost.exe, User S-1-5-19","MachineName":"DESKTOP-OIQSE1G","UserId":{"BinaryLength":12,"AccountDomainSid":null,"Value":"S-1-5-19"},"TaskDisplayName":"HTTP Configuration Property Trace Task","ProcessId":6572,"ThreadId":6816},{"TimeCreated":"2025-04-16 16:25:32","LogName":"System","Level":"Information","EventID":117,"ProviderName":"Microsoft-Windows-HttpService","Message":"Delete URL group 0xFE0000062000000D. Status 0x0. Process Id 0x19AC Executable path \\Device\\HarddiskVolume2\\Windows\\System32\\svchost.exe, User S-1-5-19","MachineName":"DESKTOP-OIQSE1G","UserId":{"BinaryLength":12,"AccountDomainSid":null,"Value":"S-1-5-19"},"TaskDisplayName":"HTTP Configuration Property Trace Task","ProcessId":6572,"ThreadId":6816},{"TimeCreated":"2025-04-16 16:25:32","LogName":"System","Level":"Information","EventID":114,"ProviderName":"Microsoft-Windows-HttpService","Message":"Removed URL (http://*:5357/19669707-bcd3-4cf0-bbea-b420834c3fe4/) from URL group (0xFE0000062000000D). Process Id 0x19AC Executable path \\Device\\HarddiskVolume2\\Windows\\System32\\svchost.exe, User S-1-5-19","MachineName":"DESKTOP-OIQSE1G","UserId":{"BinaryLength":12,"AccountDomainSid":null,"Value":"S-1-5-19"},"TaskDisplayName":"HTTP Configuration Property Trace Task","ProcessId":6572,"ThreadId":6816},{"TimeCreated":"2025-04-16 16:25:32","LogName":"System","Level":"Information","EventID":113,"ProviderName":"Microsoft-Windows-HttpService","Message":"Attempted to add URL (http://*:5357/19669707-bcd3-4cf0-bbea-b420834c3fe4/) to URL group (0xFE0000062000000D). Status: 0x0. Process Id 0x19AC Executable path \\Device\\HarddiskVolume2\\Windows\\System32\\svchost.exe, User S-1-5-19","MachineName":"DESKTOP-OIQSE1G","UserId":{"BinaryLength":12,"AccountDomainSid":null,"Value":"S-1-5-19"},"TaskDisplayName":"HTTP Configuration Property Trace Task","ProcessId":6572,"ThreadId":6816},{"TimeCreated":"2025-04-16 16:25:32","LogName":"System","Level":"Information","EventID":111,"ProviderName":"Microsoft-Windows-HttpService","Message":"Create URL group 0xFE0000062000000D. Status 0x0. Process Id 0x19AC Executable path \\Device\\HarddiskVolume2\\Windows\\System32\\svchost.exe, User S-1-5-19","MachineName":"DESKTOP-OIQSE1G","UserId":{"BinaryLength":12,"AccountDomainSid":null,"Value":"S-1-5-19"},"TaskDisplayName":"HTTP Configuration Property Trace Task","ProcessId":6572,"ThreadId":6816},{"TimeCreated":"2025-04-16 16:25:32","LogName":"System","Level":"Information","EventID":566,"ProviderName":"Microsoft-Windows-Kernel-Power","Message":"The system session has transitioned from 96 to 97.\\n\\nReason SxTransition \\n\\nBootId: 31","MachineName":"DESKTOP-OIQSE1G","UserId":null,"TaskDisplayName":null,"ProcessId":4,"ThreadId":55924},{"TimeCreated":"2025-04-16 16:25:32","LogName":"System","Level":"Information","EventID":18,"ProviderName":"BTHUSB","Message":"Windows cannot store Bluetooth authentication codes (link keys) on the local adapter. Bluetooth keyboards might not work in the system BIOS during startup.","MachineName":"DESKTOP-OIQSE1G","UserId":null,"TaskDisplayName":"None","ProcessId":4,"ThreadId":40180},{"TimeCreated":"2025-04-16 16:25:32","LogName":"System","Level":"Error","EventID":1796,"ProviderName":"Microsoft-Windows-TPM-WMI","Message":"The Secure Boot update failed to update a Secure Boot variable with error Secure Boot is not enabled on this machine.. For more information, please see https://go.microsoft.com/fwlink/?linkid=2169931","MachineName":"DESKTOP-OIQSE1G","UserId":{"BinaryLength":12,"AccountDomainSid":null,"Value":"S-1-5-18"},"TaskDisplayName":null,"ProcessId":34152,"ThreadId":11272},{"TimeCreated":"2025-04-16 16:25:31","LogName":"System","Level":"Information","EventID":6013,"ProviderName":"EventLog","Message":"The system uptime is 492893 seconds.","MachineName":"DESKTOP-OIQSE1G","UserId":null,"TaskDisplayName":"None","ProcessId":2308,"ThreadId":2508},{"TimeCreated":"2025-04-16 16:25:31","LogName":"System","Level":"Information","EventID":130,"ProviderName":"Microsoft-Windows-Kernel-Power","Message":"Firmware S3 times. SuspendStart: 84677126, SuspendEnd: 84677126","MachineName":"DESKTOP-OIQSE1G","UserId":null,"TaskDisplayName":null,"ProcessId":4,"ThreadId":43316},{"TimeCreated":"2025-04-16 16:25:31","LogName":"System","Level":"Information","EventID":131,"ProviderName":"Microsoft-Windows-Kernel-Power","Message":"Firmware S3 times. ResumeCount: 14, FullResume: 1268, AverageResume: 1269","MachineName":"DESKTOP-OIQSE1G","UserId":null,"TaskDisplayName":null,"ProcessId":4,"ThreadId":43316},{"TimeCreated":"2025-04-16 16:25:31","LogName":"System","Level":"Information","EventID":1,"ProviderName":"Microsoft-Windows-Kernel-General","Message":"The system time has changed to  2025 - 04 - 16T22:25:31.500000000Z from  2025 - 04 - 16T14:32:16.796865900Z.\\nTime Delta: 28394703 ms\\n\\nChange Reason: System time synchronized with the hardware clock.\\nProcess: \u0027\u0027 (PID 4).\\n\\nRTC time:  2025 - 04 - 16T16:25:31.500000000Z\\nCurrent time zone bias: 360\\nRTC time is in UTC: false\\nSystem time was based on RTC time: false","MachineName":"DESKTOP-OIQSE1G","UserId":null,"TaskDisplayName":null,"ProcessId":4,"ThreadId":43316},{"TimeCreated":"2025-04-16 08:32:16","LogName":"System","Level":"Information","EventID":107,"ProviderName":"Microsoft-Windows-Kernel-Power","Message":"The system has resumed from sleep.","MachineName":"DESKTOP-OIQSE1G","UserId":null,"TaskDisplayName":null,"ProcessId":4,"ThreadId":43316},{"TimeCreated":"2025-04-16 08:32:13","LogName":"System","Level":"Information","EventID":42,"ProviderName":"Microsoft-Windows-Kernel-Power","Message":"The system is entering sleep.\\n\\nSleep Reason: System Idle","MachineName":"DESKTOP-OIQSE1G","UserId":null,"TaskDisplayName":null,"ProcessId":4,"ThreadId":43316},{"TimeCreated":"2025-04-16 08:32:12","LogName":"System","Level":"Information","EventID":566,"ProviderName":"Microsoft-Windows-Kernel-Power","Message":"The system session has transitioned from 94 to 96.\\n\\nReason SxTransition \\n\\nBootId: 31","MachineName":"DESKTOP-OIQSE1G","UserId":{"BinaryLength":12,"AccountDomainSid":null,"Value":"S-1-5-18"},"TaskDisplayName":null,"ProcessId":4,"ThreadId":60340},{"TimeCreated":"2025-04-16 08:07:05","LogName":"System","Level":"Information","EventID":19,"ProviderName":"Microsoft-Windows-WindowsUpdateClient","Message":"Installation Successful: Windows successfully installed the following update: Security Intelligence Update for Microsoft Defender Antivirus - KB2267602 (Version 1.427.281.0) - Current Channel (Broad)","MachineName":"DESKTOP-OIQSE1G","UserId":{"BinaryLength":12,"AccountDomainSid":null,"Value":"S-1-5-18"},"TaskDisplayName":"Windows Update Agent","ProcessId":59744,"ThreadId":50788},{"TimeCreated":"2025-04-16 08:07:00","LogName":"System","Level":"Information","EventID":43,"ProviderName":"Microsoft-Windows-WindowsUpdateClient","Message":"Installation Started: Windows has started installing the following update: Security Intelligence Update for Microsoft Defender Antivirus - KB2267602 (Version 1.427.281.0) - Current Channel (Broad)","MachineName":"DESKTOP-OIQSE1G","UserId":{"BinaryLength":12,"AccountDomainSid":null,"Value":"S-1-5-18"},"TaskDisplayName":"Windows Update Agent","ProcessId":59744,"ThreadId":50788},{"TimeCreated":"2025-04-16 08:07:00","LogName":"System","Level":"Information","EventID":44,"ProviderName":"Microsoft-Windows-WindowsUpdateClient","Message":"Windows Update started downloading an update.","MachineName":"DESKTOP-OIQSE1G","UserId":{"BinaryLength":12,"AccountDomainSid":null,"Value":"S-1-5-18"},"TaskDisplayName":"Windows Update Agent","ProcessId":59744,"ThreadId":50788},{"TimeCreated":"2025-04-16 08:03:53","LogName":"System","Level":"Information","EventID":566,"ProviderName":"Microsoft-Windows-Kernel-Power","Message":"The system session has transitioned from 93 to 94.\\n\\nReason SessionUnlock \\n\\nBootId: 31","MachineName":"DESKTOP-OIQSE1G","UserId":{"BinaryLength":12,"AccountDomainSid":null,"Value":"S-1-5-18"},"TaskDisplayName":null,"ProcessId":4,"ThreadId":42620},{"TimeCreated":"2025-04-16 08:02:38","LogName":"System","Level":"Information","EventID":1,"ProviderName":"Microsoft-Windows-Kernel-General","Message":"The system time has changed to  2025 - 04 - 16T14:02:38.097525400Z from  2025 - 04 - 16T14:02:38.096981200Z.\\nTime Delta: 0 ms\\n\\nChange Reason: An application or system component changed the time.\\nProcess: \u0027\\Device\\HarddiskVolume2\\Windows\\System32\\svchost.exe\u0027 (PID 17492).\\n\\nRTC time:  2025 - 04 - 16T08:02:38.097525400Z\\nCurrent time zone bias: 360\\nRTC time is in UTC: false\\nSystem time was based on RTC time: false","MachineName":"DESKTOP-OIQSE1G","UserId":{"BinaryLength":12,"AccountDomainSid":null,"Value":"S-1-5-19"},"TaskDisplayName":null,"ProcessId":17492,"ThreadId":7440},{"TimeCreated":"2025-04-16 08:02:38","LogName":"System","Level":"Information","EventID":24,"ProviderName":"Microsoft-Windows-Kernel-General","Message":"The time zone information was refreshed with exit reason 0. Current time zone bias is 360.","MachineName":"DESKTOP-OIQSE1G","UserId":{"BinaryLength":12,"AccountDomainSid":null,"Value":"S-1-5-19"},"TaskDisplayName":null,"ProcessId":17492,"ThreadId":7440},{"TimeCreated":"2025-04-16 08:02:38","LogName":"System","Level":"Information","EventID":1,"ProviderName":"Microsoft-Windows-Kernel-General","Message":"The system time has changed to  2025 - 04 - 16T14:02:38.096981200Z from  2025 - 04 - 16T14:02:37.037421300Z.\\nTime Delta: 1059 ms\\n\\nChange Reason: An application or system component changed the time.\\nProcess: \u0027\\Device\\HarddiskVolume2\\Windows\\System32\\svchost.exe\u0027 (PID 17492).\\n\\nRTC time:  2025 - 04 - 16T08:02:38.096981200Z\\nCurrent time zone bias: 360\\nRTC time is in UTC: false\\nSystem time was based on RTC time: false","MachineName":"DESKTOP-OIQSE1G","UserId":{"BinaryLength":12,"AccountDomainSid":null,"Value":"S-1-5-19"},"TaskDisplayName":null,"ProcessId":17492,"ThreadId":7440},{"TimeCreated":"2025-04-16 08:02:38","LogName":"System","Level":"Information","EventID":24,"ProviderName":"Microsoft-Windows-Kernel-General","Message":"The time zone information was refreshed with exit reason 0. Current time zone bias is 360.","MachineName":"DESKTOP-OIQSE1G","UserId":{"BinaryLength":12,"AccountDomainSid":null,"Value":"S-1-5-19"},"TaskDisplayName":null,"ProcessId":17492,"ThreadId":7440},{"TimeCreated":"2025-04-16 08:02:21","LogName":"System","Level":"Information","EventID":37,"ProviderName":"Microsoft-Windows-Time-Service","Message":"The time provider NtpClient is currently receiving valid time data from time.windows.com,0x9 (ntp.m|0x9|0.0.0.0:123-\u003e168.61.215.74:123).","MachineName":"DESKTOP-OIQSE1G","UserId":{"BinaryLength":12,"AccountDomainSid":null,"Value":"S-1-5-19"},"TaskDisplayName":null,"ProcessId":17492,"ThreadId":53596},{"TimeCreated":"2025-04-16 08:01:47","LogName":"System","Level":"Warning","EventID":1014,"ProviderName":"Microsoft-Windows-DNS-Client","Message":"Name resolution for the name test.steampowered.com timed out after none of the configured DNS servers responded. Client PID 1720.","MachineName":"DESKTOP-OIQSE1G","UserId":{"BinaryLength":12,"AccountDomainSid":null,"Value":"S-1-5-20"},"TaskDisplayName":null,"ProcessId":2496,"ThreadId":38096},{"TimeCreated":"2025-04-16 08:01:45","LogName":"System","Level":"Information","EventID":32,"ProviderName":"e1rexpress","Message":"Intel(R) I211 Gigabit Network Connection\\n Network link has been established at 1Gbps full duplex.\\n","MachineName":"DESKTOP-OIQSE1G","UserId":null,"TaskDisplayName":"None","ProcessId":4,"ThreadId":52776},{"TimeCreated":"2025-04-16 08:01:42","LogName":"System","Level":"Error","EventID":1796,"ProviderName":"Microsoft-Windows-TPM-WMI","Message":"The Secure Boot update failed to update a Secure Boot variable with error Secure Boot is not enabled on this machine.. For more information, please see https://go.microsoft.com/fwlink/?linkid=2169931","MachineName":"DESKTOP-OIQSE1G","UserId":{"BinaryLength":12,"AccountDomainSid":null,"Value":"S-1-5-18"},"TaskDisplayName":null,"ProcessId":54504,"ThreadId":54764},{"TimeCreated":"2025-04-16 08:01:41","LogName":"System","Level":"Information","EventID":1,"ProviderName":"Microsoft-Windows-Power-Troubleshooter","Message":"The system has returned from a low power state.\\n\\nSleep Time:  2025 - 04 - 16T03:06:24.609148800Z\\nWake Time:  2025 - 04 - 16T14:01:40.792779600Z\\n\\nWake Source: Unknown","MachineName":"DESKTOP-OIQSE1G","UserId":{"BinaryLength":12,"AccountDomainSid":null,"Value":"S-1-5-19"},"TaskDisplayName":null,"ProcessId":4444,"ThreadId":56072},{"TimeCreated":"2025-04-16 08:01:40","LogName":"System","Level":"Information","EventID":566,"ProviderName":"Microsoft-Windows-Kernel-Power","Message":"The system session has transitioned from 91 to 93.\\n\\nReason InputAccelerometer \\n\\nBootId: 31","MachineName":"DESKTOP-OIQSE1G","UserId":{"BinaryLength":12,"AccountDomainSid":null,"Value":"S-1-5-18"},"TaskDisplayName":null,"ProcessId":4,"ThreadId":50632},{"TimeCreated":"2025-04-16 08:01:40","LogName":"System","Level":"Information","EventID":117,"ProviderName":"Microsoft-Windows-HttpService","Message":"Delete URL group 0xFE00000520000010. Status 0x0. Process Id 0x19AC Executable path \\Device\\HarddiskVolume2\\Windows\\System32\\svchost.exe, User S-1-5-19","MachineName":"DESKTOP-OIQSE1G","UserId":null,"TaskDisplayName":"HTTP Configuration Property Trace Task","ProcessId":6572,"ThreadId":6816},{"TimeCreated":"2025-04-16 08:01:40","LogName":"System","Level":"Information","EventID":114,"ProviderName":"Microsoft-Windows-HttpService","Message":"Removed URL (http://*:5357/19669707-bcd3-4cf0-bbea-b420834c3fe4/) from URL group (0xFE00000520000010). Process Id 0x19AC Executable path \\Device\\HarddiskVolume2\\Windows\\System32\\svchost.exe, User S-1-5-19","MachineName":"DESKTOP-OIQSE1G","UserId":null,"TaskDisplayName":"HTTP Configuration Property Trace Task","ProcessId":6572,"ThreadId":6816},{"TimeCreated":"2025-04-16 08:01:40","LogName":"System","Level":"Information","EventID":113,"ProviderName":"Microsoft-Windows-HttpService","Message":"Attempted to add URL (http://*:5357/19669707-bcd3-4cf0-bbea-b420834c3fe4/) to URL group (0xFE00000520000010). Status: 0x0. Process Id 0x19AC Executable path \\Device\\HarddiskVolume2\\Windows\\System32\\svchost.exe, User S-1-5-19","MachineName":"DESKTOP-OIQSE1G","UserId":null,"TaskDisplayName":"HTTP Configuration Property Trace Task","ProcessId":6572,"ThreadId":6816},{"TimeCreated":"2025-04-16 08:01:40","LogName":"System","Level":"Information","EventID":111,"ProviderName":"Microsoft-Windows-HttpService","Message":"Create URL group 0xFE00000520000010. Status 0x0. Process Id 0x19AC Executable path \\Device\\HarddiskVolume2\\Windows\\System32\\svchost.exe, User S-1-5-19","MachineName":"DESKTOP-OIQSE1G","UserId":null,"TaskDisplayName":"HTTP Configuration Property Trace Task","ProcessId":6572,"ThreadId":6816},{"TimeCreated":"2025-04-16 08:01:40","LogName":"System","Level":"Information","EventID":117,"ProviderName":"Microsoft-Windows-HttpService","Message":"Delete URL group 0xFF00000520000016. Status 0x0. Process Id 0x19AC Executable path \\Device\\HarddiskVolume2\\Windows\\System32\\svchost.exe, User S-1-5-19","MachineName":"DESKTOP-OIQSE1G","UserId":null,"TaskDisplayName":"HTTP Configuration Property Trace Task","ProcessId":6572,"ThreadId":6816},{"TimeCreated":"2025-04-16 08:01:40","LogName":"System","Level":"Information","EventID":114,"ProviderName":"Microsoft-Windows-HttpService","Message":"Removed URL (http://*:5357/19669707-bcd3-4cf0-bbea-b420834c3fe4/) from URL group (0xFF00000520000016). Process Id 0x19AC Executable path \\Device\\HarddiskVolume2\\Windows\\System32\\svchost.exe, User S-1-5-19","MachineName":"DESKTOP-OIQSE1G","UserId":null,"TaskDisplayName":"HTTP Configuration Property Trace Task","ProcessId":6572,"ThreadId":6816},{"TimeCreated":"2025-04-16 08:01:40","LogName":"System","Level":"Information","EventID":113,"ProviderName":"Microsoft-Windows-HttpService","Message":"Attempted to add URL (http://*:5357/19669707-bcd3-4cf0-bbea-b420834c3fe4/) to URL group (0xFF00000520000016). Status: 0x0. Process Id 0x19AC Executable path \\Device\\HarddiskVolume2\\Windows\\System32\\svchost.exe, User S-1-5-19","MachineName":"DESKTOP-OIQSE1G","UserId":null,"TaskDisplayName":"HTTP Configuration Property Trace Task","ProcessId":6572,"ThreadId":6816},{"TimeCreated":"2025-04-16 08:01:40","LogName":"System","Level":"Information","EventID":111,"ProviderName":"Microsoft-Windows-HttpService","Message":"Create URL group 0xFF00000520000016. Status 0x0. Process Id 0x19AC Executable path \\Device\\HarddiskVolume2\\Windows\\System32\\svchost.exe, User S-1-5-19","MachineName":"DESKTOP-OIQSE1G","UserId":null,"TaskDisplayName":"HTTP Configuration Property Trace Task","ProcessId":6572,"ThreadId":6816},{"TimeCreated":"2025-04-16 08:01:40","LogName":"System","Level":"Information","EventID":117,"ProviderName":"Microsoft-Windows-HttpService","Message":"Delete URL group 0xFE0000052000000F. Status 0x0. Process Id 0x19AC Executable path \\Device\\HarddiskVolume2\\Windows\\System32\\svchost.exe, User S-1-5-19","MachineName":"DESKTOP-OIQSE1G","UserId":null,"TaskDisplayName":"HTTP Configuration Property Trace Task","ProcessId":6572,"ThreadId":6816},{"TimeCreated":"2025-04-16 08:01:40","LogName":"System","Level":"Information","EventID":114,"ProviderName":"Microsoft-Windows-HttpService","Message":"Removed URL (http://*:5357/19669707-bcd3-4cf0-bbea-b420834c3fe4/) from URL group (0xFE0000052000000F). Process Id 0x19AC Executable path \\Device\\HarddiskVolume2\\Windows\\System32\\svchost.exe, User S-1-5-19","MachineName":"DESKTOP-OIQSE1G","UserId":null,"TaskDisplayName":"HTTP Configuration Property Trace Task","ProcessId":6572,"ThreadId":6816},{"TimeCreated":"2025-04-16 08:01:40","LogName":"System","Level":"Information","EventID":113,"ProviderName":"Microsoft-Windows-HttpService","Message":"Attempted to add URL (http://*:5357/19669707-bcd3-4cf0-bbea-b420834c3fe4/) to URL group (0xFE0000052000000F). Status: 0x0. Process Id 0x19AC Executable path \\Device\\HarddiskVolume2\\Windows\\System32\\svchost.exe, User S-1-5-19","MachineName":"DESKTOP-OIQSE1G","UserId":null,"TaskDisplayName":"HTTP Configuration Property Trace Task","ProcessId":6572,"ThreadId":6816},{"TimeCreated":"2025-04-16 08:01:40","LogName":"System","Level":"Information","EventID":111,"ProviderName":"Microsoft-Windows-HttpService","Message":"Create URL group 0xFE0000052000000F. Status 0x0. Process Id 0x19AC Executable path \\Device\\HarddiskVolume2\\Windows\\System32\\svchost.exe, User S-1-5-19","MachineName":"DESKTOP-OIQSE1G","UserId":null,"TaskDisplayName":"HTTP Configuration Property Trace Task","ProcessId":6572,"ThreadId":6816},{"TimeCreated":"2025-04-16 08:01:40","LogName":"System","Level":"Information","EventID":117,"ProviderName":"Microsoft-Windows-HttpService","Message":"Delete URL group 0xFF00000420000006. Status 0x0. Process Id 0x19AC Executable path \\Device\\HarddiskVolume2\\Windows\\System32\\svchost.exe, User S-1-5-19","MachineName":"DESKTOP-OIQSE1G","UserId":null,"TaskDisplayName":"HTTP Configuration Property Trace Task","ProcessId":6572,"ThreadId":6816},{"TimeCreated":"2025-04-16 08:01:40","LogName":"System","Level":"Information","EventID":114,"ProviderName":"Microsoft-Windows-HttpService","Message":"Removed URL (http://*:5357/19669707-bcd3-4cf0-bbea-b420834c3fe4/) from URL group (0xFF00000420000006). Process Id 0x19AC Executable path \\Device\\HarddiskVolume2\\Windows\\System32\\svchost.exe, User S-1-5-19","MachineName":"DESKTOP-OIQSE1G","UserId":null,"TaskDisplayName":"HTTP Configuration Property Trace Task","ProcessId":6572,"ThreadId":6816},{"TimeCreated":"2025-04-16 08:01:40","LogName":"System","Level":"Information","EventID":113,"ProviderName":"Microsoft-Windows-HttpService","Message":"Attempted to add URL (http://*:5357/19669707-bcd3-4cf0-bbea-b420834c3fe4/) to URL group (0xFF00000420000006). Status: 0x0. Process Id 0x19AC Executable path \\Device\\HarddiskVolume2\\Windows\\System32\\svchost.exe, User S-1-5-19","MachineName":"DESKTOP-OIQSE1G","UserId":null,"TaskDisplayName":"HTTP Configuration Property Trace Task","ProcessId":6572,"ThreadId":6816},{"TimeCreated":"2025-04-16 08:01:40","LogName":"System","Level":"Information","EventID":111,"ProviderName":"Microsoft-Windows-HttpService","Message":"Create URL group 0xFF00000420000006. Status 0x0. Process Id 0x19AC Executable path \\Device\\HarddiskVolume2\\Windows\\System32\\svchost.exe, User S-1-5-19","MachineName":"DESKTOP-OIQSE1G","UserId":null,"TaskDisplayName":"HTTP Configuration Property Trace Task","ProcessId":6572,"ThreadId":6816},{"TimeCreated":"2025-04-16 08:01:40","LogName":"System","Level":"Information","EventID":117,"ProviderName":"Microsoft-Windows-HttpService","Message":"Delete URL group 0xFE0000052000000E. Status 0x0. Process Id 0x19AC Executable path \\Device\\HarddiskVolume2\\Windows\\System32\\svchost.exe, User S-1-5-19","MachineName":"DESKTOP-OIQSE1G","UserId":null,"TaskDisplayName":"HTTP Configuration Property Trace Task","ProcessId":6572,"ThreadId":6816},{"TimeCreated":"2025-04-16 08:01:40","LogName":"System","Level":"Information","EventID":114,"ProviderName":"Microsoft-Windows-HttpService","Message":"Removed URL (http://*:5357/19669707-bcd3-4cf0-bbea-b420834c3fe4/) from URL group (0xFE0000052000000E). Process Id 0x19AC Executable path \\Device\\HarddiskVolume2\\Windows\\System32\\svchost.exe, User S-1-5-19","MachineName":"DESKTOP-OIQSE1G","UserId":null,"TaskDisplayName":"HTTP Configuration Property Trace Task","ProcessId":6572,"ThreadId":6816},{"TimeCreated":"2025-04-16 08:01:40","LogName":"System","Level":"Information","EventID":113,"ProviderName":"Microsoft-Windows-HttpService","Message":"Attempted to add URL (http://*:5357/19669707-bcd3-4cf0-bbea-b420834c3fe4/) to URL group (0xFE0000052000000E). Status: 0x0. Process Id 0x19AC Executable path \\Device\\HarddiskVolume2\\Windows\\System32\\svchost.exe, User S-1-5-19","MachineName":"DESKTOP-OIQSE1G","UserId":null,"TaskDisplayName":"HTTP Configuration Property Trace Task","ProcessId":6572,"ThreadId":6816},{"TimeCreated":"2025-04-16 08:01:40","LogName":"System","Level":"Information","EventID":111,"ProviderName":"Microsoft-Windows-HttpService","Message":"Create URL group 0xFE0000052000000E. Status 0x0. Process Id 0x19AC Executable path \\Device\\HarddiskVolume2\\Windows\\System32\\svchost.exe, User S-1-5-19","MachineName":"DESKTOP-OIQSE1G","UserId":null,"TaskDisplayName":"HTTP Configuration Property Trace Task","ProcessId":6572,"ThreadId":6816},{"TimeCreated":"2025-04-16 08:01:40","LogName":"System","Level":"Warning","EventID":134,"ProviderName":"Microsoft-Windows-Time-Service","Message":"NtpClient was unable to set a manual peer to use as a time source because of DNS resolution error on \u0027time.windows.com,0x9\u0027. NtpClient will try again in 15 minutes and double the reattempt interval thereafter. The error was: No such host is known. (0x80072AF9)","MachineName":"DESKTOP-OIQSE1G","UserId":{"BinaryLength":12,"AccountDomainSid":null,"Value":"S-1-5-19"},"TaskDisplayName":null,"ProcessId":17492,"ThreadId":21824},{"TimeCreated":"2025-04-16 08:01:40","LogName":"System","Level":"Information","EventID":566,"ProviderName":"Microsoft-Windows-Kernel-Power","Message":"The system session has transitioned from 90 to 91.\\n\\nReason SxTransition \\n\\nBootId: 31","MachineName":"DESKTOP-OIQSE1G","UserId":null,"TaskDisplayName":null,"ProcessId":4,"ThreadId":53244},{"TimeCreated":"2025-04-16 08:01:40","LogName":"System","Level":"Information","EventID":18,"ProviderName":"BTHUSB","Message":"Windows cannot store Bluetooth authentication codes (link keys) on the local adapter. Bluetooth keyboards might not work in the system BIOS during startup.","MachineName":"DESKTOP-OIQSE1G","UserId":null,"TaskDisplayName":"None","ProcessId":4,"ThreadId":42924},{"TimeCreated":"2025-04-16 08:01:39","LogName":"System","Level":"Information","EventID":130,"ProviderName":"Microsoft-Windows-Kernel-Power","Message":"Firmware S3 times. SuspendStart: 82844743, SuspendEnd: 82844743","MachineName":"DESKTOP-OIQSE1G","UserId":null,"TaskDisplayName":null,"ProcessId":4,"ThreadId":50948},{"TimeCreated":"2025-04-16 08:01:39","LogName":"System","Level":"Information","EventID":131,"ProviderName":"Microsoft-Windows-Kernel-Power","Message":"Firmware S3 times. ResumeCount: 13, FullResume: 1269, AverageResume: 1269","MachineName":"DESKTOP-OIQSE1G","UserId":null,"TaskDisplayName":null,"ProcessId":4,"ThreadId":50948},{"TimeCreated":"2025-04-16 08:01:39","LogName":"System","Level":"Information","EventID":1,"ProviderName":"Microsoft-Windows-Kernel-General","Message":"The system time has changed to  2025 - 04 - 16T14:01:39.500000000Z from  2025 - 04 - 16T03:06:29.466326800Z.\\nTime Delta: 39310033 ms\\n\\nChange Reason: System time synchronized with the hardware clock.\\nProcess: \u0027\u0027 (PID 4).\\n\\nRTC time:  2025 - 04 - 16T08:01:39.500000000Z\\nCurrent time zone bias: 360\\nRTC time is in UTC: false\\nSystem time was based on RTC time: false","MachineName":"DESKTOP-OIQSE1G","UserId":null,"TaskDisplayName":null,"ProcessId":4,"ThreadId":50948}],"Application":[{"TimeCreated":"2025-04-18 06:58:13","LogName":"Application","Level":"Information","EventID":16384,"ProviderName":"Microsoft-Windows-Security-SPP","Message":"Successfully scheduled Software Protection service for re-start at 2125-03-25T12:58:13Z. Reason: RulesEngine.","MachineName":"DESKTOP-OIQSE1G","UserId":null,"TaskDisplayName":null,"ProcessId":59376,"ThreadId":0},{"TimeCreated":"2025-04-18 06:57:42","LogName":"Application","Level":"Information","EventID":16394,"ProviderName":"Microsoft-Windows-Security-SPP","Message":"Offline downlevel migration succeeded.","MachineName":"DESKTOP-OIQSE1G","UserId":null,"TaskDisplayName":null,"ProcessId":59376,"ThreadId":0},{"TimeCreated":"2025-04-18 06:26:44","LogName":"Application","Level":"Information","EventID":16384,"ProviderName":"Microsoft-Windows-Security-SPP","Message":"Successfully scheduled Software Protection service for re-start at 2125-03-25T12:26:44Z. Reason: RulesEngine.","MachineName":"DESKTOP-OIQSE1G","UserId":null,"TaskDisplayName":null,"ProcessId":57152,"ThreadId":0},{"TimeCreated":"2025-04-18 06:26:10","LogName":"Application","Level":"Information","EventID":16394,"ProviderName":"Microsoft-Windows-Security-SPP","Message":"Offline downlevel migration succeeded.","MachineName":"DESKTOP-OIQSE1G","UserId":null,"TaskDisplayName":null,"ProcessId":57152,"ThreadId":0},{"TimeCreated":"2025-04-18 06:25:40","LogName":"Application","Level":"Information","EventID":8224,"ProviderName":"VSS","Message":"The VSS service is shutting down due to idle timeout. ","MachineName":"DESKTOP-OIQSE1G","UserId":null,"TaskDisplayName":"None","ProcessId":51068,"ThreadId":0},{"TimeCreated":"2025-04-18 06:22:40","LogName":"Application","Level":"Information","EventID":8216,"ProviderName":"System Restore","Message":"Skipping creation of restore point (Process = C:\\WINDOWS\\system32\\svchost.exe -k netsvcs -p -s wuauserv; Description = Windows Update) as there is a restore point avaliable which is recent enough for System Restore.","MachineName":"DESKTOP-OIQSE1G","UserId":null,"TaskDisplayName":"None","ProcessId":58004,"ThreadId":0},{"TimeCreated":"2025-04-18 06:21:11","LogName":"Application","Level":"Information","EventID":1,"ProviderName":"Universal Print","Message":"Successfully received access_token for da9b70f6-5323-4ce6-ae5c-88dcc5082966 with OAuthClientId=dae89220-69ba-4957-a77a-47b78695e883 and OAuthAuthority=https://login.microsoftonline.com/3d9bab48-5f52-4b7d-a481-771eae5e6ed4","MachineName":"DESKTOP-OIQSE1G","UserId":null,"TaskDisplayName":"None","ProcessId":33648,"ThreadId":0},{"TimeCreated":"2025-04-18 06:21:11","LogName":"Application","Level":"Information","EventID":1,"ProviderName":"Universal Print","Message":"Successfully received access_token for da9b70f6-5323-4ce6-ae5c-88dcc5082966 with OAuthClientId=dae89220-69ba-4957-a77a-47b78695e883 and OAuthAuthority=https://login.microsoftonline.com/3d9bab48-5f52-4b7d-a481-771eae5e6ed4","MachineName":"DESKTOP-OIQSE1G","UserId":null,"TaskDisplayName":"None","ProcessId":33648,"ThreadId":0},{"TimeCreated":"2025-04-18 06:21:11","LogName":"Application","Level":"Information","EventID":1,"ProviderName":"Universal Print","Message":"Initialization Successful. Enabled=true, CloudPrintSolution=UniversalPrint, DiscoveryEndpoint=https://discovery.print.microsoft.com, OAuthAuthority=https://login.microsoftonline.com/3d9bab48-5f52-4b7d-a481-771eae5e6ed4, OAuthClientId=dae89220-69ba-4957-a77a-47b78695e883, DiscoveryResourceId=da9b70f6-5323-4ce6-ae5c-88dcc5082966, PrintResourceId=da9b70f6-5323-4ce6-ae5c-88dcc5082966","MachineName":"DESKTOP-OIQSE1G","UserId":null,"TaskDisplayName":"None","ProcessId":33648,"ThreadId":0},{"TimeCreated":"2025-04-18 06:21:11","LogName":"Application","Level":"Information","EventID":1,"ProviderName":"Universal Print","Message":"Successfully received access_token for da9b70f6-5323-4ce6-ae5c-88dcc5082966 with OAuthClientId=dae89220-69ba-4957-a77a-47b78695e883 and OAuthAuthority=https://login.microsoftonline.com/3d9bab48-5f52-4b7d-a481-771eae5e6ed4","MachineName":"DESKTOP-OIQSE1G","UserId":null,"TaskDisplayName":"None","ProcessId":33648,"ThreadId":0},{"TimeCreated":"2025-04-18 06:21:11","LogName":"Application","Level":"Information","EventID":1,"ProviderName":"Universal Print","Message":"Using cached state. State: Enabled","MachineName":"DESKTOP-OIQSE1G","UserId":null,"TaskDisplayName":"None","ProcessId":33648,"ThreadId":0},{"TimeCreated":"2025-04-18 06:21:11","LogName":"Application","Level":"Information","EventID":1,"ProviderName":"Universal Print","Message":"Device is Workplace Joined.","MachineName":"DESKTOP-OIQSE1G","UserId":null,"TaskDisplayName":"None","ProcessId":33648,"ThreadId":0},{"TimeCreated":"2025-04-18 06:20:47","LogName":"Application","Level":"Information","EventID":16384,"ProviderName":"Microsoft-Windows-Security-SPP","Message":"Successfully scheduled Software Protection service for re-start at 2125-03-25T12:20:47Z. Reason: RulesEngine.","MachineName":"DESKTOP-OIQSE1G","UserId":null,"TaskDisplayName":null,"ProcessId":27712,"ThreadId":0},{"TimeCreated":"2025-04-18 06:20:30","LogName":"Application","Level":"Information","EventID":1,"ProviderName":"Universal Print","Message":"Successfully received access_token for da9b70f6-5323-4ce6-ae5c-88dcc5082966 with OAuthClientId=dae89220-69ba-4957-a77a-47b78695e883 and OAuthAuthority=https://login.microsoftonline.com/3d9bab48-5f52-4b7d-a481-771eae5e6ed4","MachineName":"DESKTOP-OIQSE1G","UserId":null,"TaskDisplayName":"None","ProcessId":19764,"ThreadId":0},{"TimeCreated":"2025-04-18 06:20:30","LogName":"Application","Level":"Information","EventID":1,"ProviderName":"Universal Print","Message":"Successfully received access_token for da9b70f6-5323-4ce6-ae5c-88dcc5082966 with OAuthClientId=dae89220-69ba-4957-a77a-47b78695e883 and OAuthAuthority=https://login.microsoftonline.com/3d9bab48-5f52-4b7d-a481-771eae5e6ed4","MachineName":"DESKTOP-OIQSE1G","UserId":null,"TaskDisplayName":"None","ProcessId":19764,"ThreadId":0},