{"CollectionInfo":{"CollectionTime":"2025-04-19 19:58:37","TimeRange":{"EndTime":"2025-04-19 19:58:39","StartTime":"2025-04-17 19:58:39","HoursBack":48},"EventCounts":{"SystemEvents":500,"ApplicationEvents":353,"SecurityEvents":0,"TotalEvents":853}},"SystemInfo":{"OS":{"Caption":"Microsoft Windows 11 Home","Version":"10.0.26100","BuildNumber":"26100","OSArchitecture":"64-bit","InstallDate":"2024-12-26","LastBootUpTime":"2025-04-18 20:09:51","UpTime":"00d:23h:48m:46s"},"Computer":{"Manufacturer":"To Be Filled By O.E.M.","Model":"AB350 Gaming-ITX/ac","SystemType":"x64-based PC","NumberOfProcessors":1,"TotalPhysicalMemory":"15.93 GB"},"Processor":{"Name":"AMD Ryzen 5 5600X 6-Core Processor             ","Description":"AMD64 Family 25 Model 33 Stepping 0","NumberOfCores":6,"NumberOfLogicalProcessors":12,"MaxClockSpeed":3701,"MaxClockSpeedGHz":"3.70 GHz"},"Disks":[{"DeviceID":"C:","Size":"930.11 GB","FreeSpace":"51.41 GB","PercentFree":"5.53%"},{"DeviceID":"D:","Size":"0.05 GB","FreeSpace":"0.04 GB","PercentFree":"75.54%"}]},"Events":{"Security":[],"System":[{"TimeCreated":"2025-04-19 19:58:18","LogName":"System","Level":"Information","EventID":566,"ProviderName":"Microsoft-Windows-Kernel-Power","Message":"The system session has transitioned from 23 to 25.\\n\\nReason InputHid \\n\\nBootId: 32","MachineName":"DESKTOP-OIQSE1G","UserId":{"BinaryLength":12,"AccountDomainSid":null,"Value":"S-1-5-18"},"TaskDisplayName":null,"ProcessId":4,"ThreadId":31112},{"TimeCreated":"2025-04-19 19:48:34","LogName":"System","Level":"Information","EventID":7040,"ProviderName":"Service Control Manager","Message":"The start type of the Background Intelligent Transfer Service service was changed from auto start to demand start.","MachineName":"DESKTOP-OIQSE1G","UserId":{"BinaryLength":12,"AccountDomainSid":null,"Value":"S-1-5-18"},"TaskDisplayName":null,"ProcessId":1212,"ThreadId":30824},{"TimeCreated":"2025-04-19 19:46:29","LogName":"System","Level":"Information","EventID":7040,"ProviderName":"Service Control Manager","Message":"The start type of the Background Intelligent Transfer Service service was changed from demand start to auto start.","MachineName":"DESKTOP-OIQSE1G","UserId":{"BinaryLength":12,"AccountDomainSid":null,"Value":"S-1-5-18"},"TaskDisplayName":null,"ProcessId":1212,"ThreadId":24308},{"TimeCreated":"2025-04-19 19:40:17","LogName":"System","Level":"Information","EventID":566,"ProviderName":"Microsoft-Windows-Kernel-Power","Message":"The system session has transitioned from 22 to 23.\\n\\nReason SessionUnlock \\n\\nBootId: 32","MachineName":"DESKTOP-OIQSE1G","UserId":{"BinaryLength":12,"AccountDomainSid":null,"Value":"S-1-5-18"},"TaskDisplayName":null,"ProcessId":4,"ThreadId":30560},{"TimeCreated":"2025-04-19 19:39:17","LogName":"System","Level":"Information","EventID":566,"ProviderName":"Microsoft-Windows-Kernel-Power","Message":"The system session has transitioned from 20 to 22.\\n\\nReason InputHid \\n\\nBootId: 32","MachineName":"DESKTOP-OIQSE1G","UserId":{"BinaryLength":12,"AccountDomainSid":null,"Value":"S-1-5-18"},"TaskDisplayName":null,"ProcessId":4,"ThreadId":16644},{"TimeCreated":"2025-04-19 19:35:41","LogName":"System","Level":"Information","EventID":7040,"ProviderName":"Service Control Manager","Message":"The start type of the Background Intelligent Transfer Service service was changed from auto start to demand start.","MachineName":"DESKTOP-OIQSE1G","UserId":{"BinaryLength":12,"AccountDomainSid":null,"Value":"S-1-5-18"},"TaskDisplayName":null,"ProcessId":1212,"ThreadId":27704},{"TimeCreated":"2025-04-19 19:33:24","LogName":"System","Level":"Information","EventID":7040,"ProviderName":"Service Control Manager","Message":"The start type of the Background Intelligent Transfer Service service was changed from demand start to auto start.","MachineName":"DESKTOP-OIQSE1G","UserId":{"BinaryLength":12,"AccountDomainSid":null,"Value":"S-1-5-18"},"TaskDisplayName":null,"ProcessId":1212,"ThreadId":24308},{"TimeCreated":"2025-04-19 19:32:51","LogName":"System","Level":"Information","EventID":7040,"ProviderName":"Service Control Manager","Message":"The start type of the Background Intelligent Transfer Service service was changed from auto start to demand start.","MachineName":"DESKTOP-OIQSE1G","UserId":{"BinaryLength":12,"AccountDomainSid":null,"Value":"S-1-5-18"},"TaskDisplayName":null,"ProcessId":1212,"ThreadId":11436},{"TimeCreated":"2025-04-19 19:30:46","LogName":"System","Level":"Information","EventID":7040,"ProviderName":"Service Control Manager","Message":"The start type of the Background Intelligent Transfer Service service was changed from demand start to auto start.","MachineName":"DESKTOP-OIQSE1G","UserId":{"BinaryLength":12,"AccountDomainSid":null,"Value":"S-1-5-18"},"TaskDisplayName":null,"ProcessId":1212,"ThreadId":24308},{"TimeCreated":"2025-04-19 19:13:02","LogName":"System","Level":"Information","EventID":566,"ProviderName":"Microsoft-Windows-Kernel-Power","Message":"The system session has transitioned from 19 to 20.\\n\\nReason SessionUnlock \\n\\nBootId: 32","MachineName":"DESKTOP-OIQSE1G","UserId":{"BinaryLength":12,"AccountDomainSid":null,"Value":"S-1-5-18"},"TaskDisplayName":null,"ProcessId":4,"ThreadId":13196},{"TimeCreated":"2025-04-19 18:34:41","LogName":"System","Level":"Information","EventID":1,"ProviderName":"Microsoft-Windows-Kernel-General","Message":"The system time has changed to  2025 - 04 - 20T00:34:41.853211100Z from  2025 - 04 - 20T00:34:41.852736300Z.\\nTime Delta: 0 ms\\n\\nChange Reason: An application or system component changed the time.\\nProcess: \u0027\\Device\\HarddiskVolume2\\Windows\\System32\\svchost.exe\u0027 (PID 17108).\\n\\nRTC time:  2025 - 04 - 19T18:34:41.853211100Z\\nCurrent time zone bias: 360\\nRTC time is in UTC: false\\nSystem time was based on RTC time: false","MachineName":"DESKTOP-OIQSE1G","UserId":{"BinaryLength":12,"AccountDomainSid":null,"Value":"S-1-5-19"},"TaskDisplayName":null,"ProcessId":17108,"ThreadId":10152},{"TimeCreated":"2025-04-19 18:34:41","LogName":"System","Level":"Information","EventID":24,"ProviderName":"Microsoft-Windows-Kernel-General","Message":"The time zone information was refreshed with exit reason 0. Current time zone bias is 360.","MachineName":"DESKTOP-OIQSE1G","UserId":{"BinaryLength":12,"AccountDomainSid":null,"Value":"S-1-5-19"},"TaskDisplayName":null,"ProcessId":17108,"ThreadId":10152},{"TimeCreated":"2025-04-19 18:34:41","LogName":"System","Level":"Information","EventID":1,"ProviderName":"Microsoft-Windows-Kernel-General","Message":"The system time has changed to  2025 - 04 - 20T00:34:41.852736300Z from  2025 - 04 - 20T00:34:40.748217500Z.\\nTime Delta: 1104 ms\\n\\nChange Reason: An application or system component changed the time.\\nProcess: \u0027\\Device\\HarddiskVolume2\\Windows\\System32\\svchost.exe\u0027 (PID 17108).\\n\\nRTC time:  2025 - 04 - 19T18:34:41.852736300Z\\nCurrent time zone bias: 360\\nRTC time is in UTC: false\\nSystem time was based on RTC time: false","MachineName":"DESKTOP-OIQSE1G","UserId":{"BinaryLength":12,"AccountDomainSid":null,"Value":"S-1-5-19"},"TaskDisplayName":null,"ProcessId":17108,"ThreadId":10152},{"TimeCreated":"2025-04-19 18:34:41","LogName":"System","Level":"Information","EventID":24,"ProviderName":"Microsoft-Windows-Kernel-General","Message":"The time zone information was refreshed with exit reason 0. Current time zone bias is 360.","MachineName":"DESKTOP-OIQSE1G","UserId":{"BinaryLength":12,"AccountDomainSid":null,"Value":"S-1-5-19"},"TaskDisplayName":null,"ProcessId":17108,"ThreadId":10152},{"TimeCreated":"2025-04-19 18:34:40","LogName":"System","Level":"Information","EventID":37,"ProviderName":"Microsoft-Windows-Time-Service","Message":"The time provider NtpClient is currently receiving valid time data from time.windows.com,0x9 (ntp.m|0x9|0.0.0.0:123-\u003e168.61.215.74:123).","MachineName":"DESKTOP-OIQSE1G","UserId":{"BinaryLength":12,"AccountDomainSid":null,"Value":"S-1-5-19"},"TaskDisplayName":null,"ProcessId":17108,"ThreadId":22524},{"TimeCreated":"2025-04-19 18:34:35","LogName":"System","Level":"Information","EventID":7040,"ProviderName":"Service Control Manager","Message":"The start type of the Background Intelligent Transfer Service service was changed from auto start to demand start.","MachineName":"DESKTOP-OIQSE1G","UserId":{"BinaryLength":12,"AccountDomainSid":null,"Value":"S-1-5-18"},"TaskDisplayName":null,"ProcessId":1212,"ThreadId":37880},{"TimeCreated":"2025-04-19 18:32:30","LogName":"System","Level":"Information","EventID":7040,"ProviderName":"Service Control Manager","Message":"The start type of the Background Intelligent Transfer Service service was changed from demand start to auto start.","MachineName":"DESKTOP-OIQSE1G","UserId":{"BinaryLength":12,"AccountDomainSid":null,"Value":"S-1-5-18"},"TaskDisplayName":null,"ProcessId":1212,"ThreadId":37880},{"TimeCreated":"2025-04-19 18:06:00","LogName":"System","Level":"Information","EventID":32,"ProviderName":"e1rexpress","Message":"Intel(R) I211 Gigabit Network Connection\\n Network link has been established at 1Gbps full duplex.\\n","MachineName":"DESKTOP-OIQSE1G","UserId":null,"TaskDisplayName":"None","ProcessId":4,"ThreadId":37376},{"TimeCreated":"2025-04-19 18:05:56","LogName":"System","Level":"Information","EventID":1,"ProviderName":"Microsoft-Windows-Power-Troubleshooter","Message":"The system has returned from a low power state.\\n\\nSleep Time:  2025 - 04 - 19T22:44:13.121986400Z\\nWake Time:  2025 - 04 - 20T00:05:55.517773400Z\\n\\nWake Source: Unknown","MachineName":"DESKTOP-OIQSE1G","UserId":{"BinaryLength":12,"AccountDomainSid":null,"Value":"S-1-5-19"},"TaskDisplayName":null,"ProcessId":4700,"ThreadId":39340},{"TimeCreated":"2025-04-19 18:05:55","LogName":"System","Level":"Information","EventID":566,"ProviderName":"Microsoft-Windows-Kernel-Power","Message":"The system session has transitioned from 17 to 19.\\n\\nReason InputHid \\n\\nBootId: 32","MachineName":"DESKTOP-OIQSE1G","UserId":null,"TaskDisplayName":null,"ProcessId":4,"ThreadId":30560},{"TimeCreated":"2025-04-19 18:05:55","LogName":"System","Level":"Information","EventID":117,"ProviderName":"Microsoft-Windows-HttpService","Message":"Delete URL group 0xFA00000420000006. Status 0x0. Process Id 0x1754 Executable path \\Device\\HarddiskVolume2\\Windows\\System32\\svchost.exe, User S-1-5-19","MachineName":"DESKTOP-OIQSE1G","UserId":null,"TaskDisplayName":"HTTP Configuration Property Trace Task","ProcessId":5972,"ThreadId":6732},{"TimeCreated":"2025-04-19 18:05:55","LogName":"System","Level":"Information","EventID":114,"ProviderName":"Microsoft-Windows-HttpService","Message":"Removed URL (http://*:5357/7a3d37e4-2c59-4e91-a467-8272b2fdd479/) from URL group (0xFA00000420000006). Process Id 0x1754 Executable path \\Device\\HarddiskVolume2\\Windows\\System32\\svchost.exe, User S-1-5-19","MachineName":"DESKTOP-OIQSE1G","UserId":null,"TaskDisplayName":"HTTP Configuration Property Trace Task","ProcessId":5972,"ThreadId":6732},{"TimeCreated":"2025-04-19 18:05:55","LogName":"System","Level":"Information","EventID":113,"ProviderName":"Microsoft-Windows-HttpService","Message":"Attempted to add URL (http://*:5357/7a3d37e4-2c59-4e91-a467-8272b2fdd479/) to URL group (0xFA00000420000006). Status: 0x0. Process Id 0x1754 Executable path \\Device\\HarddiskVolume2\\Windows\\System32\\svchost.exe, User S-1-5-19","MachineName":"DESKTOP-OIQSE1G","UserId":null,"TaskDisplayName":"HTTP Configuration Property Trace Task","ProcessId":5972,"ThreadId":6732},{"TimeCreated":"2025-04-19 18:05:55","LogName":"System","Level":"Information","EventID":111,"ProviderName":"Microsoft-Windows-HttpService","Message":"Create URL group 0xFA00000420000006. Status 0x0. Process Id 0x1754 Executable path \\Device\\HarddiskVolume2\\Windows\\System32\\svchost.exe, User S-1-5-19","MachineName":"DESKTOP-OIQSE1G","UserId":null,"TaskDisplayName":"HTTP Configuration Property Trace Task","ProcessId":5972,"ThreadId":6732},{"TimeCreated":"2025-04-19 18:05:55","LogName":"System","Level":"Information","EventID":117,"ProviderName":"Microsoft-Windows-HttpService","Message":"Delete URL group 0xFE00000720000003. Status 0x0. Process Id 0x1754 Executable path \\Device\\HarddiskVolume2\\Windows\\System32\\svchost.exe, User S-1-5-19","MachineName":"DESKTOP-OIQSE1G","UserId":null,"TaskDisplayName":"HTTP Configuration Property Trace Task","ProcessId":5972,"ThreadId":6732},{"TimeCreated":"2025-04-19 18:05:55","LogName":"System","Level":"Information","EventID":114,"ProviderName":"Microsoft-Windows-HttpService","Message":"Removed URL (http://*:5357/7a3d37e4-2c59-4e91-a467-8272b2fdd479/) from URL group (0xFE00000720000003). Process Id 0x1754 Executable path \\Device\\HarddiskVolume2\\Windows\\System32\\svchost.exe, User S-1-5-19","MachineName":"DESKTOP-OIQSE1G","UserId":null,"TaskDisplayName":"HTTP Configuration Property Trace Task","ProcessId":5972,"ThreadId":6732},{"TimeCreated":"2025-04-19 18:05:55","LogName":"System","Level":"Information","EventID":113,"ProviderName":"Microsoft-Windows-HttpService","Message":"Attempted to add URL (http://*:5357/7a3d37e4-2c59-4e91-a467-8272b2fdd479/) to URL group (0xFE00000720000003). Status: 0x0. Process Id 0x1754 Executable path \\Device\\HarddiskVolume2\\Windows\\System32\\svchost.exe, User S-1-5-19","MachineName":"DESKTOP-OIQSE1G","UserId":null,"TaskDisplayName":"HTTP Configuration Property Trace Task","ProcessId":5972,"ThreadId":6732},{"TimeCreated":"2025-04-19 18:05:55","LogName":"System","Level":"Information","EventID":111,"ProviderName":"Microsoft-Windows-HttpService","Message":"Create URL group 0xFE00000720000003. Status 0x0. Process Id 0x1754 Executable path \\Device\\HarddiskVolume2\\Windows\\System32\\svchost.exe, User S-1-5-19","MachineName":"DESKTOP-OIQSE1G","UserId":null,"TaskDisplayName":"HTTP Configuration Property Trace Task","ProcessId":5972,"ThreadId":6732},{"TimeCreated":"2025-04-19 18:05:55","LogName":"System","Level":"Information","EventID":117,"ProviderName":"Microsoft-Windows-HttpService","Message":"Delete URL group 0xFE00000520000006. Status 0x0. Process Id 0x1754 Executable path \\Device\\HarddiskVolume2\\Windows\\System32\\svchost.exe, User S-1-5-19","MachineName":"DESKTOP-OIQSE1G","UserId":null,"TaskDisplayName":"HTTP Configuration Property Trace Task","ProcessId":5972,"ThreadId":6732},{"TimeCreated":"2025-04-19 18:05:55","LogName":"System","Level":"Information","EventID":114,"ProviderName":"Microsoft-Windows-HttpService","Message":"Removed URL (http://*:5357/7a3d37e4-2c59-4e91-a467-8272b2fdd479/) from URL group (0xFE00000520000006). Process Id 0x1754 Executable path \\Device\\HarddiskVolume2\\Windows\\System32\\svchost.exe, User S-1-5-19","MachineName":"DESKTOP-OIQSE1G","UserId":null,"TaskDisplayName":"HTTP Configuration Property Trace Task","ProcessId":5972,"ThreadId":6732},{"TimeCreated":"2025-04-19 18:05:55","LogName":"System","Level":"Information","EventID":113,"ProviderName":"Microsoft-Windows-HttpService","Message":"Attempted to add URL (http://*:5357/7a3d37e4-2c59-4e91-a467-8272b2fdd479/) to URL group (0xFE00000520000006). Status: 0x0. Process Id 0x1754 Executable path \\Device\\HarddiskVolume2\\Windows\\System32\\svchost.exe, User S-1-5-19","MachineName":"DESKTOP-OIQSE1G","UserId":null,"TaskDisplayName":"HTTP Configuration Property Trace Task","ProcessId":5972,"ThreadId":6732},{"TimeCreated":"2025-04-19 18:05:55","LogName":"System","Level":"Information","EventID":111,"ProviderName":"Microsoft-Windows-HttpService","Message":"Create URL group 0xFE00000520000006. Status 0x0. Process Id 0x1754 Executable path \\Device\\HarddiskVolume2\\Windows\\System32\\svchost.exe, User S-1-5-19","MachineName":"DESKTOP-OIQSE1G","UserId":null,"TaskDisplayName":"HTTP Configuration Property Trace Task","ProcessId":5972,"ThreadId":6732},{"TimeCreated":"2025-04-19 18:05:55","LogName":"System","Level":"Information","EventID":117,"ProviderName":"Microsoft-Windows-HttpService","Message":"Delete URL group 0xFE00000720000002. Status 0x0. Process Id 0x1754 Executable path \\Device\\HarddiskVolume2\\Windows\\System32\\svchost.exe, User S-1-5-19","MachineName":"DESKTOP-OIQSE1G","UserId":null,"TaskDisplayName":"HTTP Configuration Property Trace Task","ProcessId":5972,"ThreadId":6732},{"TimeCreated":"2025-04-19 18:05:55","LogName":"System","Level":"Information","EventID":114,"ProviderName":"Microsoft-Windows-HttpService","Message":"Removed URL (http://*:5357/7a3d37e4-2c59-4e91-a467-8272b2fdd479/) from URL group (0xFE00000720000002). Process Id 0x1754 Executable path \\Device\\HarddiskVolume2\\Windows\\System32\\svchost.exe, User S-1-5-19","MachineName":"DESKTOP-OIQSE1G","UserId":null,"TaskDisplayName":"HTTP Configuration Property Trace Task","ProcessId":5972,"ThreadId":6732},{"TimeCreated":"2025-04-19 18:05:55","LogName":"System","Level":"Information","EventID":113,"ProviderName":"Microsoft-Windows-HttpService","Message":"Attempted to add URL (http://*:5357/7a3d37e4-2c59-4e91-a467-8272b2fdd479/) to URL group (0xFE00000720000002). Status: 0x0. Process Id 0x1754 Executable path \\Device\\HarddiskVolume2\\Windows\\System32\\svchost.exe, User S-1-5-19","MachineName":"DESKTOP-OIQSE1G","UserId":null,"TaskDisplayName":"HTTP Configuration Property Trace Task","ProcessId":5972,"ThreadId":6732},{"TimeCreated":"2025-04-19 18:05:55","LogName":"System","Level":"Information","EventID":111,"ProviderName":"Microsoft-Windows-HttpService","Message":"Create URL group 0xFE00000720000002. Status 0x0. Process Id 0x1754 Executable path \\Device\\HarddiskVolume2\\Windows\\System32\\svchost.exe, User S-1-5-19","MachineName":"DESKTOP-OIQSE1G","UserId":null,"TaskDisplayName":"HTTP Configuration Property Trace Task","ProcessId":5972,"ThreadId":6732},{"TimeCreated":"2025-04-19 18:05:55","LogName":"System","Level":"Information","EventID":117,"ProviderName":"Microsoft-Windows-HttpService","Message":"Delete URL group 0xFE00000320000002. Status 0x0. Process Id 0x1754 Executable path \\Device\\HarddiskVolume2\\Windows\\System32\\svchost.exe, User S-1-5-19","MachineName":"DESKTOP-OIQSE1G","UserId":null,"TaskDisplayName":"HTTP Configuration Property Trace Task","ProcessId":5972,"ThreadId":6732},{"TimeCreated":"2025-04-19 18:05:55","LogName":"System","Level":"Information","EventID":114,"ProviderName":"Microsoft-Windows-HttpService","Message":"Removed URL (http://*:5357/7a3d37e4-2c59-4e91-a467-8272b2fdd479/) from URL group (0xFE00000320000002). Process Id 0x1754 Executable path \\Device\\HarddiskVolume2\\Windows\\System32\\svchost.exe, User S-1-5-19","MachineName":"DESKTOP-OIQSE1G","UserId":null,"TaskDisplayName":"HTTP Configuration Property Trace Task","ProcessId":5972,"ThreadId":6732},{"TimeCreated":"2025-04-19 18:05:55","LogName":"System","Level":"Information","EventID":113,"ProviderName":"Microsoft-Windows-HttpService","Message":"Attempted to add URL (http://*:5357/7a3d37e4-2c59-4e91-a467-8272b2fdd479/) to URL group (0xFE00000320000002). Status: 0x0. Process Id 0x1754 Executable path \\Device\\HarddiskVolume2\\Windows\\System32\\svchost.exe, User S-1-5-19","MachineName":"DESKTOP-OIQSE1G","UserId":null,"TaskDisplayName":"HTTP Configuration Property Trace Task","ProcessId":5972,"ThreadId":6732},{"TimeCreated":"2025-04-19 18:05:55","LogName":"System","Level":"Information","EventID":111,"ProviderName":"Microsoft-Windows-HttpService","Message":"Create URL group 0xFE00000320000002. Status 0x0. Process Id 0x1754 Executable path \\Device\\HarddiskVolume2\\Windows\\System32\\svchost.exe, User S-1-5-19","MachineName":"DESKTOP-OIQSE1G","UserId":null,"TaskDisplayName":"HTTP Configuration Property Trace Task","ProcessId":5972,"ThreadId":6732},{"TimeCreated":"2025-04-19 18:05:55","LogName":"System","Level":"Information","EventID":566,"ProviderName":"Microsoft-Windows-Kernel-Power","Message":"The system session has transitioned from 16 to 17.\\n\\nReason SxTransition \\n\\nBootId: 32","MachineName":"DESKTOP-OIQSE1G","UserId":null,"TaskDisplayName":null,"ProcessId":4,"ThreadId":31120},{"TimeCreated":"2025-04-19 18:05:55","LogName":"System","Level":"Information","EventID":18,"ProviderName":"BTHUSB","Message":"Windows cannot store Bluetooth authentication codes (link keys) on the local adapter. Bluetooth keyboards might not work in the system BIOS during startup.","MachineName":"DESKTOP-OIQSE1G","UserId":null,"TaskDisplayName":"None","ProcessId":4,"ThreadId":34376},{"TimeCreated":"2025-04-19 18:05:54","LogName":"System","Level":"Information","EventID":130,"ProviderName":"Microsoft-Windows-Kernel-Power","Message":"Firmware S3 times. SuspendStart: 25630953, SuspendEnd: 25630953","MachineName":"DESKTOP-OIQSE1G","UserId":null,"TaskDisplayName":null,"ProcessId":4,"ThreadId":21852},{"TimeCreated":"2025-04-19 18:05:54","LogName":"System","Level":"Information","EventID":131,"ProviderName":"Microsoft-Windows-Kernel-Power","Message":"Firmware S3 times. ResumeCount: 3, FullResume: 1268, AverageResume: 1269","MachineName":"DESKTOP-OIQSE1G","UserId":null,"TaskDisplayName":null,"ProcessId":4,"ThreadId":21852},{"TimeCreated":"2025-04-19 18:05:54","LogName":"System","Level":"Information","EventID":1,"ProviderName":"Microsoft-Windows-Kernel-General","Message":"The system time has changed to  2025 - 04 - 20T00:05:54.500000000Z from  2025 - 04 - 19T22:44:22.045994000Z.\\nTime Delta: 4892454 ms\\n\\nChange Reason: System time synchronized with the hardware clock.\\nProcess: \u0027\u0027 (PID 4).\\n\\nRTC time:  2025 - 04 - 19T18:05:54.500000000Z\\nCurrent time zone bias: 360\\nRTC time is in UTC: false\\nSystem time was based on RTC time: false","MachineName":"DESKTOP-OIQSE1G","UserId":null,"TaskDisplayName":null,"ProcessId":4,"ThreadId":21852},{"TimeCreated":"2025-04-19 16:44:22","LogName":"System","Level":"Information","EventID":107,"ProviderName":"Microsoft-Windows-Kernel-Power","Message":"The system has resumed from sleep.","MachineName":"DESKTOP-OIQSE1G","UserId":null,"TaskDisplayName":null,"ProcessId":4,"ThreadId":21852},{"TimeCreated":"2025-04-19 16:44:18","LogName":"System","Level":"Information","EventID":42,"ProviderName":"Microsoft-Windows-Kernel-Power","Message":"The system is entering sleep.\\n\\nSleep Reason: System Idle","MachineName":"DESKTOP-OIQSE1G","UserId":null,"TaskDisplayName":null,"ProcessId":4,"ThreadId":21852},{"TimeCreated":"2025-04-19 16:44:13","LogName":"System","Level":"Information","EventID":566,"ProviderName":"Microsoft-Windows-Kernel-Power","Message":"The system session has transitioned from 14 to 16.\\n\\nReason SxTransition \\n\\nBootId: 32","MachineName":"DESKTOP-OIQSE1G","UserId":{"BinaryLength":12,"AccountDomainSid":null,"Value":"S-1-5-18"},"TaskDisplayName":null,"ProcessId":4,"ThreadId":6528},{"TimeCreated":"2025-04-19 16:44:06","LogName":"System","Level":"Information","EventID":566,"ProviderName":"Microsoft-Windows-Kernel-Power","Message":"The system session has transitioned from 13 to 14.\\n\\nReason SessionUnlock \\n\\nBootId: 32","MachineName":"DESKTOP-OIQSE1G","UserId":{"BinaryLength":12,"AccountDomainSid":null,"Value":"S-1-5-18"},"TaskDisplayName":null,"ProcessId":4,"ThreadId":32944},{"TimeCreated":"2025-04-19 15:08:23","LogName":"System","Level":"Warning","EventID":225,"ProviderName":"Microsoft-Windows-Kernel-PnP","Message":"The application \\Device\\HarddiskVolume2\\Program Files\\LogiOptionsPlus\\logioptionsplus_agent.exe with process id 8212 stopped the removal or ejection for the device USB\\VID_046D\u0026PID_C52B\\6\u002625a4b41b\u00260\u00261.\\nProcess command line: \"C:\\Program Files\\LogiOptionsPlus\\logioptionsplus_agent.exe\"\\nList of affected devices:\\nHID\\VID_046D\u0026PID_C52B\u0026MI_02\u0026Col01\\8\u002625a53b1f\u00260\u00260000\\nHID\\VID_046D\u0026PID_C52B\u0026MI_02\u0026Col02\\8\u002625a53b1f\u00260\u00260001\\n","MachineName":"DESKTOP-OIQSE1G","UserId":{"BinaryLength":12,"AccountDomainSid":null,"Value":"S-1-5-18"},"TaskDisplayName":null,"ProcessId":4,"ThreadId":35908},{"TimeCreated":"2025-04-19 15:08:18","LogName":"System","Level":"Warning","EventID":225,"ProviderName":"Microsoft-Windows-Kernel-PnP","Message":"The application \\Device\\HarddiskVolume2\\Program Files\\LGHUB\\lghub_agent.exe with process id 15204 stopped the removal or ejection for the device USB\\VID_046D\u0026PID_082D\\C6EFDC0F.\\nProcess command line: \"C:\\Program Files\\LGHUB\\lghub_agent.exe\"\\nList of affected devices:\\nUSB\\VID_046D\u0026PID_082D\u0026MI_00\\7\u002632c1036c\u00260\u00260000\\n","MachineName":"DESKTOP-OIQSE1G","UserId":{"BinaryLength":12,"AccountDomainSid":null,"Value":"S-1-5-18"},"TaskDisplayName":null,"ProcessId":4,"ThreadId":2876},{"TimeCreated":"2025-04-19 15:08:18","LogName":"System","Level":"Warning","EventID":225,"ProviderName":"Microsoft-Windows-Kernel-PnP","Message":"The application \\Device\\HarddiskVolume2\\Program Files\\LogiOptionsPlus\\logioptionsplus_agent.exe with process id 8212 stopped the removal or ejection for the device USB\\VID_046D\u0026PID_082D\\C6EFDC0F.\\nProcess command line: \"C:\\Program Files\\LogiOptionsPlus\\logioptionsplus_agent.exe\"\\nList of affected devices:\\nUSB\\VID_046D\u0026PID_082D\u0026MI_00\\7\u002632c1036c\u00260\u00260000\\n","MachineName":"DESKTOP-OIQSE1G","UserId":{"BinaryLength":12,"AccountDomainSid":null,"Value":"S-1-5-18"},"TaskDisplayName":null,"ProcessId":4,"ThreadId":2876},{"TimeCreated":"2025-04-19 14:34:54","LogName":"System","Level":"Information","EventID":16,"ProviderName":"Microsoft-Windows-Kernel-General","Message":"The access history in hive \\??\\C:\\Users\\mkroe\\AppData\\Local\\Packages\\MSTeams_8wekyb3d8bbwe\\Settings\\settings.dat was cleared updating 2 keys and creating 1 modified pages.","MachineName":"DESKTOP-OIQSE1G","UserId":{"BinaryLength":12,"AccountDomainSid":null,"Value":"S-1-5-18"},"TaskDisplayName":null,"ProcessId":38460,"ThreadId":39896},{"TimeCreated":"2025-04-19 14:34:54","LogName":"System","Level":"Information","EventID":16,"ProviderName":"Microsoft-Windows-Kernel-General","Message":"The access history in hive \\??\\C:\\Users\\mkroe\\AppData\\Local\\Packages\\microsoft.windowscommunicationsapps_8wekyb3d8bbwe\\Settings\\settings.dat was cleared updating 35 keys and creating 7 modified pages.","MachineName":"DESKTOP-OIQSE1G","UserId":{"BinaryLength":12,"AccountDomainSid":null,"Value":"S-1-5-18"},"TaskDisplayName":null,"ProcessId":38700,"ThreadId":3956},{"TimeCreated":"2025-04-19 14:33:30","LogName":"System","Level":"Warning","EventID":1014,"ProviderName":"Microsoft-Windows-DNS-Client","Message":"Name resolution for the name test.steampowered.com timed out after none of the configured DNS servers responded. Client PID 19904.","MachineName":"DESKTOP-OIQSE1G","UserId":{"BinaryLength":12,"AccountDomainSid":null,"Value":"S-1-5-20"},"TaskDisplayName":null,"ProcessId":2752,"ThreadId":13152},{"TimeCreated":"2025-04-19 14:33:28","LogName":"System","Level":"Information","EventID":32,"ProviderName":"e1rexpress","Message":"Intel(R) I211 Gigabit Network Connection\\n Network link has been established at 1Gbps full duplex.\\n","MachineName":"DESKTOP-OIQSE1G","UserId":null,"TaskDisplayName":"None","ProcessId":4,"ThreadId":31096},{"TimeCreated":"2025-04-19 14:33:24","LogName":"System","Level":"Information","EventID":1,"ProviderName":"Microsoft-Windows-Power-Troubleshooter","Message":"The system has returned from a low power state.\\n\\nSleep Time:  2025 - 04 - 19T18:45:22.126038700Z\\nWake Time:  2025 - 04 - 19T20:33:23.518194400Z\\n\\nWake Source: Unknown","MachineName":"DESKTOP-OIQSE1G","UserId":{"BinaryLength":12,"AccountDomainSid":null,"Value":"S-1-5-19"},"TaskDisplayName":null,"ProcessId":4700,"ThreadId":33700},{"TimeCreated":"2025-04-19 14:33:24","LogName":"System","Level":"Information","EventID":117,"ProviderName":"Microsoft-Windows-HttpService","Message":"Delete URL group 0xFE00000520000005. Status 0x0. Process Id 0x1754 Executable path \\Device\\HarddiskVolume2\\Windows\\System32\\svchost.exe, User S-1-5-19","MachineName":"DESKTOP-OIQSE1G","UserId":{"BinaryLength":12,"AccountDomainSid":null,"Value":"S-1-5-19"},"TaskDisplayName":"HTTP Configuration Property Trace Task","ProcessId":5972,"ThreadId":6732},{"TimeCreated":"2025-04-19 14:33:24","LogName":"System","Level":"Information","EventID":114,"ProviderName":"Microsoft-Windows-HttpService","Message":"Removed URL (http://*:5357/7a3d37e4-2c59-4e91-a467-8272b2fdd479/) from URL group (0xFE00000520000005). Process Id 0x1754 Executable path \\Device\\HarddiskVolume2\\Windows\\System32\\svchost.exe, User S-1-5-19","MachineName":"DESKTOP-OIQSE1G","UserId":{"BinaryLength":12,"AccountDomainSid":null,"Value":"S-1-5-19"},"TaskDisplayName":"HTTP Configuration Property Trace Task","ProcessId":5972,"ThreadId":6732},{"TimeCreated":"2025-04-19 14:33:23","LogName":"System","Level":"Information","EventID":113,"ProviderName":"Microsoft-Windows-HttpService","Message":"Attempted to add URL (http://*:5357/7a3d37e4-2c59-4e91-a467-8272b2fdd479/) to URL group (0xFE00000520000005). Status: 0x0. Process Id 0x1754 Executable path \\Device\\HarddiskVolume2\\Windows\\System32\\svchost.exe, User S-1-5-19","MachineName":"DESKTOP-OIQSE1G","UserId":{"BinaryLength":12,"AccountDomainSid":null,"Value":"S-1-5-19"},"TaskDisplayName":"HTTP Configuration Property Trace Task","ProcessId":5972,"ThreadId":6732},{"TimeCreated":"2025-04-19 14:33:23","LogName":"System","Level":"Information","EventID":111,"ProviderName":"Microsoft-Windows-HttpService","Message":"Create URL group 0xFE00000520000005. Status 0x0. Process Id 0x1754 Executable path \\Device\\HarddiskVolume2\\Windows\\System32\\svchost.exe, User S-1-5-19","MachineName":"DESKTOP-OIQSE1G","UserId":{"BinaryLength":12,"AccountDomainSid":null,"Value":"S-1-5-19"},"TaskDisplayName":"HTTP Configuration Property Trace Task","ProcessId":5972,"ThreadId":6732},{"TimeCreated":"2025-04-19 14:33:23","LogName":"System","Level":"Information","EventID":117,"ProviderName":"Microsoft-Windows-HttpService","Message":"Delete URL group 0xFA00000420000005. Status 0x0. Process Id 0x1754 Executable path \\Device\\HarddiskVolume2\\Windows\\System32\\svchost.exe, User S-1-5-19","MachineName":"DESKTOP-OIQSE1G","UserId":{"BinaryLength":12,"AccountDomainSid":null,"Value":"S-1-5-19"},"TaskDisplayName":"HTTP Configuration Property Trace Task","ProcessId":5972,"ThreadId":6732},{"TimeCreated":"2025-04-19 14:33:23","LogName":"System","Level":"Information","EventID":114,"ProviderName":"Microsoft-Windows-HttpService","Message":"Removed URL (http://*:5357/7a3d37e4-2c59-4e91-a467-8272b2fdd479/) from URL group (0xFA00000420000005). Process Id 0x1754 Executable path \\Device\\HarddiskVolume2\\Windows\\System32\\svchost.exe, User S-1-5-19","MachineName":"DESKTOP-OIQSE1G","UserId":{"BinaryLength":12,"AccountDomainSid":null,"Value":"S-1-5-19"},"TaskDisplayName":"HTTP Configuration Property Trace Task","ProcessId":5972,"ThreadId":6732},{"TimeCreated":"2025-04-19 14:33:23","LogName":"System","Level":"Information","EventID":113,"ProviderName":"Microsoft-Windows-HttpService","Message":"Attempted to add URL (http://*:5357/7a3d37e4-2c59-4e91-a467-8272b2fdd479/) to URL group (0xFA00000420000005). Status: 0x0. Process Id 0x1754 Executable path \\Device\\HarddiskVolume2\\Windows\\System32\\svchost.exe, User S-1-5-19","MachineName":"DESKTOP-OIQSE1G","UserId":{"BinaryLength":12,"AccountDomainSid":null,"Value":"S-1-5-19"},"TaskDisplayName":"HTTP Configuration Property Trace Task","ProcessId":5972,"ThreadId":6732},{"TimeCreated":"2025-04-19 14:33:23","LogName":"System","Level":"Information","EventID":111,"ProviderName":"Microsoft-Windows-HttpService","Message":"Create URL group 0xFA00000420000005. Status 0x0. Process Id 0x1754 Executable path \\Device\\HarddiskVolume2\\Windows\\System32\\svchost.exe, User S-1-5-19","MachineName":"DESKTOP-OIQSE1G","UserId":{"BinaryLength":12,"AccountDomainSid":null,"Value":"S-1-5-19"},"TaskDisplayName":"HTTP Configuration Property Trace Task","ProcessId":5972,"ThreadId":6732},{"TimeCreated":"2025-04-19 14:33:23","LogName":"System","Level":"Information","EventID":117,"ProviderName":"Microsoft-Windows-HttpService","Message":"Delete URL group 0xFE00000720000001. Status 0x0. Process Id 0x1754 Executable path \\Device\\HarddiskVolume2\\Windows\\System32\\svchost.exe, User S-1-5-19","MachineName":"DESKTOP-OIQSE1G","UserId":{"BinaryLength":12,"AccountDomainSid":null,"Value":"S-1-5-19"},"TaskDisplayName":"HTTP Configuration Property Trace Task","ProcessId":5972,"ThreadId":6732},{"TimeCreated":"2025-04-19 14:33:23","LogName":"System","Level":"Information","EventID":114,"ProviderName":"Microsoft-Windows-HttpService","Message":"Removed URL (http://*:5357/7a3d37e4-2c59-4e91-a467-8272b2fdd479/) from URL group (0xFE00000720000001). Process Id 0x1754 Executable path \\Device\\HarddiskVolume2\\Windows\\System32\\svchost.exe, User S-1-5-19","MachineName":"DESKTOP-OIQSE1G","UserId":{"BinaryLength":12,"AccountDomainSid":null,"Value":"S-1-5-19"},"TaskDisplayName":"HTTP Configuration Property Trace Task","ProcessId":5972,"ThreadId":6732},{"TimeCreated":"2025-04-19 14:33:23","LogName":"System","Level":"Information","EventID":113,"ProviderName":"Microsoft-Windows-HttpService","Message":"Attempted to add URL (http://*:5357/7a3d37e4-2c59-4e91-a467-8272b2fdd479/) to URL group (0xFE00000720000001). Status: 0x0. Process Id 0x1754 Executable path \\Device\\HarddiskVolume2\\Windows\\System32\\svchost.exe, User S-1-5-19","MachineName":"DESKTOP-OIQSE1G","UserId":{"BinaryLength":12,"AccountDomainSid":null,"Value":"S-1-5-19"},"TaskDisplayName":"HTTP Configuration Property Trace Task","ProcessId":5972,"ThreadId":6732},{"TimeCreated":"2025-04-19 14:33:23","LogName":"System","Level":"Information","EventID":566,"ProviderName":"Microsoft-Windows-Kernel-Power","Message":"The system session has transitioned from 11 to 13.\\n\\nReason InputAccelerometer \\n\\nBootId: 32","MachineName":"DESKTOP-OIQSE1G","UserId":{"BinaryLength":12,"AccountDomainSid":null,"Value":"S-1-5-18"},"TaskDisplayName":null,"ProcessId":4,"ThreadId":15136},{"TimeCreated":"2025-04-19 14:33:23","LogName":"System","Level":"Information","EventID":111,"ProviderName":"Microsoft-Windows-HttpService","Message":"Create URL group 0xFE00000720000001. Status 0x0. Process Id 0x1754 Executable path \\Device\\HarddiskVolume2\\Windows\\System32\\svchost.exe, User S-1-5-19","MachineName":"DESKTOP-OIQSE1G","UserId":{"BinaryLength":12,"AccountDomainSid":null,"Value":"S-1-5-19"},"TaskDisplayName":"HTTP Configuration Property Trace Task","ProcessId":5972,"ThreadId":6732},{"TimeCreated":"2025-04-19 14:33:23","LogName":"System","Level":"Information","EventID":117,"ProviderName":"Microsoft-Windows-HttpService","Message":"Delete URL group 0xFA00000420000004. Status 0x0. Process Id 0x1754 Executable path \\Device\\HarddiskVolume2\\Windows\\System32\\svchost.exe, User S-1-5-19","MachineName":"DESKTOP-OIQSE1G","UserId":{"BinaryLength":12,"AccountDomainSid":null,"Value":"S-1-5-19"},"TaskDisplayName":"HTTP Configuration Property Trace Task","ProcessId":5972,"ThreadId":6732},{"TimeCreated":"2025-04-19 14:33:23","LogName":"System","Level":"Information","EventID":114,"ProviderName":"Microsoft-Windows-HttpService","Message":"Removed URL (http://*:5357/7a3d37e4-2c59-4e91-a467-8272b2fdd479/) from URL group (0xFA00000420000004). Process Id 0x1754 Executable path \\Device\\HarddiskVolume2\\Windows\\System32\\svchost.exe, User S-1-5-19","MachineName":"DESKTOP-OIQSE1G","UserId":{"BinaryLength":12,"AccountDomainSid":null,"Value":"S-1-5-19"},"TaskDisplayName":"HTTP Configuration Property Trace Task","ProcessId":5972,"ThreadId":6732},{"TimeCreated":"2025-04-19 14:33:23","LogName":"System","Level":"Information","EventID":113,"ProviderName":"Microsoft-Windows-HttpService","Message":"Attempted to add URL (http://*:5357/7a3d37e4-2c59-4e91-a467-8272b2fdd479/) to URL group (0xFA00000420000004). Status: 0x0. Process Id 0x1754 Executable path \\Device\\HarddiskVolume2\\Windows\\System32\\svchost.exe, User S-1-5-19","MachineName":"DESKTOP-OIQSE1G","UserId":{"BinaryLength":12,"AccountDomainSid":null,"Value":"S-1-5-19"},"TaskDisplayName":"HTTP Configuration Property Trace Task","ProcessId":5972,"ThreadId":6732},{"TimeCreated":"2025-04-19 14:33:23","LogName":"System","Level":"Information","EventID":111,"ProviderName":"Microsoft-Windows-HttpService","Message":"Create URL group 0xFA00000420000004. Status 0x0. Process Id 0x1754 Executable path \\Device\\HarddiskVolume2\\Windows\\System32\\svchost.exe, User S-1-5-19","MachineName":"DESKTOP-OIQSE1G","UserId":{"BinaryLength":12,"AccountDomainSid":null,"Value":"S-1-5-19"},"TaskDisplayName":"HTTP Configuration Property Trace Task","ProcessId":5972,"ThreadId":6732},{"TimeCreated":"2025-04-19 14:33:23","LogName":"System","Level":"Information","EventID":117,"ProviderName":"Microsoft-Windows-HttpService","Message":"Delete URL group 0xFE00000520000004. Status 0x0. Process Id 0x1754 Executable path \\Device\\HarddiskVolume2\\Windows\\System32\\svchost.exe, User S-1-5-19","MachineName":"DESKTOP-OIQSE1G","UserId":{"BinaryLength":12,"AccountDomainSid":null,"Value":"S-1-5-19"},"TaskDisplayName":"HTTP Configuration Property Trace Task","ProcessId":5972,"ThreadId":6732},{"TimeCreated":"2025-04-19 14:33:23","LogName":"System","Level":"Information","EventID":114,"ProviderName":"Microsoft-Windows-HttpService","Message":"Removed URL (http://*:5357/7a3d37e4-2c59-4e91-a467-8272b2fdd479/) from URL group (0xFE00000520000004). Process Id 0x1754 Executable path \\Device\\HarddiskVolume2\\Windows\\System32\\svchost.exe, User S-1-5-19","MachineName":"DESKTOP-OIQSE1G","UserId":{"BinaryLength":12,"AccountDomainSid":null,"Value":"S-1-5-19"},"TaskDisplayName":"HTTP Configuration Property Trace Task","ProcessId":5972,"ThreadId":6732},{"TimeCreated":"2025-04-19 14:33:23","LogName":"System","Level":"Information","EventID":113,"ProviderName":"Microsoft-Windows-HttpService","Message":"Attempted to add URL (http://*:5357/7a3d37e4-2c59-4e91-a467-8272b2fdd479/) to URL group (0xFE00000520000004). Status: 0x0. Process Id 0x1754 Executable path \\Device\\HarddiskVolume2\\Windows\\System32\\svchost.exe, User S-1-5-19","MachineName":"DESKTOP-OIQSE1G","UserId":{"BinaryLength":12,"AccountDomainSid":null,"Value":"S-1-5-19"},"TaskDisplayName":"HTTP Configuration Property Trace Task","ProcessId":5972,"ThreadId":6732},{"TimeCreated":"2025-04-19 14:33:23","LogName":"System","Level":"Information","EventID":111,"ProviderName":"Microsoft-Windows-HttpService","Message":"Create URL group 0xFE00000520000004. Status 0x0. Process Id 0x1754 Executable path \\Device\\HarddiskVolume2\\Windows\\System32\\svchost.exe, User S-1-5-19","MachineName":"DESKTOP-OIQSE1G","UserId":null,"TaskDisplayName":"HTTP Configuration Property Trace Task","ProcessId":5972,"ThreadId":6732},{"TimeCreated":"2025-04-19 14:33:23","LogName":"System","Level":"Information","EventID":566,"ProviderName":"Microsoft-Windows-Kernel-Power","Message":"The system session has transitioned from 10 to 11.\\n\\nReason SxTransition \\n\\nBootId: 32","MachineName":"DESKTOP-OIQSE1G","UserId":null,"TaskDisplayName":null,"ProcessId":4,"ThreadId":36564},{"TimeCreated":"2025-04-19 14:33:23","LogName":"System","Level":"Information","EventID":18,"ProviderName":"BTHUSB","Message":"Windows cannot store Bluetooth authentication codes (link keys) on the local adapter. Bluetooth keyboards might not work in the system BIOS during startup.","MachineName":"DESKTOP-OIQSE1G","UserId":null,"TaskDisplayName":"None","ProcessId":4,"ThreadId":15836},{"TimeCreated":"2025-04-19 14:33:22","LogName":"System","Level":"Information","EventID":130,"ProviderName":"Microsoft-Windows-Kernel-Power","Message":"Firmware S3 times. SuspendStart: 17786145, SuspendEnd: 17786145","MachineName":"DESKTOP-OIQSE1G","UserId":null,"TaskDisplayName":null,"ProcessId":4,"ThreadId":25976},{"TimeCreated":"2025-04-19 14:33:22","LogName":"System","Level":"Information","EventID":131,"ProviderName":"Microsoft-Windows-Kernel-Power","Message":"Firmware S3 times. ResumeCount: 2, FullResume: 1269, AverageResume: 1269","MachineName":"DESKTOP-OIQSE1G","UserId":null,"TaskDisplayName":null,"ProcessId":4,"ThreadId":25976},{"TimeCreated":"2025-04-19 14:33:22","LogName":"System","Level":"Information","EventID":1,"ProviderName":"Microsoft-Windows-Kernel-General","Message":"The system time has changed to  2025 - 04 - 19T20:33:22.500000000Z from  2025 - 04 - 19T18:45:31.485984900Z.\\nTime Delta: 6471014 ms\\n\\nChange Reason: System time synchronized with the hardware clock.\\nProcess: \u0027\u0027 (PID 4).\\n\\nRTC time:  2025 - 04 - 19T14:33:22.500000000Z\\nCurrent time zone bias: 360\\nRTC time is in UTC: false\\nSystem time was based on RTC time: false","MachineName":"DESKTOP-OIQSE1G","UserId":null,"TaskDisplayName":null,"ProcessId":4,"ThreadId":25976},{"TimeCreated":"2025-04-19 12:45:31","LogName":"System","Level":"Information","EventID":107,"ProviderName":"Microsoft-Windows-Kernel-Power","Message":"The system has resumed from sleep.","MachineName":"DESKTOP-OIQSE1G","UserId":null,"TaskDisplayName":null,"ProcessId":4,"ThreadId":25976},{"TimeCreated":"2025-04-19 12:45:27","LogName":"System","Level":"Information","EventID":42,"ProviderName":"Microsoft-Windows-Kernel-Power","Message":"The system is entering sleep.\\n\\nSleep Reason: System Idle","MachineName":"DESKTOP-OIQSE1G","UserId":null,"TaskDisplayName":null,"ProcessId":4,"ThreadId":25976},{"TimeCreated":"2025-04-19 12:45:27","LogName":"System","Level":"Information","EventID":1,"ProviderName":"Microsoft-Windows-Kernel-General","Message":"The system time has changed to  2025 - 04 - 19T18:45:27.210034800Z from  2025 - 04 - 19T18:45:27.209847200Z.\\nTime Delta: 0 ms\\n\\nChange Reason: An application or system component changed the time.\\nProcess: \u0027\\Device\\HarddiskVolume2\\Windows\\System32\\svchost.exe\u0027 (PID 17108).\\n\\nRTC time:  2025 - 04 - 19T12:45:27.210034800Z\\nCurrent time zone bias: 360\\nRTC time is in UTC: false\\nSystem time was based on RTC time: false","MachineName":"DESKTOP-OIQSE1G","UserId":{"BinaryLength":12,"AccountDomainSid":null,"Value":"S-1-5-19"},"TaskDisplayName":null,"ProcessId":17108,"ThreadId":25184},{"TimeCreated":"2025-04-19 12:45:27","LogName":"System","Level":"Information","EventID":24,"ProviderName":"Microsoft-Windows-Kernel-General","Message":"The time zone information was refreshed with exit reason 0. Current time zone bias is 360.","MachineName":"DESKTOP-OIQSE1G","UserId":{"BinaryLength":12,"AccountDomainSid":null,"Value":"S-1-5-19"},"TaskDisplayName":null,"ProcessId":17108,"ThreadId":25184},{"TimeCreated":"2025-04-19 12:45:22","LogName":"System","Level":"Information","EventID":566,"ProviderName":"Microsoft-Windows-Kernel-Power","Message":"The system session has transitioned from 8 to 10.\\n\\nReason SxTransition \\n\\nBootId: 32","MachineName":"DESKTOP-OIQSE1G","UserId":{"BinaryLength":12,"AccountDomainSid":null,"Value":"S-1-5-18"},"TaskDisplayName":null,"ProcessId":4,"ThreadId":9664},{"TimeCreated":"2025-04-19 12:45:11","LogName":"System","Level":"Information","EventID":566,"ProviderName":"Microsoft-Windows-Kernel-Power","Message":"The system session has transitioned from 7 to 8.\\n\\nReason SessionUnlock \\n\\nBootId: 32","MachineName":"DESKTOP-OIQSE1G","UserId":{"BinaryLength":12,"AccountDomainSid":null,"Value":"S-1-5-18"},"TaskDisplayName":null,"ProcessId":4,"ThreadId":33068},{"TimeCreated":"2025-04-19 12:33:59","LogName":"System","Level":"Information","EventID":16,"ProviderName":"Microsoft-Windows-Kernel-General","Message":"The access history in hive \\??\\C:\\Users\\mkroe\\AppData\\Local\\Packages\\Microsoft.Todos_8wekyb3d8bbwe\\Settings\\settings.dat was cleared updating 16 keys and creating 3 modified pages.","MachineName":"DESKTOP-OIQSE1G","UserId":{"BinaryLength":12,"AccountDomainSid":null,"Value":"S-1-5-18"},"TaskDisplayName":null,"ProcessId":19628,"ThreadId":32888},{"TimeCreated":"2025-04-19 12:15:14","LogName":"System","Level":"Information","EventID":16,"ProviderName":"Microsoft-Windows-Kernel-General","Message":"The access history in hive \\??\\C:\\Users\\mkroe\\AppData\\Local\\Packages\\Microsoft.AAD.BrokerPlugin_cw5n1h2txyewy\\Settings\\settings.dat was cleared updating 49 keys and creating 8 modified pages.","MachineName":"DESKTOP-OIQSE1G","UserId":{"BinaryLength":12,"AccountDomainSid":null,"Value":"S-1-5-18"},"TaskDisplayName":null,"ProcessId":9424,"ThreadId":704},{"TimeCreated":"2025-04-19 12:15:13","LogName":"System","Level":"Information","EventID":16,"ProviderName":"Microsoft-Windows-Kernel-General","Message":"The access history in hive \\??\\C:\\Users\\mkroe\\AppData\\Local\\Packages\\Microsoft.Windows.ContentDeliveryManager_cw5n1h2txyewy\\Settings\\settings.dat was cleared updating 9125 keys and creating 326 modified pages.","MachineName":"DESKTOP-OIQSE1G","UserId":{"BinaryLength":12,"AccountDomainSid":null,"Value":"S-1-5-18"},"TaskDisplayName":null,"ProcessId":30000,"ThreadId":36312},{"TimeCreated":"2025-04-19 12:11:47","LogName":"System","Level":"Information","EventID":15,"ProviderName":"Microsoft-Windows-Kernel-General","Message":"Hive \\SystemRoot\\System32\\config\\DRIVERS was reorganized with a starting size of 7647232 bytes and an ending size of 7618560 bytes.","MachineName":"DESKTOP-OIQSE1G","UserId":{"BinaryLength":12,"AccountDomainSid":null,"Value":"S-1-5-18"},"TaskDisplayName":null,"ProcessId":4,"ThreadId":27784},{"TimeCreated":"2025-04-19 12:00:01","LogName":"System","Level":"Information","EventID":6013,"ProviderName":"EventLog","Message":"The system uptime is 57009 seconds.","MachineName":"DESKTOP-OIQSE1G","UserId":null,"TaskDisplayName":"None","ProcessId":2564,"ThreadId":2772},{"TimeCreated":"2025-04-19 11:34:53","LogName":"System","Level":"Information","EventID":16,"ProviderName":"Microsoft-Windows-Kernel-General","Message":"The access history in hive \\??\\C:\\Users\\mkroe\\AppData\\Local\\Packages\\Microsoft.WindowsCalculator_8wekyb3d8bbwe\\Settings\\settings.dat was cleared updating 1 keys and creating 1 modified pages.","MachineName":"DESKTOP-OIQSE1G","UserId":{"BinaryLength":12,"AccountDomainSid":null,"Value":"S-1-5-18"},"TaskDisplayName":null,"ProcessId":31296,"ThreadId":31412},{"TimeCreated":"2025-04-19 11:22:52","LogName":"System","Level":"Information","EventID":566,"ProviderName":"Microsoft-Windows-Kernel-Power","Message":"The system session has transitioned from 5 to 7.\\n\\nReason InputHid \\n\\nBootId: 32","MachineName":"DESKTOP-OIQSE1G","UserId":{"BinaryLength":12,"AccountDomainSid":null,"Value":"S-1-5-18"},"TaskDisplayName":null,"ProcessId":4,"ThreadId":35380},{"TimeCreated":"2025-04-19 11:22:19","LogName":"System","Level":"Information","EventID":11,"ProviderName":"Microsoft-Windows-Kernel-General","Message":"TxR init phase for hive \\??\\GLOBALROOT\\Device\\HarddiskVolumeShadowCopy5\\WINDOWS\\System32\\config\\DRIVERS (TM: {60e78a35-1cc3-11f0-a45a-60f677a983c2}, RM: {60e78a34-1cc3-11f0-a45a-60f677a983c2}) finished with result=0xC00000A2 (Internal code=7).","MachineName":"DESKTOP-OIQSE1G","UserId":{"BinaryLength":12,"AccountDomainSid":null,"Value":"S-1-5-18"},"TaskDisplayName":null,"ProcessId":30008,"ThreadId":31692},{"TimeCreated":"2025-04-19 11:22:19","LogName":"System","Level":"Information","EventID":11,"ProviderName":"Microsoft-Windows-Kernel-General","Message":"TxR init phase for hive \\??\\GLOBALROOT\\Device\\HarddiskVolumeShadowCopy5\\WINDOWS\\System32\\config\\SYSTEM (TM: {60e78a32-1cc3-11f0-a45a-60f677a983c2}, RM: {60e78a31-1cc3-11f0-a45a-60f677a983c2}) finished with result=0xC00000A2 (Internal code=7).","MachineName":"DESKTOP-OIQSE1G","UserId":{"BinaryLength":12,"AccountDomainSid":null,"Value":"S-1-5-18"},"TaskDisplayName":null,"ProcessId":30008,"ThreadId":31692},{"TimeCreated":"2025-04-19 11:22:16","LogName":"System","Level":"Information","EventID":98,"ProviderName":"Microsoft-Windows-Ntfs","Message":"Volume ?? (\\Device\\HarddiskVolumeShadowCopy5) is healthy.  No action is needed.","MachineName":"DESKTOP-OIQSE1G","UserId":{"BinaryLength":12,"AccountDomainSid":null,"Value":"S-1-5-18"},"TaskDisplayName":null,"ProcessId":4,"ThreadId":22464},{"TimeCreated":"2025-04-19 11:17:34","LogName":"System","Level":"Information","EventID":566,"ProviderName":"Microsoft-Windows-Kernel-Power","Message":"The system session has transitioned from 4 to 5.\\n\\nReason SessionUnlock \\n\\nBootId: 32","MachineName":"DESKTOP-OIQSE1G","UserId":{"BinaryLength":12,"AccountDomainSid":null,"Value":"S-1-5-18"},"TaskDisplayName":null,"ProcessId":4,"ThreadId":32696},{"TimeCreated":"2025-04-19 11:15:05","LogName":"System","Level":"Error","EventID":36,"ProviderName":"Volsnap","Message":"The shadow copies of volume C: were aborted because the shadow copy storage could not grow due to a user imposed limit.","MachineName":"DESKTOP-OIQSE1G","UserId":null,"TaskDisplayName":null,"ProcessId":4,"ThreadId":17744},{"TimeCreated":"2025-04-19 10:46:42","LogName":"System","Level":"Information","EventID":33,"ProviderName":"Volsnap","Message":"The oldest shadow copy of volume C: was deleted to keep disk space usage for shadow copies of volume C: below the user defined limit.","MachineName":"DESKTOP-OIQSE1G","UserId":null,"TaskDisplayName":null,"ProcessId":4,"ThreadId":5740},{"TimeCreated":"2025-04-19 10:46:18","LogName":"System","Level":"Information","EventID":33,"ProviderName":"Volsnap","Message":"The oldest shadow copy of volume C: was deleted to keep disk space usage for shadow copies of volume C: below the user defined limit.","MachineName":"DESKTOP-OIQSE1G","UserId":null,"TaskDisplayName":null,"ProcessId":4,"ThreadId":13152},{"TimeCreated":"2025-04-19 10:37:09","LogName":"System","Level":"Information","EventID":7040,"ProviderName":"Service Control Manager","Message":"The start type of the Background Intelligent Transfer Service service was changed from auto start to demand start.","MachineName":"DESKTOP-OIQSE1G","UserId":{"BinaryLength":12,"AccountDomainSid":null,"Value":"S-1-5-18"},"TaskDisplayName":null,"ProcessId":1212,"ThreadId":1988},