{"TimeCreated":"2025-04-18 20:10:56","LogName":"System","Level":"Warning","EventID":10016,"ProviderName":"Microsoft-Windows-DistributedCOM","Message":"The application-specific permission settings do not grant Local Activation permission for the COM Server application with CLSID \\n{2593F8B9-4EAF-457C-B68A-50F6B8EA6B54}\\n and APPID \\n{15C20B67-12E7-4BB6-92BB-7AFF07997402}\\n to the user DESKTOP-OIQSE1G\\mkroe SID (S-1-5-21-3773365355-1627060674-2487742414-1001) from address LocalHost (Using LRPC) running in the application container Unavailable SID (Unavailable). This security permission can be modified using the Component Services administrative tool.","MachineName":"DESKTOP-OIQSE1G","UserId":{"BinaryLength":28,"AccountDomainSid":{"BinaryLength":24,"AccountDomainSid":{"BinaryLength":24,"AccountDomainSid":{"BinaryLength":24,"AccountDomainSid":{"BinaryLength":24,"AccountDomainSid":{"BinaryLength":24,"AccountDomainSid":{"BinaryLength":24,"AccountDomainSid":"S-1-5-21-3773365355-1627060674-2487742414","Value":"S-1-5-21-3773365355-1627060674-2487742414"},"Value":"S-1-5-21-3773365355-1627060674-2487742414"},"Value":"S-1-5-21-3773365355-1627060674-2487742414"},"Value":"S-1-5-21-3773365355-1627060674-2487742414"},"Value":"S-1-5-21-3773365355-1627060674-2487742414"},"Value":"S-1-5-21-3773365355-1627060674-2487742414"},"Value":"S-1-5-21-3773365355-1627060674-2487742414-1001"},"TaskDisplayName":null,"ProcessId":1564,"ThreadId":5508},{"TimeCreated":"2025-04-18 20:10:49","LogName":"System","Level":"Warning","EventID":10016,"ProviderName":"Microsoft-Windows-DistributedCOM","Message":"The application-specific permission settings do not grant Local Launch permission for the COM Server application with CLSID \\nWindows.SecurityCenter.WscCloudBackupProvider\\n and APPID \\nUnavailable\\n to the user DESKTOP-OIQSE1G\\mkroe SID (S-1-5-21-3773365355-1627060674-2487742414-1001) from address LocalHost (Using LRPC) running in the application container Unavailable SID (Unavailable). This security permission can be modified using the Component Services administrative tool.","MachineName":"DESKTOP-OIQSE1G","UserId":{"BinaryLength":28,"AccountDomainSid":{"BinaryLength":24,"AccountDomainSid":{"BinaryLength":24,"AccountDomainSid":{"BinaryLength":24,"AccountDomainSid":{"BinaryLength":24,"AccountDomainSid":{"BinaryLength":24,"AccountDomainSid":{"BinaryLength":24,"AccountDomainSid":"S-1-5-21-3773365355-1627060674-2487742414","Value":"S-1-5-21-3773365355-1627060674-2487742414"},"Value":"S-1-5-21-3773365355-1627060674-2487742414"},"Value":"S-1-5-21-3773365355-1627060674-2487742414"},"Value":"S-1-5-21-3773365355-1627060674-2487742414"},"Value":"S-1-5-21-3773365355-1627060674-2487742414"},"Value":"S-1-5-21-3773365355-1627060674-2487742414"},"Value":"S-1-5-21-3773365355-1627060674-2487742414-1001"},"TaskDisplayName":null,"ProcessId":1564,"ThreadId":5508},{"TimeCreated":"2025-04-18 20:10:47","LogName":"System","Level":"Warning","EventID":10016,"ProviderName":"Microsoft-Windows-DistributedCOM","Message":"The application-specific permission settings do not grant Local Launch permission for the COM Server application with CLSID \\nWindows.SecurityCenter.WscCloudBackupProvider\\n and APPID \\nUnavailable\\n to the user DESKTOP-OIQSE1G\\mkroe SID (S-1-5-21-3773365355-1627060674-2487742414-1001) from address LocalHost (Using LRPC) running in the application container Unavailable SID (Unavailable). This security permission can be modified using the Component Services administrative tool.","MachineName":"DESKTOP-OIQSE1G","UserId":{"BinaryLength":28,"AccountDomainSid":{"BinaryLength":24,"AccountDomainSid":{"BinaryLength":24,"AccountDomainSid":{"BinaryLength":24,"AccountDomainSid":{"BinaryLength":24,"AccountDomainSid":{"BinaryLength":24,"AccountDomainSid":{"BinaryLength":24,"AccountDomainSid":"S-1-5-21-3773365355-1627060674-2487742414","Value":"S-1-5-21-3773365355-1627060674-2487742414"},"Value":"S-1-5-21-3773365355-1627060674-2487742414"},"Value":"S-1-5-21-3773365355-1627060674-2487742414"},"Value":"S-1-5-21-3773365355-1627060674-2487742414"},"Value":"S-1-5-21-3773365355-1627060674-2487742414"},"Value":"S-1-5-21-3773365355-1627060674-2487742414"},"Value":"S-1-5-21-3773365355-1627060674-2487742414-1001"},"TaskDisplayName":null,"ProcessId":1564,"ThreadId":1580},{"TimeCreated":"2025-04-18 20:10:45","LogName":"System","Level":"Warning","EventID":10016,"ProviderName":"Microsoft-Windows-DistributedCOM","Message":"The application-specific permission settings do not grant Local Launch permission for the COM Server application with CLSID \\nWindows.SecurityCenter.WscCloudBackupProvider\\n and APPID \\nUnavailable\\n to the user DESKTOP-OIQSE1G\\mkroe SID (S-1-5-21-3773365355-1627060674-2487742414-1001) from address LocalHost (Using LRPC) running in the application container Unavailable SID (Unavailable). This security permission can be modified using the Component Services administrative tool.","MachineName":"DESKTOP-OIQSE1G","UserId":{"BinaryLength":28,"AccountDomainSid":{"BinaryLength":24,"AccountDomainSid":{"BinaryLength":24,"AccountDomainSid":{"BinaryLength":24,"AccountDomainSid":{"BinaryLength":24,"AccountDomainSid":{"BinaryLength":24,"AccountDomainSid":{"BinaryLength":24,"AccountDomainSid":"S-1-5-21-3773365355-1627060674-2487742414","Value":"S-1-5-21-3773365355-1627060674-2487742414"},"Value":"S-1-5-21-3773365355-1627060674-2487742414"},"Value":"S-1-5-21-3773365355-1627060674-2487742414"},"Value":"S-1-5-21-3773365355-1627060674-2487742414"},"Value":"S-1-5-21-3773365355-1627060674-2487742414"},"Value":"S-1-5-21-3773365355-1627060674-2487742414"},"Value":"S-1-5-21-3773365355-1627060674-2487742414-1001"},"TaskDisplayName":null,"ProcessId":1564,"ThreadId":5508},{"TimeCreated":"2025-04-18 20:10:35","LogName":"System","Level":"Information","EventID":16,"ProviderName":"Microsoft-Windows-Kernel-General","Message":"The access history in hive \\??\\C:\\Users\\mkroe\\AppData\\Local\\Packages\\5319275A.WhatsAppDesktop_cv1g1gvanyjgm\\Settings\\settings.dat was cleared updating 2 keys and creating 1 modified pages.","MachineName":"DESKTOP-OIQSE1G","UserId":{"BinaryLength":28,"AccountDomainSid":{"BinaryLength":24,"AccountDomainSid":{"BinaryLength":24,"AccountDomainSid":{"BinaryLength":24,"AccountDomainSid":{"BinaryLength":24,"AccountDomainSid":{"BinaryLength":24,"AccountDomainSid":{"BinaryLength":24,"AccountDomainSid":"S-1-5-21-3773365355-1627060674-2487742414","Value":"S-1-5-21-3773365355-1627060674-2487742414"},"Value":"S-1-5-21-3773365355-1627060674-2487742414"},"Value":"S-1-5-21-3773365355-1627060674-2487742414"},"Value":"S-1-5-21-3773365355-1627060674-2487742414"},"Value":"S-1-5-21-3773365355-1627060674-2487742414"},"Value":"S-1-5-21-3773365355-1627060674-2487742414"},"Value":"S-1-5-21-3773365355-1627060674-2487742414-1001"},"TaskDisplayName":null,"ProcessId":8328,"ThreadId":11544},{"TimeCreated":"2025-04-18 20:10:33","LogName":"System","Level":"Error","EventID":7009,"ProviderName":"Service Control Manager","Message":"A timeout was reached (30000 milliseconds) while waiting for the Intel(R) SUR QC Software Asset Manager service to connect.","MachineName":"DESKTOP-OIQSE1G","UserId":null,"TaskDisplayName":null,"ProcessId":1212,"ThreadId":1392},{"TimeCreated":"2025-04-18 20:10:14","LogName":"System","Level":"Information","EventID":113,"ProviderName":"Microsoft-Windows-HttpService","Message":"Attempted to add URL (http://*:5357/438aec57-bf5b-4e36-87b9-cd7395a096ac/) to URL group (0xFE00000020000001). Status: 0x0. Process Id 0x109C Executable path \\Device\\HarddiskVolume2\\Windows\\System32\\spoolsv.exe, User S-1-5-18","MachineName":"DESKTOP-OIQSE1G","UserId":{"BinaryLength":12,"AccountDomainSid":null,"Value":"S-1-5-18"},"TaskDisplayName":"HTTP Configuration Property Trace Task","ProcessId":4252,"ThreadId":17380},{"TimeCreated":"2025-04-18 20:10:14","LogName":"System","Level":"Information","EventID":111,"ProviderName":"Microsoft-Windows-HttpService","Message":"Create URL group 0xFE00000020000001. Status 0x0. Process Id 0x109C Executable path \\Device\\HarddiskVolume2\\Windows\\System32\\spoolsv.exe, User S-1-5-18","MachineName":"DESKTOP-OIQSE1G","UserId":{"BinaryLength":12,"AccountDomainSid":null,"Value":"S-1-5-18"},"TaskDisplayName":"HTTP Configuration Property Trace Task","ProcessId":4252,"ThreadId":17380},{"TimeCreated":"2025-04-18 20:10:13","LogName":"System","Level":"Information","EventID":17,"ProviderName":"TPM","Message":"The Trusted Platform Module (TPM) hardware failed to execute a TPM command.","MachineName":"DESKTOP-OIQSE1G","UserId":{"BinaryLength":12,"AccountDomainSid":null,"Value":"S-1-5-18"},"TaskDisplayName":null,"ProcessId":4,"ThreadId":412},{"TimeCreated":"2025-04-18 20:10:13","LogName":"System","Level":"Information","EventID":1025,"ProviderName":"Microsoft-Windows-TPM-WMI","Message":"The TPM was successfully provisioned and is now ready for use.","MachineName":"DESKTOP-OIQSE1G","UserId":{"BinaryLength":12,"AccountDomainSid":null,"Value":"S-1-5-18"},"TaskDisplayName":null,"ProcessId":8960,"ThreadId":9208},{"TimeCreated":"2025-04-18 20:10:12","LogName":"System","Level":"Information","EventID":113,"ProviderName":"Microsoft-Windows-HttpService","Message":"Attempted to add URL (http://*:5357/7a3d37e4-2c59-4e91-a467-8272b2fdd479/) to URL group (0xFE00000820000001). Status: 0x0. Process Id 0x1754 Executable path \\Device\\HarddiskVolume2\\Windows\\System32\\svchost.exe, User S-1-5-19","MachineName":"DESKTOP-OIQSE1G","UserId":{"BinaryLength":12,"AccountDomainSid":null,"Value":"S-1-5-19"},"TaskDisplayName":"HTTP Configuration Property Trace Task","ProcessId":5972,"ThreadId":6732},{"TimeCreated":"2025-04-18 20:10:12","LogName":"System","Level":"Information","EventID":111,"ProviderName":"Microsoft-Windows-HttpService","Message":"Create URL group 0xFE00000820000001. Status 0x0. Process Id 0x1754 Executable path \\Device\\HarddiskVolume2\\Windows\\System32\\svchost.exe, User S-1-5-19","MachineName":"DESKTOP-OIQSE1G","UserId":{"BinaryLength":12,"AccountDomainSid":null,"Value":"S-1-5-19"},"TaskDisplayName":"HTTP Configuration Property Trace Task","ProcessId":5972,"ThreadId":6732},{"TimeCreated":"2025-04-18 20:10:12","LogName":"System","Level":"Information","EventID":117,"ProviderName":"Microsoft-Windows-HttpService","Message":"Delete URL group 0xFE00000520000001. Status 0x0. Process Id 0x1754 Executable path \\Device\\HarddiskVolume2\\Windows\\System32\\svchost.exe, User S-1-5-19","MachineName":"DESKTOP-OIQSE1G","UserId":{"BinaryLength":12,"AccountDomainSid":null,"Value":"S-1-5-19"},"TaskDisplayName":"HTTP Configuration Property Trace Task","ProcessId":5972,"ThreadId":6732},{"TimeCreated":"2025-04-18 20:10:12","LogName":"System","Level":"Information","EventID":114,"ProviderName":"Microsoft-Windows-HttpService","Message":"Removed URL (http://*:5357/523155f3-2fa8-4b62-8b9d-c81a07206b64/) from URL group (0xFE00000520000001). Process Id 0x1754 Executable path \\Device\\HarddiskVolume2\\Windows\\System32\\svchost.exe, User S-1-5-19","MachineName":"DESKTOP-OIQSE1G","UserId":{"BinaryLength":12,"AccountDomainSid":null,"Value":"S-1-5-19"},"TaskDisplayName":"HTTP Configuration Property Trace Task","ProcessId":5972,"ThreadId":6732},{"TimeCreated":"2025-04-18 20:10:09","LogName":"System","Level":"Information","EventID":16,"ProviderName":"Microsoft-Windows-Kernel-General","Message":"The access history in hive \\??\\C:\\Users\\mkroe\\AppData\\Local\\Packages\\Microsoft.LockApp_cw5n1h2txyewy\\Settings\\settings.dat was cleared updating 3 keys and creating 1 modified pages.","MachineName":"DESKTOP-OIQSE1G","UserId":{"BinaryLength":12,"AccountDomainSid":null,"Value":"S-1-5-18"},"TaskDisplayName":null,"ProcessId":15740,"ThreadId":16212},{"TimeCreated":"2025-04-18 20:10:09","LogName":"System","Level":"Information","EventID":1282,"ProviderName":"Microsoft-Windows-TPM-WMI","Message":"The TBS device identifier has been generated.","MachineName":"DESKTOP-OIQSE1G","UserId":{"BinaryLength":12,"AccountDomainSid":null,"Value":"S-1-5-18"},"TaskDisplayName":null,"ProcessId":8960,"ThreadId":9208},{"TimeCreated":"2025-04-18 20:10:09","LogName":"System","Level":"Information","EventID":16,"ProviderName":"Microsoft-Windows-Kernel-General","Message":"The access history in hive \\??\\C:\\ProgramData\\Packages\\Microsoft.WidgetsPlatformRuntime_8wekyb3d8bbwe\\S-1-5-21-3773365355-1627060674-2487742414-1001\\SystemAppData\\Helium\\Cache\\b2ceb3924fb16619_COM15.dat was cleared updating 1 keys and creating 1 modified pages.","MachineName":"DESKTOP-OIQSE1G","UserId":{"BinaryLength":12,"AccountDomainSid":null,"Value":"S-1-5-18"},"TaskDisplayName":null,"ProcessId":1436,"ThreadId":14440},{"TimeCreated":"2025-04-18 20:10:09","LogName":"System","Level":"Information","EventID":16,"ProviderName":"Microsoft-Windows-Kernel-General","Message":"The access history in hive \\??\\C:\\Users\\mkroe\\AppData\\Local\\Packages\\Microsoft.WidgetsPlatformRuntime_8wekyb3d8bbwe\\SystemAppData\\Helium\\UserClasses.dat was cleared updating 12 keys and creating 3 modified pages.","MachineName":"DESKTOP-OIQSE1G","UserId":{"BinaryLength":12,"AccountDomainSid":null,"Value":"S-1-5-18"},"TaskDisplayName":null,"ProcessId":1436,"ThreadId":14440},{"TimeCreated":"2025-04-18 20:10:09","LogName":"System","Level":"Information","EventID":16,"ProviderName":"Microsoft-Windows-Kernel-General","Message":"The access history in hive \\??\\C:\\Users\\mkroe\\AppData\\Local\\Packages\\Microsoft.WidgetsPlatformRuntime_8wekyb3d8bbwe\\SystemAppData\\Helium\\User.dat was cleared updating 1 keys and creating 1 modified pages.","MachineName":"DESKTOP-OIQSE1G","UserId":{"BinaryLength":12,"AccountDomainSid":null,"Value":"S-1-5-18"},"TaskDisplayName":null,"ProcessId":1436,"ThreadId":14440},{"TimeCreated":"2025-04-18 20:10:08","LogName":"System","Level":"Information","EventID":16,"ProviderName":"Microsoft-Windows-Kernel-General","Message":"The access history in hive \\??\\C:\\Users\\mkroe\\AppData\\Local\\Packages\\Microsoft.WidgetsPlatformRuntime_8wekyb3d8bbwe\\Settings\\settings.dat was cleared updating 1 keys and creating 1 modified pages.","MachineName":"DESKTOP-OIQSE1G","UserId":{"BinaryLength":28,"AccountDomainSid":{"BinaryLength":24,"AccountDomainSid":{"BinaryLength":24,"AccountDomainSid":{"BinaryLength":24,"AccountDomainSid":{"BinaryLength":24,"AccountDomainSid":{"BinaryLength":24,"AccountDomainSid":{"BinaryLength":24,"AccountDomainSid":"S-1-5-21-3773365355-1627060674-2487742414","Value":"S-1-5-21-3773365355-1627060674-2487742414"},"Value":"S-1-5-21-3773365355-1627060674-2487742414"},"Value":"S-1-5-21-3773365355-1627060674-2487742414"},"Value":"S-1-5-21-3773365355-1627060674-2487742414"},"Value":"S-1-5-21-3773365355-1627060674-2487742414"},"Value":"S-1-5-21-3773365355-1627060674-2487742414"},"Value":"S-1-5-21-3773365355-1627060674-2487742414-1001"},"TaskDisplayName":null,"ProcessId":8328,"ThreadId":11544},{"TimeCreated":"2025-04-18 20:10:07","LogName":"System","Level":"Information","EventID":16,"ProviderName":"Microsoft-Windows-Kernel-General","Message":"The access history in hive \\??\\C:\\ProgramData\\Packages\\MicrosoftWindows.Client.WebExperience_cw5n1h2txyewy\\S-1-5-21-3773365355-1627060674-2487742414-1001\\SystemAppData\\Helium\\Cache\\11f7cc8f54067f49_COM15.dat was cleared updating 1 keys and creating 1 modified pages.","MachineName":"DESKTOP-OIQSE1G","UserId":{"BinaryLength":12,"AccountDomainSid":null,"Value":"S-1-5-18"},"TaskDisplayName":null,"ProcessId":1436,"ThreadId":1512},{"TimeCreated":"2025-04-18 20:10:07","LogName":"System","Level":"Information","EventID":16,"ProviderName":"Microsoft-Windows-Kernel-General","Message":"The access history in hive \\??\\C:\\Users\\mkroe\\AppData\\Local\\Packages\\MicrosoftWindows.Client.WebExperience_cw5n1h2txyewy\\SystemAppData\\Helium\\UserClasses.dat was cleared updating 15 keys and creating 2 modified pages.","MachineName":"DESKTOP-OIQSE1G","UserId":{"BinaryLength":12,"AccountDomainSid":null,"Value":"S-1-5-18"},"TaskDisplayName":null,"ProcessId":1436,"ThreadId":1512},{"TimeCreated":"2025-04-18 20:10:07","LogName":"System","Level":"Information","EventID":16,"ProviderName":"Microsoft-Windows-Kernel-General","Message":"The access history in hive \\??\\C:\\Users\\mkroe\\AppData\\Local\\Packages\\MicrosoftWindows.Client.WebExperience_cw5n1h2txyewy\\SystemAppData\\Helium\\User.dat was cleared updating 35 keys and creating 4 modified pages.","MachineName":"DESKTOP-OIQSE1G","UserId":{"BinaryLength":12,"AccountDomainSid":null,"Value":"S-1-5-18"},"TaskDisplayName":null,"ProcessId":1436,"ThreadId":1512},{"TimeCreated":"2025-04-18 20:10:07","LogName":"System","Level":"Error","EventID":7034,"ProviderName":"Service Control Manager","Message":"The GameInput Service service terminated unexpectedly.  It has done this 6 time(s).","MachineName":"DESKTOP-OIQSE1G","UserId":null,"TaskDisplayName":null,"ProcessId":1212,"ThreadId":4612},{"TimeCreated":"2025-04-18 20:10:07","LogName":"System","Level":"Error","EventID":7023,"ProviderName":"Service Control Manager","Message":"The GameInput Service service terminated with the following error: \\nThe compound file GameInput Service was produced with a newer version of storage.","MachineName":"DESKTOP-OIQSE1G","UserId":null,"TaskDisplayName":null,"ProcessId":1212,"ThreadId":8912},{"TimeCreated":"2025-04-18 20:10:07","LogName":"System","Level":"Information","EventID":16,"ProviderName":"Microsoft-Windows-Kernel-General","Message":"The access history in hive \\??\\C:\\Users\\mkroe\\AppData\\Local\\Packages\\MicrosoftWindows.Client.WebExperience_cw5n1h2txyewy\\Settings\\settings.dat was cleared updating 6 keys and creating 1 modified pages.","MachineName":"DESKTOP-OIQSE1G","UserId":{"BinaryLength":28,"AccountDomainSid":{"BinaryLength":24,"AccountDomainSid":{"BinaryLength":24,"AccountDomainSid":{"BinaryLength":24,"AccountDomainSid":{"BinaryLength":24,"AccountDomainSid":{"BinaryLength":24,"AccountDomainSid":{"BinaryLength":24,"AccountDomainSid":"S-1-5-21-3773365355-1627060674-2487742414","Value":"S-1-5-21-3773365355-1627060674-2487742414"},"Value":"S-1-5-21-3773365355-1627060674-2487742414"},"Value":"S-1-5-21-3773365355-1627060674-2487742414"},"Value":"S-1-5-21-3773365355-1627060674-2487742414"},"Value":"S-1-5-21-3773365355-1627060674-2487742414"},"Value":"S-1-5-21-3773365355-1627060674-2487742414"},"Value":"S-1-5-21-3773365355-1627060674-2487742414-1001"},"TaskDisplayName":null,"ProcessId":8328,"ThreadId":11544},{"TimeCreated":"2025-04-18 20:10:07","LogName":"System","Level":"Information","EventID":16,"ProviderName":"Microsoft-Windows-Kernel-General","Message":"The access history in hive \\??\\C:\\Users\\mkroe\\AppData\\Local\\Packages\\Microsoft.Windows.StartMenuExperienceHost_cw5n1h2txyewy\\Settings\\settings.dat was cleared updating 11 keys and creating 1 modified pages.","MachineName":"DESKTOP-OIQSE1G","UserId":{"BinaryLength":12,"AccountDomainSid":null,"Value":"S-1-5-18"},"TaskDisplayName":null,"ProcessId":12280,"ThreadId":13604},{"TimeCreated":"2025-04-18 20:10:06","LogName":"System","Level":"Information","EventID":16,"ProviderName":"Microsoft-Windows-Kernel-General","Message":"The access history in hive \\??\\C:\\Users\\mkroe\\AppData\\Local\\Packages\\MicrosoftWindows.Client.CBS_cw5n1h2txyewy\\Settings\\settings.dat was cleared updating 17 keys and creating 5 modified pages.","MachineName":"DESKTOP-OIQSE1G","UserId":{"BinaryLength":12,"AccountDomainSid":null,"Value":"S-1-5-18"},"TaskDisplayName":null,"ProcessId":11996,"ThreadId":13608},{"TimeCreated":"2025-04-18 20:10:06","LogName":"System","Level":"Error","EventID":7031,"ProviderName":"Service Control Manager","Message":"The GameInput Service service terminated unexpectedly.  It has done this 5 time(s).  The following corrective action will be taken in 1000 milliseconds: Restart the service.","MachineName":"DESKTOP-OIQSE1G","UserId":null,"TaskDisplayName":null,"ProcessId":1212,"ThreadId":4612},{"TimeCreated":"2025-04-18 20:10:06","LogName":"System","Level":"Error","EventID":7023,"ProviderName":"Service Control Manager","Message":"The GameInput Service service terminated with the following error: \\nThe compound file GameInput Service was produced with a newer version of storage.","MachineName":"DESKTOP-OIQSE1G","UserId":null,"TaskDisplayName":null,"ProcessId":1212,"ThreadId":4928},{"TimeCreated":"2025-04-18 20:10:05","LogName":"System","Level":"Error","EventID":7031,"ProviderName":"Service Control Manager","Message":"The GameInput Service service terminated unexpectedly.  It has done this 4 time(s).  The following corrective action will be taken in 1000 milliseconds: Restart the service.","MachineName":"DESKTOP-OIQSE1G","UserId":null,"TaskDisplayName":null,"ProcessId":1212,"ThreadId":4612},{"TimeCreated":"2025-04-18 20:10:05","LogName":"System","Level":"Error","EventID":7023,"ProviderName":"Service Control Manager","Message":"The GameInput Service service terminated with the following error: \\nThe compound file GameInput Service was produced with a newer version of storage.","MachineName":"DESKTOP-OIQSE1G","UserId":null,"TaskDisplayName":null,"ProcessId":1212,"ThreadId":8912},{"TimeCreated":"2025-04-18 20:10:05","LogName":"System","Level":"Information","EventID":113,"ProviderName":"Microsoft-Windows-HttpService","Message":"Attempted to add URL (http://*:5357/523155f3-2fa8-4b62-8b9d-c81a07206b64/) to URL group (0xFE00000520000001). Status: 0x0. Process Id 0x1754 Executable path \\Device\\HarddiskVolume2\\Windows\\System32\\svchost.exe, User S-1-5-19","MachineName":"DESKTOP-OIQSE1G","UserId":{"BinaryLength":12,"AccountDomainSid":null,"Value":"S-1-5-19"},"TaskDisplayName":"HTTP Configuration Property Trace Task","ProcessId":5972,"ThreadId":6732},{"TimeCreated":"2025-04-18 20:10:05","LogName":"System","Level":"Information","EventID":111,"ProviderName":"Microsoft-Windows-HttpService","Message":"Create URL group 0xFE00000520000001. Status 0x0. Process Id 0x1754 Executable path \\Device\\HarddiskVolume2\\Windows\\System32\\svchost.exe, User S-1-5-19","MachineName":"DESKTOP-OIQSE1G","UserId":{"BinaryLength":12,"AccountDomainSid":null,"Value":"S-1-5-19"},"TaskDisplayName":"HTTP Configuration Property Trace Task","ProcessId":5972,"ThreadId":6732},{"TimeCreated":"2025-04-18 20:10:05","LogName":"System","Level":"Information","EventID":117,"ProviderName":"Microsoft-Windows-HttpService","Message":"Delete URL group 0xFE00000320000001. Status 0x0. Process Id 0x1754 Executable path \\Device\\HarddiskVolume2\\Windows\\System32\\svchost.exe, User S-1-5-19","MachineName":"DESKTOP-OIQSE1G","UserId":{"BinaryLength":12,"AccountDomainSid":null,"Value":"S-1-5-19"},"TaskDisplayName":"HTTP Configuration Property Trace Task","ProcessId":5972,"ThreadId":6732},{"TimeCreated":"2025-04-18 20:10:05","LogName":"System","Level":"Information","EventID":114,"ProviderName":"Microsoft-Windows-HttpService","Message":"Removed URL (http://*:5357/e2287cc1-24d4-44ee-a637-9dda91146f57/) from URL group (0xFE00000320000001). Process Id 0x1754 Executable path \\Device\\HarddiskVolume2\\Windows\\System32\\svchost.exe, User S-1-5-19","MachineName":"DESKTOP-OIQSE1G","UserId":{"BinaryLength":12,"AccountDomainSid":null,"Value":"S-1-5-19"},"TaskDisplayName":"HTTP Configuration Property Trace Task","ProcessId":5972,"ThreadId":6732},{"TimeCreated":"2025-04-18 20:10:04","LogName":"System","Level":"Information","EventID":113,"ProviderName":"Microsoft-Windows-HttpService","Message":"Attempted to add URL (http://*:5357/3572d8e1-45e6-4600-8a18-a29304c32767/) to URL group (0xFE00000B20000001). Status: 0x0. Process Id 0x1EF8 Executable path \\Device\\HarddiskVolume2\\Windows\\System32\\svchost.exe, User S-1-5-19","MachineName":"DESKTOP-OIQSE1G","UserId":{"BinaryLength":12,"AccountDomainSid":null,"Value":"S-1-5-19"},"TaskDisplayName":"HTTP Configuration Property Trace Task","ProcessId":7928,"ThreadId":8020},{"TimeCreated":"2025-04-18 20:10:04","LogName":"System","Level":"Information","EventID":111,"ProviderName":"Microsoft-Windows-HttpService","Message":"Create URL group 0xFE00000B20000001. Status 0x0. Process Id 0x1EF8 Executable path \\Device\\HarddiskVolume2\\Windows\\System32\\svchost.exe, User S-1-5-19","MachineName":"DESKTOP-OIQSE1G","UserId":{"BinaryLength":12,"AccountDomainSid":null,"Value":"S-1-5-19"},"TaskDisplayName":"HTTP Configuration Property Trace Task","ProcessId":7928,"ThreadId":8020},{"TimeCreated":"2025-04-18 20:10:04","LogName":"System","Level":"Information","EventID":6,"ProviderName":"Microsoft-Windows-FilterManager","Message":"File System Filter \u0027gameflt\u0027 (10.0,  2009 - 11 - 22T13:11:52.000000000Z) has successfully loaded and registered with Filter Manager.","MachineName":"DESKTOP-OIQSE1G","UserId":{"BinaryLength":12,"AccountDomainSid":null,"Value":"S-1-5-18"},"TaskDisplayName":null,"ProcessId":4,"ThreadId":3308},{"TimeCreated":"2025-04-18 20:10:04","LogName":"System","Level":"Error","EventID":7031,"ProviderName":"Service Control Manager","Message":"The GameInput Service service terminated unexpectedly.  It has done this 3 time(s).  The following corrective action will be taken in 1000 milliseconds: Restart the service.","MachineName":"DESKTOP-OIQSE1G","UserId":null,"TaskDisplayName":null,"ProcessId":1212,"ThreadId":4612},{"TimeCreated":"2025-04-18 20:10:04","LogName":"System","Level":"Error","EventID":7023,"ProviderName":"Service Control Manager","Message":"The GameInput Service service terminated with the following error: \\nThe compound file GameInput Service was produced with a newer version of storage.","MachineName":"DESKTOP-OIQSE1G","UserId":null,"TaskDisplayName":null,"ProcessId":1212,"ThreadId":8912},{"TimeCreated":"2025-04-18 20:10:03","LogName":"System","Level":"Warning","EventID":10016,"ProviderName":"Microsoft-Windows-DistributedCOM","Message":"The application-specific permission settings do not grant Local Activation permission for the COM Server application with CLSID \\n{6B3B8D23-FA8D-40B9-8DBD-B950333E2C52}\\n and APPID \\n{4839DDB7-58C2-48F5-8283-E1D1807D0D7D}\\n to the user NT AUTHORITY\\LOCAL SERVICE SID (S-1-5-19) from address LocalHost (Using LRPC) running in the application container Unavailable SID (Unavailable). This security permission can be modified using the Component Services administrative tool.","MachineName":"DESKTOP-OIQSE1G","UserId":{"BinaryLength":12,"AccountDomainSid":null,"Value":"S-1-5-19"},"TaskDisplayName":null,"ProcessId":1564,"ThreadId":4940},{"TimeCreated":"2025-04-18 20:10:03","LogName":"System","Level":"Warning","EventID":10016,"ProviderName":"Microsoft-Windows-DistributedCOM","Message":"The application-specific permission settings do not grant Local Activation permission for the COM Server application with CLSID \\n{6B3B8D23-FA8D-40B9-8DBD-B950333E2C52}\\n and APPID \\n{4839DDB7-58C2-48F5-8283-E1D1807D0D7D}\\n to the user NT AUTHORITY\\LOCAL SERVICE SID (S-1-5-19) from address LocalHost (Using LRPC) running in the application container Unavailable SID (Unavailable). This security permission can be modified using the Component Services administrative tool.","MachineName":"DESKTOP-OIQSE1G","UserId":{"BinaryLength":12,"AccountDomainSid":null,"Value":"S-1-5-19"},"TaskDisplayName":null,"ProcessId":1564,"ThreadId":4940},{"TimeCreated":"2025-04-18 20:10:03","LogName":"System","Level":"Information","EventID":113,"ProviderName":"Microsoft-Windows-HttpService","Message":"Attempted to add URL (http://127.0.0.1:28385:127.0.0.1/intel/) to URL group (0xFC00000420000001). Status: 0x0. Process Id 0x124C Executable path \\Device\\HarddiskVolume2\\Program Files (x86)\\Intel\\Driver and Support Assistant\\x86\\DSAService.exe, User S-1-5-18","MachineName":"DESKTOP-OIQSE1G","UserId":{"BinaryLength":12,"AccountDomainSid":null,"Value":"S-1-5-18"},"TaskDisplayName":"HTTP Configuration Property Trace Task","ProcessId":4684,"ThreadId":7264},{"TimeCreated":"2025-04-18 20:10:03","LogName":"System","Level":"Information","EventID":111,"ProviderName":"Microsoft-Windows-HttpService","Message":"Create URL group 0xFC00000420000001. Status 0x0. Process Id 0x124C Executable path \\Device\\HarddiskVolume2\\Program Files (x86)\\Intel\\Driver and Support Assistant\\x86\\DSAService.exe, User S-1-5-18","MachineName":"DESKTOP-OIQSE1G","UserId":{"BinaryLength":12,"AccountDomainSid":null,"Value":"S-1-5-18"},"TaskDisplayName":"HTTP Configuration Property Trace Task","ProcessId":4684,"ThreadId":7264},{"TimeCreated":"2025-04-18 20:10:03","LogName":"System","Level":"Information","EventID":113,"ProviderName":"Microsoft-Windows-HttpService","Message":"Attempted to add URL (http://127.0.0.1:28390:127.0.0.1/) to URL group (0xFE00000420000001). Status: 0x0. Process Id 0x124C Executable path \\Device\\HarddiskVolume2\\Program Files (x86)\\Intel\\Driver and Support Assistant\\x86\\DSAService.exe, User S-1-5-18","MachineName":"DESKTOP-OIQSE1G","UserId":{"BinaryLength":12,"AccountDomainSid":null,"Value":"S-1-5-18"},"TaskDisplayName":"HTTP Configuration Property Trace Task","ProcessId":4684,"ThreadId":7264},{"TimeCreated":"2025-04-18 20:10:03","LogName":"System","Level":"Information","EventID":111,"ProviderName":"Microsoft-Windows-HttpService","Message":"Create URL group 0xFE00000420000001. Status 0x0. Process Id 0x124C Executable path \\Device\\HarddiskVolume2\\Program Files (x86)\\Intel\\Driver and Support Assistant\\x86\\DSAService.exe, User S-1-5-18","MachineName":"DESKTOP-OIQSE1G","UserId":{"BinaryLength":12,"AccountDomainSid":null,"Value":"S-1-5-18"},"TaskDisplayName":"HTTP Configuration Property Trace Task","ProcessId":4684,"ThreadId":7264},{"TimeCreated":"2025-04-18 20:10:03","LogName":"System","Level":"Information","EventID":18,"ProviderName":"TPM","Message":"This event triggers the Trusted Platform Module (TPM) provisioning/status check to run.","MachineName":"DESKTOP-OIQSE1G","UserId":{"BinaryLength":12,"AccountDomainSid":null,"Value":"S-1-5-18"},"TaskDisplayName":null,"ProcessId":4,"ThreadId":416},{"TimeCreated":"2025-04-18 20:10:03","LogName":"System","Level":"Information","EventID":7026,"ProviderName":"Service Control Manager","Message":"The following boot-start or system-start driver(s) did not load: \\ndam\\nuiomap","MachineName":"DESKTOP-OIQSE1G","UserId":null,"TaskDisplayName":null,"ProcessId":1212,"ThreadId":1216},{"TimeCreated":"2025-04-18 20:10:03","LogName":"System","Level":"Information","EventID":16,"ProviderName":"Microsoft-Windows-Kernel-General","Message":"The access history in hive \\??\\C:\\ProgramData\\Microsoft\\Windows\\WindowsApps\\Microsoft.GamingServices_27.99.7001.0_x64__8wekyb3d8bbwe\\Cache\\6cff9c8e4986164f_COM15.dat was cleared updating 1 keys and creating 1 modified pages.","MachineName":"DESKTOP-OIQSE1G","UserId":{"BinaryLength":12,"AccountDomainSid":null,"Value":"S-1-5-18"},"TaskDisplayName":null,"ProcessId":1212,"ThreadId":4600},{"TimeCreated":"2025-04-18 20:10:03","LogName":"System","Level":"Error","EventID":7031,"ProviderName":"Service Control Manager","Message":"The GameInput Service service terminated unexpectedly.  It has done this 2 time(s).  The following corrective action will be taken in 1000 milliseconds: Restart the service.","MachineName":"DESKTOP-OIQSE1G","UserId":null,"TaskDisplayName":null,"ProcessId":1212,"ThreadId":4592},{"TimeCreated":"2025-04-18 20:10:03","LogName":"System","Level":"Error","EventID":7023,"ProviderName":"Service Control Manager","Message":"The GameInput Service service terminated with the following error: \\nThe compound file GameInput Service was produced with a newer version of storage.","MachineName":"DESKTOP-OIQSE1G","UserId":null,"TaskDisplayName":null,"ProcessId":1212,"ThreadId":6048},{"TimeCreated":"2025-04-18 20:10:03","LogName":"System","Level":"Information","EventID":113,"ProviderName":"Microsoft-Windows-HttpService","Message":"Attempted to add URL (http://*:5357/e2287cc1-24d4-44ee-a637-9dda91146f57/) to URL group (0xFE00000320000001). Status: 0x0. Process Id 0x1754 Executable path \\Device\\HarddiskVolume2\\Windows\\System32\\svchost.exe, User S-1-5-19","MachineName":"DESKTOP-OIQSE1G","UserId":{"BinaryLength":12,"AccountDomainSid":null,"Value":"S-1-5-19"},"TaskDisplayName":"HTTP Configuration Property Trace Task","ProcessId":5972,"ThreadId":6732},{"TimeCreated":"2025-04-18 20:10:03","LogName":"System","Level":"Information","EventID":111,"ProviderName":"Microsoft-Windows-HttpService","Message":"Create URL group 0xFE00000320000001. Status 0x0. Process Id 0x1754 Executable path \\Device\\HarddiskVolume2\\Windows\\System32\\svchost.exe, User S-1-5-19","MachineName":"DESKTOP-OIQSE1G","UserId":{"BinaryLength":12,"AccountDomainSid":null,"Value":"S-1-5-19"},"TaskDisplayName":"HTTP Configuration Property Trace Task","ProcessId":5972,"ThreadId":6732},{"TimeCreated":"2025-04-18 20:10:03","LogName":"System","Level":"Information","EventID":117,"ProviderName":"Microsoft-Windows-HttpService","Message":"Delete URL group 0xFE00000620000001. Status 0x0. Process Id 0x1754 Executable path \\Device\\HarddiskVolume2\\Windows\\System32\\svchost.exe, User S-1-5-19","MachineName":"DESKTOP-OIQSE1G","UserId":{"BinaryLength":12,"AccountDomainSid":null,"Value":"S-1-5-19"},"TaskDisplayName":"HTTP Configuration Property Trace Task","ProcessId":5972,"ThreadId":6732},{"TimeCreated":"2025-04-18 20:10:03","LogName":"System","Level":"Information","EventID":114,"ProviderName":"Microsoft-Windows-HttpService","Message":"Removed URL (http://*:5357/e2287cc1-24d4-44ee-a637-9dda91146f57/) from URL group (0xFE00000620000001). Process Id 0x1754 Executable path \\Device\\HarddiskVolume2\\Windows\\System32\\svchost.exe, User S-1-5-19","MachineName":"DESKTOP-OIQSE1G","UserId":{"BinaryLength":12,"AccountDomainSid":null,"Value":"S-1-5-19"},"TaskDisplayName":"HTTP Configuration Property Trace Task","ProcessId":5972,"ThreadId":6732},{"TimeCreated":"2025-04-18 20:10:02","LogName":"System","Level":"Information","EventID":113,"ProviderName":"Microsoft-Windows-HttpService","Message":"Attempted to add URL (http://*:5357/e2287cc1-24d4-44ee-a637-9dda91146f57/) to URL group (0xFE00000620000001). Status: 0x0. Process Id 0x1754 Executable path \\Device\\HarddiskVolume2\\Windows\\System32\\svchost.exe, User S-1-5-19","MachineName":"DESKTOP-OIQSE1G","UserId":{"BinaryLength":12,"AccountDomainSid":null,"Value":"S-1-5-19"},"TaskDisplayName":"HTTP Configuration Property Trace Task","ProcessId":5972,"ThreadId":6732},{"TimeCreated":"2025-04-18 20:10:02","LogName":"System","Level":"Information","EventID":111,"ProviderName":"Microsoft-Windows-HttpService","Message":"Create URL group 0xFE00000620000001. Status 0x0. Process Id 0x1754 Executable path \\Device\\HarddiskVolume2\\Windows\\System32\\svchost.exe, User S-1-5-19","MachineName":"DESKTOP-OIQSE1G","UserId":{"BinaryLength":12,"AccountDomainSid":null,"Value":"S-1-5-19"},"TaskDisplayName":"HTTP Configuration Property Trace Task","ProcessId":5972,"ThreadId":6732},{"TimeCreated":"2025-04-18 20:10:02","LogName":"System","Level":"Information","EventID":12,"ProviderName":"Microsoft-Windows-UserModePowerService","Message":"Process C:\\Windows\\System32\\DriverStore\\FileRepository\\u0412790.inf_amd64_b0a9eb989e37c81c\\B413137\\atieclxx.exe (process ID:3432) reset policy scheme from {9897998c-92de-4669-853f-b7cd3ecb2790} to {9897998c-92de-4669-853f-b7cd3ecb2790}","MachineName":"DESKTOP-OIQSE1G","UserId":{"BinaryLength":12,"AccountDomainSid":null,"Value":"S-1-5-18"},"TaskDisplayName":null,"ProcessId":1436,"ThreadId":1512},{"TimeCreated":"2025-04-18 20:10:02","LogName":"System","Level":"Error","EventID":7031,"ProviderName":"Service Control Manager","Message":"The GameInput Service service terminated unexpectedly.  It has done this 1 time(s).  The following corrective action will be taken in 1000 milliseconds: Restart the service.","MachineName":"DESKTOP-OIQSE1G","UserId":null,"TaskDisplayName":null,"ProcessId":1212,"ThreadId":4576},{"TimeCreated":"2025-04-18 20:10:02","LogName":"System","Level":"Error","EventID":7023,"ProviderName":"Service Control Manager","Message":"The GameInput Service service terminated with the following error: \\nThe compound file GameInput Service was produced with a newer version of storage.","MachineName":"DESKTOP-OIQSE1G","UserId":null,"TaskDisplayName":null,"ProcessId":1212,"ThreadId":1796},{"TimeCreated":"2025-04-18 20:10:02","LogName":"System","Level":"Information","EventID":16,"ProviderName":"Microsoft-Windows-Kernel-General","Message":"The access history in hive \\??\\C:\\Users\\postgres\\AppData\\Local\\Microsoft\\Windows\\UsrClass.dat was cleared updating 106 keys and creating 5 modified pages.","MachineName":"DESKTOP-OIQSE1G","UserId":{"BinaryLength":12,"AccountDomainSid":null,"Value":"S-1-5-18"},"TaskDisplayName":null,"ProcessId":2012,"ThreadId":664},{"TimeCreated":"2025-04-18 20:10:02","LogName":"System","Level":"Information","EventID":16,"ProviderName":"Microsoft-Windows-Kernel-General","Message":"The access history in hive \\??\\C:\\Users\\postgres\\ntuser.dat was cleared updating 70 keys and creating 15 modified pages.","MachineName":"DESKTOP-OIQSE1G","UserId":{"BinaryLength":12,"AccountDomainSid":null,"Value":"S-1-5-18"},"TaskDisplayName":null,"ProcessId":2012,"ThreadId":664},{"TimeCreated":"2025-04-18 20:10:02","LogName":"System","Level":"Information","EventID":16,"ProviderName":"Microsoft-Windows-Kernel-General","Message":"The access history in hive \\??\\C:\\WINDOWS\\AppCompat\\Programs\\Amcache.hve was cleared updating 7606 keys and creating 2594 modified pages.","MachineName":"DESKTOP-OIQSE1G","UserId":{"BinaryLength":12,"AccountDomainSid":null,"Value":"S-1-5-18"},"TaskDisplayName":null,"ProcessId":4168,"ThreadId":4448},{"TimeCreated":"2025-04-18 20:10:02","LogName":"System","Level":"Information","EventID":10001,"ProviderName":"Microsoft-Windows-WLAN-AutoConfig","Message":"WLAN Extensibility Module has successfully started.\\n\\nModule Path: C:\\WINDOWS\\system32\\IntelIHVRouter04.dll\\n","MachineName":"DESKTOP-OIQSE1G","UserId":{"BinaryLength":12,"AccountDomainSid":null,"Value":"S-1-5-18"},"TaskDisplayName":null,"ProcessId":4084,"ThreadId":2324},{"TimeCreated":"2025-04-18 20:10:02","LogName":"System","Level":"Information","EventID":4000,"ProviderName":"Microsoft-Windows-WLAN-AutoConfig","Message":"WLAN AutoConfig service has successfully started.\\n","MachineName":"DESKTOP-OIQSE1G","UserId":{"BinaryLength":12,"AccountDomainSid":null,"Value":"S-1-5-18"},"TaskDisplayName":null,"ProcessId":4084,"ThreadId":2324},{"TimeCreated":"2025-04-18 20:10:02","LogName":"System","Level":"Information","EventID":112,"ProviderName":"Microsoft-Windows-HttpService","Message":"Attempted to reserve URL http://+:3387/rdp/. Status 0x0. Process Id 0x4 Executable path , User S-1-5-18","MachineName":"DESKTOP-OIQSE1G","UserId":{"BinaryLength":12,"AccountDomainSid":null,"Value":"S-1-5-18"},"TaskDisplayName":"HTTP Configuration Property Trace Task","ProcessId":4,"ThreadId":904},{"TimeCreated":"2025-04-18 20:10:02","LogName":"System","Level":"Information","EventID":112,"ProviderName":"Microsoft-Windows-HttpService","Message":"Attempted to reserve URL https://+:3392/rdp/. Status 0x0. Process Id 0x4 Executable path , User S-1-5-18","MachineName":"DESKTOP-OIQSE1G","UserId":{"BinaryLength":12,"AccountDomainSid":null,"Value":"S-1-5-18"},"TaskDisplayName":"HTTP Configuration Property Trace Task","ProcessId":4,"ThreadId":904},{"TimeCreated":"2025-04-18 20:10:02","LogName":"System","Level":"Information","EventID":112,"ProviderName":"Microsoft-Windows-HttpService","Message":"Attempted to reserve URL https://+:443/sra_{BA195980-CD49-458b-9E23-C84EE0ADCD75}/. Status 0x0. Process Id 0x4 Executable path , User S-1-5-18","MachineName":"DESKTOP-OIQSE1G","UserId":{"BinaryLength":12,"AccountDomainSid":null,"Value":"S-1-5-18"},"TaskDisplayName":"HTTP Configuration Property Trace Task","ProcessId":4,"ThreadId":904},{"TimeCreated":"2025-04-18 20:10:02","LogName":"System","Level":"Information","EventID":112,"ProviderName":"Microsoft-Windows-HttpService","Message":"Attempted to reserve URL http://+:10247/apps/. Status 0x0. Process Id 0x4 Executable path , User S-1-5-18","MachineName":"DESKTOP-OIQSE1G","UserId":{"BinaryLength":12,"AccountDomainSid":null,"Value":"S-1-5-18"},"TaskDisplayName":"HTTP Configuration Property Trace Task","ProcessId":4,"ThreadId":904},{"TimeCreated":"2025-04-18 20:10:02","LogName":"System","Level":"Information","EventID":112,"ProviderName":"Microsoft-Windows-HttpService","Message":"Attempted to reserve URL http://+:10243/WMPNSSv4/. Status 0x0. Process Id 0x4 Executable path , User S-1-5-18","MachineName":"DESKTOP-OIQSE1G","UserId":{"BinaryLength":12,"AccountDomainSid":null,"Value":"S-1-5-18"},"TaskDisplayName":"HTTP Configuration Property Trace Task","ProcessId":4,"ThreadId":904},{"TimeCreated":"2025-04-18 20:10:02","LogName":"System","Level":"Information","EventID":112,"ProviderName":"Microsoft-Windows-HttpService","Message":"Attempted to reserve URL https://+:10245/WMPNSSv4/. Status 0x0. Process Id 0x4 Executable path , User S-1-5-18","MachineName":"DESKTOP-OIQSE1G","UserId":{"BinaryLength":12,"AccountDomainSid":null,"Value":"S-1-5-18"},"TaskDisplayName":"HTTP Configuration Property Trace Task","ProcessId":4,"ThreadId":904},{"TimeCreated":"2025-04-18 20:10:02","LogName":"System","Level":"Information","EventID":112,"ProviderName":"Microsoft-Windows-HttpService","Message":"Attempted to reserve URL http://+:10246/MDEServer/. Status 0x0. Process Id 0x4 Executable path , User S-1-5-18","MachineName":"DESKTOP-OIQSE1G","UserId":{"BinaryLength":12,"AccountDomainSid":null,"Value":"S-1-5-18"},"TaskDisplayName":"HTTP Configuration Property Trace Task","ProcessId":4,"ThreadId":904},{"TimeCreated":"2025-04-18 20:10:02","LogName":"System","Level":"Information","EventID":112,"ProviderName":"Microsoft-Windows-HttpService","Message":"Attempted to reserve URL http://+:5985/wsman/. Status 0x0. Process Id 0x4 Executable path , User S-1-5-18","MachineName":"DESKTOP-OIQSE1G","UserId":{"BinaryLength":12,"AccountDomainSid":null,"Value":"S-1-5-18"},"TaskDisplayName":"HTTP Configuration Property Trace Task","ProcessId":4,"ThreadId":904},{"TimeCreated":"2025-04-18 20:10:02","LogName":"System","Level":"Information","EventID":112,"ProviderName":"Microsoft-Windows-HttpService","Message":"Attempted to reserve URL http://+:47001/wsman/. Status 0x0. Process Id 0x4 Executable path , User S-1-5-18","MachineName":"DESKTOP-OIQSE1G","UserId":{"BinaryLength":12,"AccountDomainSid":null,"Value":"S-1-5-18"},"TaskDisplayName":"HTTP Configuration Property Trace Task","ProcessId":4,"ThreadId":904},{"TimeCreated":"2025-04-18 20:10:02","LogName":"System","Level":"Information","EventID":112,"ProviderName":"Microsoft-Windows-HttpService","Message":"Attempted to reserve URL https://+:5986/wsman/. Status 0x0. Process Id 0x4 Executable path , User S-1-5-18","MachineName":"DESKTOP-OIQSE1G","UserId":{"BinaryLength":12,"AccountDomainSid":null,"Value":"S-1-5-18"},"TaskDisplayName":"HTTP Configuration Property Trace Task","ProcessId":4,"ThreadId":904},{"TimeCreated":"2025-04-18 20:10:02","LogName":"System","Level":"Information","EventID":112,"ProviderName":"Microsoft-Windows-HttpService","Message":"Attempted to reserve URL http://*:2869/. Status 0x0. Process Id 0x4 Executable path , User S-1-5-18","MachineName":"DESKTOP-OIQSE1G","UserId":{"BinaryLength":12,"AccountDomainSid":null,"Value":"S-1-5-18"},"TaskDisplayName":"HTTP Configuration Property Trace Task","ProcessId":4,"ThreadId":904},{"TimeCreated":"2025-04-18 20:10:02","LogName":"System","Level":"Information","EventID":112,"ProviderName":"Microsoft-Windows-HttpService","Message":"Attempted to reserve URL https://*:5358/. Status 0x0. Process Id 0x4 Executable path , User S-1-5-18","MachineName":"DESKTOP-OIQSE1G","UserId":{"BinaryLength":12,"AccountDomainSid":null,"Value":"S-1-5-18"},"TaskDisplayName":"HTTP Configuration Property Trace Task","ProcessId":4,"ThreadId":904},{"TimeCreated":"2025-04-18 20:10:02","LogName":"System","Level":"Information","EventID":112,"ProviderName":"Microsoft-Windows-HttpService","Message":"Attempted to reserve URL http://+:80/Temporary_Listen_Addresses/. Status 0x0. Process Id 0x4 Executable path , User S-1-5-18","MachineName":"DESKTOP-OIQSE1G","UserId":{"BinaryLength":12,"AccountDomainSid":null,"Value":"S-1-5-18"},"TaskDisplayName":"HTTP Configuration Property Trace Task","ProcessId":4,"ThreadId":904},{"TimeCreated":"2025-04-18 20:10:02","LogName":"System","Level":"Information","EventID":112,"ProviderName":"Microsoft-Windows-HttpService","Message":"Attempted to reserve URL http://*:5357/. Status 0x0. Process Id 0x4 Executable path , User S-1-5-18","MachineName":"DESKTOP-OIQSE1G","UserId":{"BinaryLength":12,"AccountDomainSid":null,"Value":"S-1-5-18"},"TaskDisplayName":"HTTP Configuration Property Trace Task","ProcessId":4,"ThreadId":904},{"TimeCreated":"2025-04-18 20:10:02","LogName":"System","Level":"Information","EventID":16,"ProviderName":"Microsoft-Windows-Kernel-General","Message":"The access history in hive \\??\\C:\\Users\\mkroe\\AppData\\Local\\Microsoft\\Windows\\UsrClass.dat was cleared updating 21331 keys and creating 2062 modified pages.","MachineName":"DESKTOP-OIQSE1G","UserId":{"BinaryLength":12,"AccountDomainSid":null,"Value":"S-1-5-18"},"TaskDisplayName":null,"ProcessId":2012,"ThreadId":664},{"TimeCreated":"2025-04-18 20:10:02","LogName":"System","Level":"Information","EventID":16,"ProviderName":"Microsoft-Windows-Kernel-General","Message":"The access history in hive \\??\\C:\\Users\\mkroe\\ntuser.dat was cleared updating 29563 keys and creating 4654 modified pages.","MachineName":"DESKTOP-OIQSE1G","UserId":{"BinaryLength":12,"AccountDomainSid":null,"Value":"S-1-5-18"},"TaskDisplayName":null,"ProcessId":2012,"ThreadId":664},{"TimeCreated":"2025-04-18 20:10:01","LogName":"System","Level":"Information","EventID":7001,"ProviderName":"Microsoft-Windows-Winlogon","Message":"User Logon Notification for Customer Experience Improvement Program","MachineName":"DESKTOP-OIQSE1G","UserId":{"BinaryLength":12,"AccountDomainSid":null,"Value":"S-1-5-18"},"TaskDisplayName":null,"ProcessId":1296,"ThreadId":1676},{"TimeCreated":"2025-04-18 20:10:01","LogName":"System","Level":"Information","EventID":1038,"ProviderName":"Microsoft-Windows-TPM-WMI","Message":"Pre-attestation health checks confirm that the device is expected to pass attestation.\\n Please see C:\\WINDOWS\\Logs\\MeasuredBoot\\0000000425-0000000000.json for detailed information on what checks were made.","MachineName":"DESKTOP-OIQSE1G","UserId":{"BinaryLength":12,"AccountDomainSid":null,"Value":"S-1-5-18"},"TaskDisplayName":null,"ProcessId":2480,"ThreadId":3240},{"TimeCreated":"2025-04-18 20:10:01","LogName":"System","Level":"Information","EventID":1041,"ProviderName":"Microsoft-Windows-TPM-WMI","Message":"Pre-attestation health check detailed information: {\"Version\":1,\"HealthStatus\":\"Attestable\",\"Required\":[{\"Field\":\"TpmPresent\",\"Value\":true,\"DesiredValue\":true},{\"Field\":\"TpmMeetsMinimumVersion\",\"Value\":true,\"DesiredValue\":true},{\"Field\":\"TpmIsResponsive\",\"Value\":true,\"DesiredValue\":true},{\"Field\":\"EkCertIsAvailable\",\"Value\":true,\"DesiredValue\":true},{\"Field\":\"TcgLogFound\",\"Value\":true,\"DesiredValue\":true}],\"Expected\":[{\"Field\":\"PcrsMatchTcgLog\",\"Value\":true,\"DesiredValue\":true}],\"Informational\":[{\"Field\":\"SecureBootEnabled\",\"ValueFromComputer\":false,\"ValueFromTcgLog\":false,\"DesiredValue\":true,\"TcgValueIsVerifiable\":true},{\"Field\":\"VirtualSecureMemory\",\"ValueFromComputer\":false,\"ValueFromTcgLog\":false,\"DesiredValue\":true,\"TcgValueIsVerifiable\":true},{\"Field\":\"SecureCorePCCompliant\",\"ValueFromComputer\":false,\"ValueFromTcgLog\":false,\"DesiredValue\":true,\"TcgValueIsVerifiable\":true}]}","MachineName":"DESKTOP-OIQSE1G","UserId":{"BinaryLength":12,"AccountDomainSid":null,"Value":"S-1-5-18"},"TaskDisplayName":null,"ProcessId":2480,"ThreadId":3240},{"TimeCreated":"2025-04-18 20:10:01","LogName":"System","Level":"Information","EventID":51046,"ProviderName":"Microsoft-Windows-DHCPv6-Client","Message":"DHCPv6 client service is started","MachineName":"DESKTOP-OIQSE1G","UserId":{"BinaryLength":12,"AccountDomainSid":null,"Value":"S-1-5-19"},"TaskDisplayName":"Service State Event","ProcessId":3172,"ThreadId":3208},{"TimeCreated":"2025-04-18 20:10:01","LogName":"System","Level":"Information","EventID":50036,"ProviderName":"Microsoft-Windows-Dhcp-Client","Message":"DHCPv4 client service is started","MachineName":"DESKTOP-OIQSE1G","UserId":{"BinaryLength":12,"AccountDomainSid":null,"Value":"S-1-5-19"},"TaskDisplayName":"Service State Event","ProcessId":3172,"ThreadId":3200},{"TimeCreated":"2025-04-18 20:10:01","LogName":"System","Level":"Information","EventID":50103,"ProviderName":"Microsoft-Windows-Dhcp-Client","Message":"DHCPv4 client registered for shutdown notification","MachineName":"DESKTOP-OIQSE1G","UserId":{"BinaryLength":12,"AccountDomainSid":null,"Value":"S-1-5-19"},"TaskDisplayName":"Service State Event","ProcessId":3172,"ThreadId":3200},{"TimeCreated":"2025-04-18 20:10:01","LogName":"System","Level":"Information","EventID":50036,"ProviderName":"Microsoft-Windows-Dhcp-Client","Message":"DHCPv4 client service is started","MachineName":"DESKTOP-OIQSE1G","UserId":{"BinaryLength":12,"AccountDomainSid":null,"Value":"S-1-5-19"},"TaskDisplayName":"Service State Event","ProcessId":3172,"ThreadId":3200},{"TimeCreated":"2025-04-18 20:10:01","LogName":"System","Level":"Information","EventID":16,"ProviderName":"Microsoft-Windows-Kernel-General","Message":"The access history in hive \\SystemRoot\\System32\\Config\\bbimigrate\\BBI was cleared updating 1 keys and creating 1 modified pages.","MachineName":"DESKTOP-OIQSE1G","UserId":{"BinaryLength":12,"AccountDomainSid":null,"Value":"S-1-5-18"},"TaskDisplayName":null,"ProcessId":1436,"ThreadId":1512},