{"TimeCreated":"2025-04-18 20:10:01","LogName":"System","Level":"Information","EventID":6,"ProviderName":"Microsoft-Windows-FilterManager","Message":"File System Filter \u0027bindflt\u0027 (10.0,  2034 - 03 - 22T21:35:14.000000000Z) has successfully loaded and registered with Filter Manager.","MachineName":"DESKTOP-OIQSE1G","UserId":{"BinaryLength":12,"AccountDomainSid":null,"Value":"S-1-5-18"},"TaskDisplayName":null,"ProcessId":4,"ThreadId":228},{"TimeCreated":"2025-04-18 20:10:01","LogName":"System","Level":"Information","EventID":6,"ProviderName":"Microsoft-Windows-FilterManager","Message":"File System Filter \u0027storqosflt\u0027 (10.0,  2021 - 03 - 19T04:47:34.000000000Z) has successfully loaded and registered with Filter Manager.","MachineName":"DESKTOP-OIQSE1G","UserId":{"BinaryLength":12,"AccountDomainSid":null,"Value":"S-1-5-18"},"TaskDisplayName":null,"ProcessId":4,"ThreadId":228},{"TimeCreated":"2025-04-18 20:10:01","LogName":"System","Level":"Information","EventID":6,"ProviderName":"Microsoft-Windows-FilterManager","Message":"File System Filter \u0027CldFlt\u0027 (10.0,  2068 - 12 - 01T21:04:21.000000000Z) has successfully loaded and registered with Filter Manager.","MachineName":"DESKTOP-OIQSE1G","UserId":{"BinaryLength":12,"AccountDomainSid":null,"Value":"S-1-5-18"},"TaskDisplayName":null,"ProcessId":4,"ThreadId":228},{"TimeCreated":"2025-04-18 20:10:01","LogName":"System","Level":"Information","EventID":1,"ProviderName":"Microsoft-Windows-FilterManager","Message":"File System Filter \u0027CldFlt\u0027 (Version 10.0,  2068 - 12 - 01T21:04:21.000000000Z) unloaded successfully.","MachineName":"DESKTOP-OIQSE1G","UserId":{"BinaryLength":12,"AccountDomainSid":null,"Value":"S-1-5-18"},"TaskDisplayName":null,"ProcessId":4,"ThreadId":228},{"TimeCreated":"2025-04-18 20:10:01","LogName":"System","Level":"Information","EventID":6,"ProviderName":"Microsoft-Windows-FilterManager","Message":"File System Filter \u0027CldFlt\u0027 (10.0,  2068 - 12 - 01T21:04:21.000000000Z) has successfully loaded and registered with Filter Manager.","MachineName":"DESKTOP-OIQSE1G","UserId":{"BinaryLength":12,"AccountDomainSid":null,"Value":"S-1-5-18"},"TaskDisplayName":null,"ProcessId":4,"ThreadId":228},{"TimeCreated":"2025-04-18 20:10:01","LogName":"System","Level":"Information","EventID":6,"ProviderName":"Microsoft-Windows-FilterManager","Message":"File System Filter \u0027UnionFS\u0027 (10.0,  2047 - 02 - 21T05:01:20.000000000Z) has successfully loaded and registered with Filter Manager.","MachineName":"DESKTOP-OIQSE1G","UserId":{"BinaryLength":12,"AccountDomainSid":null,"Value":"S-1-5-18"},"TaskDisplayName":null,"ProcessId":4,"ThreadId":352},{"TimeCreated":"2025-04-18 20:10:01","LogName":"System","Level":"Information","EventID":6,"ProviderName":"Microsoft-Windows-FilterManager","Message":"File System Filter \u0027luafv\u0027 (10.0,  2085 - 06 - 24T04:05:01.000000000Z) has successfully loaded and registered with Filter Manager.","MachineName":"DESKTOP-OIQSE1G","UserId":{"BinaryLength":12,"AccountDomainSid":null,"Value":"S-1-5-18"},"TaskDisplayName":null,"ProcessId":4,"ThreadId":352},{"TimeCreated":"2025-04-18 20:10:01","LogName":"System","Level":"Information","EventID":6,"ProviderName":"Microsoft-Windows-FilterManager","Message":"File System Filter \u0027wcifs\u0027 (10.0,  2011 - 04 - 15T21:25:07.000000000Z) has successfully loaded and registered with Filter Manager.","MachineName":"DESKTOP-OIQSE1G","UserId":{"BinaryLength":12,"AccountDomainSid":null,"Value":"S-1-5-18"},"TaskDisplayName":null,"ProcessId":4,"ThreadId":228},{"TimeCreated":"2025-04-18 20:10:01","LogName":"System","Level":"Information","EventID":6,"ProviderName":"Microsoft-Windows-FilterManager","Message":"File System Filter \u0027bfs\u0027 (10.0,  2035 - 06 - 29T01:38:54.000000000Z) has successfully loaded and registered with Filter Manager.","MachineName":"DESKTOP-OIQSE1G","UserId":{"BinaryLength":12,"AccountDomainSid":null,"Value":"S-1-5-18"},"TaskDisplayName":null,"ProcessId":4,"ThreadId":376},{"TimeCreated":"2025-04-18 20:10:01","LogName":"System","Level":"Information","EventID":16,"ProviderName":"Microsoft-Windows-Kernel-General","Message":"The access history in hive \\??\\C:\\WINDOWS\\ServiceProfiles\\LocalService\\NTUSER.DAT was cleared updating 213 keys and creating 25 modified pages.","MachineName":"DESKTOP-OIQSE1G","UserId":{"BinaryLength":12,"AccountDomainSid":null,"Value":"S-1-5-18"},"TaskDisplayName":null,"ProcessId":1212,"ThreadId":1416},{"TimeCreated":"2025-04-18 20:10:01","LogName":"System","Level":"Information","EventID":16,"ProviderName":"Microsoft-Windows-Kernel-General","Message":"The access history in hive \\SystemRoot\\System32\\Config\\BBI was cleared updating 447 keys and creating 100 modified pages.","MachineName":"DESKTOP-OIQSE1G","UserId":{"BinaryLength":12,"AccountDomainSid":null,"Value":"S-1-5-18"},"TaskDisplayName":null,"ProcessId":1436,"ThreadId":1512},{"TimeCreated":"2025-04-18 20:10:01","LogName":"System","Level":"Information","EventID":16,"ProviderName":"Microsoft-Windows-Kernel-General","Message":"The access history in hive \\??\\C:\\WINDOWS\\ServiceProfiles\\NetworkService\\NTUSER.DAT was cleared updating 209 keys and creating 22 modified pages.","MachineName":"DESKTOP-OIQSE1G","UserId":{"BinaryLength":12,"AccountDomainSid":null,"Value":"S-1-5-18"},"TaskDisplayName":null,"ProcessId":1212,"ThreadId":1216},{"TimeCreated":"2025-04-18 20:10:01","LogName":"System","Level":"Information","EventID":16983,"ProviderName":"Microsoft-Windows-Directory-Services-SAM","Message":"The security account manager is now logging periodic summary events for remote clients that call legacy password change or set RPC methods.\\n\\nFor more information please see https://go.microsoft.com/fwlink/?linkid=2150956.\\n","MachineName":"DESKTOP-OIQSE1G","UserId":{"BinaryLength":12,"AccountDomainSid":null,"Value":"S-1-5-18"},"TaskDisplayName":null,"ProcessId":1220,"ThreadId":1224},{"TimeCreated":"2025-04-18 20:10:01","LogName":"System","Level":"Information","EventID":16977,"ProviderName":"Microsoft-Windows-Directory-Services-SAM","Message":"The domain is configured with the following minimum password length-related settings.\\n\\nMinimumPasswordLength: 0\\n\\nRelaxMinimumPasswordLengthLimits: 0\\n\\nMinimumPasswordLengthAudit: -1\\n\\nFor more information see https://go.microsoft.com/fwlink/?LinkId=2097191.\\n","MachineName":"DESKTOP-OIQSE1G","UserId":{"BinaryLength":12,"AccountDomainSid":null,"Value":"S-1-5-18"},"TaskDisplayName":null,"ProcessId":1220,"ThreadId":1224},{"TimeCreated":"2025-04-18 20:10:01","LogName":"System","Level":"Information","EventID":16962,"ProviderName":"Microsoft-Windows-Directory-Services-SAM","Message":"Remote calls to the SAM database are being restricted using the default security descriptor: O:SYG:SYD:(A;;RC;;;BA).\\nFor more information please see http://go.microsoft.com/fwlink/?LinkId=787651.","MachineName":"DESKTOP-OIQSE1G","UserId":{"BinaryLength":12,"AccountDomainSid":null,"Value":"S-1-5-18"},"TaskDisplayName":null,"ProcessId":1220,"ThreadId":1224},{"TimeCreated":"2025-04-18 20:10:00","LogName":"System","Level":"Information","EventID":6156,"ProviderName":"LsaSrv","Message":"Credential Guard auto enablement status.\\n\\nHardware Requirements for Virtualization Based Security: 1\\nDomain Joined: 0\\nAzure AD Joined: 0\\n Licensed for Credential Guard: 0\\nDomain Controller: 0","MachineName":"DESKTOP-OIQSE1G","UserId":{"BinaryLength":12,"AccountDomainSid":null,"Value":"S-1-5-18"},"TaskDisplayName":null,"ProcessId":1220,"ThreadId":1224},{"TimeCreated":"2025-04-18 20:10:00","LogName":"System","Level":"Information","EventID":12,"ProviderName":"Microsoft-Windows-Wininit","Message":"LSASS.exe was started as a protected process with level: 4.","MachineName":"DESKTOP-OIQSE1G","UserId":{"BinaryLength":12,"AccountDomainSid":null,"Value":"S-1-5-18"},"TaskDisplayName":null,"ProcessId":1132,"ThreadId":1136},{"TimeCreated":"2025-04-18 20:10:00","LogName":"System","Level":"Information","EventID":14,"ProviderName":"Microsoft-Windows-Wininit","Message":"Credential Guard configuration:\\n\\nRegistry Configuration: 0x0\\nTest Configuration: 0\\nAuto Enablement: 0","MachineName":"DESKTOP-OIQSE1G","UserId":{"BinaryLength":12,"AccountDomainSid":null,"Value":"S-1-5-18"},"TaskDisplayName":null,"ProcessId":1132,"ThreadId":1136},{"TimeCreated":"2025-04-18 20:10:00","LogName":"System","Level":"Information","EventID":19,"ProviderName":"Microsoft-Windows-Wininit","Message":"Virtualization Based Security new timer creation status\\n\\nHRESULT: The operation completed successfully.\\nNew latch timer needed: false\\nNew latch timer waiting for system update completion: false\\nPrevious latch timer exists but disabled by registry: false\\nPolicy file exists: false\\n","MachineName":"DESKTOP-OIQSE1G","UserId":{"BinaryLength":12,"AccountDomainSid":null,"Value":"S-1-5-18"},"TaskDisplayName":null,"ProcessId":1132,"ThreadId":1136},{"TimeCreated":"2025-04-18 20:10:00","LogName":"System","Level":"Information","EventID":32,"ProviderName":"e1rexpress","Message":"Intel(R) I211 Gigabit Network Connection\\n Network link has been established at 1Gbps full duplex.\\n","MachineName":"DESKTOP-OIQSE1G","UserId":null,"TaskDisplayName":"None","ProcessId":4,"ThreadId":344},{"TimeCreated":"2025-04-18 20:09:56","LogName":"System","Level":"Information","EventID":18,"ProviderName":"BTHUSB","Message":"Windows cannot store Bluetooth authentication codes (link keys) on the local adapter. Bluetooth keyboards might not work in the system BIOS during startup.","MachineName":"DESKTOP-OIQSE1G","UserId":null,"TaskDisplayName":"None","ProcessId":4,"ThreadId":352},{"TimeCreated":"2025-04-18 20:09:56","LogName":"System","Level":"Warning","EventID":27,"ProviderName":"e1rexpress","Message":"Intel(R) I211 Gigabit Network Connection\\n Network link is disconnected.\\n","MachineName":"DESKTOP-OIQSE1G","UserId":null,"TaskDisplayName":"None","ProcessId":4,"ThreadId":364},{"TimeCreated":"2025-04-18 20:09:56","LogName":"System","Level":"Information","EventID":24,"ProviderName":"Microsoft-Windows-Kernel-General","Message":"The time zone information was refreshed with exit reason 0. Current time zone bias is 360.","MachineName":"DESKTOP-OIQSE1G","UserId":{"BinaryLength":12,"AccountDomainSid":null,"Value":"S-1-5-18"},"TaskDisplayName":null,"ProcessId":224,"ThreadId":892},{"TimeCreated":"2025-04-18 20:09:56","LogName":"System","Level":"Information","EventID":15,"ProviderName":"Microsoft-Windows-Kernel-General","Message":"Hive \\SystemRoot\\System32\\Config\\SOFTWARE was reorganized with a starting size of 192442368 bytes and an ending size of 179064832 bytes.","MachineName":"DESKTOP-OIQSE1G","UserId":{"BinaryLength":12,"AccountDomainSid":null,"Value":"S-1-5-18"},"TaskDisplayName":null,"ProcessId":224,"ThreadId":656},{"TimeCreated":"2025-04-18 20:09:54","LogName":"System","Level":"Information","EventID":7010,"ProviderName":"Netwtw04","Message":"7010 - driver enabled (miniport init)","MachineName":"DESKTOP-OIQSE1G","UserId":null,"TaskDisplayName":"None","ProcessId":4,"ThreadId":368},{"TimeCreated":"2025-04-18 20:09:54","LogName":"System","Level":"Information","EventID":7036,"ProviderName":"Netwtw04","Message":"The \\Device\\NDMP2 service entered the Intel(R) Dual Band Wireless-AC 3168 state.","MachineName":"DESKTOP-OIQSE1G","UserId":null,"TaskDisplayName":"None","ProcessId":4,"ThreadId":368},{"TimeCreated":"2025-04-18 20:09:54","LogName":"System","Level":"Information","EventID":55,"ProviderName":"Microsoft-Windows-Kernel-Processor-Power","Message":"Processor 11 in group 0 exposes the following power management capabilities:\\n\\nIdle state type: ACPI Idle (C) States (2 state(s))\\n\\nPerformance state type: ACPI Collaborative Processor Performance Control\\nNominal Frequency (MHz): 3701\\nMaximum performance percentage: 140\\nMinimum performance percentage: 46\\nMinimum throttle percentage: 15","MachineName":"DESKTOP-OIQSE1G","UserId":{"BinaryLength":12,"AccountDomainSid":null,"Value":"S-1-5-18"},"TaskDisplayName":null,"ProcessId":4,"ThreadId":372},{"TimeCreated":"2025-04-18 20:09:54","LogName":"System","Level":"Information","EventID":55,"ProviderName":"Microsoft-Windows-Kernel-Processor-Power","Message":"Processor 10 in group 0 exposes the following power management capabilities:\\n\\nIdle state type: ACPI Idle (C) States (2 state(s))\\n\\nPerformance state type: ACPI Collaborative Processor Performance Control\\nNominal Frequency (MHz): 3701\\nMaximum performance percentage: 140\\nMinimum performance percentage: 46\\nMinimum throttle percentage: 15","MachineName":"DESKTOP-OIQSE1G","UserId":{"BinaryLength":12,"AccountDomainSid":null,"Value":"S-1-5-18"},"TaskDisplayName":null,"ProcessId":4,"ThreadId":372},{"TimeCreated":"2025-04-18 20:09:54","LogName":"System","Level":"Information","EventID":55,"ProviderName":"Microsoft-Windows-Kernel-Processor-Power","Message":"Processor 9 in group 0 exposes the following power management capabilities:\\n\\nIdle state type: ACPI Idle (C) States (2 state(s))\\n\\nPerformance state type: ACPI Collaborative Processor Performance Control\\nNominal Frequency (MHz): 3701\\nMaximum performance percentage: 133\\nMinimum performance percentage: 46\\nMinimum throttle percentage: 15","MachineName":"DESKTOP-OIQSE1G","UserId":{"BinaryLength":12,"AccountDomainSid":null,"Value":"S-1-5-18"},"TaskDisplayName":null,"ProcessId":4,"ThreadId":372},{"TimeCreated":"2025-04-18 20:09:54","LogName":"System","Level":"Information","EventID":55,"ProviderName":"Microsoft-Windows-Kernel-Processor-Power","Message":"Processor 8 in group 0 exposes the following power management capabilities:\\n\\nIdle state type: ACPI Idle (C) States (2 state(s))\\n\\nPerformance state type: ACPI Collaborative Processor Performance Control\\nNominal Frequency (MHz): 3701\\nMaximum performance percentage: 133\\nMinimum performance percentage: 46\\nMinimum throttle percentage: 15","MachineName":"DESKTOP-OIQSE1G","UserId":{"BinaryLength":12,"AccountDomainSid":null,"Value":"S-1-5-18"},"TaskDisplayName":null,"ProcessId":4,"ThreadId":372},{"TimeCreated":"2025-04-18 20:09:54","LogName":"System","Level":"Information","EventID":55,"ProviderName":"Microsoft-Windows-Kernel-Processor-Power","Message":"Processor 7 in group 0 exposes the following power management capabilities:\\n\\nIdle state type: ACPI Idle (C) States (2 state(s))\\n\\nPerformance state type: ACPI Collaborative Processor Performance Control\\nNominal Frequency (MHz): 3701\\nMaximum performance percentage: 129\\nMinimum performance percentage: 46\\nMinimum throttle percentage: 15","MachineName":"DESKTOP-OIQSE1G","UserId":{"BinaryLength":12,"AccountDomainSid":null,"Value":"S-1-5-18"},"TaskDisplayName":null,"ProcessId":4,"ThreadId":372},{"TimeCreated":"2025-04-18 20:09:54","LogName":"System","Level":"Information","EventID":55,"ProviderName":"Microsoft-Windows-Kernel-Processor-Power","Message":"Processor 6 in group 0 exposes the following power management capabilities:\\n\\nIdle state type: ACPI Idle (C) States (2 state(s))\\n\\nPerformance state type: ACPI Collaborative Processor Performance Control\\nNominal Frequency (MHz): 3701\\nMaximum performance percentage: 129\\nMinimum performance percentage: 46\\nMinimum throttle percentage: 15","MachineName":"DESKTOP-OIQSE1G","UserId":{"BinaryLength":12,"AccountDomainSid":null,"Value":"S-1-5-18"},"TaskDisplayName":null,"ProcessId":4,"ThreadId":372},{"TimeCreated":"2025-04-18 20:09:54","LogName":"System","Level":"Information","EventID":55,"ProviderName":"Microsoft-Windows-Kernel-Processor-Power","Message":"Processor 5 in group 0 exposes the following power management capabilities:\\n\\nIdle state type: ACPI Idle (C) States (2 state(s))\\n\\nPerformance state type: ACPI Collaborative Processor Performance Control\\nNominal Frequency (MHz): 3701\\nMaximum performance percentage: 125\\nMinimum performance percentage: 46\\nMinimum throttle percentage: 15","MachineName":"DESKTOP-OIQSE1G","UserId":{"BinaryLength":12,"AccountDomainSid":null,"Value":"S-1-5-18"},"TaskDisplayName":null,"ProcessId":4,"ThreadId":372},{"TimeCreated":"2025-04-18 20:09:54","LogName":"System","Level":"Information","EventID":55,"ProviderName":"Microsoft-Windows-Kernel-Processor-Power","Message":"Processor 4 in group 0 exposes the following power management capabilities:\\n\\nIdle state type: ACPI Idle (C) States (2 state(s))\\n\\nPerformance state type: ACPI Collaborative Processor Performance Control\\nNominal Frequency (MHz): 3701\\nMaximum performance percentage: 125\\nMinimum performance percentage: 46\\nMinimum throttle percentage: 15","MachineName":"DESKTOP-OIQSE1G","UserId":{"BinaryLength":12,"AccountDomainSid":null,"Value":"S-1-5-18"},"TaskDisplayName":null,"ProcessId":4,"ThreadId":372},{"TimeCreated":"2025-04-18 20:09:54","LogName":"System","Level":"Information","EventID":55,"ProviderName":"Microsoft-Windows-Kernel-Processor-Power","Message":"Processor 3 in group 0 exposes the following power management capabilities:\\n\\nIdle state type: ACPI Idle (C) States (2 state(s))\\n\\nPerformance state type: ACPI Collaborative Processor Performance Control\\nNominal Frequency (MHz): 3701\\nMaximum performance percentage: 140\\nMinimum performance percentage: 46\\nMinimum throttle percentage: 15","MachineName":"DESKTOP-OIQSE1G","UserId":{"BinaryLength":12,"AccountDomainSid":null,"Value":"S-1-5-18"},"TaskDisplayName":null,"ProcessId":4,"ThreadId":372},{"TimeCreated":"2025-04-18 20:09:54","LogName":"System","Level":"Information","EventID":55,"ProviderName":"Microsoft-Windows-Kernel-Processor-Power","Message":"Processor 2 in group 0 exposes the following power management capabilities:\\n\\nIdle state type: ACPI Idle (C) States (2 state(s))\\n\\nPerformance state type: ACPI Collaborative Processor Performance Control\\nNominal Frequency (MHz): 3701\\nMaximum performance percentage: 140\\nMinimum performance percentage: 46\\nMinimum throttle percentage: 15","MachineName":"DESKTOP-OIQSE1G","UserId":{"BinaryLength":12,"AccountDomainSid":null,"Value":"S-1-5-18"},"TaskDisplayName":null,"ProcessId":4,"ThreadId":372},{"TimeCreated":"2025-04-18 20:09:54","LogName":"System","Level":"Information","EventID":55,"ProviderName":"Microsoft-Windows-Kernel-Processor-Power","Message":"Processor 1 in group 0 exposes the following power management capabilities:\\n\\nIdle state type: ACPI Idle (C) States (2 state(s))\\n\\nPerformance state type: ACPI Collaborative Processor Performance Control\\nNominal Frequency (MHz): 3701\\nMaximum performance percentage: 137\\nMinimum performance percentage: 46\\nMinimum throttle percentage: 15","MachineName":"DESKTOP-OIQSE1G","UserId":{"BinaryLength":12,"AccountDomainSid":null,"Value":"S-1-5-18"},"TaskDisplayName":null,"ProcessId":4,"ThreadId":372},{"TimeCreated":"2025-04-18 20:09:54","LogName":"System","Level":"Information","EventID":55,"ProviderName":"Microsoft-Windows-Kernel-Processor-Power","Message":"Processor 0 in group 0 exposes the following power management capabilities:\\n\\nIdle state type: ACPI Idle (C) States (2 state(s))\\n\\nPerformance state type: ACPI Collaborative Processor Performance Control\\nNominal Frequency (MHz): 3701\\nMaximum performance percentage: 137\\nMinimum performance percentage: 46\\nMinimum throttle percentage: 15","MachineName":"DESKTOP-OIQSE1G","UserId":{"BinaryLength":12,"AccountDomainSid":null,"Value":"S-1-5-18"},"TaskDisplayName":null,"ProcessId":4,"ThreadId":372},{"TimeCreated":"2025-04-18 20:09:53","LogName":"System","Level":"Information","EventID":98,"ProviderName":"Microsoft-Windows-Ntfs","Message":"Volume \\\\?\\Volume{64ec882b-0aa4-11ec-9452-c88f47d413f3} (\\Device\\HarddiskVolume5) is healthy.  No action is needed.","MachineName":"DESKTOP-OIQSE1G","UserId":{"BinaryLength":12,"AccountDomainSid":null,"Value":"S-1-5-18"},"TaskDisplayName":null,"ProcessId":4,"ThreadId":368},{"TimeCreated":"2025-04-18 20:09:53","LogName":"System","Level":"Information","EventID":98,"ProviderName":"Microsoft-Windows-Ntfs","Message":"Volume \\\\?\\Volume{fefd4e12-528d-47d6-ab9c-ef9713571123} (\\Device\\HarddiskVolume3) is healthy.  No action is needed.","MachineName":"DESKTOP-OIQSE1G","UserId":{"BinaryLength":12,"AccountDomainSid":null,"Value":"S-1-5-18"},"TaskDisplayName":null,"ProcessId":4,"ThreadId":132},{"TimeCreated":"2025-04-18 20:09:53","LogName":"System","Level":"Information","EventID":98,"ProviderName":"Microsoft-Windows-Ntfs","Message":"Volume D: (\\Device\\HarddiskVolume1) is healthy.  No action is needed.","MachineName":"DESKTOP-OIQSE1G","UserId":{"BinaryLength":12,"AccountDomainSid":null,"Value":"S-1-5-18"},"TaskDisplayName":null,"ProcessId":4,"ThreadId":368},{"TimeCreated":"2025-04-18 20:09:53","LogName":"System","Level":"Information","EventID":16,"ProviderName":"Microsoft-Windows-Kernel-General","Message":"The access history in hive \\SystemRoot\\System32\\Config\\DEFAULT was cleared updating 950 keys and creating 145 modified pages.","MachineName":"DESKTOP-OIQSE1G","UserId":{"BinaryLength":12,"AccountDomainSid":null,"Value":"S-1-5-18"},"TaskDisplayName":null,"ProcessId":224,"ThreadId":660},{"TimeCreated":"2025-04-18 20:09:53","LogName":"System","Level":"Information","EventID":16,"ProviderName":"Microsoft-Windows-Kernel-General","Message":"The access history in hive \\SystemRoot\\System32\\Config\\SAM was cleared updating 61 keys and creating 9 modified pages.","MachineName":"DESKTOP-OIQSE1G","UserId":{"BinaryLength":12,"AccountDomainSid":null,"Value":"S-1-5-18"},"TaskDisplayName":null,"ProcessId":224,"ThreadId":664},{"TimeCreated":"2025-04-18 20:09:53","LogName":"System","Level":"Information","EventID":16,"ProviderName":"Microsoft-Windows-Kernel-General","Message":"The access history in hive \\SystemRoot\\System32\\Config\\SECURITY was cleared updating 99 keys and creating 3 modified pages.","MachineName":"DESKTOP-OIQSE1G","UserId":{"BinaryLength":12,"AccountDomainSid":null,"Value":"S-1-5-18"},"TaskDisplayName":null,"ProcessId":224,"ThreadId":652},{"TimeCreated":"2025-04-18 20:09:53","LogName":"System","Level":"Information","EventID":172,"ProviderName":"Microsoft-Windows-Kernel-Power","Message":"Connectivity state in standby: Disconnected, Reason: NIC compliance","MachineName":"DESKTOP-OIQSE1G","UserId":{"BinaryLength":12,"AccountDomainSid":null,"Value":"S-1-5-18"},"TaskDisplayName":null,"ProcessId":4,"ThreadId":376},{"TimeCreated":"2025-04-18 20:09:53","LogName":"System","Level":"Information","EventID":6,"ProviderName":"Microsoft-Windows-FilterManager","Message":"File System Filter \u0027npsvctrig\u0027 (10.0,  1978 - 05 - 14T03:13:30.000000000Z) has successfully loaded and registered with Filter Manager.","MachineName":"DESKTOP-OIQSE1G","UserId":{"BinaryLength":12,"AccountDomainSid":null,"Value":"S-1-5-18"},"TaskDisplayName":null,"ProcessId":4,"ThreadId":8},{"TimeCreated":"2025-04-18 20:09:53","LogName":"System","Level":"Information","EventID":6,"ProviderName":"Microsoft-Windows-FilterManager","Message":"File System Filter \u0027UCPD\u0027 (10.0,  2047 - 04 - 21T21:40:20.000000000Z) has successfully loaded and registered with Filter Manager.","MachineName":"DESKTOP-OIQSE1G","UserId":{"BinaryLength":12,"AccountDomainSid":null,"Value":"S-1-5-18"},"TaskDisplayName":null,"ProcessId":4,"ThreadId":8},{"TimeCreated":"2025-04-18 20:09:53","LogName":"System","Level":"Information","EventID":6,"ProviderName":"Microsoft-Windows-FilterManager","Message":"File System Filter \u0027SFPMonitor\u0027 (10.0,  2019 - 05 - 22T20:17:17.000000000Z) has successfully loaded and registered with Filter Manager.","MachineName":"DESKTOP-OIQSE1G","UserId":{"BinaryLength":12,"AccountDomainSid":null,"Value":"S-1-5-18"},"TaskDisplayName":null,"ProcessId":4,"ThreadId":8},{"TimeCreated":"2025-04-18 20:09:53","LogName":"System","Level":"Information","EventID":6,"ProviderName":"Microsoft-Windows-FilterManager","Message":"File System Filter \u0027FileCrypt\u0027 (10.0,  2075 - 08 - 31T16:07:07.000000000Z) has successfully loaded and registered with Filter Manager.","MachineName":"DESKTOP-OIQSE1G","UserId":{"BinaryLength":12,"AccountDomainSid":null,"Value":"S-1-5-18"},"TaskDisplayName":null,"ProcessId":4,"ThreadId":8},{"TimeCreated":"2025-04-18 20:09:53","LogName":"System","Level":"Information","EventID":98,"ProviderName":"Microsoft-Windows-Ntfs","Message":"Volume C: (\\Device\\HarddiskVolume2) is healthy.  No action is needed.","MachineName":"DESKTOP-OIQSE1G","UserId":{"BinaryLength":12,"AccountDomainSid":null,"Value":"S-1-5-18"},"TaskDisplayName":null,"ProcessId":4,"ThreadId":360},{"TimeCreated":"2025-04-18 20:09:52","LogName":"System","Level":"Information","EventID":6,"ProviderName":"Microsoft-Windows-FilterManager","Message":"File System Filter \u0027WdFilter\u0027 (10.0,  1976 - 10 - 05T17:28:23.000000000Z) has successfully loaded and registered with Filter Manager.","MachineName":"DESKTOP-OIQSE1G","UserId":{"BinaryLength":12,"AccountDomainSid":null,"Value":"S-1-5-18"},"TaskDisplayName":null,"ProcessId":4,"ThreadId":8},{"TimeCreated":"2025-04-18 20:09:52","LogName":"System","Level":"Information","EventID":6,"ProviderName":"Microsoft-Windows-FilterManager","Message":"File System Filter \u0027Wof\u0027 (10.0,  2045 - 11 - 26T11:03:37.000000000Z) has successfully loaded and registered with Filter Manager.","MachineName":"DESKTOP-OIQSE1G","UserId":{"BinaryLength":12,"AccountDomainSid":null,"Value":"S-1-5-18"},"TaskDisplayName":null,"ProcessId":4,"ThreadId":8},{"TimeCreated":"2025-04-18 20:09:52","LogName":"System","Level":"Information","EventID":6,"ProviderName":"Microsoft-Windows-FilterManager","Message":"File System Filter \u0027FileInfo\u0027 (10.0,  2093 - 04 - 01T19:29:43.000000000Z) has successfully loaded and registered with Filter Manager.","MachineName":"DESKTOP-OIQSE1G","UserId":{"BinaryLength":12,"AccountDomainSid":null,"Value":"S-1-5-18"},"TaskDisplayName":null,"ProcessId":4,"ThreadId":8},{"TimeCreated":"2025-04-18 20:09:52","LogName":"System","Level":"Information","EventID":16,"ProviderName":"Microsoft-Windows-HAL","Message":"IOMMU fault reporting has been initialized.","MachineName":"DESKTOP-OIQSE1G","UserId":{"BinaryLength":12,"AccountDomainSid":null,"Value":"S-1-5-18"},"TaskDisplayName":null,"ProcessId":4,"ThreadId":8},{"TimeCreated":"2025-04-18 20:09:52","LogName":"System","Level":"Information","EventID":20,"ProviderName":"Microsoft-Windows-Kernel-General","Message":"The leap second configuration has been updated.\\nReason: Leap second data initialized from registry during boot\\nLeap seconds enabled: true\\nNew leap second count: 0\\nOld leap second count: 0","MachineName":"DESKTOP-OIQSE1G","UserId":{"BinaryLength":12,"AccountDomainSid":null,"Value":"S-1-5-18"},"TaskDisplayName":null,"ProcessId":4,"ThreadId":8},{"TimeCreated":"2025-04-18 20:09:52","LogName":"System","Level":"Information","EventID":30,"ProviderName":"Microsoft-Windows-Kernel-Boot","Message":"The firmware reported boot metrics.","MachineName":"DESKTOP-OIQSE1G","UserId":{"BinaryLength":12,"AccountDomainSid":null,"Value":"S-1-5-18"},"TaskDisplayName":null,"ProcessId":4,"ThreadId":8},{"TimeCreated":"2025-04-18 20:09:52","LogName":"System","Level":"Information","EventID":27,"ProviderName":"Microsoft-Windows-Kernel-Boot","Message":"The boot type was 0x0.","MachineName":"DESKTOP-OIQSE1G","UserId":{"BinaryLength":12,"AccountDomainSid":null,"Value":"S-1-5-18"},"TaskDisplayName":null,"ProcessId":4,"ThreadId":8},{"TimeCreated":"2025-04-18 20:09:52","LogName":"System","Level":"Information","EventID":25,"ProviderName":"Microsoft-Windows-Kernel-Boot","Message":"The boot menu policy was 0x1.","MachineName":"DESKTOP-OIQSE1G","UserId":{"BinaryLength":12,"AccountDomainSid":null,"Value":"S-1-5-18"},"TaskDisplayName":null,"ProcessId":4,"ThreadId":8},{"TimeCreated":"2025-04-18 20:09:52","LogName":"System","Level":"Information","EventID":238,"ProviderName":"Microsoft-Windows-Kernel-Boot","Message":"EFI time zone bias: 2047. Daylight flags: 0. Firmware time:  2025 - 04 - 18T20:09:50.000000000Z.","MachineName":"DESKTOP-OIQSE1G","UserId":{"BinaryLength":12,"AccountDomainSid":null,"Value":"S-1-5-18"},"TaskDisplayName":null,"ProcessId":4,"ThreadId":8},{"TimeCreated":"2025-04-18 20:09:52","LogName":"System","Level":"Information","EventID":247,"ProviderName":"Microsoft-Windows-Kernel-Boot","Message":"Unable to load Pluton-Windows firmware. StatusCode: STATUS_SUCCESS, Reason: Failed to apply firmware.","MachineName":"DESKTOP-OIQSE1G","UserId":{"BinaryLength":12,"AccountDomainSid":null,"Value":"S-1-5-18"},"TaskDisplayName":null,"ProcessId":4,"ThreadId":8},{"TimeCreated":"2025-04-18 20:09:52","LogName":"System","Level":"Information","EventID":20,"ProviderName":"Microsoft-Windows-Kernel-Boot","Message":"The last shutdown\u0027s success status was true. The last boot\u0027s success status was true.","MachineName":"DESKTOP-OIQSE1G","UserId":{"BinaryLength":12,"AccountDomainSid":null,"Value":"S-1-5-18"},"TaskDisplayName":null,"ProcessId":4,"ThreadId":8},{"TimeCreated":"2025-04-18 20:09:52","LogName":"System","Level":"Information","EventID":32,"ProviderName":"Microsoft-Windows-Kernel-Boot","Message":"The bootmgr spent 0 ms waiting for user input.","MachineName":"DESKTOP-OIQSE1G","UserId":{"BinaryLength":12,"AccountDomainSid":null,"Value":"S-1-5-18"},"TaskDisplayName":null,"ProcessId":4,"ThreadId":8},{"TimeCreated":"2025-04-18 20:09:52","LogName":"System","Level":"Information","EventID":18,"ProviderName":"Microsoft-Windows-Kernel-Boot","Message":"There are 0x1 boot options on this system.","MachineName":"DESKTOP-OIQSE1G","UserId":{"BinaryLength":12,"AccountDomainSid":null,"Value":"S-1-5-18"},"TaskDisplayName":null,"ProcessId":4,"ThreadId":8},{"TimeCreated":"2025-04-18 20:09:52","LogName":"System","Level":"Information","EventID":153,"ProviderName":"Microsoft-Windows-Kernel-Boot","Message":"Virtualization-based security (policies: 0) is disabled.","MachineName":"DESKTOP-OIQSE1G","UserId":{"BinaryLength":12,"AccountDomainSid":null,"Value":"S-1-5-18"},"TaskDisplayName":null,"ProcessId":4,"ThreadId":8},{"TimeCreated":"2025-04-18 20:09:52","LogName":"System","Level":"Information","EventID":25,"ProviderName":"Microsoft-Windows-Kernel-General","Message":"The system time was initialized to  2025 - 04 - 19T02:09:51.500000000Z. \\n\\nLoader time:  2025 - 04 - 19T02:09:50.000000000Z\\nInternal boot flags: 0x2\\nHAL RTC error code: 0x0\\nRTC time is in UTC: false\\nSoft boot: false\\nSuccess: true\\nPhase: 0","MachineName":"DESKTOP-OIQSE1G","UserId":{"BinaryLength":12,"AccountDomainSid":null,"Value":"S-1-5-18"},"TaskDisplayName":null,"ProcessId":4,"ThreadId":8},{"TimeCreated":"2025-04-18 20:09:52","LogName":"System","Level":"Information","EventID":12,"ProviderName":"Microsoft-Windows-Kernel-General","Message":"The operating system started at system time  2025 - 04 - 19T02:09:51.500000000Z.","MachineName":"DESKTOP-OIQSE1G","UserId":{"BinaryLength":12,"AccountDomainSid":null,"Value":"S-1-5-18"},"TaskDisplayName":null,"ProcessId":4,"ThreadId":8},{"TimeCreated":"2025-04-18 20:09:36","LogName":"System","Level":"Information","EventID":13,"ProviderName":"Microsoft-Windows-Kernel-General","Message":"The operating system is shutting down at system time  2025 - 04 - 19T02:09:36.137278700Z.","MachineName":"DESKTOP-OIQSE1G","UserId":null,"TaskDisplayName":null,"ProcessId":4,"ThreadId":59600},{"TimeCreated":"2025-04-18 20:09:36","LogName":"System","Level":"Information","EventID":577,"ProviderName":"Microsoft-Windows-Kernel-Power","Message":"The system has prepared for a system initiated reboot from Active.","MachineName":"DESKTOP-OIQSE1G","UserId":null,"TaskDisplayName":null,"ProcessId":4,"ThreadId":59600},{"TimeCreated":"2025-04-18 20:09:35","LogName":"System","Level":"Information","EventID":109,"ProviderName":"Microsoft-Windows-Kernel-Power","Message":"The kernel power manager has initiated a shutdown transition.\\n\\nAction: Power Action Reboot \\nEvent Code: 0x0 \\nReason: Kernel API","MachineName":"DESKTOP-OIQSE1G","UserId":{"BinaryLength":12,"AccountDomainSid":null,"Value":"S-1-5-18"},"TaskDisplayName":null,"ProcessId":1128,"ThreadId":1132},{"TimeCreated":"2025-04-18 20:09:31","LogName":"System","Level":"Information","EventID":117,"ProviderName":"Microsoft-Windows-HttpService","Message":"Delete URL group 0xFE00000920000001. Status 0x0. Process Id 0x1E50 Executable path \\Device\\HarddiskVolume2\\Windows\\System32\\svchost.exe, User S-1-5-19","MachineName":"DESKTOP-OIQSE1G","UserId":{"BinaryLength":12,"AccountDomainSid":null,"Value":"S-1-5-19"},"TaskDisplayName":"HTTP Configuration Property Trace Task","ProcessId":7760,"ThreadId":44448},{"TimeCreated":"2025-04-18 20:09:31","LogName":"System","Level":"Information","EventID":114,"ProviderName":"Microsoft-Windows-HttpService","Message":"Removed URL (http://*:5357/3572d8e1-45e6-4600-8a18-a29304c32767/) from URL group (0xFE00000920000001). Process Id 0x1E50 Executable path \\Device\\HarddiskVolume2\\Windows\\System32\\svchost.exe, User S-1-5-19","MachineName":"DESKTOP-OIQSE1G","UserId":{"BinaryLength":12,"AccountDomainSid":null,"Value":"S-1-5-19"},"TaskDisplayName":"HTTP Configuration Property Trace Task","ProcessId":7760,"ThreadId":44448},{"TimeCreated":"2025-04-18 20:09:30","LogName":"System","Level":"Information","EventID":4001,"ProviderName":"Microsoft-Windows-WLAN-AutoConfig","Message":"WLAN AutoConfig service has successfully stopped.\\n","MachineName":"DESKTOP-OIQSE1G","UserId":{"BinaryLength":12,"AccountDomainSid":null,"Value":"S-1-5-18"},"TaskDisplayName":null,"ProcessId":3676,"ThreadId":36708},{"TimeCreated":"2025-04-18 20:09:30","LogName":"System","Level":"Warning","EventID":10002,"ProviderName":"Microsoft-Windows-WLAN-AutoConfig","Message":"WLAN Extensibility Module has stopped.\\n\\nModule Path: C:\\WINDOWS\\system32\\IntelIHVRouter04.dll\\n","MachineName":"DESKTOP-OIQSE1G","UserId":{"BinaryLength":12,"AccountDomainSid":null,"Value":"S-1-5-18"},"TaskDisplayName":null,"ProcessId":3676,"ThreadId":36708},{"TimeCreated":"2025-04-18 20:09:30","LogName":"System","Level":"Information","EventID":117,"ProviderName":"Microsoft-Windows-HttpService","Message":"Delete URL group 0xFE00000120000001. Status 0x0. Process Id 0xFBC Executable path \\Device\\HarddiskVolume2\\Windows\\System32\\spoolsv.exe, User S-1-5-18","MachineName":"DESKTOP-OIQSE1G","UserId":{"BinaryLength":12,"AccountDomainSid":null,"Value":"S-1-5-18"},"TaskDisplayName":"HTTP Configuration Property Trace Task","ProcessId":4028,"ThreadId":45480},{"TimeCreated":"2025-04-18 20:10:01","LogName":"System","Level":"Information","EventID":6013,"ProviderName":"EventLog","Message":"The system uptime is 9 seconds.","MachineName":"DESKTOP-OIQSE1G","UserId":null,"TaskDisplayName":"None","ProcessId":2564,"ThreadId":2696},{"TimeCreated":"2025-04-18 20:10:01","LogName":"System","Level":"Information","EventID":6005,"ProviderName":"EventLog","Message":"The Event log service was started.","MachineName":"DESKTOP-OIQSE1G","UserId":null,"TaskDisplayName":"None","ProcessId":2564,"ThreadId":2696},{"TimeCreated":"2025-04-18 20:10:01","LogName":"System","Level":"Information","EventID":6009,"ProviderName":"EventLog","Message":"Microsoft (R) Windows (R) 10.00. 26100  Multiprocessor Free.","MachineName":"DESKTOP-OIQSE1G","UserId":null,"TaskDisplayName":"None","ProcessId":2564,"ThreadId":2696},{"TimeCreated":"2025-04-18 20:09:30","LogName":"System","Level":"Information","EventID":50037,"ProviderName":"Microsoft-Windows-Dhcp-Client","Message":"DHCPv4 client service is stopped. ShutDown Flag value is 1","MachineName":"DESKTOP-OIQSE1G","UserId":{"BinaryLength":12,"AccountDomainSid":null,"Value":"S-1-5-19"},"TaskDisplayName":"Service State Event","ProcessId":2952,"ThreadId":2976},{"TimeCreated":"2025-04-18 20:09:30","LogName":"System","Level":"Information","EventID":50106,"ProviderName":"Microsoft-Windows-Dhcp-Client","Message":"DHCPv4 is waiting on DHCPv6 service to stop","MachineName":"DESKTOP-OIQSE1G","UserId":{"BinaryLength":12,"AccountDomainSid":null,"Value":"S-1-5-19"},"TaskDisplayName":"Service State Event","ProcessId":2952,"ThreadId":2976},{"TimeCreated":"2025-04-18 20:09:30","LogName":"System","Level":"Information","EventID":51057,"ProviderName":"Microsoft-Windows-DHCPv6-Client","Message":"DHCPv6 client service stop is almost done.DHCP Context Ref count is 1","MachineName":"DESKTOP-OIQSE1G","UserId":{"BinaryLength":12,"AccountDomainSid":null,"Value":"S-1-5-19"},"TaskDisplayName":"Service State Event","ProcessId":2952,"ThreadId":2984},{"TimeCreated":"2025-04-18 20:09:30","LogName":"System","Level":"Information","EventID":51047,"ProviderName":"Microsoft-Windows-DHCPv6-Client","Message":"DHCPv6 client service is stopped. ShutDown Flag value is 1","MachineName":"DESKTOP-OIQSE1G","UserId":{"BinaryLength":12,"AccountDomainSid":null,"Value":"S-1-5-19"},"TaskDisplayName":"Service State Event","ProcessId":2952,"ThreadId":2984},{"TimeCreated":"2025-04-18 20:09:30","LogName":"System","Level":"Information","EventID":50105,"ProviderName":"Microsoft-Windows-Dhcp-Client","Message":"DHCPv4 client ProcessDHCPRequestForever received TERMINATE_EVENT","MachineName":"DESKTOP-OIQSE1G","UserId":{"BinaryLength":12,"AccountDomainSid":null,"Value":"S-1-5-19"},"TaskDisplayName":"Service State Event","ProcessId":2952,"ThreadId":2976},{"TimeCreated":"2025-04-18 20:09:30","LogName":"System","Level":"Information","EventID":50104,"ProviderName":"Microsoft-Windows-Dhcp-Client","Message":"DHCPv4 client received shutdown notification","MachineName":"DESKTOP-OIQSE1G","UserId":{"BinaryLength":12,"AccountDomainSid":null,"Value":"S-1-5-19"},"TaskDisplayName":"Service State Event","ProcessId":2952,"ThreadId":2956},{"TimeCreated":"2025-04-18 20:09:30","LogName":"System","Level":"Information","EventID":1,"ProviderName":"Microsoft-Windows-Kernel-General","Message":"The system time has changed to  2025 - 04 - 19T02:09:30.465622700Z from  2025 - 04 - 19T02:09:30.451231200Z.\\nTime Delta: 14 ms\\n\\nChange Reason: An application or system component changed the time.\\nProcess: \u0027\\Device\\HarddiskVolume2\\Windows\\System32\\svchost.exe\u0027 (PID 17492).\\n\\nRTC time:  2025 - 04 - 18T20:09:30.465622700Z\\nCurrent time zone bias: 360\\nRTC time is in UTC: false\\nSystem time was based on RTC time: false","MachineName":"DESKTOP-OIQSE1G","UserId":{"BinaryLength":12,"AccountDomainSid":null,"Value":"S-1-5-19"},"TaskDisplayName":null,"ProcessId":17492,"ThreadId":7440},{"TimeCreated":"2025-04-18 20:09:30","LogName":"System","Level":"Information","EventID":24,"ProviderName":"Microsoft-Windows-Kernel-General","Message":"The time zone information was refreshed with exit reason 0. Current time zone bias is 360.","MachineName":"DESKTOP-OIQSE1G","UserId":{"BinaryLength":12,"AccountDomainSid":null,"Value":"S-1-5-19"},"TaskDisplayName":null,"ProcessId":17492,"ThreadId":7440},{"TimeCreated":"2025-04-18 20:09:30","LogName":"System","Level":"Error","EventID":7043,"ProviderName":"Service Control Manager","Message":"The Wildix Integration Service service did not shut down properly after receiving a preshutdown control.","MachineName":"DESKTOP-OIQSE1G","UserId":null,"TaskDisplayName":null,"ProcessId":1208,"ThreadId":21412},{"TimeCreated":"2025-04-18 20:09:30","LogName":"System","Level":"Information","EventID":6006,"ProviderName":"EventLog","Message":"The Event log service was stopped.","MachineName":"DESKTOP-OIQSE1G","UserId":null,"TaskDisplayName":"None","ProcessId":2308,"ThreadId":37668},{"TimeCreated":"2025-04-18 20:09:14","LogName":"System","Level":"Error","EventID":7043,"ProviderName":"Service Control Manager","Message":"The Energy Server Service queencreek service did not shut down properly after receiving a preshutdown control.","MachineName":"DESKTOP-OIQSE1G","UserId":null,"TaskDisplayName":null,"ProcessId":1208,"ThreadId":21412},{"TimeCreated":"2025-04-18 20:08:58","LogName":"System","Level":"Information","EventID":7002,"ProviderName":"Microsoft-Windows-Winlogon","Message":"User Logoff Notification for Customer Experience Improvement Program","MachineName":"DESKTOP-OIQSE1G","UserId":{"BinaryLength":12,"AccountDomainSid":null,"Value":"S-1-5-18"},"TaskDisplayName":null,"ProcessId":1288,"ThreadId":1672},{"TimeCreated":"2025-04-18 20:08:57","LogName":"System","Level":"Warning","EventID":100,"ProviderName":"winsrvext","Message":"Process C:\\Program Files\\Microsoft OneDrive\\OneDrive.exe is delaying system shutdown after 5844 milliseconds.","MachineName":"DESKTOP-OIQSE1G","UserId":{"BinaryLength":12,"AccountDomainSid":null,"Value":"S-1-5-18"},"TaskDisplayName":null,"ProcessId":1136,"ThreadId":29368},{"TimeCreated":"2025-04-18 20:08:56","LogName":"System","Level":"Warning","EventID":100,"ProviderName":"winsrvext","Message":"Process C:\\Program Files\\LogiOptionsPlus\\logioptionsplus_agent.exe is delaying system shutdown after 5016 milliseconds.","MachineName":"DESKTOP-OIQSE1G","UserId":{"BinaryLength":12,"AccountDomainSid":null,"Value":"S-1-5-18"},"TaskDisplayName":null,"ProcessId":1136,"ThreadId":34584},{"TimeCreated":"2025-04-18 20:08:55","LogName":"System","Level":"Error","EventID":10010,"ProviderName":"Microsoft-Windows-DistributedCOM","Message":"The server {A463FCB9-6B1C-4E0D-A80B-A2CA7999E25D} did not register with DCOM within the required timeout.","MachineName":"DESKTOP-OIQSE1G","UserId":{"BinaryLength":28,"AccountDomainSid":{"BinaryLength":24,"AccountDomainSid":{"BinaryLength":24,"AccountDomainSid":{"BinaryLength":24,"AccountDomainSid":{"BinaryLength":24,"AccountDomainSid":{"BinaryLength":24,"AccountDomainSid":{"BinaryLength":24,"AccountDomainSid":"S-1-5-21-3773365355-1627060674-2487742414","Value":"S-1-5-21-3773365355-1627060674-2487742414"},"Value":"S-1-5-21-3773365355-1627060674-2487742414"},"Value":"S-1-5-21-3773365355-1627060674-2487742414"},"Value":"S-1-5-21-3773365355-1627060674-2487742414"},"Value":"S-1-5-21-3773365355-1627060674-2487742414"},"Value":"S-1-5-21-3773365355-1627060674-2487742414"},"Value":"S-1-5-21-3773365355-1627060674-2487742414-1001"},"TaskDisplayName":null,"ProcessId":1564,"ThreadId":22320},{"TimeCreated":"2025-04-18 20:08:47","LogName":"System","Level":"Error","EventID":10010,"ProviderName":"Microsoft-Windows-DistributedCOM","Message":"The server {38E441FB-3D16-422F-8750-B2DACEC5CEFC} did not register with DCOM within the required timeout.","MachineName":"DESKTOP-OIQSE1G","UserId":{"BinaryLength":28,"AccountDomainSid":{"BinaryLength":24,"AccountDomainSid":{"BinaryLength":24,"AccountDomainSid":{"BinaryLength":24,"AccountDomainSid":{"BinaryLength":24,"AccountDomainSid":{"BinaryLength":24,"AccountDomainSid":{"BinaryLength":24,"AccountDomainSid":"S-1-5-21-3773365355-1627060674-2487742414","Value":"S-1-5-21-3773365355-1627060674-2487742414"},"Value":"S-1-5-21-3773365355-1627060674-2487742414"},"Value":"S-1-5-21-3773365355-1627060674-2487742414"},"Value":"S-1-5-21-3773365355-1627060674-2487742414"},"Value":"S-1-5-21-3773365355-1627060674-2487742414"},"Value":"S-1-5-21-3773365355-1627060674-2487742414"},"Value":"S-1-5-21-3773365355-1627060674-2487742414-1001"},"TaskDisplayName":null,"ProcessId":1564,"ThreadId":52936},{"TimeCreated":"2025-04-18 20:08:47","LogName":"System","Level":"Error","EventID":10010,"ProviderName":"Microsoft-Windows-DistributedCOM","Message":"The server {38E441FB-3D16-422F-8750-B2DACEC5CEFC} did not register with DCOM within the required timeout.","MachineName":"DESKTOP-OIQSE1G","UserId":{"BinaryLength":28,"AccountDomainSid":{"BinaryLength":24,"AccountDomainSid":{"BinaryLength":24,"AccountDomainSid":{"BinaryLength":24,"AccountDomainSid":{"BinaryLength":24,"AccountDomainSid":{"BinaryLength":24,"AccountDomainSid":{"BinaryLength":24,"AccountDomainSid":"S-1-5-21-3773365355-1627060674-2487742414","Value":"S-1-5-21-3773365355-1627060674-2487742414"},"Value":"S-1-5-21-3773365355-1627060674-2487742414"},"Value":"S-1-5-21-3773365355-1627060674-2487742414"},"Value":"S-1-5-21-3773365355-1627060674-2487742414"},"Value":"S-1-5-21-3773365355-1627060674-2487742414"},"Value":"S-1-5-21-3773365355-1627060674-2487742414"},"Value":"S-1-5-21-3773365355-1627060674-2487742414-1001"},"TaskDisplayName":null,"ProcessId":1564,"ThreadId":52936},{"TimeCreated":"2025-04-18 20:08:47","LogName":"System","Level":"Error","EventID":10010,"ProviderName":"Microsoft-Windows-DistributedCOM","Message":"The server {38E441FB-3D16-422F-8750-B2DACEC5CEFC} did not register with DCOM within the required timeout.","MachineName":"DESKTOP-OIQSE1G","UserId":{"BinaryLength":28,"AccountDomainSid":{"BinaryLength":24,"AccountDomainSid":{"BinaryLength":24,"AccountDomainSid":{"BinaryLength":24,"AccountDomainSid":{"BinaryLength":24,"AccountDomainSid":{"BinaryLength":24,"AccountDomainSid":{"BinaryLength":24,"AccountDomainSid":"S-1-5-21-3773365355-1627060674-2487742414","Value":"S-1-5-21-3773365355-1627060674-2487742414"},"Value":"S-1-5-21-3773365355-1627060674-2487742414"},"Value":"S-1-5-21-3773365355-1627060674-2487742414"},"Value":"S-1-5-21-3773365355-1627060674-2487742414"},"Value":"S-1-5-21-3773365355-1627060674-2487742414"},"Value":"S-1-5-21-3773365355-1627060674-2487742414"},"Value":"S-1-5-21-3773365355-1627060674-2487742414-1001"},"TaskDisplayName":null,"ProcessId":1564,"ThreadId":52936},{"TimeCreated":"2025-04-18 20:08:46","LogName":"System","Level":"Error","EventID":10010,"ProviderName":"Microsoft-Windows-DistributedCOM","Message":"The server {38E441FB-3D16-422F-8750-B2DACEC5CEFC} did not register with DCOM within the required timeout.","MachineName":"DESKTOP-OIQSE1G","UserId":{"BinaryLength":28,"AccountDomainSid":{"BinaryLength":24,"AccountDomainSid":{"BinaryLength":24,"AccountDomainSid":{"BinaryLength":24,"AccountDomainSid":{"BinaryLength":24,"AccountDomainSid":{"BinaryLength":24,"AccountDomainSid":{"BinaryLength":24,"AccountDomainSid":"S-1-5-21-3773365355-1627060674-2487742414","Value":"S-1-5-21-3773365355-1627060674-2487742414"},"Value":"S-1-5-21-3773365355-1627060674-2487742414"},"Value":"S-1-5-21-3773365355-1627060674-2487742414"},"Value":"S-1-5-21-3773365355-1627060674-2487742414"},"Value":"S-1-5-21-3773365355-1627060674-2487742414"},"Value":"S-1-5-21-3773365355-1627060674-2487742414"},"Value":"S-1-5-21-3773365355-1627060674-2487742414-1001"},"TaskDisplayName":null,"ProcessId":1564,"ThreadId":52936},{"TimeCreated":"2025-04-18 20:08:46","LogName":"System","Level":"Error","EventID":10010,"ProviderName":"Microsoft-Windows-DistributedCOM","Message":"The server {38E441FB-3D16-422F-8750-B2DACEC5CEFC} did not register with DCOM within the required timeout.","MachineName":"DESKTOP-OIQSE1G","UserId":{"BinaryLength":28,"AccountDomainSid":{"BinaryLength":24,"AccountDomainSid":{"BinaryLength":24,"AccountDomainSid":{"BinaryLength":24,"AccountDomainSid":{"BinaryLength":24,"AccountDomainSid":{"BinaryLength":24,"AccountDomainSid":{"BinaryLength":24,"AccountDomainSid":"S-1-5-21-3773365355-1627060674-2487742414","Value":"S-1-5-21-3773365355-1627060674-2487742414"},"Value":"S-1-5-21-3773365355-1627060674-2487742414"},"Value":"S-1-5-21-3773365355-1627060674-2487742414"},"Value":"S-1-5-21-3773365355-1627060674-2487742414"},"Value":"S-1-5-21-3773365355-1627060674-2487742414"},"Value":"S-1-5-21-3773365355-1627060674-2487742414"},"Value":"S-1-5-21-3773365355-1627060674-2487742414-1001"},"TaskDisplayName":null,"ProcessId":1564,"ThreadId":12584},{"TimeCreated":"2025-04-18 20:08:46","LogName":"System","Level":"Warning","EventID":10016,"ProviderName":"Microsoft-Windows-DistributedCOM","Message":"The application-specific permission settings do not grant Local Activation permission for the COM Server application with CLSID \\n{2593F8B9-4EAF-457C-B68A-50F6B8EA6B54}\\n and APPID \\n{15C20B67-12E7-4BB6-92BB-7AFF07997402}\\n to the user DESKTOP-OIQSE1G\\mkroe SID (S-1-5-21-3773365355-1627060674-2487742414-1001) from address LocalHost (Using LRPC) running in the application container Unavailable SID (Unavailable). This security permission can be modified using the Component Services administrative tool.","MachineName":"DESKTOP-OIQSE1G","UserId":{"BinaryLength":28,"AccountDomainSid":{"BinaryLength":24,"AccountDomainSid":{"BinaryLength":24,"AccountDomainSid":{"BinaryLength":24,"AccountDomainSid":{"BinaryLength":24,"AccountDomainSid":{"BinaryLength":24,"AccountDomainSid":{"BinaryLength":24,"AccountDomainSid":"S-1-5-21-3773365355-1627060674-2487742414","Value":"S-1-5-21-3773365355-1627060674-2487742414"},"Value":"S-1-5-21-3773365355-1627060674-2487742414"},"Value":"S-1-5-21-3773365355-1627060674-2487742414"},"Value":"S-1-5-21-3773365355-1627060674-2487742414"},"Value":"S-1-5-21-3773365355-1627060674-2487742414"},"Value":"S-1-5-21-3773365355-1627060674-2487742414"},"Value":"S-1-5-21-3773365355-1627060674-2487742414-1001"},"TaskDisplayName":null,"ProcessId":1564,"ThreadId":52936},{"TimeCreated":"2025-04-18 20:08:46","LogName":"System","Level":"Information","EventID":1074,"ProviderName":"User32","Message":"The process C:\\Windows\\System32\\RuntimeBroker.exe (DESKTOP-OIQSE1G) has initiated the restart of computer DESKTOP-OIQSE1G on behalf of user DESKTOP-OIQSE1G\\mkroe for the following reason: Other (Unplanned)\\n Reason Code: 0x0\\n Shutdown Type: restart\\n Comment: ","MachineName":"DESKTOP-OIQSE1G","UserId":{"BinaryLength":28,"AccountDomainSid":{"BinaryLength":24,"AccountDomainSid":{"BinaryLength":24,"AccountDomainSid":{"BinaryLength":24,"AccountDomainSid":{"BinaryLength":24,"AccountDomainSid":{"BinaryLength":24,"AccountDomainSid":{"BinaryLength":24,"AccountDomainSid":"S-1-5-21-3773365355-1627060674-2487742414","Value":"S-1-5-21-3773365355-1627060674-2487742414"},"Value":"S-1-5-21-3773365355-1627060674-2487742414"},"Value":"S-1-5-21-3773365355-1627060674-2487742414"},"Value":"S-1-5-21-3773365355-1627060674-2487742414"},"Value":"S-1-5-21-3773365355-1627060674-2487742414"},"Value":"S-1-5-21-3773365355-1627060674-2487742414"},"Value":"S-1-5-21-3773365355-1627060674-2487742414-1001"},"TaskDisplayName":null,"ProcessId":708,"ThreadId":26140},