{"TimeCreated":"2025-04-18 20:10:14","LogName":"Application","Level":"Information","EventID":1001,"ProviderName":"Windows Error Reporting","Message":"Fault bucket INVALID_REQUEST, type 0\\nEvent Name: app_critical_error\\nResponse: Not available\\nCab Id: 0\\n\\nProblem signature:\\nP1: \\nP2: \\nP3: \\nP4: \\nP5: \\nP6: \\nP7: \\nP8: \\nP9: \\nP10: \\n\\nAttached files:\\n\\\\?\\C:\\ProgramData\\Microsoft\\Windows\\WER\\Temp\\WER.edf3ee28-a32e-40d0-80fd-e9950a78f51c.tmp.WERInternalMetadata.xml\\n\\\\?\\C:\\ProgramData\\Microsoft\\Windows\\WER\\Temp\\WER.3d26843c-dee0-4dab-8955-89fe29b6d958.tmp.xml\\n\\nThese files may be available here:\\n\\\\?\\C:\\ProgramData\\Microsoft\\Windows\\WER\\ReportArchive\\Critical_0_0_00000000_bdae89d9-5e4a-4686-a219-f63d11eab373\\n\\nAnalysis symbol: \\nRechecking for solution: 0\\nReport Id: bdae89d9-5e4a-4686-a219-f63d11eab373\\nReport Status: 268959840\\nHashed bucket: \\nCab Guid: 0","MachineName":"DESKTOP-OIQSE1G","UserId":{"BinaryLength":12,"AccountDomainSid":null,"Value":"S-1-5-18"},"TaskDisplayName":null,"ProcessId":10972,"ThreadId":10976},{"TimeCreated":"2025-04-18 20:10:14","LogName":"Application","Level":"Error","EventID":86,"ProviderName":"Microsoft-Windows-CertificateServicesClient-CertEnroll","Message":"SCEP Certificate enrollment initialization for WORKGROUP\\DESKTOP-OIQSE1G$ via https://AMD-KeyId-907d65e9b562315997dd5ad086b2b7598957b92c.microsoftaik.azure.net/templates/Aik/scep failed:\\n\\nGetCACaps\nGetCACaps: Not Found\n{\"Message\":\"The authority \\\"amd-keyid-907d65e9b562315997dd5ad086b2b7598957b92c.microsoftaik.azure.net\\\" does not exist.\"}\nHTTP/1.1 404 Not Found\nDate: Sat, 19 Apr 2025 02:10:13 GMT\nContent-Length: 121\nContent-Type: application/json; charset=utf-8\nX-Content-Type-Options: nosniff\nStrict-Transport-Security: max-age=31536000;includeSubDomains\nx-ms-request-id: cbef4e8e-01eb-4303-be8b-41abcc97824e\n\\nMethod: GET(297ms)\\nStage: GetCACaps\\nNot found (404). 0x80190194 (-2145844844 HTTP_E_STATUS_NOT_FOUND)","MachineName":"DESKTOP-OIQSE1G","UserId":{"BinaryLength":12,"AccountDomainSid":null,"Value":"S-1-5-18"},"TaskDisplayName":null,"ProcessId":8960,"ThreadId":0},{"TimeCreated":"2025-04-18 20:10:13","LogName":"Application","Level":"Error","EventID":86,"ProviderName":"Microsoft-Windows-CertificateServicesClient-CertEnroll","Message":"SCEP Certificate enrollment initialization for Local system via https://AMD-KeyId-907d65e9b562315997dd5ad086b2b7598957b92c.microsoftaik.azure.net/templates/Aik/scep failed:\\n\\nGetCACaps\nGetCACaps: Not Found\n{\"Message\":\"The authority \\\"amd-keyid-907d65e9b562315997dd5ad086b2b7598957b92c.microsoftaik.azure.net\\\" does not exist.\"}\nHTTP/1.1 404 Not Found\nDate: Sat, 19 Apr 2025 02:10:13 GMT\nContent-Length: 121\nContent-Type: application/json; charset=utf-8\nX-Content-Type-Options: nosniff\nStrict-Transport-Security: max-age=31536000;includeSubDomains\nx-ms-request-id: 7c682071-2f21-4c4c-8e18-de9248b84dbc\n\\nMethod: GET(484ms)\\nStage: GetCACaps\\nNot found (404). 0x80190194 (-2145844844 HTTP_E_STATUS_NOT_FOUND)","MachineName":"DESKTOP-OIQSE1G","UserId":{"BinaryLength":12,"AccountDomainSid":null,"Value":"S-1-5-18"},"TaskDisplayName":null,"ProcessId":8960,"ThreadId":0},{"TimeCreated":"2025-04-18 20:10:13","LogName":"Application","Level":"Error","EventID":86,"ProviderName":"Microsoft-Windows-CertificateServicesClient-CertEnroll","Message":"SCEP Certificate enrollment initialization for WORKGROUP\\DESKTOP-OIQSE1G$ via https://AMD-KeyId-907d65e9b562315997dd5ad086b2b7598957b92c.microsoftaik.azure.net/templates/Aik/scep failed:\\n\\nGetCACaps\nGetCACaps: Not Found\n{\"Message\":\"The authority \\\"amd-keyid-907d65e9b562315997dd5ad086b2b7598957b92c.microsoftaik.azure.net\\\" does not exist.\"}\nHTTP/1.1 404 Not Found\nDate: Sat, 19 Apr 2025 02:10:13 GMT\nContent-Length: 121\nContent-Type: application/json; charset=utf-8\nX-Content-Type-Options: nosniff\nStrict-Transport-Security: max-age=31536000;includeSubDomains\nx-ms-request-id: 8ddee53f-9d91-4c76-aefd-8892a20d0085\n\\nMethod: GET(484ms)\\nStage: GetCACaps\\nNot found (404). 0x80190194 (-2145844844 HTTP_E_STATUS_NOT_FOUND)","MachineName":"DESKTOP-OIQSE1G","UserId":{"BinaryLength":12,"AccountDomainSid":null,"Value":"S-1-5-18"},"TaskDisplayName":null,"ProcessId":8960,"ThreadId":0},{"TimeCreated":"2025-04-18 20:10:04","LogName":"Application","Level":"Information","EventID":1003,"ProviderName":"Microsoft-Windows-Search","Message":"The Windows Search Service started.\n","MachineName":"DESKTOP-OIQSE1G","UserId":null,"TaskDisplayName":"Search service","ProcessId":10368,"ThreadId":0},{"TimeCreated":"2025-04-18 20:10:03","LogName":"Application","Level":"Information","EventID":5617,"ProviderName":"Microsoft-Windows-WMI","Message":"Windows Management Instrumentation Service subsystems initialized successfully","MachineName":"DESKTOP-OIQSE1G","UserId":{"BinaryLength":12,"AccountDomainSid":null,"Value":"S-1-5-18"},"TaskDisplayName":null,"ProcessId":5324,"ThreadId":5804},{"TimeCreated":"2025-04-18 20:10:03","LogName":"Application","Level":"Information","EventID":6000,"ProviderName":"Microsoft-Windows-Winlogon","Message":"The winlogon notification subscriber \u003cSessionEnv\u003e was unavailable to handle a notification event.","MachineName":"DESKTOP-OIQSE1G","UserId":null,"TaskDisplayName":null,"ProcessId":1296,"ThreadId":0},{"TimeCreated":"2025-04-18 20:10:02","LogName":"Application","Level":"Information","EventID":5615,"ProviderName":"Microsoft-Windows-WMI","Message":"Windows Management Instrumentation Service started sucessfully","MachineName":"DESKTOP-OIQSE1G","UserId":{"BinaryLength":12,"AccountDomainSid":null,"Value":"S-1-5-18"},"TaskDisplayName":null,"ProcessId":5324,"ThreadId":5816},{"TimeCreated":"2025-04-18 20:10:03","LogName":"Application","Level":"Warning","EventID":0,"ProviderName":"pgagent-pg17","Message":"Couldn\u0027t create the primary connection [Attempt #1]","MachineName":"DESKTOP-OIQSE1G","UserId":null,"TaskDisplayName":"None","ProcessId":5284,"ThreadId":0},{"TimeCreated":"2025-04-18 20:10:03","LogName":"Application","Level":"Information","EventID":0,"ProviderName":"PostgreSQL","Message":"Server started and accepting connections\n","MachineName":"DESKTOP-OIQSE1G","UserId":null,"TaskDisplayName":"None","ProcessId":4908,"ThreadId":0},{"TimeCreated":"2025-04-18 20:10:02","LogName":"Application","Level":"Information","EventID":0,"ProviderName":"SystemUsageReportSvc","Message":"Service started successfully.","MachineName":"DESKTOP-OIQSE1G","UserId":null,"TaskDisplayName":"None","ProcessId":5056,"ThreadId":0},{"TimeCreated":"2025-04-18 20:10:02","LogName":"Application","Level":"Information","EventID":0,"ProviderName":"PostgreSQL","Message":"2025-04-18 20:10:02 MDT LOG:  redirecting log output to logging collector process\n2025-04-18 20:10:02 MDT HINT:  Future log output will appear in directory \"log\".\n","MachineName":"DESKTOP-OIQSE1G","UserId":null,"TaskDisplayName":"None","ProcessId":7144,"ThreadId":0},{"TimeCreated":"2025-04-18 20:10:02","LogName":"Application","Level":"Information","EventID":1003,"ProviderName":"DSAService","Message":"DSAService.dll:7:Intel.DSA.Service.Service|OnStartTask|()|Initializing logging","MachineName":"DESKTOP-OIQSE1G","UserId":null,"TaskDisplayName":"None","ProcessId":4684,"ThreadId":0},{"TimeCreated":"2025-04-18 20:10:02","LogName":"Application","Level":"Information","EventID":1003,"ProviderName":"DSAService","Message":"DSAService.dll:7:DSAClientCore.Controllers.Computer.SettingsController|SetDownloadsDirectoryFallback|()|DownloadsDirectoryFallback changed.","MachineName":"DESKTOP-OIQSE1G","UserId":null,"TaskDisplayName":"None","ProcessId":4684,"ThreadId":0},{"TimeCreated":"2025-04-18 20:10:02","LogName":"Application","Level":"Information","EventID":1003,"ProviderName":"DSAService","Message":"DSAService.dll:7:DSAClientCore.Controllers.Computer.SettingsController|SetDsaDirectoryFallback|()|DsaDirectoryFallback changed.","MachineName":"DESKTOP-OIQSE1G","UserId":null,"TaskDisplayName":"None","ProcessId":4684,"ThreadId":0},{"TimeCreated":"2025-04-18 20:10:02","LogName":"Application","Level":"Information","EventID":1003,"ProviderName":"DSAService","Message":"DSAService.dll:7:DSAClientCore.Controllers.Computer.SettingsController|SetDsaDirectoryFallback|()|DsaDirectoryFallback changed.","MachineName":"DESKTOP-OIQSE1G","UserId":null,"TaskDisplayName":"None","ProcessId":4684,"ThreadId":0},{"TimeCreated":"2025-04-18 20:10:02","LogName":"Application","Level":"Information","EventID":0,"ProviderName":"DSAUpdateService","Message":"Service started successfully.","MachineName":"DESKTOP-OIQSE1G","UserId":null,"TaskDisplayName":"None","ProcessId":4692,"ThreadId":0},{"TimeCreated":"2025-04-18 20:10:02","LogName":"Application","Level":"Information","EventID":0,"ProviderName":"DSAService","Message":"Service started successfully.","MachineName":"DESKTOP-OIQSE1G","UserId":null,"TaskDisplayName":"None","ProcessId":4684,"ThreadId":0},{"TimeCreated":"2025-04-18 20:10:02","LogName":"Application","Level":"Information","EventID":0,"ProviderName":"PostgreSQL","Message":"Waiting for server startup...\n","MachineName":"DESKTOP-OIQSE1G","UserId":null,"TaskDisplayName":"None","ProcessId":4908,"ThreadId":0},{"TimeCreated":"2025-04-18 20:10:02","LogName":"Application","Level":"Information","EventID":100,"ProviderName":"Bonjour Service","Message":"Service started\n","MachineName":"DESKTOP-OIQSE1G","UserId":null,"TaskDisplayName":"None","ProcessId":4668,"ThreadId":0},{"TimeCreated":"2025-04-18 20:10:02","LogName":"Application","Level":"Information","EventID":100,"ProviderName":"Bonjour Service","Message":"Service initialized","MachineName":"DESKTOP-OIQSE1G","UserId":null,"TaskDisplayName":"None","ProcessId":4668,"ThreadId":0},{"TimeCreated":"2025-04-18 20:10:02","LogName":"Application","Level":"Information","EventID":0,"ProviderName":"AdobeARMservice","Message":"","MachineName":"DESKTOP-OIQSE1G","UserId":null,"TaskDisplayName":null,"ProcessId":4676,"ThreadId":0},{"TimeCreated":"2025-04-18 20:10:02","LogName":"Application","Level":"Information","EventID":100,"ProviderName":"Bonjour Service","Message":"Service initializing","MachineName":"DESKTOP-OIQSE1G","UserId":null,"TaskDisplayName":"None","ProcessId":4668,"ThreadId":0},{"TimeCreated":"2025-04-18 20:10:02","LogName":"Application","Level":"Information","EventID":0,"ProviderName":"RtkAudioUniversalService","Message":"","MachineName":"DESKTOP-OIQSE1G","UserId":null,"TaskDisplayName":null,"ProcessId":4976,"ThreadId":0},{"TimeCreated":"2025-04-18 20:10:01","LogName":"Application","Level":"Information","EventID":1531,"ProviderName":"Microsoft-Windows-User Profiles Service","Message":"The User Profile Service has started successfully.  \\n\\n","MachineName":"DESKTOP-OIQSE1G","UserId":{"BinaryLength":12,"AccountDomainSid":null,"Value":"S-1-5-18"},"TaskDisplayName":null,"ProcessId":2012,"ThreadId":872},{"TimeCreated":"2025-04-18 20:10:02","LogName":"Application","Level":"Information","EventID":6003,"ProviderName":"Microsoft-Windows-Winlogon","Message":"The winlogon notification subscriber \u003cSessionEnv\u003e was unavailable to handle a critical notification event.","MachineName":"DESKTOP-OIQSE1G","UserId":null,"TaskDisplayName":null,"ProcessId":1296,"ThreadId":0},{"TimeCreated":"2025-04-18 20:10:01","LogName":"Application","Level":"Information","EventID":4625,"ProviderName":"Microsoft-Windows-EventSystem","Message":"The EventSystem sub system is suppressing duplicate event log entries for a duration of 86400 seconds.  The suppression timeout can be controlled by a REG_DWORD value named SuppressDuplicateDuration under the following registry key: HKLM\\Software\\Microsoft\\EventSystem\\EventLog.","MachineName":"DESKTOP-OIQSE1G","UserId":null,"TaskDisplayName":null,"ProcessId":3424,"ThreadId":0},{"TimeCreated":"2025-04-18 20:09:31","LogName":"Application","Level":"Information","EventID":1001,"ProviderName":"Windows Error Reporting","Message":"Fault bucket , type 0\\nEvent Name: app_critical_error\\nResponse: Not available\\nCab Id: 0\\n\\nProblem signature:\\nP1: \\nP2: \\nP3: \\nP4: \\nP5: \\nP6: \\nP7: \\nP8: \\nP9: \\nP10: \\n\\nAttached files:\\n\\\\?\\C:\\ProgramData\\Microsoft\\Windows\\WER\\Temp\\WER.edf3ee28-a32e-40d0-80fd-e9950a78f51c.tmp.WERInternalMetadata.xml\\n\\\\?\\C:\\ProgramData\\Microsoft\\Windows\\WER\\Temp\\WER.3d26843c-dee0-4dab-8955-89fe29b6d958.tmp.xml\\n\\nThese files may be available here:\\n\\\\?\\C:\\ProgramData\\Microsoft\\Windows\\WER\\ReportQueue\\Critical_0_0_00000000_cab_bdae89d9-5e4a-4686-a219-f63d11eab373\\n\\nAnalysis symbol: \\nRechecking for solution: 0\\nReport Id: bdae89d9-5e4a-4686-a219-f63d11eab373\\nReport Status: 524388\\nHashed bucket: \\nCab Guid: 0","MachineName":"DESKTOP-OIQSE1G","UserId":{"BinaryLength":12,"AccountDomainSid":null,"Value":"S-1-5-18"},"TaskDisplayName":null,"ProcessId":4612,"ThreadId":4616},{"TimeCreated":"2025-04-18 20:09:30","LogName":"Application","Level":"Information","EventID":1532,"ProviderName":"Microsoft-Windows-User Profiles Service","Message":"The User Profile Service has stopped.  \\n\\n","MachineName":"DESKTOP-OIQSE1G","UserId":{"BinaryLength":12,"AccountDomainSid":null,"Value":"S-1-5-18"},"TaskDisplayName":null,"ProcessId":1248,"ThreadId":2092},{"TimeCreated":"2025-04-18 20:09:30","LogName":"Application","Level":"Information","EventID":0,"ProviderName":"DSAUpdateService","Message":"Service has been successfully shut down.","MachineName":"DESKTOP-OIQSE1G","UserId":null,"TaskDisplayName":"None","ProcessId":4452,"ThreadId":0},{"TimeCreated":"2025-04-18 20:09:30","LogName":"Application","Level":"Information","EventID":0,"ProviderName":"DSAService","Message":"Service has been successfully shut down.","MachineName":"DESKTOP-OIQSE1G","UserId":null,"TaskDisplayName":"None","ProcessId":4404,"ThreadId":0},{"TimeCreated":"2025-04-18 20:09:30","LogName":"Application","Level":"Information","EventID":0,"ProviderName":"RtkAudioUniversalService","Message":"","MachineName":"DESKTOP-OIQSE1G","UserId":null,"TaskDisplayName":null,"ProcessId":4632,"ThreadId":0},{"TimeCreated":"2025-04-18 20:08:58","LogName":"Application","Level":"Information","EventID":6000,"ProviderName":"Microsoft-Windows-Winlogon","Message":"The winlogon notification subscriber \u003cSessionEnv\u003e was unavailable to handle a notification event.","MachineName":"DESKTOP-OIQSE1G","UserId":null,"TaskDisplayName":null,"ProcessId":1288,"ThreadId":0},{"TimeCreated":"2025-04-18 20:08:58","LogName":"Application","Level":"Information","EventID":6000,"ProviderName":"Microsoft-Windows-Winlogon","Message":"The winlogon notification subscriber \u003cWSearch\u003e was unavailable to handle a notification event.","MachineName":"DESKTOP-OIQSE1G","UserId":null,"TaskDisplayName":null,"ProcessId":1288,"ThreadId":0},{"TimeCreated":"2025-04-18 20:08:51","LogName":"Application","Level":"Information","EventID":10001,"ProviderName":"Microsoft-Windows-Winsrv","Message":"The following application attempted to veto the shutdown: steam.exe.","MachineName":"DESKTOP-OIQSE1G","UserId":{"BinaryLength":12,"AccountDomainSid":null,"Value":"S-1-5-18"},"TaskDisplayName":null,"ProcessId":1136,"ThreadId":41116},{"TimeCreated":"2025-04-18 20:08:51","LogName":"Application","Level":"Information","EventID":10001,"ProviderName":"Microsoft-Windows-Winsrv","Message":"The following application attempted to veto the shutdown: OneDrive.exe.","MachineName":"DESKTOP-OIQSE1G","UserId":{"BinaryLength":12,"AccountDomainSid":null,"Value":"S-1-5-18"},"TaskDisplayName":null,"ProcessId":1136,"ThreadId":29368},{"TimeCreated":"2025-04-18 20:02:38","LogName":"Application","Level":"Information","EventID":16384,"ProviderName":"Microsoft-Windows-Security-SPP","Message":"Successfully scheduled Software Protection service for re-start at 2125-03-26T02:02:38Z. Reason: RulesEngine.","MachineName":"DESKTOP-OIQSE1G","UserId":null,"TaskDisplayName":null,"ProcessId":404,"ThreadId":0},{"TimeCreated":"2025-04-18 20:02:07","LogName":"Application","Level":"Information","EventID":16394,"ProviderName":"Microsoft-Windows-Security-SPP","Message":"Offline downlevel migration succeeded.","MachineName":"DESKTOP-OIQSE1G","UserId":null,"TaskDisplayName":null,"ProcessId":404,"ThreadId":0},{"TimeCreated":"2025-04-18 19:54:04","LogName":"Application","Level":"Information","EventID":1,"ProviderName":"Universal Print","Message":"Successfully received access_token for da9b70f6-5323-4ce6-ae5c-88dcc5082966 with OAuthClientId=dae89220-69ba-4957-a77a-47b78695e883 and OAuthAuthority=https://login.microsoftonline.com/3d9bab48-5f52-4b7d-a481-771eae5e6ed4","MachineName":"DESKTOP-OIQSE1G","UserId":null,"TaskDisplayName":"None","ProcessId":56044,"ThreadId":0},{"TimeCreated":"2025-04-18 19:54:04","LogName":"Application","Level":"Information","EventID":1,"ProviderName":"Universal Print","Message":"Successfully received access_token for da9b70f6-5323-4ce6-ae5c-88dcc5082966 with OAuthClientId=dae89220-69ba-4957-a77a-47b78695e883 and OAuthAuthority=https://login.microsoftonline.com/3d9bab48-5f52-4b7d-a481-771eae5e6ed4","MachineName":"DESKTOP-OIQSE1G","UserId":null,"TaskDisplayName":"None","ProcessId":56044,"ThreadId":0},{"TimeCreated":"2025-04-18 19:54:04","LogName":"Application","Level":"Information","EventID":1,"ProviderName":"Universal Print","Message":"Initialization Successful. Enabled=true, CloudPrintSolution=UniversalPrint, DiscoveryEndpoint=https://discovery.print.microsoft.com, OAuthAuthority=https://login.microsoftonline.com/3d9bab48-5f52-4b7d-a481-771eae5e6ed4, OAuthClientId=dae89220-69ba-4957-a77a-47b78695e883, DiscoveryResourceId=da9b70f6-5323-4ce6-ae5c-88dcc5082966, PrintResourceId=da9b70f6-5323-4ce6-ae5c-88dcc5082966","MachineName":"DESKTOP-OIQSE1G","UserId":null,"TaskDisplayName":"None","ProcessId":56044,"ThreadId":0},{"TimeCreated":"2025-04-18 19:54:04","LogName":"Application","Level":"Information","EventID":1,"ProviderName":"Universal Print","Message":"Successfully received access_token for da9b70f6-5323-4ce6-ae5c-88dcc5082966 with OAuthClientId=dae89220-69ba-4957-a77a-47b78695e883 and OAuthAuthority=https://login.microsoftonline.com/3d9bab48-5f52-4b7d-a481-771eae5e6ed4","MachineName":"DESKTOP-OIQSE1G","UserId":null,"TaskDisplayName":"None","ProcessId":56044,"ThreadId":0},{"TimeCreated":"2025-04-18 19:54:04","LogName":"Application","Level":"Information","EventID":1,"ProviderName":"Universal Print","Message":"Using cached state. State: Enabled","MachineName":"DESKTOP-OIQSE1G","UserId":null,"TaskDisplayName":"None","ProcessId":56044,"ThreadId":0},{"TimeCreated":"2025-04-18 19:54:04","LogName":"Application","Level":"Information","EventID":1,"ProviderName":"Universal Print","Message":"Device is Workplace Joined.","MachineName":"DESKTOP-OIQSE1G","UserId":null,"TaskDisplayName":"None","ProcessId":56044,"ThreadId":0},{"TimeCreated":"2025-04-18 19:53:35","LogName":"Application","Level":"Information","EventID":16384,"ProviderName":"Microsoft-Windows-Security-SPP","Message":"Successfully scheduled Software Protection service for re-start at 2125-03-26T01:53:35Z. Reason: RulesEngine.","MachineName":"DESKTOP-OIQSE1G","UserId":null,"TaskDisplayName":null,"ProcessId":38280,"ThreadId":0},{"TimeCreated":"2025-04-18 19:53:17","LogName":"Application","Level":"Information","EventID":1,"ProviderName":"Universal Print","Message":"Successfully received access_token for da9b70f6-5323-4ce6-ae5c-88dcc5082966 with OAuthClientId=dae89220-69ba-4957-a77a-47b78695e883 and OAuthAuthority=https://login.microsoftonline.com/3d9bab48-5f52-4b7d-a481-771eae5e6ed4","MachineName":"DESKTOP-OIQSE1G","UserId":null,"TaskDisplayName":"None","ProcessId":54288,"ThreadId":0},{"TimeCreated":"2025-04-18 19:53:17","LogName":"Application","Level":"Information","EventID":1,"ProviderName":"Universal Print","Message":"Successfully received access_token for da9b70f6-5323-4ce6-ae5c-88dcc5082966 with OAuthClientId=dae89220-69ba-4957-a77a-47b78695e883 and OAuthAuthority=https://login.microsoftonline.com/3d9bab48-5f52-4b7d-a481-771eae5e6ed4","MachineName":"DESKTOP-OIQSE1G","UserId":null,"TaskDisplayName":"None","ProcessId":54288,"ThreadId":0},{"TimeCreated":"2025-04-18 19:53:17","LogName":"Application","Level":"Information","EventID":1,"ProviderName":"Universal Print","Message":"Initialization Successful. Enabled=true, CloudPrintSolution=UniversalPrint, DiscoveryEndpoint=https://discovery.print.microsoft.com, OAuthAuthority=https://login.microsoftonline.com/3d9bab48-5f52-4b7d-a481-771eae5e6ed4, OAuthClientId=dae89220-69ba-4957-a77a-47b78695e883, DiscoveryResourceId=da9b70f6-5323-4ce6-ae5c-88dcc5082966, PrintResourceId=da9b70f6-5323-4ce6-ae5c-88dcc5082966","MachineName":"DESKTOP-OIQSE1G","UserId":null,"TaskDisplayName":"None","ProcessId":54288,"ThreadId":0},{"TimeCreated":"2025-04-18 19:53:17","LogName":"Application","Level":"Information","EventID":1,"ProviderName":"Universal Print","Message":"Successfully received access_token for da9b70f6-5323-4ce6-ae5c-88dcc5082966 with OAuthClientId=dae89220-69ba-4957-a77a-47b78695e883 and OAuthAuthority=https://login.microsoftonline.com/3d9bab48-5f52-4b7d-a481-771eae5e6ed4","MachineName":"DESKTOP-OIQSE1G","UserId":null,"TaskDisplayName":"None","ProcessId":54288,"ThreadId":0},{"TimeCreated":"2025-04-18 19:53:16","LogName":"Application","Level":"Information","EventID":1,"ProviderName":"Universal Print","Message":"Using cached state. State: Enabled","MachineName":"DESKTOP-OIQSE1G","UserId":null,"TaskDisplayName":"None","ProcessId":54288,"ThreadId":0},{"TimeCreated":"2025-04-18 19:53:16","LogName":"Application","Level":"Information","EventID":1,"ProviderName":"Universal Print","Message":"Device is Workplace Joined.","MachineName":"DESKTOP-OIQSE1G","UserId":null,"TaskDisplayName":"None","ProcessId":54288,"ThreadId":0},{"TimeCreated":"2025-04-18 19:52:40","LogName":"Application","Level":"Information","EventID":16394,"ProviderName":"Microsoft-Windows-Security-SPP","Message":"Offline downlevel migration succeeded.","MachineName":"DESKTOP-OIQSE1G","UserId":null,"TaskDisplayName":null,"ProcessId":38280,"ThreadId":0},{"TimeCreated":"2025-04-18 19:47:28","LogName":"Application","Level":"Information","EventID":1,"ProviderName":"Universal Print","Message":"Successfully received access_token for da9b70f6-5323-4ce6-ae5c-88dcc5082966 with OAuthClientId=dae89220-69ba-4957-a77a-47b78695e883 and OAuthAuthority=https://login.microsoftonline.com/3d9bab48-5f52-4b7d-a481-771eae5e6ed4","MachineName":"DESKTOP-OIQSE1G","UserId":null,"TaskDisplayName":"None","ProcessId":26504,"ThreadId":0},{"TimeCreated":"2025-04-18 19:47:28","LogName":"Application","Level":"Information","EventID":1,"ProviderName":"Universal Print","Message":"Successfully received access_token for da9b70f6-5323-4ce6-ae5c-88dcc5082966 with OAuthClientId=dae89220-69ba-4957-a77a-47b78695e883 and OAuthAuthority=https://login.microsoftonline.com/3d9bab48-5f52-4b7d-a481-771eae5e6ed4","MachineName":"DESKTOP-OIQSE1G","UserId":null,"TaskDisplayName":"None","ProcessId":26504,"ThreadId":0},{"TimeCreated":"2025-04-18 19:47:28","LogName":"Application","Level":"Information","EventID":1,"ProviderName":"Universal Print","Message":"Initialization Successful. Enabled=true, CloudPrintSolution=UniversalPrint, DiscoveryEndpoint=https://discovery.print.microsoft.com, OAuthAuthority=https://login.microsoftonline.com/3d9bab48-5f52-4b7d-a481-771eae5e6ed4, OAuthClientId=dae89220-69ba-4957-a77a-47b78695e883, DiscoveryResourceId=da9b70f6-5323-4ce6-ae5c-88dcc5082966, PrintResourceId=da9b70f6-5323-4ce6-ae5c-88dcc5082966","MachineName":"DESKTOP-OIQSE1G","UserId":null,"TaskDisplayName":"None","ProcessId":26504,"ThreadId":0},{"TimeCreated":"2025-04-18 19:47:28","LogName":"Application","Level":"Information","EventID":1,"ProviderName":"Universal Print","Message":"Successfully received access_token for da9b70f6-5323-4ce6-ae5c-88dcc5082966 with OAuthClientId=dae89220-69ba-4957-a77a-47b78695e883 and OAuthAuthority=https://login.microsoftonline.com/3d9bab48-5f52-4b7d-a481-771eae5e6ed4","MachineName":"DESKTOP-OIQSE1G","UserId":null,"TaskDisplayName":"None","ProcessId":26504,"ThreadId":0},{"TimeCreated":"2025-04-18 19:47:28","LogName":"Application","Level":"Information","EventID":1,"ProviderName":"Universal Print","Message":"Using cached state. State: Enabled","MachineName":"DESKTOP-OIQSE1G","UserId":null,"TaskDisplayName":"None","ProcessId":26504,"ThreadId":0},{"TimeCreated":"2025-04-18 19:47:28","LogName":"Application","Level":"Information","EventID":1,"ProviderName":"Universal Print","Message":"Device is Workplace Joined.","MachineName":"DESKTOP-OIQSE1G","UserId":null,"TaskDisplayName":"None","ProcessId":26504,"ThreadId":0},{"TimeCreated":"2025-04-18 19:47:17","LogName":"Application","Level":"Information","EventID":0,"ProviderName":"edgeupdate","Message":"Service stopped.","MachineName":"DESKTOP-OIQSE1G","UserId":null,"TaskDisplayName":"None","ProcessId":1364,"ThreadId":0},{"TimeCreated":"2025-04-18 19:46:59","LogName":"Application","Level":"Information","EventID":16384,"ProviderName":"Microsoft-Windows-Security-SPP","Message":"Successfully scheduled Software Protection service for re-start at 2125-03-26T01:46:59Z. Reason: RulesEngine.","MachineName":"DESKTOP-OIQSE1G","UserId":null,"TaskDisplayName":null,"ProcessId":50564,"ThreadId":0},{"TimeCreated":"2025-04-18 19:46:42","LogName":"Application","Level":"Information","EventID":1,"ProviderName":"Universal Print","Message":"Successfully received access_token for da9b70f6-5323-4ce6-ae5c-88dcc5082966 with OAuthClientId=dae89220-69ba-4957-a77a-47b78695e883 and OAuthAuthority=https://login.microsoftonline.com/3d9bab48-5f52-4b7d-a481-771eae5e6ed4","MachineName":"DESKTOP-OIQSE1G","UserId":null,"TaskDisplayName":"None","ProcessId":49080,"ThreadId":0},{"TimeCreated":"2025-04-18 19:46:42","LogName":"Application","Level":"Information","EventID":1,"ProviderName":"Universal Print","Message":"Successfully received access_token for da9b70f6-5323-4ce6-ae5c-88dcc5082966 with OAuthClientId=dae89220-69ba-4957-a77a-47b78695e883 and OAuthAuthority=https://login.microsoftonline.com/3d9bab48-5f52-4b7d-a481-771eae5e6ed4","MachineName":"DESKTOP-OIQSE1G","UserId":null,"TaskDisplayName":"None","ProcessId":49080,"ThreadId":0},{"TimeCreated":"2025-04-18 19:46:42","LogName":"Application","Level":"Information","EventID":1,"ProviderName":"Universal Print","Message":"Initialization Successful. Enabled=true, CloudPrintSolution=UniversalPrint, DiscoveryEndpoint=https://discovery.print.microsoft.com, OAuthAuthority=https://login.microsoftonline.com/3d9bab48-5f52-4b7d-a481-771eae5e6ed4, OAuthClientId=dae89220-69ba-4957-a77a-47b78695e883, DiscoveryResourceId=da9b70f6-5323-4ce6-ae5c-88dcc5082966, PrintResourceId=da9b70f6-5323-4ce6-ae5c-88dcc5082966","MachineName":"DESKTOP-OIQSE1G","UserId":null,"TaskDisplayName":"None","ProcessId":49080,"ThreadId":0},{"TimeCreated":"2025-04-18 19:46:42","LogName":"Application","Level":"Information","EventID":1,"ProviderName":"Universal Print","Message":"Successfully received access_token for da9b70f6-5323-4ce6-ae5c-88dcc5082966 with OAuthClientId=dae89220-69ba-4957-a77a-47b78695e883 and OAuthAuthority=https://login.microsoftonline.com/3d9bab48-5f52-4b7d-a481-771eae5e6ed4","MachineName":"DESKTOP-OIQSE1G","UserId":null,"TaskDisplayName":"None","ProcessId":49080,"ThreadId":0},{"TimeCreated":"2025-04-18 19:46:40","LogName":"Application","Level":"Information","EventID":1,"ProviderName":"Universal Print","Message":"Successfully received access_token for 00000003-0000-0000-c000-000000000000 with OAuthClientId=dae89220-69ba-4957-a77a-47b78695e883 and OAuthAuthority=https://login.microsoftonline.com/3d9bab48-5f52-4b7d-a481-771eae5e6ed4","MachineName":"DESKTOP-OIQSE1G","UserId":null,"TaskDisplayName":"None","ProcessId":49080,"ThreadId":0},{"TimeCreated":"2025-04-18 19:46:39","LogName":"Application","Level":"Information","EventID":1,"ProviderName":"Universal Print","Message":"Device is Workplace Joined.","MachineName":"DESKTOP-OIQSE1G","UserId":null,"TaskDisplayName":"None","ProcessId":49080,"ThreadId":0},{"TimeCreated":"2025-04-18 19:46:29","LogName":"Application","Level":"Information","EventID":16394,"ProviderName":"Microsoft-Windows-Security-SPP","Message":"Offline downlevel migration succeeded.","MachineName":"DESKTOP-OIQSE1G","UserId":null,"TaskDisplayName":null,"ProcessId":50564,"ThreadId":0},{"TimeCreated":"2025-04-18 12:16:00","LogName":"Application","Level":"Information","EventID":16384,"ProviderName":"Microsoft-Windows-Security-SPP","Message":"Successfully scheduled Software Protection service for re-start at 2125-03-25T18:16:00Z. Reason: RulesEngine.","MachineName":"DESKTOP-OIQSE1G","UserId":null,"TaskDisplayName":null,"ProcessId":31880,"ThreadId":0},{"TimeCreated":"2025-04-18 12:15:30","LogName":"Application","Level":"Information","EventID":16394,"ProviderName":"Microsoft-Windows-Security-SPP","Message":"Offline downlevel migration succeeded.","MachineName":"DESKTOP-OIQSE1G","UserId":null,"TaskDisplayName":null,"ProcessId":31880,"ThreadId":0},{"TimeCreated":"2025-04-18 12:14:24","LogName":"Application","Level":"Information","EventID":16384,"ProviderName":"Microsoft-Windows-Security-SPP","Message":"Successfully scheduled Software Protection service for re-start at 2125-03-25T18:14:24Z. Reason: RulesEngine.","MachineName":"DESKTOP-OIQSE1G","UserId":null,"TaskDisplayName":null,"ProcessId":55716,"ThreadId":0},{"TimeCreated":"2025-04-18 12:13:54","LogName":"Application","Level":"Information","EventID":16394,"ProviderName":"Microsoft-Windows-Security-SPP","Message":"Offline downlevel migration succeeded.","MachineName":"DESKTOP-OIQSE1G","UserId":null,"TaskDisplayName":null,"ProcessId":55716,"ThreadId":0},{"TimeCreated":"2025-04-18 11:19:45","LogName":"Application","Level":"Information","EventID":16384,"ProviderName":"Microsoft-Windows-Security-SPP","Message":"Successfully scheduled Software Protection service for re-start at 2125-03-25T17:19:45Z. Reason: RulesEngine.","MachineName":"DESKTOP-OIQSE1G","UserId":null,"TaskDisplayName":null,"ProcessId":54552,"ThreadId":0},{"TimeCreated":"2025-04-18 11:19:15","LogName":"Application","Level":"Information","EventID":16394,"ProviderName":"Microsoft-Windows-Security-SPP","Message":"Offline downlevel migration succeeded.","MachineName":"DESKTOP-OIQSE1G","UserId":null,"TaskDisplayName":null,"ProcessId":54552,"ThreadId":0},{"TimeCreated":"2025-04-18 10:48:53","LogName":"Application","Level":"Information","EventID":16384,"ProviderName":"Microsoft-Windows-Security-SPP","Message":"Successfully scheduled Software Protection service for re-start at 2125-03-25T16:48:53Z. Reason: RulesEngine.","MachineName":"DESKTOP-OIQSE1G","UserId":null,"TaskDisplayName":null,"ProcessId":57936,"ThreadId":0},{"TimeCreated":"2025-04-18 10:48:23","LogName":"Application","Level":"Information","EventID":16394,"ProviderName":"Microsoft-Windows-Security-SPP","Message":"Offline downlevel migration succeeded.","MachineName":"DESKTOP-OIQSE1G","UserId":null,"TaskDisplayName":null,"ProcessId":57936,"ThreadId":0},{"TimeCreated":"2025-04-18 10:21:19","LogName":"Application","Level":"Information","EventID":16384,"ProviderName":"Microsoft-Windows-Security-SPP","Message":"Successfully scheduled Software Protection service for re-start at 2125-03-25T16:21:19Z. Reason: RulesEngine.","MachineName":"DESKTOP-OIQSE1G","UserId":null,"TaskDisplayName":null,"ProcessId":21744,"ThreadId":0},{"TimeCreated":"2025-04-18 10:20:49","LogName":"Application","Level":"Information","EventID":16394,"ProviderName":"Microsoft-Windows-Security-SPP","Message":"Offline downlevel migration succeeded.","MachineName":"DESKTOP-OIQSE1G","UserId":null,"TaskDisplayName":null,"ProcessId":21744,"ThreadId":0},{"TimeCreated":"2025-04-18 10:09:27","LogName":"Application","Level":"Information","EventID":1001,"ProviderName":"Windows Error Reporting","Message":"Fault bucket 1632967746731811076, type 5\\nEvent Name: MoAppCrash\\nResponse: Not available\\nCab Id: 0\\n\\nProblem signature:\\nP1: Microsoft.WindowsTerminal_1.22.10731.0_x64__8wekyb3d8bbwe\\nP2: praid:App\\nP3: 1.22.2503.14001\\nP4: 67d4a8f9\\nP5: Windows.UI.Xaml.dll\\nP6: 10.0.26100.3775\\nP7: afe9f314\\nP8: c0000005\\nP9: 000000000051388f\\nP10: \\n\\nAttached files:\\n\\\\?\\C:\\ProgramData\\Microsoft\\Windows\\WER\\Temp\\WER.1a8e8c2e-047c-4fe2-b2b4-e868c2bb3307.tmp.mdmp\\n\\\\?\\C:\\ProgramData\\Microsoft\\Windows\\WER\\Temp\\WER.29d8357e-1324-4641-ba40-443957a2b2bd.tmp.WERInternalMetadata.xml\\nWPR_initiated_DiagTrackMiniLogger_OneTrace_User_Logger_20240808_1_EC_0_inject.etl\\n\\\\?\\C:\\ProgramData\\Microsoft\\Windows\\WER\\Temp\\WER.019f41e6-b955-4511-9113-51354450028a.tmp.etl\\nWPR_initiated_DiagTrackMiniLogger_WPR System Collector_inject.etl\\n\\\\?\\C:\\ProgramData\\Microsoft\\Windows\\WER\\Temp\\WER.838ff739-9450-4707-883f-68f0cac86f27.tmp.etl\\n\\\\?\\C:\\ProgramData\\Microsoft\\Windows\\WER\\Temp\\WER.fc2835a8-535a-4613-8f79-169fdf4db57e.tmp.csv\\n\\\\?\\C:\\ProgramData\\Microsoft\\Windows\\WER\\Temp\\WER.e51c9207-2f48-4e49-83f8-071fd626e3a5.tmp.txt\\n\\\\?\\C:\\ProgramData\\Microsoft\\Windows\\WER\\Temp\\WER.707e73eb-8cf3-43c8-8a0f-9dc6b699ae9e.tmp.xml\\n\\nThese files may be available here:\\n\\\\?\\C:\\ProgramData\\Microsoft\\Windows\\WER\\ReportArchive\\AppCrash_Microsoft.Window_24d7acb7ef294c85f7f6d6a153f49bdb67e06de7_e5ef5ce3_e19d6b3f-b9de-43c8-8ab5-f247603ba3dd\\n\\nAnalysis symbol: \\nRechecking for solution: 0\\nReport Id: 84bd19a6-e236-4bca-8f81-2a84ea565979\\nReport Status: 268435456\\nHashed bucket: 7f879b6e8dfe472616a97783899ea104\\nCab Guid: 0","MachineName":"DESKTOP-OIQSE1G","UserId":{"BinaryLength":28,"AccountDomainSid":{"BinaryLength":24,"AccountDomainSid":{"BinaryLength":24,"AccountDomainSid":{"BinaryLength":24,"AccountDomainSid":{"BinaryLength":24,"AccountDomainSid":{"BinaryLength":24,"AccountDomainSid":{"BinaryLength":24,"AccountDomainSid":"S-1-5-21-3773365355-1627060674-2487742414","Value":"S-1-5-21-3773365355-1627060674-2487742414"},"Value":"S-1-5-21-3773365355-1627060674-2487742414"},"Value":"S-1-5-21-3773365355-1627060674-2487742414"},"Value":"S-1-5-21-3773365355-1627060674-2487742414"},"Value":"S-1-5-21-3773365355-1627060674-2487742414"},"Value":"S-1-5-21-3773365355-1627060674-2487742414"},"Value":"S-1-5-21-3773365355-1627060674-2487742414-1001"},"TaskDisplayName":null,"ProcessId":39192,"ThreadId":40188},{"TimeCreated":"2025-04-18 10:09:25","LogName":"Application","Level":"Error","EventID":1000,"ProviderName":"Application Error","Message":"Faulting application name: WindowsTerminal.exe, version: 1.22.2503.14001, time stamp: 0x67d4a8f9\\nFaulting module name: Windows.UI.Xaml.dll, version: 10.0.26100.3775, time stamp: 0xafe9f314\\nException code: 0xc0000005\\nFault offset: 0x000000000051388f\\nFaulting process id: 0xA2C4\\nFaulting application start time: 0x1DBABFEF71385EF\\nFaulting application path: C:\\Program Files\\WindowsApps\\Microsoft.WindowsTerminal_1.22.10731.0_x64__8wekyb3d8bbwe\\WindowsTerminal.exe\\nFaulting module path: C:\\Windows\\System32\\Windows.UI.Xaml.dll\\nReport Id: 84bd19a6-e236-4bca-8f81-2a84ea565979\\nFaulting package full name: Microsoft.WindowsTerminal_1.22.10731.0_x64__8wekyb3d8bbwe\\nFaulting package-relative application ID: App","MachineName":"DESKTOP-OIQSE1G","UserId":{"BinaryLength":28,"AccountDomainSid":{"BinaryLength":24,"AccountDomainSid":{"BinaryLength":24,"AccountDomainSid":{"BinaryLength":24,"AccountDomainSid":{"BinaryLength":24,"AccountDomainSid":{"BinaryLength":24,"AccountDomainSid":{"BinaryLength":24,"AccountDomainSid":"S-1-5-21-3773365355-1627060674-2487742414","Value":"S-1-5-21-3773365355-1627060674-2487742414"},"Value":"S-1-5-21-3773365355-1627060674-2487742414"},"Value":"S-1-5-21-3773365355-1627060674-2487742414"},"Value":"S-1-5-21-3773365355-1627060674-2487742414"},"Value":"S-1-5-21-3773365355-1627060674-2487742414"},"Value":"S-1-5-21-3773365355-1627060674-2487742414"},"Value":"S-1-5-21-3773365355-1627060674-2487742414-1001"},"TaskDisplayName":"Application Crashing Events","ProcessId":39192,"ThreadId":40188},{"TimeCreated":"2025-04-18 10:04:27","LogName":"Application","Level":"Information","EventID":16384,"ProviderName":"Microsoft-Windows-Security-SPP","Message":"Successfully scheduled Software Protection service for re-start at 2125-03-25T16:04:27Z. Reason: RulesEngine.","MachineName":"DESKTOP-OIQSE1G","UserId":null,"TaskDisplayName":null,"ProcessId":26992,"ThreadId":0},{"TimeCreated":"2025-04-18 10:03:57","LogName":"Application","Level":"Information","EventID":16394,"ProviderName":"Microsoft-Windows-Security-SPP","Message":"Offline downlevel migration succeeded.","MachineName":"DESKTOP-OIQSE1G","UserId":null,"TaskDisplayName":null,"ProcessId":26992,"ThreadId":0},{"TimeCreated":"2025-04-18 09:30:41","LogName":"Application","Level":"Information","EventID":1001,"ProviderName":"Windows Error Reporting","Message":"Fault bucket 1177990714259397979, type 5\\nEvent Name: RADAR_PRE_LEAK_64\\nResponse: Not available\\nCab Id: 0\\n\\nProblem signature:\\nP1: python.exe\\nP2: 3.13.2150.1013\\nP3: 10.0.26100.2.0.0\\nP4: \\nP5: \\nP6: \\nP7: \\nP8: \\nP9: \\nP10: \\n\\nAttached files:\\n\\\\?\\C:\\Users\\mkroe\\AppData\\Local\\Temp\\RDRD37B.tmp\\empty.txt\\n\\\\?\\C:\\ProgramData\\Microsoft\\Windows\\WER\\Temp\\WER.955c3f01-fb28-4c18-9047-bf4b85c7902b.tmp.WERInternalMetadata.xml\\nWPR_initiated_DiagTrackMiniLogger_OneTrace_User_Logger_20240808_1_EC_0_inject.etl\\n\\\\?\\C:\\ProgramData\\Microsoft\\Windows\\WER\\Temp\\WER.97e09db3-3bd4-4413-9f29-0511e92eb951.tmp.etl\\nWPR_initiated_DiagTrackMiniLogger_WPR System Collector_inject.etl\\n\\\\?\\C:\\ProgramData\\Microsoft\\Windows\\WER\\Temp\\WER.67783b0a-1aaa-429f-9edd-10eb43db0d7c.tmp.etl\\n\\\\?\\C:\\ProgramData\\Microsoft\\Windows\\WER\\Temp\\WER.84d4f997-5397-4f03-8645-dae96d08536d.tmp.csv\\n\\\\?\\C:\\ProgramData\\Microsoft\\Windows\\WER\\Temp\\WER.1814f304-8979-4a54-88cf-e70ef17c387b.tmp.txt\\n\\\\?\\C:\\ProgramData\\Microsoft\\Windows\\WER\\Temp\\WER.085f4f7d-5528-4c26-9e40-c4327adb9c5d.tmp.xml\\n\\nThese files may be available here:\\nNULL\\n\\nAnalysis symbol: \\nRechecking for solution: 0\\nReport Id: cd17441f-3f61-4c16-8098-4d9bf1522a8c\\nReport Status: 268435456\\nHashed bucket: 5cc6aed3c8a8f0a0a05910503823dd5b\\nCab Guid: 0","MachineName":"DESKTOP-OIQSE1G","UserId":{"BinaryLength":28,"AccountDomainSid":{"BinaryLength":24,"AccountDomainSid":{"BinaryLength":24,"AccountDomainSid":{"BinaryLength":24,"AccountDomainSid":{"BinaryLength":24,"AccountDomainSid":{"BinaryLength":24,"AccountDomainSid":{"BinaryLength":24,"AccountDomainSid":"S-1-5-21-3773365355-1627060674-2487742414","Value":"S-1-5-21-3773365355-1627060674-2487742414"},"Value":"S-1-5-21-3773365355-1627060674-2487742414"},"Value":"S-1-5-21-3773365355-1627060674-2487742414"},"Value":"S-1-5-21-3773365355-1627060674-2487742414"},"Value":"S-1-5-21-3773365355-1627060674-2487742414"},"Value":"S-1-5-21-3773365355-1627060674-2487742414"},"Value":"S-1-5-21-3773365355-1627060674-2487742414-1001"},"TaskDisplayName":null,"ProcessId":41780,"ThreadId":56912},{"TimeCreated":"2025-04-18 09:06:09","LogName":"Application","Level":"Information","EventID":16384,"ProviderName":"Microsoft-Windows-Security-SPP","Message":"Successfully scheduled Software Protection service for re-start at 2125-03-25T15:06:09Z. Reason: RulesEngine.","MachineName":"DESKTOP-OIQSE1G","UserId":null,"TaskDisplayName":null,"ProcessId":24676,"ThreadId":0},{"TimeCreated":"2025-04-18 09:05:39","LogName":"Application","Level":"Information","EventID":16394,"ProviderName":"Microsoft-Windows-Security-SPP","Message":"Offline downlevel migration succeeded.","MachineName":"DESKTOP-OIQSE1G","UserId":null,"TaskDisplayName":null,"ProcessId":24676,"ThreadId":0},{"TimeCreated":"2025-04-18 08:49:19","LogName":"Application","Level":"Information","EventID":16384,"ProviderName":"Microsoft-Windows-Security-SPP","Message":"Successfully scheduled Software Protection service for re-start at 2125-03-25T14:49:19Z. Reason: RulesEngine.","MachineName":"DESKTOP-OIQSE1G","UserId":null,"TaskDisplayName":null,"ProcessId":9332,"ThreadId":0},{"TimeCreated":"2025-04-18 08:49:01","LogName":"Application","Level":"Information","EventID":15,"ProviderName":"SecurityCenter","Message":"Updated Windows Defender status successfully to SECURITY_PRODUCT_STATE_ON.","MachineName":"DESKTOP-OIQSE1G","UserId":null,"TaskDisplayName":"None","ProcessId":20996,"ThreadId":0},{"TimeCreated":"2025-04-18 08:48:39","LogName":"Application","Level":"Information","EventID":16394,"ProviderName":"Microsoft-Windows-Security-SPP","Message":"Offline downlevel migration succeeded.","MachineName":"DESKTOP-OIQSE1G","UserId":null,"TaskDisplayName":null,"ProcessId":9332,"ThreadId":0},{"TimeCreated":"2025-04-18 08:45:41","LogName":"Application","Level":"Information","EventID":1001,"ProviderName":"Windows Error Reporting","Message":"Fault bucket 2225749712488614504, type 5\\nEvent Name: RADAR_PRE_LEAK_64\\nResponse: Not available\\nCab Id: 0\\n\\nProblem signature:\\nP1: ollama.exe\\nP2: 0.0.0.0\\nP3: 10.0.26100.2.0.0\\nP4: \\nP5: \\nP6: \\nP7: \\nP8: \\nP9: \\nP10: \\n\\nAttached files:\\n\\\\?\\C:\\Users\\mkroe\\AppData\\Local\\Temp\\RDR9E29.tmp\\empty.txt\\n\\\\?\\C:\\ProgramData\\Microsoft\\Windows\\WER\\Temp\\WER.3802a3a0-a47e-415e-9004-5e3b09468023.tmp.WERInternalMetadata.xml\\nWPR_initiated_DiagTrackMiniLogger_OneTrace_User_Logger_20240808_1_EC_0_inject.etl\\n\\\\?\\C:\\ProgramData\\Microsoft\\Windows\\WER\\Temp\\WER.c7dfd6fc-5552-48d3-9920-95889021f0d0.tmp.etl\\nWPR_initiated_DiagTrackMiniLogger_WPR System Collector_inject.etl\\n\\\\?\\C:\\ProgramData\\Microsoft\\Windows\\WER\\Temp\\WER.d554f328-d94c-44b8-8376-b3e5cb0c517e.tmp.etl\\n\\\\?\\C:\\ProgramData\\Microsoft\\Windows\\WER\\Temp\\WER.e0359786-0722-4713-8390-19daa8cad7b8.tmp.csv\\n\\\\?\\C:\\ProgramData\\Microsoft\\Windows\\WER\\Temp\\WER.219e8809-ef04-4d59-bd55-0705feeaae42.tmp.txt\\n\\\\?\\C:\\ProgramData\\Microsoft\\Windows\\WER\\Temp\\WER.628f4396-97b7-4c05-b765-18c2e9a41a3a.tmp.xml\\n\\nThese files may be available here:\\nNULL\\n\\nAnalysis symbol: \\nRechecking for solution: 0\\nReport Id: 8670d7b5-b454-492d-91bc-c3371f8162c5\\nReport Status: 268435456\\nHashed bucket: 58f88ac18ea260c7eee373922bcfca68\\nCab Guid: 0","MachineName":"DESKTOP-OIQSE1G","UserId":{"BinaryLength":28,"AccountDomainSid":{"BinaryLength":24,"AccountDomainSid":{"BinaryLength":24,"AccountDomainSid":{"BinaryLength":24,"AccountDomainSid":{"BinaryLength":24,"AccountDomainSid":{"BinaryLength":24,"AccountDomainSid":{"BinaryLength":24,"AccountDomainSid":"S-1-5-21-3773365355-1627060674-2487742414","Value":"S-1-5-21-3773365355-1627060674-2487742414"},"Value":"S-1-5-21-3773365355-1627060674-2487742414"},"Value":"S-1-5-21-3773365355-1627060674-2487742414"},"Value":"S-1-5-21-3773365355-1627060674-2487742414"},"Value":"S-1-5-21-3773365355-1627060674-2487742414"},"Value":"S-1-5-21-3773365355-1627060674-2487742414"},"Value":"S-1-5-21-3773365355-1627060674-2487742414-1001"},"TaskDisplayName":null,"ProcessId":41780,"ThreadId":8852},{"TimeCreated":"2025-04-18 08:41:38","LogName":"Application","Level":"Information","EventID":10001,"ProviderName":"Microsoft-Windows-RestartManager","Message":"Ending session 1 started  2025 - 04 - 18T14:40:03.346740300Z.","MachineName":"DESKTOP-OIQSE1G","UserId":{"BinaryLength":28,"AccountDomainSid":{"BinaryLength":24,"AccountDomainSid":{"BinaryLength":24,"AccountDomainSid":{"BinaryLength":24,"AccountDomainSid":{"BinaryLength":24,"AccountDomainSid":{"BinaryLength":24,"AccountDomainSid":{"BinaryLength":24,"AccountDomainSid":"S-1-5-21-3773365355-1627060674-2487742414","Value":"S-1-5-21-3773365355-1627060674-2487742414"},"Value":"S-1-5-21-3773365355-1627060674-2487742414"},"Value":"S-1-5-21-3773365355-1627060674-2487742414"},"Value":"S-1-5-21-3773365355-1627060674-2487742414"},"Value":"S-1-5-21-3773365355-1627060674-2487742414"},"Value":"S-1-5-21-3773365355-1627060674-2487742414"},"Value":"S-1-5-21-3773365355-1627060674-2487742414-1001"},"TaskDisplayName":null,"ProcessId":1944,"ThreadId":12256},{"TimeCreated":"2025-04-18 08:40:03","LogName":"Application","Level":"Information","EventID":10000,"ProviderName":"Microsoft-Windows-RestartManager","Message":"Starting session 1 -  2025 - 04 - 18T14:40:03.346740300Z.","MachineName":"DESKTOP-OIQSE1G","UserId":{"BinaryLength":28,"AccountDomainSid":{"BinaryLength":24,"AccountDomainSid":{"BinaryLength":24,"AccountDomainSid":{"BinaryLength":24,"AccountDomainSid":{"BinaryLength":24,"AccountDomainSid":{"BinaryLength":24,"AccountDomainSid":{"BinaryLength":24,"AccountDomainSid":"S-1-5-21-3773365355-1627060674-2487742414","Value":"S-1-5-21-3773365355-1627060674-2487742414"},"Value":"S-1-5-21-3773365355-1627060674-2487742414"},"Value":"S-1-5-21-3773365355-1627060674-2487742414"},"Value":"S-1-5-21-3773365355-1627060674-2487742414"},"Value":"S-1-5-21-3773365355-1627060674-2487742414"},"Value":"S-1-5-21-3773365355-1627060674-2487742414"},"Value":"S-1-5-21-3773365355-1627060674-2487742414-1001"},"TaskDisplayName":null,"ProcessId":1944,"ThreadId":12256},{"TimeCreated":"2025-04-18 08:25:27","LogName":"Application","Level":"Information","EventID":16384,"ProviderName":"Microsoft-Windows-Security-SPP","Message":"Successfully scheduled Software Protection service for re-start at 2125-03-25T14:25:27Z. Reason: RulesEngine.","MachineName":"DESKTOP-OIQSE1G","UserId":null,"TaskDisplayName":null,"ProcessId":9352,"ThreadId":0},{"TimeCreated":"2025-04-18 08:25:13","LogName":"Application","Level":"Information","EventID":10001,"ProviderName":"Microsoft-Windows-RestartManager","Message":"Ending session 0 started  2025 - 04 - 18T14:25:11.478205900Z.","MachineName":"DESKTOP-OIQSE1G","UserId":{"BinaryLength":28,"AccountDomainSid":{"BinaryLength":24,"AccountDomainSid":{"BinaryLength":24,"AccountDomainSid":{"BinaryLength":24,"AccountDomainSid":{"BinaryLength":24,"AccountDomainSid":{"BinaryLength":24,"AccountDomainSid":{"BinaryLength":24,"AccountDomainSid":"S-1-5-21-3773365355-1627060674-2487742414","Value":"S-1-5-21-3773365355-1627060674-2487742414"},"Value":"S-1-5-21-3773365355-1627060674-2487742414"},"Value":"S-1-5-21-3773365355-1627060674-2487742414"},"Value":"S-1-5-21-3773365355-1627060674-2487742414"},"Value":"S-1-5-21-3773365355-1627060674-2487742414"},"Value":"S-1-5-21-3773365355-1627060674-2487742414"},"Value":"S-1-5-21-3773365355-1627060674-2487742414-1001"},"TaskDisplayName":null,"ProcessId":33768,"ThreadId":32360},{"TimeCreated":"2025-04-18 08:25:13","LogName":"Application","Level":"Information","EventID":1042,"ProviderName":"MsiInstaller","Message":"Ending a Windows Installer transaction: C:\\Program Files\\WindowsApps\\MSTeams_25094.303.3554.9058_x64__8wekyb3d8bbwe\\MicrosoftTeamsMeetingAddinInstaller.msi. Client Process Id: 57264.","MachineName":"DESKTOP-OIQSE1G","UserId":{"BinaryLength":12,"AccountDomainSid":null,"Value":"S-1-5-18"},"TaskDisplayName":"None","ProcessId":33768,"ThreadId":0},{"TimeCreated":"2025-04-18 08:25:13","LogName":"Application","Level":"Information","EventID":1033,"ProviderName":"MsiInstaller","Message":"Windows Installer installed the product. Product Name: Microsoft Teams Meeting Add-in for Microsoft Office. Product Version: 1.25.08601. Product Language: 1033. Manufacturer: Microsoft. Installation success or error status: 0.","MachineName":"DESKTOP-OIQSE1G","UserId":{"BinaryLength":28,"AccountDomainSid":{"BinaryLength":24,"AccountDomainSid":{"BinaryLength":24,"AccountDomainSid":{"BinaryLength":24,"AccountDomainSid":{"BinaryLength":24,"AccountDomainSid":{"BinaryLength":24,"AccountDomainSid":{"BinaryLength":24,"AccountDomainSid":"S-1-5-21-3773365355-1627060674-2487742414","Value":"S-1-5-21-3773365355-1627060674-2487742414"},"Value":"S-1-5-21-3773365355-1627060674-2487742414"},"Value":"S-1-5-21-3773365355-1627060674-2487742414"},"Value":"S-1-5-21-3773365355-1627060674-2487742414"},"Value":"S-1-5-21-3773365355-1627060674-2487742414"},"Value":"S-1-5-21-3773365355-1627060674-2487742414"},"Value":"S-1-5-21-3773365355-1627060674-2487742414-1001"},"TaskDisplayName":"None","ProcessId":33768,"ThreadId":0},{"TimeCreated":"2025-04-18 08:25:13","LogName":"Application","Level":"Information","EventID":11707,"ProviderName":"MsiInstaller","Message":"Product: Microsoft Teams Meeting Add-in for Microsoft Office -- Installation completed successfully.","MachineName":"DESKTOP-OIQSE1G","UserId":{"BinaryLength":28,"AccountDomainSid":{"BinaryLength":24,"AccountDomainSid":{"BinaryLength":24,"AccountDomainSid":{"BinaryLength":24,"AccountDomainSid":{"BinaryLength":24,"AccountDomainSid":{"BinaryLength":24,"AccountDomainSid":{"BinaryLength":24,"AccountDomainSid":"S-1-5-21-3773365355-1627060674-2487742414","Value":"S-1-5-21-3773365355-1627060674-2487742414"},"Value":"S-1-5-21-3773365355-1627060674-2487742414"},"Value":"S-1-5-21-3773365355-1627060674-2487742414"},"Value":"S-1-5-21-3773365355-1627060674-2487742414"},"Value":"S-1-5-21-3773365355-1627060674-2487742414"},"Value":"S-1-5-21-3773365355-1627060674-2487742414"},"Value":"S-1-5-21-3773365355-1627060674-2487742414-1001"},"TaskDisplayName":"None","ProcessId":33768,"ThreadId":0},{"TimeCreated":"2025-04-18 08:25:11","LogName":"Application","Level":"Information","EventID":10000,"ProviderName":"Microsoft-Windows-RestartManager","Message":"Starting session 0 -  2025 - 04 - 18T14:25:11.478205900Z.","MachineName":"DESKTOP-OIQSE1G","UserId":{"BinaryLength":28,"AccountDomainSid":{"BinaryLength":24,"AccountDomainSid":{"BinaryLength":24,"AccountDomainSid":{"BinaryLength":24,"AccountDomainSid":{"BinaryLength":24,"AccountDomainSid":{"BinaryLength":24,"AccountDomainSid":{"BinaryLength":24,"AccountDomainSid":"S-1-5-21-3773365355-1627060674-2487742414","Value":"S-1-5-21-3773365355-1627060674-2487742414"},"Value":"S-1-5-21-3773365355-1627060674-2487742414"},"Value":"S-1-5-21-3773365355-1627060674-2487742414"},"Value":"S-1-5-21-3773365355-1627060674-2487742414"},"Value":"S-1-5-21-3773365355-1627060674-2487742414"},"Value":"S-1-5-21-3773365355-1627060674-2487742414"},"Value":"S-1-5-21-3773365355-1627060674-2487742414-1001"},"TaskDisplayName":null,"ProcessId":33768,"ThreadId":57240},