{"TimeCreated":"2025-04-17 18:40:30","LogName":"System","Level":"Error","EventID":20,"ProviderName":"Microsoft-Windows-WindowsUpdateClient","Message":"Installation Failure: Windows failed to install the following update with error 0x80073D02: 9NKSQGP7F2NH-5319275A.WhatsAppDesktop.","MachineName":"DESKTOP-OIQSE1G","UserId":{"BinaryLength":12,"AccountDomainSid":null,"Value":"S-1-5-18"},"TaskDisplayName":"Windows Update Agent","ProcessId":38892,"ThreadId":55140},{"TimeCreated":"2025-04-17 18:40:30","LogName":"System","Level":"Information","EventID":43,"ProviderName":"Microsoft-Windows-WindowsUpdateClient","Message":"Installation Started: Windows has started installing the following update: 9WZDNCRFJBMP-MICROSOFT.WINDOWSSTORE","MachineName":"DESKTOP-OIQSE1G","UserId":{"BinaryLength":12,"AccountDomainSid":null,"Value":"S-1-5-18"},"TaskDisplayName":"Windows Update Agent","ProcessId":38892,"ThreadId":24684},{"TimeCreated":"2025-04-17 18:40:30","LogName":"System","Level":"Information","EventID":43,"ProviderName":"Microsoft-Windows-WindowsUpdateClient","Message":"Installation Started: Windows has started installing the following update: 9NKSQGP7F2NH-5319275A.WhatsAppDesktop","MachineName":"DESKTOP-OIQSE1G","UserId":{"BinaryLength":12,"AccountDomainSid":null,"Value":"S-1-5-18"},"TaskDisplayName":"Windows Update Agent","ProcessId":38892,"ThreadId":55140},{"TimeCreated":"2025-04-17 18:40:30","LogName":"System","Level":"Information","EventID":16,"ProviderName":"Microsoft-Windows-Kernel-General","Message":"The access history in hive \\??\\C:\\ProgramData\\Microsoft\\Windows\\AppRepository\\Packages\\5319275A.WhatsAppDesktop_2.2515.7.0_x64__cv1g1gvanyjgm\\ActivationStore.dat was cleared updating 0 keys and creating 0 modified pages.","MachineName":"DESKTOP-OIQSE1G","UserId":{"BinaryLength":12,"AccountDomainSid":null,"Value":"S-1-5-18"},"TaskDisplayName":null,"ProcessId":12296,"ThreadId":48900},{"TimeCreated":"2025-04-17 18:40:30","LogName":"System","Level":"Information","EventID":16,"ProviderName":"Microsoft-Windows-Kernel-General","Message":"The access history in hive \\??\\C:\\ProgramData\\Microsoft\\Windows\\AppRepository\\Packages\\Microsoft.WindowsStore_22503.1401.4.0_x64__8wekyb3d8bbwe\\ActivationStore.dat was cleared updating 0 keys and creating 0 modified pages.","MachineName":"DESKTOP-OIQSE1G","UserId":{"BinaryLength":12,"AccountDomainSid":null,"Value":"S-1-5-18"},"TaskDisplayName":null,"ProcessId":12296,"ThreadId":56492},{"TimeCreated":"2025-04-17 18:40:28","LogName":"System","Level":"Information","EventID":44,"ProviderName":"Microsoft-Windows-WindowsUpdateClient","Message":"Windows Update started downloading an update.","MachineName":"DESKTOP-OIQSE1G","UserId":{"BinaryLength":12,"AccountDomainSid":null,"Value":"S-1-5-18"},"TaskDisplayName":"Windows Update Agent","ProcessId":38892,"ThreadId":43464},{"TimeCreated":"2025-04-17 18:40:28","LogName":"System","Level":"Information","EventID":44,"ProviderName":"Microsoft-Windows-WindowsUpdateClient","Message":"Windows Update started downloading an update.","MachineName":"DESKTOP-OIQSE1G","UserId":{"BinaryLength":12,"AccountDomainSid":null,"Value":"S-1-5-18"},"TaskDisplayName":"Windows Update Agent","ProcessId":38892,"ThreadId":43464},{"TimeCreated":"2025-04-17 18:34:11","LogName":"System","Level":"Information","EventID":19,"ProviderName":"Microsoft-Windows-WindowsUpdateClient","Message":"Installation Successful: Windows successfully installed the following update: Security Intelligence Update for Microsoft Defender Antivirus - KB2267602 (Version 1.427.311.0) - Current Channel (Broad)","MachineName":"DESKTOP-OIQSE1G","UserId":{"BinaryLength":12,"AccountDomainSid":null,"Value":"S-1-5-18"},"TaskDisplayName":"Windows Update Agent","ProcessId":38892,"ThreadId":50904},{"TimeCreated":"2025-04-17 18:34:05","LogName":"System","Level":"Information","EventID":43,"ProviderName":"Microsoft-Windows-WindowsUpdateClient","Message":"Installation Started: Windows has started installing the following update: Security Intelligence Update for Microsoft Defender Antivirus - KB2267602 (Version 1.427.311.0) - Current Channel (Broad)","MachineName":"DESKTOP-OIQSE1G","UserId":{"BinaryLength":12,"AccountDomainSid":null,"Value":"S-1-5-18"},"TaskDisplayName":"Windows Update Agent","ProcessId":38892,"ThreadId":50904},{"TimeCreated":"2025-04-17 18:34:05","LogName":"System","Level":"Information","EventID":44,"ProviderName":"Microsoft-Windows-WindowsUpdateClient","Message":"Windows Update started downloading an update.","MachineName":"DESKTOP-OIQSE1G","UserId":{"BinaryLength":12,"AccountDomainSid":null,"Value":"S-1-5-18"},"TaskDisplayName":"Windows Update Agent","ProcessId":38892,"ThreadId":50904},{"TimeCreated":"2025-04-17 18:30:22","LogName":"System","Level":"Information","EventID":566,"ProviderName":"Microsoft-Windows-Kernel-Power","Message":"The system session has transitioned from 123 to 124.\\n\\nReason SessionUnlock \\n\\nBootId: 31","MachineName":"DESKTOP-OIQSE1G","UserId":{"BinaryLength":12,"AccountDomainSid":null,"Value":"S-1-5-18"},"TaskDisplayName":null,"ProcessId":4,"ThreadId":38484},{"TimeCreated":"2025-04-17 18:29:45","LogName":"System","Level":"Information","EventID":1,"ProviderName":"Microsoft-Windows-Kernel-General","Message":"The system time has changed to  2025 - 04 - 18T00:29:45.388956300Z from  2025 - 04 - 18T00:29:45.388435100Z.\\nTime Delta: 0 ms\\n\\nChange Reason: An application or system component changed the time.\\nProcess: \u0027\\Device\\HarddiskVolume2\\Windows\\System32\\svchost.exe\u0027 (PID 17492).\\n\\nRTC time:  2025 - 04 - 17T18:29:45.388956300Z\\nCurrent time zone bias: 360\\nRTC time is in UTC: false\\nSystem time was based on RTC time: false","MachineName":"DESKTOP-OIQSE1G","UserId":{"BinaryLength":12,"AccountDomainSid":null,"Value":"S-1-5-19"},"TaskDisplayName":null,"ProcessId":17492,"ThreadId":7440},{"TimeCreated":"2025-04-17 18:29:45","LogName":"System","Level":"Information","EventID":24,"ProviderName":"Microsoft-Windows-Kernel-General","Message":"The time zone information was refreshed with exit reason 0. Current time zone bias is 360.","MachineName":"DESKTOP-OIQSE1G","UserId":{"BinaryLength":12,"AccountDomainSid":null,"Value":"S-1-5-19"},"TaskDisplayName":null,"ProcessId":17492,"ThreadId":7440},{"TimeCreated":"2025-04-17 18:29:45","LogName":"System","Level":"Information","EventID":1,"ProviderName":"Microsoft-Windows-Kernel-General","Message":"The system time has changed to  2025 - 04 - 18T00:29:45.388326600Z from  2025 - 04 - 18T00:29:44.261708800Z.\\nTime Delta: 1126 ms\\n\\nChange Reason: An application or system component changed the time.\\nProcess: \u0027\\Device\\HarddiskVolume2\\Windows\\System32\\svchost.exe\u0027 (PID 17492).\\n\\nRTC time:  2025 - 04 - 17T18:29:45.388326600Z\\nCurrent time zone bias: 360\\nRTC time is in UTC: false\\nSystem time was based on RTC time: false","MachineName":"DESKTOP-OIQSE1G","UserId":{"BinaryLength":12,"AccountDomainSid":null,"Value":"S-1-5-19"},"TaskDisplayName":null,"ProcessId":17492,"ThreadId":7440},{"TimeCreated":"2025-04-17 18:29:45","LogName":"System","Level":"Information","EventID":24,"ProviderName":"Microsoft-Windows-Kernel-General","Message":"The time zone information was refreshed with exit reason 0. Current time zone bias is 360.","MachineName":"DESKTOP-OIQSE1G","UserId":{"BinaryLength":12,"AccountDomainSid":null,"Value":"S-1-5-19"},"TaskDisplayName":null,"ProcessId":17492,"ThreadId":7440},{"TimeCreated":"2025-04-17 18:29:28","LogName":"System","Level":"Information","EventID":37,"ProviderName":"Microsoft-Windows-Time-Service","Message":"The time provider NtpClient is currently receiving valid time data from time.windows.com,0x9 (ntp.m|0x9|0.0.0.0:123-\u003e168.61.215.74:123).","MachineName":"DESKTOP-OIQSE1G","UserId":{"BinaryLength":12,"AccountDomainSid":null,"Value":"S-1-5-19"},"TaskDisplayName":null,"ProcessId":17492,"ThreadId":21824},{"TimeCreated":"2025-04-17 18:29:28","LogName":"System","Level":"Warning","EventID":10016,"ProviderName":"Microsoft-Windows-DistributedCOM","Message":"The application-specific permission settings do not grant Local Activation permission for the COM Server application with CLSID \\n{2593F8B9-4EAF-457C-B68A-50F6B8EA6B54}\\n and APPID \\n{15C20B67-12E7-4BB6-92BB-7AFF07997402}\\n to the user DESKTOP-OIQSE1G\\mkroe SID (S-1-5-21-3773365355-1627060674-2487742414-1001) from address LocalHost (Using LRPC) running in the application container Unavailable SID (Unavailable). This security permission can be modified using the Component Services administrative tool.","MachineName":"DESKTOP-OIQSE1G","UserId":{"BinaryLength":28,"AccountDomainSid":{"BinaryLength":24,"AccountDomainSid":{"BinaryLength":24,"AccountDomainSid":{"BinaryLength":24,"AccountDomainSid":{"BinaryLength":24,"AccountDomainSid":{"BinaryLength":24,"AccountDomainSid":{"BinaryLength":24,"AccountDomainSid":"S-1-5-21-3773365355-1627060674-2487742414","Value":"S-1-5-21-3773365355-1627060674-2487742414"},"Value":"S-1-5-21-3773365355-1627060674-2487742414"},"Value":"S-1-5-21-3773365355-1627060674-2487742414"},"Value":"S-1-5-21-3773365355-1627060674-2487742414"},"Value":"S-1-5-21-3773365355-1627060674-2487742414"},"Value":"S-1-5-21-3773365355-1627060674-2487742414"},"Value":"S-1-5-21-3773365355-1627060674-2487742414-1001"},"TaskDisplayName":null,"ProcessId":1564,"ThreadId":28432},{"TimeCreated":"2025-04-17 18:28:54","LogName":"System","Level":"Warning","EventID":1014,"ProviderName":"Microsoft-Windows-DNS-Client","Message":"Name resolution for the name test.steampowered.com timed out after none of the configured DNS servers responded. Client PID 1720.","MachineName":"DESKTOP-OIQSE1G","UserId":{"BinaryLength":12,"AccountDomainSid":null,"Value":"S-1-5-20"},"TaskDisplayName":null,"ProcessId":2496,"ThreadId":21836},{"TimeCreated":"2025-04-17 18:28:52","LogName":"System","Level":"Information","EventID":32,"ProviderName":"e1rexpress","Message":"Intel(R) I211 Gigabit Network Connection\\n Network link has been established at 1Gbps full duplex.\\n","MachineName":"DESKTOP-OIQSE1G","UserId":null,"TaskDisplayName":"None","ProcessId":4,"ThreadId":31396},{"TimeCreated":"2025-04-17 18:28:48","LogName":"System","Level":"Error","EventID":1796,"ProviderName":"Microsoft-Windows-TPM-WMI","Message":"The Secure Boot update failed to update a Secure Boot variable with error Secure Boot is not enabled on this machine.. For more information, please see https://go.microsoft.com/fwlink/?linkid=2169931","MachineName":"DESKTOP-OIQSE1G","UserId":{"BinaryLength":12,"AccountDomainSid":null,"Value":"S-1-5-18"},"TaskDisplayName":null,"ProcessId":22588,"ThreadId":39212},{"TimeCreated":"2025-04-17 18:28:48","LogName":"System","Level":"Information","EventID":1,"ProviderName":"Microsoft-Windows-Power-Troubleshooter","Message":"The system has returned from a low power state.\\n\\nSleep Time:  2025 - 04 - 17T04:22:08.574604100Z\\nWake Time:  2025 - 04 - 18T00:28:47.637566000Z\\n\\nWake Source: Unknown","MachineName":"DESKTOP-OIQSE1G","UserId":{"BinaryLength":12,"AccountDomainSid":null,"Value":"S-1-5-19"},"TaskDisplayName":null,"ProcessId":4444,"ThreadId":55704},{"TimeCreated":"2025-04-17 18:28:47","LogName":"System","Level":"Information","EventID":566,"ProviderName":"Microsoft-Windows-Kernel-Power","Message":"The system session has transitioned from 121 to 123.\\n\\nReason InputAccelerometer \\n\\nBootId: 31","MachineName":"DESKTOP-OIQSE1G","UserId":{"BinaryLength":12,"AccountDomainSid":null,"Value":"S-1-5-18"},"TaskDisplayName":null,"ProcessId":4,"ThreadId":40600},{"TimeCreated":"2025-04-17 18:28:47","LogName":"System","Level":"Information","EventID":117,"ProviderName":"Microsoft-Windows-HttpService","Message":"Delete URL group 0xFE00000720000016. Status 0x0. Process Id 0x19AC Executable path \\Device\\HarddiskVolume2\\Windows\\System32\\svchost.exe, User S-1-5-19","MachineName":"DESKTOP-OIQSE1G","UserId":{"BinaryLength":12,"AccountDomainSid":null,"Value":"S-1-5-19"},"TaskDisplayName":"HTTP Configuration Property Trace Task","ProcessId":6572,"ThreadId":6816},{"TimeCreated":"2025-04-17 18:28:47","LogName":"System","Level":"Information","EventID":114,"ProviderName":"Microsoft-Windows-HttpService","Message":"Removed URL (http://*:5357/19669707-bcd3-4cf0-bbea-b420834c3fe4/) from URL group (0xFE00000720000016). Process Id 0x19AC Executable path \\Device\\HarddiskVolume2\\Windows\\System32\\svchost.exe, User S-1-5-19","MachineName":"DESKTOP-OIQSE1G","UserId":{"BinaryLength":12,"AccountDomainSid":null,"Value":"S-1-5-19"},"TaskDisplayName":"HTTP Configuration Property Trace Task","ProcessId":6572,"ThreadId":6816},{"TimeCreated":"2025-04-17 18:28:47","LogName":"System","Level":"Information","EventID":113,"ProviderName":"Microsoft-Windows-HttpService","Message":"Attempted to add URL (http://*:5357/19669707-bcd3-4cf0-bbea-b420834c3fe4/) to URL group (0xFE00000720000016). Status: 0x0. Process Id 0x19AC Executable path \\Device\\HarddiskVolume2\\Windows\\System32\\svchost.exe, User S-1-5-19","MachineName":"DESKTOP-OIQSE1G","UserId":{"BinaryLength":12,"AccountDomainSid":null,"Value":"S-1-5-19"},"TaskDisplayName":"HTTP Configuration Property Trace Task","ProcessId":6572,"ThreadId":6816},{"TimeCreated":"2025-04-17 18:28:47","LogName":"System","Level":"Information","EventID":111,"ProviderName":"Microsoft-Windows-HttpService","Message":"Create URL group 0xFE00000720000016. Status 0x0. Process Id 0x19AC Executable path \\Device\\HarddiskVolume2\\Windows\\System32\\svchost.exe, User S-1-5-19","MachineName":"DESKTOP-OIQSE1G","UserId":{"BinaryLength":12,"AccountDomainSid":null,"Value":"S-1-5-19"},"TaskDisplayName":"HTTP Configuration Property Trace Task","ProcessId":6572,"ThreadId":6816},{"TimeCreated":"2025-04-17 18:28:47","LogName":"System","Level":"Information","EventID":117,"ProviderName":"Microsoft-Windows-HttpService","Message":"Delete URL group 0xFE00000720000015. Status 0x0. Process Id 0x19AC Executable path \\Device\\HarddiskVolume2\\Windows\\System32\\svchost.exe, User S-1-5-19","MachineName":"DESKTOP-OIQSE1G","UserId":{"BinaryLength":12,"AccountDomainSid":null,"Value":"S-1-5-19"},"TaskDisplayName":"HTTP Configuration Property Trace Task","ProcessId":6572,"ThreadId":6816},{"TimeCreated":"2025-04-17 18:28:47","LogName":"System","Level":"Information","EventID":114,"ProviderName":"Microsoft-Windows-HttpService","Message":"Removed URL (http://*:5357/19669707-bcd3-4cf0-bbea-b420834c3fe4/) from URL group (0xFE00000720000015). Process Id 0x19AC Executable path \\Device\\HarddiskVolume2\\Windows\\System32\\svchost.exe, User S-1-5-19","MachineName":"DESKTOP-OIQSE1G","UserId":{"BinaryLength":12,"AccountDomainSid":null,"Value":"S-1-5-19"},"TaskDisplayName":"HTTP Configuration Property Trace Task","ProcessId":6572,"ThreadId":6816},{"TimeCreated":"2025-04-17 18:28:47","LogName":"System","Level":"Information","EventID":113,"ProviderName":"Microsoft-Windows-HttpService","Message":"Attempted to add URL (http://*:5357/19669707-bcd3-4cf0-bbea-b420834c3fe4/) to URL group (0xFE00000720000015). Status: 0x0. Process Id 0x19AC Executable path \\Device\\HarddiskVolume2\\Windows\\System32\\svchost.exe, User S-1-5-19","MachineName":"DESKTOP-OIQSE1G","UserId":{"BinaryLength":12,"AccountDomainSid":null,"Value":"S-1-5-19"},"TaskDisplayName":"HTTP Configuration Property Trace Task","ProcessId":6572,"ThreadId":6816},{"TimeCreated":"2025-04-17 18:28:47","LogName":"System","Level":"Information","EventID":111,"ProviderName":"Microsoft-Windows-HttpService","Message":"Create URL group 0xFE00000720000015. Status 0x0. Process Id 0x19AC Executable path \\Device\\HarddiskVolume2\\Windows\\System32\\svchost.exe, User S-1-5-19","MachineName":"DESKTOP-OIQSE1G","UserId":{"BinaryLength":12,"AccountDomainSid":null,"Value":"S-1-5-19"},"TaskDisplayName":"HTTP Configuration Property Trace Task","ProcessId":6572,"ThreadId":6816},{"TimeCreated":"2025-04-17 18:28:47","LogName":"System","Level":"Information","EventID":117,"ProviderName":"Microsoft-Windows-HttpService","Message":"Delete URL group 0xFE00000520000015. Status 0x0. Process Id 0x19AC Executable path \\Device\\HarddiskVolume2\\Windows\\System32\\svchost.exe, User S-1-5-19","MachineName":"DESKTOP-OIQSE1G","UserId":{"BinaryLength":12,"AccountDomainSid":null,"Value":"S-1-5-19"},"TaskDisplayName":"HTTP Configuration Property Trace Task","ProcessId":6572,"ThreadId":6816},{"TimeCreated":"2025-04-17 18:28:47","LogName":"System","Level":"Information","EventID":114,"ProviderName":"Microsoft-Windows-HttpService","Message":"Removed URL (http://*:5357/19669707-bcd3-4cf0-bbea-b420834c3fe4/) from URL group (0xFE00000520000015). Process Id 0x19AC Executable path \\Device\\HarddiskVolume2\\Windows\\System32\\svchost.exe, User S-1-5-19","MachineName":"DESKTOP-OIQSE1G","UserId":{"BinaryLength":12,"AccountDomainSid":null,"Value":"S-1-5-19"},"TaskDisplayName":"HTTP Configuration Property Trace Task","ProcessId":6572,"ThreadId":6816},{"TimeCreated":"2025-04-17 18:28:47","LogName":"System","Level":"Information","EventID":113,"ProviderName":"Microsoft-Windows-HttpService","Message":"Attempted to add URL (http://*:5357/19669707-bcd3-4cf0-bbea-b420834c3fe4/) to URL group (0xFE00000520000015). Status: 0x0. Process Id 0x19AC Executable path \\Device\\HarddiskVolume2\\Windows\\System32\\svchost.exe, User S-1-5-19","MachineName":"DESKTOP-OIQSE1G","UserId":{"BinaryLength":12,"AccountDomainSid":null,"Value":"S-1-5-19"},"TaskDisplayName":"HTTP Configuration Property Trace Task","ProcessId":6572,"ThreadId":6816},{"TimeCreated":"2025-04-17 18:28:47","LogName":"System","Level":"Information","EventID":111,"ProviderName":"Microsoft-Windows-HttpService","Message":"Create URL group 0xFE00000520000015. Status 0x0. Process Id 0x19AC Executable path \\Device\\HarddiskVolume2\\Windows\\System32\\svchost.exe, User S-1-5-19","MachineName":"DESKTOP-OIQSE1G","UserId":{"BinaryLength":12,"AccountDomainSid":null,"Value":"S-1-5-19"},"TaskDisplayName":"HTTP Configuration Property Trace Task","ProcessId":6572,"ThreadId":6816},{"TimeCreated":"2025-04-17 18:28:47","LogName":"System","Level":"Information","EventID":117,"ProviderName":"Microsoft-Windows-HttpService","Message":"Delete URL group 0xFE00000520000014. Status 0x0. Process Id 0x19AC Executable path \\Device\\HarddiskVolume2\\Windows\\System32\\svchost.exe, User S-1-5-19","MachineName":"DESKTOP-OIQSE1G","UserId":{"BinaryLength":12,"AccountDomainSid":null,"Value":"S-1-5-19"},"TaskDisplayName":"HTTP Configuration Property Trace Task","ProcessId":6572,"ThreadId":6816},{"TimeCreated":"2025-04-17 18:28:47","LogName":"System","Level":"Information","EventID":114,"ProviderName":"Microsoft-Windows-HttpService","Message":"Removed URL (http://*:5357/19669707-bcd3-4cf0-bbea-b420834c3fe4/) from URL group (0xFE00000520000014). Process Id 0x19AC Executable path \\Device\\HarddiskVolume2\\Windows\\System32\\svchost.exe, User S-1-5-19","MachineName":"DESKTOP-OIQSE1G","UserId":{"BinaryLength":12,"AccountDomainSid":null,"Value":"S-1-5-19"},"TaskDisplayName":"HTTP Configuration Property Trace Task","ProcessId":6572,"ThreadId":6816},{"TimeCreated":"2025-04-17 18:28:47","LogName":"System","Level":"Information","EventID":113,"ProviderName":"Microsoft-Windows-HttpService","Message":"Attempted to add URL (http://*:5357/19669707-bcd3-4cf0-bbea-b420834c3fe4/) to URL group (0xFE00000520000014). Status: 0x0. Process Id 0x19AC Executable path \\Device\\HarddiskVolume2\\Windows\\System32\\svchost.exe, User S-1-5-19","MachineName":"DESKTOP-OIQSE1G","UserId":null,"TaskDisplayName":"HTTP Configuration Property Trace Task","ProcessId":6572,"ThreadId":6816},{"TimeCreated":"2025-04-17 18:28:47","LogName":"System","Level":"Information","EventID":111,"ProviderName":"Microsoft-Windows-HttpService","Message":"Create URL group 0xFE00000520000014. Status 0x0. Process Id 0x19AC Executable path \\Device\\HarddiskVolume2\\Windows\\System32\\svchost.exe, User S-1-5-19","MachineName":"DESKTOP-OIQSE1G","UserId":null,"TaskDisplayName":"HTTP Configuration Property Trace Task","ProcessId":6572,"ThreadId":6816},{"TimeCreated":"2025-04-17 18:28:47","LogName":"System","Level":"Information","EventID":117,"ProviderName":"Microsoft-Windows-HttpService","Message":"Delete URL group 0xFE00000520000013. Status 0x0. Process Id 0x19AC Executable path \\Device\\HarddiskVolume2\\Windows\\System32\\svchost.exe, User S-1-5-19","MachineName":"DESKTOP-OIQSE1G","UserId":null,"TaskDisplayName":"HTTP Configuration Property Trace Task","ProcessId":6572,"ThreadId":6816},{"TimeCreated":"2025-04-17 18:28:47","LogName":"System","Level":"Information","EventID":114,"ProviderName":"Microsoft-Windows-HttpService","Message":"Removed URL (http://*:5357/19669707-bcd3-4cf0-bbea-b420834c3fe4/) from URL group (0xFE00000520000013). Process Id 0x19AC Executable path \\Device\\HarddiskVolume2\\Windows\\System32\\svchost.exe, User S-1-5-19","MachineName":"DESKTOP-OIQSE1G","UserId":null,"TaskDisplayName":"HTTP Configuration Property Trace Task","ProcessId":6572,"ThreadId":6816},{"TimeCreated":"2025-04-17 18:28:47","LogName":"System","Level":"Information","EventID":113,"ProviderName":"Microsoft-Windows-HttpService","Message":"Attempted to add URL (http://*:5357/19669707-bcd3-4cf0-bbea-b420834c3fe4/) to URL group (0xFE00000520000013). Status: 0x0. Process Id 0x19AC Executable path \\Device\\HarddiskVolume2\\Windows\\System32\\svchost.exe, User S-1-5-19","MachineName":"DESKTOP-OIQSE1G","UserId":null,"TaskDisplayName":"HTTP Configuration Property Trace Task","ProcessId":6572,"ThreadId":6816},{"TimeCreated":"2025-04-17 18:28:47","LogName":"System","Level":"Information","EventID":111,"ProviderName":"Microsoft-Windows-HttpService","Message":"Create URL group 0xFE00000520000013. Status 0x0. Process Id 0x19AC Executable path \\Device\\HarddiskVolume2\\Windows\\System32\\svchost.exe, User S-1-5-19","MachineName":"DESKTOP-OIQSE1G","UserId":null,"TaskDisplayName":"HTTP Configuration Property Trace Task","ProcessId":6572,"ThreadId":6816},{"TimeCreated":"2025-04-17 18:28:47","LogName":"System","Level":"Warning","EventID":134,"ProviderName":"Microsoft-Windows-Time-Service","Message":"NtpClient was unable to set a manual peer to use as a time source because of DNS resolution error on \u0027time.windows.com,0x9\u0027. NtpClient will try again in 15 minutes and double the reattempt interval thereafter. The error was: No such host is known. (0x80072AF9)","MachineName":"DESKTOP-OIQSE1G","UserId":{"BinaryLength":12,"AccountDomainSid":null,"Value":"S-1-5-19"},"TaskDisplayName":null,"ProcessId":17492,"ThreadId":21824},{"TimeCreated":"2025-04-17 18:28:47","LogName":"System","Level":"Information","EventID":566,"ProviderName":"Microsoft-Windows-Kernel-Power","Message":"The system session has transitioned from 120 to 121.\\n\\nReason SxTransition \\n\\nBootId: 31","MachineName":"DESKTOP-OIQSE1G","UserId":null,"TaskDisplayName":null,"ProcessId":4,"ThreadId":36576},{"TimeCreated":"2025-04-17 18:28:47","LogName":"System","Level":"Information","EventID":18,"ProviderName":"BTHUSB","Message":"Windows cannot store Bluetooth authentication codes (link keys) on the local adapter. Bluetooth keyboards might not work in the system BIOS during startup.","MachineName":"DESKTOP-OIQSE1G","UserId":null,"TaskDisplayName":"None","ProcessId":4,"ThreadId":4696},{"TimeCreated":"2025-04-17 18:28:46","LogName":"System","Level":"Information","EventID":6013,"ProviderName":"EventLog","Message":"The system uptime is 586688 seconds.","MachineName":"DESKTOP-OIQSE1G","UserId":null,"TaskDisplayName":"None","ProcessId":2308,"ThreadId":2508},{"TimeCreated":"2025-04-17 18:28:46","LogName":"System","Level":"Information","EventID":130,"ProviderName":"Microsoft-Windows-Kernel-Power","Message":"Firmware S3 times. SuspendStart: 103667288, SuspendEnd: 103667288","MachineName":"DESKTOP-OIQSE1G","UserId":null,"TaskDisplayName":null,"ProcessId":4,"ThreadId":10880},{"TimeCreated":"2025-04-17 18:28:46","LogName":"System","Level":"Information","EventID":131,"ProviderName":"Microsoft-Windows-Kernel-Power","Message":"Firmware S3 times. ResumeCount: 16, FullResume: 1268, AverageResume: 1269","MachineName":"DESKTOP-OIQSE1G","UserId":null,"TaskDisplayName":null,"ProcessId":4,"ThreadId":10880},{"TimeCreated":"2025-04-17 18:28:46","LogName":"System","Level":"Information","EventID":1,"ProviderName":"Microsoft-Windows-Kernel-General","Message":"The system time has changed to  2025 - 04 - 18T00:28:46.500000000Z from  2025 - 04 - 17T04:22:17.777482900Z.\\nTime Delta: 72388722 ms\\n\\nChange Reason: System time synchronized with the hardware clock.\\nProcess: \u0027\u0027 (PID 4).\\n\\nRTC time:  2025 - 04 - 17T18:28:46.500000000Z\\nCurrent time zone bias: 360\\nRTC time is in UTC: false\\nSystem time was based on RTC time: false","MachineName":"DESKTOP-OIQSE1G","UserId":null,"TaskDisplayName":null,"ProcessId":4,"ThreadId":10880},{"TimeCreated":"2025-04-16 22:22:17","LogName":"System","Level":"Information","EventID":107,"ProviderName":"Microsoft-Windows-Kernel-Power","Message":"The system has resumed from sleep.","MachineName":"DESKTOP-OIQSE1G","UserId":null,"TaskDisplayName":null,"ProcessId":4,"ThreadId":10880},{"TimeCreated":"2025-04-16 22:22:13","LogName":"System","Level":"Information","EventID":42,"ProviderName":"Microsoft-Windows-Kernel-Power","Message":"The system is entering sleep.\\n\\nSleep Reason: System Idle","MachineName":"DESKTOP-OIQSE1G","UserId":null,"TaskDisplayName":null,"ProcessId":4,"ThreadId":10880},{"TimeCreated":"2025-04-16 22:22:08","LogName":"System","Level":"Information","EventID":566,"ProviderName":"Microsoft-Windows-Kernel-Power","Message":"The system session has transitioned from 118 to 120.\\n\\nReason SxTransition \\n\\nBootId: 31","MachineName":"DESKTOP-OIQSE1G","UserId":{"BinaryLength":12,"AccountDomainSid":null,"Value":"S-1-5-18"},"TaskDisplayName":null,"ProcessId":4,"ThreadId":38600},{"TimeCreated":"2025-04-16 21:52:49","LogName":"System","Level":"Information","EventID":566,"ProviderName":"Microsoft-Windows-Kernel-Power","Message":"The system session has transitioned from 117 to 118.\\n\\nReason SessionUnlock \\n\\nBootId: 31","MachineName":"DESKTOP-OIQSE1G","UserId":{"BinaryLength":12,"AccountDomainSid":null,"Value":"S-1-5-18"},"TaskDisplayName":null,"ProcessId":4,"ThreadId":51152},{"TimeCreated":"2025-04-16 21:51:49","LogName":"System","Level":"Information","EventID":566,"ProviderName":"Microsoft-Windows-Kernel-Power","Message":"The system session has transitioned from 115 to 117.\\n\\nReason InputHid \\n\\nBootId: 31","MachineName":"DESKTOP-OIQSE1G","UserId":{"BinaryLength":12,"AccountDomainSid":null,"Value":"S-1-5-18"},"TaskDisplayName":null,"ProcessId":4,"ThreadId":51152},{"TimeCreated":"2025-04-16 21:43:34","LogName":"System","Level":"Information","EventID":16,"ProviderName":"Microsoft-Windows-Kernel-General","Message":"The access history in hive \\??\\C:\\Users\\mkroe\\AppData\\Local\\Packages\\Microsoft.SecHealthUI_8wekyb3d8bbwe\\Settings\\settings.dat was cleared updating 1 keys and creating 1 modified pages.","MachineName":"DESKTOP-OIQSE1G","UserId":{"BinaryLength":28,"AccountDomainSid":{"BinaryLength":24,"AccountDomainSid":{"BinaryLength":24,"AccountDomainSid":{"BinaryLength":24,"AccountDomainSid":{"BinaryLength":24,"AccountDomainSid":{"BinaryLength":24,"AccountDomainSid":{"BinaryLength":24,"AccountDomainSid":"S-1-5-21-3773365355-1627060674-2487742414","Value":"S-1-5-21-3773365355-1627060674-2487742414"},"Value":"S-1-5-21-3773365355-1627060674-2487742414"},"Value":"S-1-5-21-3773365355-1627060674-2487742414"},"Value":"S-1-5-21-3773365355-1627060674-2487742414"},"Value":"S-1-5-21-3773365355-1627060674-2487742414"},"Value":"S-1-5-21-3773365355-1627060674-2487742414"},"Value":"S-1-5-21-3773365355-1627060674-2487742414-1001"},"TaskDisplayName":null,"ProcessId":12296,"ThreadId":56492},{"TimeCreated":"2025-04-16 21:43:34","LogName":"System","Level":"Information","EventID":16,"ProviderName":"Microsoft-Windows-Kernel-General","Message":"The access history in hive \\??\\C:\\ProgramData\\Microsoft\\Windows\\AppRepository\\Packages\\Microsoft.SecHealthUI_1000.27777.1008.0_x64__8wekyb3d8bbwe\\ActivationStore.dat was cleared updating 0 keys and creating 0 modified pages.","MachineName":"DESKTOP-OIQSE1G","UserId":{"BinaryLength":12,"AccountDomainSid":null,"Value":"S-1-5-18"},"TaskDisplayName":null,"ProcessId":12296,"ThreadId":56492},{"TimeCreated":"2025-04-16 21:42:59","LogName":"System","Level":"Information","EventID":566,"ProviderName":"Microsoft-Windows-Kernel-Power","Message":"The system session has transitioned from 114 to 115.\\n\\nReason SessionUnlock \\n\\nBootId: 31","MachineName":"DESKTOP-OIQSE1G","UserId":{"BinaryLength":12,"AccountDomainSid":null,"Value":"S-1-5-18"},"TaskDisplayName":null,"ProcessId":4,"ThreadId":34036},{"TimeCreated":"2025-04-16 21:42:59","LogName":"System","Level":"Information","EventID":19,"ProviderName":"Microsoft-Windows-WindowsUpdateClient","Message":"Installation Successful: Windows successfully installed the following update: Update for Windows Security platform - KB5007651 (Version 10.0.27777.1008)","MachineName":"DESKTOP-OIQSE1G","UserId":{"BinaryLength":12,"AccountDomainSid":null,"Value":"S-1-5-18"},"TaskDisplayName":"Windows Update Agent","ProcessId":35140,"ThreadId":53272},{"TimeCreated":"2025-04-16 21:42:57","LogName":"System","Level":"Information","EventID":43,"ProviderName":"Microsoft-Windows-WindowsUpdateClient","Message":"Installation Started: Windows has started installing the following update: Update for Windows Security platform - KB5007651 (Version 10.0.27777.1008)","MachineName":"DESKTOP-OIQSE1G","UserId":{"BinaryLength":12,"AccountDomainSid":null,"Value":"S-1-5-18"},"TaskDisplayName":"Windows Update Agent","ProcessId":35140,"ThreadId":53272},{"TimeCreated":"2025-04-16 21:03:09","LogName":"System","Level":"Information","EventID":44,"ProviderName":"Microsoft-Windows-WindowsUpdateClient","Message":"Windows Update started downloading an update.","MachineName":"DESKTOP-OIQSE1G","UserId":{"BinaryLength":12,"AccountDomainSid":null,"Value":"S-1-5-18"},"TaskDisplayName":"Windows Update Agent","ProcessId":33112,"ThreadId":14548},{"TimeCreated":"2025-04-16 21:02:00","LogName":"System","Level":"Information","EventID":16,"ProviderName":"Microsoft-Windows-Kernel-General","Message":"The access history in hive \\??\\C:\\Users\\mkroe\\AppData\\Local\\Packages\\Microsoft.ScreenSketch_8wekyb3d8bbwe\\Settings\\settings.dat was cleared updating 2 keys and creating 1 modified pages.","MachineName":"DESKTOP-OIQSE1G","UserId":{"BinaryLength":12,"AccountDomainSid":null,"Value":"S-1-5-18"},"TaskDisplayName":null,"ProcessId":17620,"ThreadId":21484},{"TimeCreated":"2025-04-16 21:02:00","LogName":"System","Level":"Information","EventID":16,"ProviderName":"Microsoft-Windows-Kernel-General","Message":"The access history in hive \\??\\C:\\ProgramData\\Packages\\Microsoft.ScreenSketch_8wekyb3d8bbwe\\S-1-5-21-3773365355-1627060674-2487742414-1001\\SystemAppData\\Helium\\Cache\\b2c4686f3779cffa_COM15.dat was cleared updating 1 keys and creating 1 modified pages.","MachineName":"DESKTOP-OIQSE1G","UserId":{"BinaryLength":12,"AccountDomainSid":null,"Value":"S-1-5-18"},"TaskDisplayName":null,"ProcessId":3452,"ThreadId":36612},{"TimeCreated":"2025-04-16 21:02:00","LogName":"System","Level":"Information","EventID":16,"ProviderName":"Microsoft-Windows-Kernel-General","Message":"The access history in hive \\??\\C:\\Users\\mkroe\\AppData\\Local\\Packages\\Microsoft.ScreenSketch_8wekyb3d8bbwe\\SystemAppData\\Helium\\UserClasses.dat was cleared updating 14 keys and creating 3 modified pages.","MachineName":"DESKTOP-OIQSE1G","UserId":{"BinaryLength":12,"AccountDomainSid":null,"Value":"S-1-5-18"},"TaskDisplayName":null,"ProcessId":3452,"ThreadId":36612},{"TimeCreated":"2025-04-16 21:02:00","LogName":"System","Level":"Information","EventID":16,"ProviderName":"Microsoft-Windows-Kernel-General","Message":"The access history in hive \\??\\C:\\Users\\mkroe\\AppData\\Local\\Packages\\Microsoft.ScreenSketch_8wekyb3d8bbwe\\SystemAppData\\Helium\\User.dat was cleared updating 12 keys and creating 1 modified pages.","MachineName":"DESKTOP-OIQSE1G","UserId":{"BinaryLength":12,"AccountDomainSid":null,"Value":"S-1-5-18"},"TaskDisplayName":null,"ProcessId":3452,"ThreadId":36612},{"TimeCreated":"2025-04-16 20:49:53","LogName":"System","Level":"Information","EventID":16,"ProviderName":"Microsoft-Windows-Kernel-General","Message":"The access history in hive \\??\\C:\\ProgramData\\Packages\\MSTeams_8wekyb3d8bbwe\\S-1-5-21-3773365355-1627060674-2487742414-1001\\SystemAppData\\Helium\\Cache\\e427a59d4ab25fcb_COM15.dat was cleared updating 1 keys and creating 1 modified pages.","MachineName":"DESKTOP-OIQSE1G","UserId":{"BinaryLength":12,"AccountDomainSid":null,"Value":"S-1-5-18"},"TaskDisplayName":null,"ProcessId":1432,"ThreadId":58604},{"TimeCreated":"2025-04-16 20:47:55","LogName":"System","Level":"Warning","EventID":1014,"ProviderName":"Microsoft-Windows-DNS-Client","Message":"Name resolution for the name test.steampowered.com timed out after none of the configured DNS servers responded. Client PID 1720.","MachineName":"DESKTOP-OIQSE1G","UserId":{"BinaryLength":12,"AccountDomainSid":null,"Value":"S-1-5-20"},"TaskDisplayName":null,"ProcessId":2496,"ThreadId":57228},{"TimeCreated":"2025-04-16 20:47:53","LogName":"System","Level":"Information","EventID":32,"ProviderName":"e1rexpress","Message":"Intel(R) I211 Gigabit Network Connection\\n Network link has been established at 1Gbps full duplex.\\n","MachineName":"DESKTOP-OIQSE1G","UserId":null,"TaskDisplayName":"None","ProcessId":4,"ThreadId":56964},{"TimeCreated":"2025-04-16 20:47:49","LogName":"System","Level":"Information","EventID":1,"ProviderName":"Microsoft-Windows-Power-Troubleshooter","Message":"The system has returned from a low power state.\\n\\nSleep Time:  2025 - 04 - 17T02:07:57.819226100Z\\nWake Time:  2025 - 04 - 17T02:47:48.506869300Z\\n\\nWake Source: Unknown","MachineName":"DESKTOP-OIQSE1G","UserId":{"BinaryLength":12,"AccountDomainSid":null,"Value":"S-1-5-19"},"TaskDisplayName":null,"ProcessId":4444,"ThreadId":10744},{"TimeCreated":"2025-04-16 20:47:48","LogName":"System","Level":"Information","EventID":566,"ProviderName":"Microsoft-Windows-Kernel-Power","Message":"The system session has transitioned from 112 to 114.\\n\\nReason InputAccelerometer \\n\\nBootId: 31","MachineName":"DESKTOP-OIQSE1G","UserId":{"BinaryLength":12,"AccountDomainSid":null,"Value":"S-1-5-18"},"TaskDisplayName":null,"ProcessId":4,"ThreadId":43160},{"TimeCreated":"2025-04-16 20:47:48","LogName":"System","Level":"Information","EventID":117,"ProviderName":"Microsoft-Windows-HttpService","Message":"Delete URL group 0xFE00000220000001. Status 0x0. Process Id 0x19AC Executable path \\Device\\HarddiskVolume2\\Windows\\System32\\svchost.exe, User S-1-5-19","MachineName":"DESKTOP-OIQSE1G","UserId":{"BinaryLength":12,"AccountDomainSid":null,"Value":"S-1-5-19"},"TaskDisplayName":"HTTP Configuration Property Trace Task","ProcessId":6572,"ThreadId":6816},{"TimeCreated":"2025-04-16 20:47:48","LogName":"System","Level":"Information","EventID":114,"ProviderName":"Microsoft-Windows-HttpService","Message":"Removed URL (http://*:5357/19669707-bcd3-4cf0-bbea-b420834c3fe4/) from URL group (0xFE00000220000001). Process Id 0x19AC Executable path \\Device\\HarddiskVolume2\\Windows\\System32\\svchost.exe, User S-1-5-19","MachineName":"DESKTOP-OIQSE1G","UserId":{"BinaryLength":12,"AccountDomainSid":null,"Value":"S-1-5-19"},"TaskDisplayName":"HTTP Configuration Property Trace Task","ProcessId":6572,"ThreadId":6816},{"TimeCreated":"2025-04-16 20:47:48","LogName":"System","Level":"Information","EventID":113,"ProviderName":"Microsoft-Windows-HttpService","Message":"Attempted to add URL (http://*:5357/19669707-bcd3-4cf0-bbea-b420834c3fe4/) to URL group (0xFE00000220000001). Status: 0x0. Process Id 0x19AC Executable path \\Device\\HarddiskVolume2\\Windows\\System32\\svchost.exe, User S-1-5-19","MachineName":"DESKTOP-OIQSE1G","UserId":{"BinaryLength":12,"AccountDomainSid":null,"Value":"S-1-5-19"},"TaskDisplayName":"HTTP Configuration Property Trace Task","ProcessId":6572,"ThreadId":6816},{"TimeCreated":"2025-04-16 20:47:48","LogName":"System","Level":"Information","EventID":111,"ProviderName":"Microsoft-Windows-HttpService","Message":"Create URL group 0xFE00000220000001. Status 0x0. Process Id 0x19AC Executable path \\Device\\HarddiskVolume2\\Windows\\System32\\svchost.exe, User S-1-5-19","MachineName":"DESKTOP-OIQSE1G","UserId":{"BinaryLength":12,"AccountDomainSid":null,"Value":"S-1-5-19"},"TaskDisplayName":"HTTP Configuration Property Trace Task","ProcessId":6572,"ThreadId":6816},{"TimeCreated":"2025-04-16 20:47:48","LogName":"System","Level":"Information","EventID":117,"ProviderName":"Microsoft-Windows-HttpService","Message":"Delete URL group 0xFE00000420000006. Status 0x0. Process Id 0x19AC Executable path \\Device\\HarddiskVolume2\\Windows\\System32\\svchost.exe, User S-1-5-19","MachineName":"DESKTOP-OIQSE1G","UserId":{"BinaryLength":12,"AccountDomainSid":null,"Value":"S-1-5-19"},"TaskDisplayName":"HTTP Configuration Property Trace Task","ProcessId":6572,"ThreadId":6816},{"TimeCreated":"2025-04-16 20:47:48","LogName":"System","Level":"Information","EventID":114,"ProviderName":"Microsoft-Windows-HttpService","Message":"Removed URL (http://*:5357/19669707-bcd3-4cf0-bbea-b420834c3fe4/) from URL group (0xFE00000420000006). Process Id 0x19AC Executable path \\Device\\HarddiskVolume2\\Windows\\System32\\svchost.exe, User S-1-5-19","MachineName":"DESKTOP-OIQSE1G","UserId":{"BinaryLength":12,"AccountDomainSid":null,"Value":"S-1-5-19"},"TaskDisplayName":"HTTP Configuration Property Trace Task","ProcessId":6572,"ThreadId":6816},{"TimeCreated":"2025-04-16 20:47:48","LogName":"System","Level":"Information","EventID":113,"ProviderName":"Microsoft-Windows-HttpService","Message":"Attempted to add URL (http://*:5357/19669707-bcd3-4cf0-bbea-b420834c3fe4/) to URL group (0xFE00000420000006). Status: 0x0. Process Id 0x19AC Executable path \\Device\\HarddiskVolume2\\Windows\\System32\\svchost.exe, User S-1-5-19","MachineName":"DESKTOP-OIQSE1G","UserId":{"BinaryLength":12,"AccountDomainSid":null,"Value":"S-1-5-19"},"TaskDisplayName":"HTTP Configuration Property Trace Task","ProcessId":6572,"ThreadId":6816},{"TimeCreated":"2025-04-16 20:47:48","LogName":"System","Level":"Information","EventID":111,"ProviderName":"Microsoft-Windows-HttpService","Message":"Create URL group 0xFE00000420000006. Status 0x0. Process Id 0x19AC Executable path \\Device\\HarddiskVolume2\\Windows\\System32\\svchost.exe, User S-1-5-19","MachineName":"DESKTOP-OIQSE1G","UserId":{"BinaryLength":12,"AccountDomainSid":null,"Value":"S-1-5-19"},"TaskDisplayName":"HTTP Configuration Property Trace Task","ProcessId":6572,"ThreadId":6816},{"TimeCreated":"2025-04-16 20:47:48","LogName":"System","Level":"Information","EventID":117,"ProviderName":"Microsoft-Windows-HttpService","Message":"Delete URL group 0xFE00000520000012. Status 0x0. Process Id 0x19AC Executable path \\Device\\HarddiskVolume2\\Windows\\System32\\svchost.exe, User S-1-5-19","MachineName":"DESKTOP-OIQSE1G","UserId":{"BinaryLength":12,"AccountDomainSid":null,"Value":"S-1-5-19"},"TaskDisplayName":"HTTP Configuration Property Trace Task","ProcessId":6572,"ThreadId":6816},{"TimeCreated":"2025-04-16 20:47:48","LogName":"System","Level":"Information","EventID":114,"ProviderName":"Microsoft-Windows-HttpService","Message":"Removed URL (http://*:5357/19669707-bcd3-4cf0-bbea-b420834c3fe4/) from URL group (0xFE00000520000012). Process Id 0x19AC Executable path \\Device\\HarddiskVolume2\\Windows\\System32\\svchost.exe, User S-1-5-19","MachineName":"DESKTOP-OIQSE1G","UserId":{"BinaryLength":12,"AccountDomainSid":null,"Value":"S-1-5-19"},"TaskDisplayName":"HTTP Configuration Property Trace Task","ProcessId":6572,"ThreadId":6816},{"TimeCreated":"2025-04-16 20:47:48","LogName":"System","Level":"Information","EventID":113,"ProviderName":"Microsoft-Windows-HttpService","Message":"Attempted to add URL (http://*:5357/19669707-bcd3-4cf0-bbea-b420834c3fe4/) to URL group (0xFE00000520000012). Status: 0x0. Process Id 0x19AC Executable path \\Device\\HarddiskVolume2\\Windows\\System32\\svchost.exe, User S-1-5-19","MachineName":"DESKTOP-OIQSE1G","UserId":{"BinaryLength":12,"AccountDomainSid":null,"Value":"S-1-5-19"},"TaskDisplayName":"HTTP Configuration Property Trace Task","ProcessId":6572,"ThreadId":6816},{"TimeCreated":"2025-04-16 20:47:48","LogName":"System","Level":"Information","EventID":111,"ProviderName":"Microsoft-Windows-HttpService","Message":"Create URL group 0xFE00000520000012. Status 0x0. Process Id 0x19AC Executable path \\Device\\HarddiskVolume2\\Windows\\System32\\svchost.exe, User S-1-5-19","MachineName":"DESKTOP-OIQSE1G","UserId":{"BinaryLength":12,"AccountDomainSid":null,"Value":"S-1-5-19"},"TaskDisplayName":"HTTP Configuration Property Trace Task","ProcessId":6572,"ThreadId":6816},{"TimeCreated":"2025-04-16 20:47:48","LogName":"System","Level":"Information","EventID":117,"ProviderName":"Microsoft-Windows-HttpService","Message":"Delete URL group 0xFE00000420000005. Status 0x0. Process Id 0x19AC Executable path \\Device\\HarddiskVolume2\\Windows\\System32\\svchost.exe, User S-1-5-19","MachineName":"DESKTOP-OIQSE1G","UserId":{"BinaryLength":12,"AccountDomainSid":null,"Value":"S-1-5-19"},"TaskDisplayName":"HTTP Configuration Property Trace Task","ProcessId":6572,"ThreadId":6816},{"TimeCreated":"2025-04-16 20:47:48","LogName":"System","Level":"Information","EventID":114,"ProviderName":"Microsoft-Windows-HttpService","Message":"Removed URL (http://*:5357/19669707-bcd3-4cf0-bbea-b420834c3fe4/) from URL group (0xFE00000420000005). Process Id 0x19AC Executable path \\Device\\HarddiskVolume2\\Windows\\System32\\svchost.exe, User S-1-5-19","MachineName":"DESKTOP-OIQSE1G","UserId":{"BinaryLength":12,"AccountDomainSid":null,"Value":"S-1-5-19"},"TaskDisplayName":"HTTP Configuration Property Trace Task","ProcessId":6572,"ThreadId":6816},{"TimeCreated":"2025-04-16 20:47:48","LogName":"System","Level":"Information","EventID":113,"ProviderName":"Microsoft-Windows-HttpService","Message":"Attempted to add URL (http://*:5357/19669707-bcd3-4cf0-bbea-b420834c3fe4/) to URL group (0xFE00000420000005). Status: 0x0. Process Id 0x19AC Executable path \\Device\\HarddiskVolume2\\Windows\\System32\\svchost.exe, User S-1-5-19","MachineName":"DESKTOP-OIQSE1G","UserId":{"BinaryLength":12,"AccountDomainSid":null,"Value":"S-1-5-19"},"TaskDisplayName":"HTTP Configuration Property Trace Task","ProcessId":6572,"ThreadId":6816},{"TimeCreated":"2025-04-16 20:47:48","LogName":"System","Level":"Information","EventID":111,"ProviderName":"Microsoft-Windows-HttpService","Message":"Create URL group 0xFE00000420000005. Status 0x0. Process Id 0x19AC Executable path \\Device\\HarddiskVolume2\\Windows\\System32\\svchost.exe, User S-1-5-19","MachineName":"DESKTOP-OIQSE1G","UserId":{"BinaryLength":12,"AccountDomainSid":null,"Value":"S-1-5-19"},"TaskDisplayName":"HTTP Configuration Property Trace Task","ProcessId":6572,"ThreadId":6816},{"TimeCreated":"2025-04-16 20:47:48","LogName":"System","Level":"Information","EventID":117,"ProviderName":"Microsoft-Windows-HttpService","Message":"Delete URL group 0xFA00000820000003. Status 0x0. Process Id 0x19AC Executable path \\Device\\HarddiskVolume2\\Windows\\System32\\svchost.exe, User S-1-5-19","MachineName":"DESKTOP-OIQSE1G","UserId":{"BinaryLength":12,"AccountDomainSid":null,"Value":"S-1-5-19"},"TaskDisplayName":"HTTP Configuration Property Trace Task","ProcessId":6572,"ThreadId":6816},{"TimeCreated":"2025-04-16 20:47:48","LogName":"System","Level":"Information","EventID":114,"ProviderName":"Microsoft-Windows-HttpService","Message":"Removed URL (http://*:5357/19669707-bcd3-4cf0-bbea-b420834c3fe4/) from URL group (0xFA00000820000003). Process Id 0x19AC Executable path \\Device\\HarddiskVolume2\\Windows\\System32\\svchost.exe, User S-1-5-19","MachineName":"DESKTOP-OIQSE1G","UserId":{"BinaryLength":12,"AccountDomainSid":null,"Value":"S-1-5-19"},"TaskDisplayName":"HTTP Configuration Property Trace Task","ProcessId":6572,"ThreadId":6816},{"TimeCreated":"2025-04-16 20:47:48","LogName":"System","Level":"Information","EventID":113,"ProviderName":"Microsoft-Windows-HttpService","Message":"Attempted to add URL (http://*:5357/19669707-bcd3-4cf0-bbea-b420834c3fe4/) to URL group (0xFA00000820000003). Status: 0x0. Process Id 0x19AC Executable path \\Device\\HarddiskVolume2\\Windows\\System32\\svchost.exe, User S-1-5-19","MachineName":"DESKTOP-OIQSE1G","UserId":{"BinaryLength":12,"AccountDomainSid":null,"Value":"S-1-5-19"},"TaskDisplayName":"HTTP Configuration Property Trace Task","ProcessId":6572,"ThreadId":6816},{"TimeCreated":"2025-04-16 20:47:48","LogName":"System","Level":"Information","EventID":111,"ProviderName":"Microsoft-Windows-HttpService","Message":"Create URL group 0xFA00000820000003. Status 0x0. Process Id 0x19AC Executable path \\Device\\HarddiskVolume2\\Windows\\System32\\svchost.exe, User S-1-5-19","MachineName":"DESKTOP-OIQSE1G","UserId":{"BinaryLength":12,"AccountDomainSid":null,"Value":"S-1-5-19"},"TaskDisplayName":"HTTP Configuration Property Trace Task","ProcessId":6572,"ThreadId":6816},{"TimeCreated":"2025-04-16 20:47:48","LogName":"System","Level":"Information","EventID":566,"ProviderName":"Microsoft-Windows-Kernel-Power","Message":"The system session has transitioned from 111 to 112.\\n\\nReason SxTransition \\n\\nBootId: 31","MachineName":"DESKTOP-OIQSE1G","UserId":null,"TaskDisplayName":null,"ProcessId":4,"ThreadId":41320},{"TimeCreated":"2025-04-16 20:47:48","LogName":"System","Level":"Information","EventID":18,"ProviderName":"BTHUSB","Message":"Windows cannot store Bluetooth authentication codes (link keys) on the local adapter. Bluetooth keyboards might not work in the system BIOS during startup.","MachineName":"DESKTOP-OIQSE1G","UserId":null,"TaskDisplayName":"None","ProcessId":4,"ThreadId":56964},{"TimeCreated":"2025-04-16 20:47:47","LogName":"System","Level":"Information","EventID":130,"ProviderName":"Microsoft-Windows-Kernel-Power","Message":"Firmware S3 times. SuspendStart: 98008162, SuspendEnd: 98008162","MachineName":"DESKTOP-OIQSE1G","UserId":null,"TaskDisplayName":null,"ProcessId":4,"ThreadId":53212},{"TimeCreated":"2025-04-16 20:47:47","LogName":"System","Level":"Information","EventID":131,"ProviderName":"Microsoft-Windows-Kernel-Power","Message":"Firmware S3 times. ResumeCount: 15, FullResume: 1268, AverageResume: 1269","MachineName":"DESKTOP-OIQSE1G","UserId":null,"TaskDisplayName":null,"ProcessId":4,"ThreadId":53212},{"TimeCreated":"2025-04-16 20:47:47","LogName":"System","Level":"Information","EventID":1,"ProviderName":"Microsoft-Windows-Kernel-General","Message":"The system time has changed to  2025 - 04 - 17T02:47:47.500000000Z from  2025 - 04 - 17T02:08:06.748808100Z.\\nTime Delta: 2380751 ms\\n\\nChange Reason: System time synchronized with the hardware clock.\\nProcess: \u0027\u0027 (PID 4).\\n\\nRTC time:  2025 - 04 - 16T20:47:47.500000000Z\\nCurrent time zone bias: 360\\nRTC time is in UTC: false\\nSystem time was based on RTC time: false","MachineName":"DESKTOP-OIQSE1G","UserId":null,"TaskDisplayName":null,"ProcessId":4,"ThreadId":53212},{"TimeCreated":"2025-04-16 20:08:06","LogName":"System","Level":"Information","EventID":107,"ProviderName":"Microsoft-Windows-Kernel-Power","Message":"The system has resumed from sleep.","MachineName":"DESKTOP-OIQSE1G","UserId":null,"TaskDisplayName":null,"ProcessId":4,"ThreadId":53212},{"TimeCreated":"2025-04-16 20:08:03","LogName":"System","Level":"Information","EventID":42,"ProviderName":"Microsoft-Windows-Kernel-Power","Message":"The system is entering sleep.\\n\\nSleep Reason: System Idle","MachineName":"DESKTOP-OIQSE1G","UserId":null,"TaskDisplayName":null,"ProcessId":4,"ThreadId":53212},{"TimeCreated":"2025-04-16 20:08:02","LogName":"System","Level":"Information","EventID":1,"ProviderName":"Microsoft-Windows-Kernel-General","Message":"The system time has changed to  2025 - 04 - 17T02:08:02.916170900Z from  2025 - 04 - 17T02:08:02.916173900Z.\\nTime Delta: 0 ms\\n\\nChange Reason: An application or system component changed the time.\\nProcess: \u0027\\Device\\HarddiskVolume2\\Windows\\System32\\svchost.exe\u0027 (PID 17492).\\n\\nRTC time:  2025 - 04 - 16T20:08:02.916170900Z\\nCurrent time zone bias: 360\\nRTC time is in UTC: false\\nSystem time was based on RTC time: false","MachineName":"DESKTOP-OIQSE1G","UserId":{"BinaryLength":12,"AccountDomainSid":null,"Value":"S-1-5-19"},"TaskDisplayName":null,"ProcessId":17492,"ThreadId":16096},{"TimeCreated":"2025-04-16 20:08:02","LogName":"System","Level":"Information","EventID":24,"ProviderName":"Microsoft-Windows-Kernel-General","Message":"The time zone information was refreshed with exit reason 0. Current time zone bias is 360.","MachineName":"DESKTOP-OIQSE1G","UserId":{"BinaryLength":12,"AccountDomainSid":null,"Value":"S-1-5-19"},"TaskDisplayName":null,"ProcessId":17492,"ThreadId":16096},{"TimeCreated":"2025-04-16 20:07:57","LogName":"System","Level":"Information","EventID":566,"ProviderName":"Microsoft-Windows-Kernel-Power","Message":"The system session has transitioned from 109 to 111.\\n\\nReason SxTransition \\n\\nBootId: 31","MachineName":"DESKTOP-OIQSE1G","UserId":{"BinaryLength":12,"AccountDomainSid":null,"Value":"S-1-5-18"},"TaskDisplayName":null,"ProcessId":4,"ThreadId":43900},{"TimeCreated":"2025-04-16 20:07:50","LogName":"System","Level":"Information","EventID":566,"ProviderName":"Microsoft-Windows-Kernel-Power","Message":"The system session has transitioned from 108 to 109.\\n\\nReason SessionUnlock \\n\\nBootId: 31","MachineName":"DESKTOP-OIQSE1G","UserId":{"BinaryLength":12,"AccountDomainSid":null,"Value":"S-1-5-18"},"TaskDisplayName":null,"ProcessId":4,"ThreadId":26344},