{"CollectionInfo":{"CollectionTime":"2025-04-18 07:30:27","TimeRange":{"EndTime":"2025-04-18 07:30:28","StartTime":"2025-04-16 07:30:28","HoursBack":48},"EventCounts":{"SystemEvents":292,"ApplicationEvents":222,"SecurityEvents":500,"TotalEvents":1014}},"SystemInfo":{"OS":{"Caption":"Microsoft Windows 11 Home","Version":"10.0.26100","BuildNumber":"26100","OSArchitecture":"64-bit","InstallDate":"2024-12-26","LastBootUpTime":"2025-04-10 23:30:32","UpTime":"07d:07h:59m:55s"},"Computer":{"Manufacturer":"To Be Filled By O.E.M.","Model":"AB350 Gaming-ITX/ac","SystemType":"x64-based PC","NumberOfProcessors":1,"TotalPhysicalMemory":"15.93 GB"},"Processor":{"Name":"AMD Ryzen 5 5600X 6-Core Processor             ","Description":"AMD64 Family 25 Model 33 Stepping 0","NumberOfCores":6,"NumberOfLogicalProcessors":12,"MaxClockSpeed":3701,"MaxClockSpeedGHz":"3.70 GHz"},"Disks":[{"DeviceID":"C:","Size":"930.11 GB","FreeSpace":"53.88 GB","PercentFree":"5.79%"},{"DeviceID":"D:","Size":"0.05 GB","FreeSpace":"0.04 GB","PercentFree":"75.54%"}]},"Events":{"Security":[{"TimeCreated":"2025-04-18 07:25:09","LogName":"Security","Level":"Unknown (0)","EventID":4672,"ProviderName":"Microsoft-Windows-Security-Auditing","Message":"Special privileges assigned to new logon.\\n\\nSubject:\\n Security ID:  S-1-5-18\\n Account Name:  SYSTEM\\n Account Domain:  NT AUTHORITY\\n Logon ID:  0x3E7\\n\\nPrivileges:  SeAssignPrimaryTokenPrivilege\\n   SeTcbPrivilege\\n   SeSecurityPrivilege\\n   SeTakeOwnershipPrivilege\\n   SeLoadDriverPrivilege\\n   SeBackupPrivilege\\n   SeRestorePrivilege\\n   SeDebugPrivilege\\n   SeAuditPrivilege\\n   SeSystemEnvironmentPrivilege\\n   SeImpersonatePrivilege\\n   SeDelegateSessionUserImpersonatePrivilege","MachineName":"DESKTOP-OIQSE1G","UserId":null,"TaskDisplayName":"Special Logon","ProcessId":1224,"ThreadId":1376},{"TimeCreated":"2025-04-18 07:25:09","LogName":"Security","Level":"Unknown (0)","EventID":4624,"ProviderName":"Microsoft-Windows-Security-Auditing","Message":"An account was successfully logged on.\\n\\nSubject:\\n Security ID:  S-1-5-18\\n Account Name:  DESKTOP-OIQSE1G$\\n Account Domain:  WORKGROUP\\n Logon ID:  0x3E7\\n\\nLogon Information:\\n Logon Type:  5\\n Restricted Admin Mode: -\\n Remote Credential Guard: -\\n Virtual Account:  No\\n Elevated Token:  Yes\\n\\nImpersonation Level:  Impersonation\\n\\nNew Logon:\\n Security ID:  S-1-5-18\\n Account Name:  SYSTEM\\n Account Domain:  NT AUTHORITY\\n Logon ID:  0x3E7\\n Linked Logon ID:  0x0\\n Network Account Name: -\\n Network Account Domain: -\\n Logon GUID:  {00000000-0000-0000-0000-000000000000}\\n\\nProcess Information:\\n Process ID:  0x4b8\\n Process Name:  C:\\Windows\\System32\\services.exe\\n\\nNetwork Information:\\n Workstation Name: -\\n Source Network Address: -\\n Source Port:  -\\n\\nDetailed Authentication Information:\\n Logon Process:  Advapi  \\n Authentication Package: Negotiate\\n Transited Services: -\\n Package Name (NTLM only): -\\n Key Length:  0\\n\\nThis event is generated when a logon session is created. It is generated on the computer that was accessed.\\n\\nThe subject fields indicate the account on the local system which requested the logon. This is most commonly a service such as the Server service, or a local process such as Winlogon.exe or Services.exe.\\n\\nThe logon type field indicates the kind of logon that occurred. The most common types are 2 (interactive) and 3 (network).\\n\\nThe New Logon fields indicate the account for whom the new logon was created, i.e. the account that was logged on.\\n\\nThe network fields indicate where a remote logon request originated. Workstation name is not always available and may be left blank in some cases.\\n\\nThe impersonation level field indicates the extent to which a process in the logon session can impersonate.\\n\\nThe authentication information fields provide detailed information about this specific logon request.\\n - Logon GUID is a unique identifier that can be used to correlate this event with a KDC event.\\n - Transited services indicate which intermediate services have participated in this logon request.\\n - Package name indicates which sub-protocol was used among the NTLM protocols.\\n - Key length indicates the length of the generated session key. This will be 0 if no session key was requested.","MachineName":"DESKTOP-OIQSE1G","UserId":null,"TaskDisplayName":"Special Logon","ProcessId":1224,"ThreadId":1376},{"TimeCreated":"2025-04-18 07:24:23","LogName":"Security","Level":"Unknown (0)","EventID":4672,"ProviderName":"Microsoft-Windows-Security-Auditing","Message":"Special privileges assigned to new logon.\\n\\nSubject:\\n Security ID:  S-1-5-18\\n Account Name:  SYSTEM\\n Account Domain:  NT AUTHORITY\\n Logon ID:  0x3E7\\n\\nPrivileges:  SeAssignPrimaryTokenPrivilege\\n   SeTcbPrivilege\\n   SeSecurityPrivilege\\n   SeTakeOwnershipPrivilege\\n   SeLoadDriverPrivilege\\n   SeBackupPrivilege\\n   SeRestorePrivilege\\n   SeDebugPrivilege\\n   SeAuditPrivilege\\n   SeSystemEnvironmentPrivilege\\n   SeImpersonatePrivilege\\n   SeDelegateSessionUserImpersonatePrivilege","MachineName":"DESKTOP-OIQSE1G","UserId":null,"TaskDisplayName":"Special Logon","ProcessId":1224,"ThreadId":1376},{"TimeCreated":"2025-04-18 07:24:23","LogName":"Security","Level":"Unknown (0)","EventID":4624,"ProviderName":"Microsoft-Windows-Security-Auditing","Message":"An account was successfully logged on.\\n\\nSubject:\\n Security ID:  S-1-5-18\\n Account Name:  DESKTOP-OIQSE1G$\\n Account Domain:  WORKGROUP\\n Logon ID:  0x3E7\\n\\nLogon Information:\\n Logon Type:  5\\n Restricted Admin Mode: -\\n Remote Credential Guard: -\\n Virtual Account:  No\\n Elevated Token:  Yes\\n\\nImpersonation Level:  Impersonation\\n\\nNew Logon:\\n Security ID:  S-1-5-18\\n Account Name:  SYSTEM\\n Account Domain:  NT AUTHORITY\\n Logon ID:  0x3E7\\n Linked Logon ID:  0x0\\n Network Account Name: -\\n Network Account Domain: -\\n Logon GUID:  {00000000-0000-0000-0000-000000000000}\\n\\nProcess Information:\\n Process ID:  0x4b8\\n Process Name:  C:\\Windows\\System32\\services.exe\\n\\nNetwork Information:\\n Workstation Name: -\\n Source Network Address: -\\n Source Port:  -\\n\\nDetailed Authentication Information:\\n Logon Process:  Advapi  \\n Authentication Package: Negotiate\\n Transited Services: -\\n Package Name (NTLM only): -\\n Key Length:  0\\n\\nThis event is generated when a logon session is created. It is generated on the computer that was accessed.\\n\\nThe subject fields indicate the account on the local system which requested the logon. This is most commonly a service such as the Server service, or a local process such as Winlogon.exe or Services.exe.\\n\\nThe logon type field indicates the kind of logon that occurred. The most common types are 2 (interactive) and 3 (network).\\n\\nThe New Logon fields indicate the account for whom the new logon was created, i.e. the account that was logged on.\\n\\nThe network fields indicate where a remote logon request originated. Workstation name is not always available and may be left blank in some cases.\\n\\nThe impersonation level field indicates the extent to which a process in the logon session can impersonate.\\n\\nThe authentication information fields provide detailed information about this specific logon request.\\n - Logon GUID is a unique identifier that can be used to correlate this event with a KDC event.\\n - Transited services indicate which intermediate services have participated in this logon request.\\n - Package name indicates which sub-protocol was used among the NTLM protocols.\\n - Key length indicates the length of the generated session key. This will be 0 if no session key was requested.","MachineName":"DESKTOP-OIQSE1G","UserId":null,"TaskDisplayName":"Special Logon","ProcessId":1224,"ThreadId":1376},{"TimeCreated":"2025-04-18 07:20:30","LogName":"Security","Level":"Unknown (0)","EventID":4798,"ProviderName":"Microsoft-Windows-Security-Auditing","Message":"A user\u0027s local group membership was enumerated.\\n\\nSubject:\\n Security ID:  S-1-5-18\\n Account Name:  DESKTOP-OIQSE1G$\\n Account Domain:  WORKGROUP\\n Logon ID:  0x3E7\\n\\nUser:\\n Security ID:  S-1-5-21-3773365355-1627060674-2487742414-1001\\n Account Name:  mkroe\\n Account Domain:  DESKTOP-OIQSE1G\\n\\nProcess Information:\\n Process ID:  0x2318\\n Process Name:  C:\\Windows\\System32\\svchost.exe","MachineName":"DESKTOP-OIQSE1G","UserId":null,"TaskDisplayName":"Special Logon","ProcessId":1224,"ThreadId":1376},{"TimeCreated":"2025-04-18 07:20:30","LogName":"Security","Level":"Unknown (0)","EventID":4798,"ProviderName":"Microsoft-Windows-Security-Auditing","Message":"A user\u0027s local group membership was enumerated.\\n\\nSubject:\\n Security ID:  S-1-5-18\\n Account Name:  DESKTOP-OIQSE1G$\\n Account Domain:  WORKGROUP\\n Logon ID:  0x3E7\\n\\nUser:\\n Security ID:  S-1-5-21-3773365355-1627060674-2487742414-501\\n Account Name:  Guest\\n Account Domain:  DESKTOP-OIQSE1G\\n\\nProcess Information:\\n Process ID:  0x2318\\n Process Name:  C:\\Windows\\System32\\svchost.exe","MachineName":"DESKTOP-OIQSE1G","UserId":null,"TaskDisplayName":"Special Logon","ProcessId":1224,"ThreadId":1376},{"TimeCreated":"2025-04-18 07:20:30","LogName":"Security","Level":"Unknown (0)","EventID":4798,"ProviderName":"Microsoft-Windows-Security-Auditing","Message":"A user\u0027s local group membership was enumerated.\\n\\nSubject:\\n Security ID:  S-1-5-18\\n Account Name:  DESKTOP-OIQSE1G$\\n Account Domain:  WORKGROUP\\n Logon ID:  0x3E7\\n\\nUser:\\n Security ID:  S-1-5-21-3773365355-1627060674-2487742414-503\\n Account Name:  DefaultAccount\\n Account Domain:  DESKTOP-OIQSE1G\\n\\nProcess Information:\\n Process ID:  0x2318\\n Process Name:  C:\\Windows\\System32\\svchost.exe","MachineName":"DESKTOP-OIQSE1G","UserId":null,"TaskDisplayName":"Special Logon","ProcessId":1224,"ThreadId":1376},{"TimeCreated":"2025-04-18 07:20:30","LogName":"Security","Level":"Unknown (0)","EventID":4798,"ProviderName":"Microsoft-Windows-Security-Auditing","Message":"A user\u0027s local group membership was enumerated.\\n\\nSubject:\\n Security ID:  S-1-5-18\\n Account Name:  DESKTOP-OIQSE1G$\\n Account Domain:  WORKGROUP\\n Logon ID:  0x3E7\\n\\nUser:\\n Security ID:  S-1-5-21-3773365355-1627060674-2487742414-1002\\n Account Name:  cryst\\n Account Domain:  DESKTOP-OIQSE1G\\n\\nProcess Information:\\n Process ID:  0x2318\\n Process Name:  C:\\Windows\\System32\\svchost.exe","MachineName":"DESKTOP-OIQSE1G","UserId":null,"TaskDisplayName":"Special Logon","ProcessId":1224,"ThreadId":1376},{"TimeCreated":"2025-04-18 07:20:30","LogName":"Security","Level":"Unknown (0)","EventID":4798,"ProviderName":"Microsoft-Windows-Security-Auditing","Message":"A user\u0027s local group membership was enumerated.\\n\\nSubject:\\n Security ID:  S-1-5-18\\n Account Name:  DESKTOP-OIQSE1G$\\n Account Domain:  WORKGROUP\\n Logon ID:  0x3E7\\n\\nUser:\\n Security ID:  S-1-5-21-3773365355-1627060674-2487742414-500\\n Account Name:  Administrator\\n Account Domain:  DESKTOP-OIQSE1G\\n\\nProcess Information:\\n Process ID:  0x2318\\n Process Name:  C:\\Windows\\System32\\svchost.exe","MachineName":"DESKTOP-OIQSE1G","UserId":null,"TaskDisplayName":"Special Logon","ProcessId":1224,"ThreadId":1376},{"TimeCreated":"2025-04-18 07:20:30","LogName":"Security","Level":"Unknown (0)","EventID":4798,"ProviderName":"Microsoft-Windows-Security-Auditing","Message":"A user\u0027s local group membership was enumerated.\\n\\nSubject:\\n Security ID:  S-1-5-18\\n Account Name:  DESKTOP-OIQSE1G$\\n Account Domain:  WORKGROUP\\n Logon ID:  0x3E7\\n\\nUser:\\n Security ID:  S-1-5-21-3773365355-1627060674-2487742414-1001\\n Account Name:  mkroe\\n Account Domain:  DESKTOP-OIQSE1G\\n\\nProcess Information:\\n Process ID:  0x2318\\n Process Name:  C:\\Windows\\System32\\svchost.exe","MachineName":"DESKTOP-OIQSE1G","UserId":null,"TaskDisplayName":"Special Logon","ProcessId":1224,"ThreadId":1376},{"TimeCreated":"2025-04-18 07:20:30","LogName":"Security","Level":"Unknown (0)","EventID":4798,"ProviderName":"Microsoft-Windows-Security-Auditing","Message":"A user\u0027s local group membership was enumerated.\\n\\nSubject:\\n Security ID:  S-1-5-18\\n Account Name:  DESKTOP-OIQSE1G$\\n Account Domain:  WORKGROUP\\n Logon ID:  0x3E7\\n\\nUser:\\n Security ID:  S-1-5-21-3773365355-1627060674-2487742414-501\\n Account Name:  Guest\\n Account Domain:  DESKTOP-OIQSE1G\\n\\nProcess Information:\\n Process ID:  0x2318\\n Process Name:  C:\\Windows\\System32\\svchost.exe","MachineName":"DESKTOP-OIQSE1G","UserId":null,"TaskDisplayName":"Special Logon","ProcessId":1224,"ThreadId":1376},{"TimeCreated":"2025-04-18 07:20:30","LogName":"Security","Level":"Unknown (0)","EventID":4798,"ProviderName":"Microsoft-Windows-Security-Auditing","Message":"A user\u0027s local group membership was enumerated.\\n\\nSubject:\\n Security ID:  S-1-5-18\\n Account Name:  DESKTOP-OIQSE1G$\\n Account Domain:  WORKGROUP\\n Logon ID:  0x3E7\\n\\nUser:\\n Security ID:  S-1-5-21-3773365355-1627060674-2487742414-503\\n Account Name:  DefaultAccount\\n Account Domain:  DESKTOP-OIQSE1G\\n\\nProcess Information:\\n Process ID:  0x2318\\n Process Name:  C:\\Windows\\System32\\svchost.exe","MachineName":"DESKTOP-OIQSE1G","UserId":null,"TaskDisplayName":"Special Logon","ProcessId":1224,"ThreadId":1376},{"TimeCreated":"2025-04-18 07:20:30","LogName":"Security","Level":"Unknown (0)","EventID":4798,"ProviderName":"Microsoft-Windows-Security-Auditing","Message":"A user\u0027s local group membership was enumerated.\\n\\nSubject:\\n Security ID:  S-1-5-18\\n Account Name:  DESKTOP-OIQSE1G$\\n Account Domain:  WORKGROUP\\n Logon ID:  0x3E7\\n\\nUser:\\n Security ID:  S-1-5-21-3773365355-1627060674-2487742414-1002\\n Account Name:  cryst\\n Account Domain:  DESKTOP-OIQSE1G\\n\\nProcess Information:\\n Process ID:  0x2318\\n Process Name:  C:\\Windows\\System32\\svchost.exe","MachineName":"DESKTOP-OIQSE1G","UserId":null,"TaskDisplayName":"Special Logon","ProcessId":1224,"ThreadId":1376},{"TimeCreated":"2025-04-18 07:20:30","LogName":"Security","Level":"Unknown (0)","EventID":4798,"ProviderName":"Microsoft-Windows-Security-Auditing","Message":"A user\u0027s local group membership was enumerated.\\n\\nSubject:\\n Security ID:  S-1-5-18\\n Account Name:  DESKTOP-OIQSE1G$\\n Account Domain:  WORKGROUP\\n Logon ID:  0x3E7\\n\\nUser:\\n Security ID:  S-1-5-21-3773365355-1627060674-2487742414-500\\n Account Name:  Administrator\\n Account Domain:  DESKTOP-OIQSE1G\\n\\nProcess Information:\\n Process ID:  0x2318\\n Process Name:  C:\\Windows\\System32\\svchost.exe","MachineName":"DESKTOP-OIQSE1G","UserId":null,"TaskDisplayName":"Special Logon","ProcessId":1224,"ThreadId":1376},{"TimeCreated":"2025-04-18 07:20:30","LogName":"Security","Level":"Unknown (0)","EventID":4798,"ProviderName":"Microsoft-Windows-Security-Auditing","Message":"A user\u0027s local group membership was enumerated.\\n\\nSubject:\\n Security ID:  S-1-5-18\\n Account Name:  DESKTOP-OIQSE1G$\\n Account Domain:  WORKGROUP\\n Logon ID:  0x3E7\\n\\nUser:\\n Security ID:  S-1-5-21-3773365355-1627060674-2487742414-1001\\n Account Name:  mkroe\\n Account Domain:  DESKTOP-OIQSE1G\\n\\nProcess Information:\\n Process ID:  0x2318\\n Process Name:  C:\\Windows\\System32\\svchost.exe","MachineName":"DESKTOP-OIQSE1G","UserId":null,"TaskDisplayName":"Special Logon","ProcessId":1224,"ThreadId":1376},{"TimeCreated":"2025-04-18 07:20:30","LogName":"Security","Level":"Unknown (0)","EventID":4798,"ProviderName":"Microsoft-Windows-Security-Auditing","Message":"A user\u0027s local group membership was enumerated.\\n\\nSubject:\\n Security ID:  S-1-5-18\\n Account Name:  DESKTOP-OIQSE1G$\\n Account Domain:  WORKGROUP\\n Logon ID:  0x3E7\\n\\nUser:\\n Security ID:  S-1-5-21-3773365355-1627060674-2487742414-501\\n Account Name:  Guest\\n Account Domain:  DESKTOP-OIQSE1G\\n\\nProcess Information:\\n Process ID:  0x2318\\n Process Name:  C:\\Windows\\System32\\svchost.exe","MachineName":"DESKTOP-OIQSE1G","UserId":null,"TaskDisplayName":"Special Logon","ProcessId":1224,"ThreadId":1376},{"TimeCreated":"2025-04-18 07:20:30","LogName":"Security","Level":"Unknown (0)","EventID":4798,"ProviderName":"Microsoft-Windows-Security-Auditing","Message":"A user\u0027s local group membership was enumerated.\\n\\nSubject:\\n Security ID:  S-1-5-18\\n Account Name:  DESKTOP-OIQSE1G$\\n Account Domain:  WORKGROUP\\n Logon ID:  0x3E7\\n\\nUser:\\n Security ID:  S-1-5-21-3773365355-1627060674-2487742414-503\\n Account Name:  DefaultAccount\\n Account Domain:  DESKTOP-OIQSE1G\\n\\nProcess Information:\\n Process ID:  0x2318\\n Process Name:  C:\\Windows\\System32\\svchost.exe","MachineName":"DESKTOP-OIQSE1G","UserId":null,"TaskDisplayName":"Special Logon","ProcessId":1224,"ThreadId":1376},{"TimeCreated":"2025-04-18 07:20:30","LogName":"Security","Level":"Unknown (0)","EventID":4798,"ProviderName":"Microsoft-Windows-Security-Auditing","Message":"A user\u0027s local group membership was enumerated.\\n\\nSubject:\\n Security ID:  S-1-5-18\\n Account Name:  DESKTOP-OIQSE1G$\\n Account Domain:  WORKGROUP\\n Logon ID:  0x3E7\\n\\nUser:\\n Security ID:  S-1-5-21-3773365355-1627060674-2487742414-1002\\n Account Name:  cryst\\n Account Domain:  DESKTOP-OIQSE1G\\n\\nProcess Information:\\n Process ID:  0x2318\\n Process Name:  C:\\Windows\\System32\\svchost.exe","MachineName":"DESKTOP-OIQSE1G","UserId":null,"TaskDisplayName":"Special Logon","ProcessId":1224,"ThreadId":1376},{"TimeCreated":"2025-04-18 07:20:30","LogName":"Security","Level":"Unknown (0)","EventID":4798,"ProviderName":"Microsoft-Windows-Security-Auditing","Message":"A user\u0027s local group membership was enumerated.\\n\\nSubject:\\n Security ID:  S-1-5-18\\n Account Name:  DESKTOP-OIQSE1G$\\n Account Domain:  WORKGROUP\\n Logon ID:  0x3E7\\n\\nUser:\\n Security ID:  S-1-5-21-3773365355-1627060674-2487742414-500\\n Account Name:  Administrator\\n Account Domain:  DESKTOP-OIQSE1G\\n\\nProcess Information:\\n Process ID:  0x2318\\n Process Name:  C:\\Windows\\System32\\svchost.exe","MachineName":"DESKTOP-OIQSE1G","UserId":null,"TaskDisplayName":"Special Logon","ProcessId":1224,"ThreadId":1376},{"TimeCreated":"2025-04-18 07:20:30","LogName":"Security","Level":"Unknown (0)","EventID":4798,"ProviderName":"Microsoft-Windows-Security-Auditing","Message":"A user\u0027s local group membership was enumerated.\\n\\nSubject:\\n Security ID:  S-1-5-18\\n Account Name:  DESKTOP-OIQSE1G$\\n Account Domain:  WORKGROUP\\n Logon ID:  0x3E7\\n\\nUser:\\n Security ID:  S-1-5-21-3773365355-1627060674-2487742414-1001\\n Account Name:  mkroe\\n Account Domain:  DESKTOP-OIQSE1G\\n\\nProcess Information:\\n Process ID:  0x2318\\n Process Name:  C:\\Windows\\System32\\svchost.exe","MachineName":"DESKTOP-OIQSE1G","UserId":null,"TaskDisplayName":"Special Logon","ProcessId":1224,"ThreadId":1376},{"TimeCreated":"2025-04-18 07:20:30","LogName":"Security","Level":"Unknown (0)","EventID":4798,"ProviderName":"Microsoft-Windows-Security-Auditing","Message":"A user\u0027s local group membership was enumerated.\\n\\nSubject:\\n Security ID:  S-1-5-18\\n Account Name:  DESKTOP-OIQSE1G$\\n Account Domain:  WORKGROUP\\n Logon ID:  0x3E7\\n\\nUser:\\n Security ID:  S-1-5-21-3773365355-1627060674-2487742414-501\\n Account Name:  Guest\\n Account Domain:  DESKTOP-OIQSE1G\\n\\nProcess Information:\\n Process ID:  0x2318\\n Process Name:  C:\\Windows\\System32\\svchost.exe","MachineName":"DESKTOP-OIQSE1G","UserId":null,"TaskDisplayName":"Special Logon","ProcessId":1224,"ThreadId":1376},{"TimeCreated":"2025-04-18 07:20:30","LogName":"Security","Level":"Unknown (0)","EventID":4798,"ProviderName":"Microsoft-Windows-Security-Auditing","Message":"A user\u0027s local group membership was enumerated.\\n\\nSubject:\\n Security ID:  S-1-5-18\\n Account Name:  DESKTOP-OIQSE1G$\\n Account Domain:  WORKGROUP\\n Logon ID:  0x3E7\\n\\nUser:\\n Security ID:  S-1-5-21-3773365355-1627060674-2487742414-503\\n Account Name:  DefaultAccount\\n Account Domain:  DESKTOP-OIQSE1G\\n\\nProcess Information:\\n Process ID:  0x2318\\n Process Name:  C:\\Windows\\System32\\svchost.exe","MachineName":"DESKTOP-OIQSE1G","UserId":null,"TaskDisplayName":"Special Logon","ProcessId":1224,"ThreadId":1376},{"TimeCreated":"2025-04-18 07:20:30","LogName":"Security","Level":"Unknown (0)","EventID":4798,"ProviderName":"Microsoft-Windows-Security-Auditing","Message":"A user\u0027s local group membership was enumerated.\\n\\nSubject:\\n Security ID:  S-1-5-18\\n Account Name:  DESKTOP-OIQSE1G$\\n Account Domain:  WORKGROUP\\n Logon ID:  0x3E7\\n\\nUser:\\n Security ID:  S-1-5-21-3773365355-1627060674-2487742414-1002\\n Account Name:  cryst\\n Account Domain:  DESKTOP-OIQSE1G\\n\\nProcess Information:\\n Process ID:  0x2318\\n Process Name:  C:\\Windows\\System32\\svchost.exe","MachineName":"DESKTOP-OIQSE1G","UserId":null,"TaskDisplayName":"Special Logon","ProcessId":1224,"ThreadId":1376},{"TimeCreated":"2025-04-18 07:20:30","LogName":"Security","Level":"Unknown (0)","EventID":4798,"ProviderName":"Microsoft-Windows-Security-Auditing","Message":"A user\u0027s local group membership was enumerated.\\n\\nSubject:\\n Security ID:  S-1-5-18\\n Account Name:  DESKTOP-OIQSE1G$\\n Account Domain:  WORKGROUP\\n Logon ID:  0x3E7\\n\\nUser:\\n Security ID:  S-1-5-21-3773365355-1627060674-2487742414-500\\n Account Name:  Administrator\\n Account Domain:  DESKTOP-OIQSE1G\\n\\nProcess Information:\\n Process ID:  0x2318\\n Process Name:  C:\\Windows\\System32\\svchost.exe","MachineName":"DESKTOP-OIQSE1G","UserId":null,"TaskDisplayName":"Special Logon","ProcessId":1224,"ThreadId":1376},{"TimeCreated":"2025-04-18 07:20:30","LogName":"Security","Level":"Unknown (0)","EventID":5379,"ProviderName":"Microsoft-Windows-Security-Auditing","Message":"Credential Manager credentials were read.\\n\\nSubject:\\n Security ID:  S-1-5-21-3773365355-1627060674-2487742414-1001\\n Account Name:  mkroe\\n Account Domain:  DESKTOP-OIQSE1G\\n Logon ID:  0x316E28\\n Read Operation:  Enumerate Credentials\\n\\nThis event occurs when a user performs a read operation on stored credentials in Credential Manager.","MachineName":"DESKTOP-OIQSE1G","UserId":null,"TaskDisplayName":"Special Logon","ProcessId":1224,"ThreadId":1376},{"TimeCreated":"2025-04-18 07:20:30","LogName":"Security","Level":"Unknown (0)","EventID":5379,"ProviderName":"Microsoft-Windows-Security-Auditing","Message":"Credential Manager credentials were read.\\n\\nSubject:\\n Security ID:  S-1-5-21-3773365355-1627060674-2487742414-1001\\n Account Name:  mkroe\\n Account Domain:  DESKTOP-OIQSE1G\\n Logon ID:  0x316E28\\n Read Operation:  Enumerate Credentials\\n\\nThis event occurs when a user performs a read operation on stored credentials in Credential Manager.","MachineName":"DESKTOP-OIQSE1G","UserId":null,"TaskDisplayName":"Special Logon","ProcessId":1224,"ThreadId":1376},{"TimeCreated":"2025-04-18 07:20:30","LogName":"Security","Level":"Unknown (0)","EventID":5379,"ProviderName":"Microsoft-Windows-Security-Auditing","Message":"Credential Manager credentials were read.\\n\\nSubject:\\n Security ID:  S-1-5-21-3773365355-1627060674-2487742414-1001\\n Account Name:  mkroe\\n Account Domain:  DESKTOP-OIQSE1G\\n Logon ID:  0x316E28\\n Read Operation:  Enumerate Credentials\\n\\nThis event occurs when a user performs a read operation on stored credentials in Credential Manager.","MachineName":"DESKTOP-OIQSE1G","UserId":null,"TaskDisplayName":"Special Logon","ProcessId":1224,"ThreadId":1376},{"TimeCreated":"2025-04-18 07:20:30","LogName":"Security","Level":"Unknown (0)","EventID":5379,"ProviderName":"Microsoft-Windows-Security-Auditing","Message":"Credential Manager credentials were read.\\n\\nSubject:\\n Security ID:  S-1-5-21-3773365355-1627060674-2487742414-1001\\n Account Name:  mkroe\\n Account Domain:  DESKTOP-OIQSE1G\\n Logon ID:  0x316E28\\n Read Operation:  Enumerate Credentials\\n\\nThis event occurs when a user performs a read operation on stored credentials in Credential Manager.","MachineName":"DESKTOP-OIQSE1G","UserId":null,"TaskDisplayName":"Special Logon","ProcessId":1224,"ThreadId":1376},{"TimeCreated":"2025-04-18 07:20:30","LogName":"Security","Level":"Unknown (0)","EventID":5379,"ProviderName":"Microsoft-Windows-Security-Auditing","Message":"Credential Manager credentials were read.\\n\\nSubject:\\n Security ID:  S-1-5-21-3773365355-1627060674-2487742414-1001\\n Account Name:  mkroe\\n Account Domain:  DESKTOP-OIQSE1G\\n Logon ID:  0x316E28\\n Read Operation:  Enumerate Credentials\\n\\nThis event occurs when a user performs a read operation on stored credentials in Credential Manager.","MachineName":"DESKTOP-OIQSE1G","UserId":null,"TaskDisplayName":"Special Logon","ProcessId":1224,"ThreadId":1376},{"TimeCreated":"2025-04-18 07:20:30","LogName":"Security","Level":"Unknown (0)","EventID":5379,"ProviderName":"Microsoft-Windows-Security-Auditing","Message":"Credential Manager credentials were read.\\n\\nSubject:\\n Security ID:  S-1-5-21-3773365355-1627060674-2487742414-1001\\n Account Name:  mkroe\\n Account Domain:  DESKTOP-OIQSE1G\\n Logon ID:  0x316E28\\n Read Operation:  Enumerate Credentials\\n\\nThis event occurs when a user performs a read operation on stored credentials in Credential Manager.","MachineName":"DESKTOP-OIQSE1G","UserId":null,"TaskDisplayName":"Special Logon","ProcessId":1224,"ThreadId":1376},{"TimeCreated":"2025-04-18 07:20:30","LogName":"Security","Level":"Unknown (0)","EventID":5379,"ProviderName":"Microsoft-Windows-Security-Auditing","Message":"Credential Manager credentials were read.\\n\\nSubject:\\n Security ID:  S-1-5-18\\n Account Name:  DESKTOP-OIQSE1G$\\n Account Domain:  WORKGROUP\\n Logon ID:  0x3E7\\n Read Operation:  Enumerate Credentials\\n\\nThis event occurs when a user performs a read operation on stored credentials in Credential Manager.","MachineName":"DESKTOP-OIQSE1G","UserId":null,"TaskDisplayName":"Special Logon","ProcessId":1224,"ThreadId":1376},{"TimeCreated":"2025-04-18 07:20:30","LogName":"Security","Level":"Unknown (0)","EventID":5379,"ProviderName":"Microsoft-Windows-Security-Auditing","Message":"Credential Manager credentials were read.\\n\\nSubject:\\n Security ID:  S-1-5-18\\n Account Name:  DESKTOP-OIQSE1G$\\n Account Domain:  WORKGROUP\\n Logon ID:  0x3E7\\n Read Operation:  Enumerate Credentials\\n\\nThis event occurs when a user performs a read operation on stored credentials in Credential Manager.","MachineName":"DESKTOP-OIQSE1G","UserId":null,"TaskDisplayName":"Special Logon","ProcessId":1224,"ThreadId":1376},{"TimeCreated":"2025-04-18 07:20:30","LogName":"Security","Level":"Unknown (0)","EventID":5379,"ProviderName":"Microsoft-Windows-Security-Auditing","Message":"Credential Manager credentials were read.\\n\\nSubject:\\n Security ID:  S-1-5-18\\n Account Name:  DESKTOP-OIQSE1G$\\n Account Domain:  WORKGROUP\\n Logon ID:  0x3E7\\n Read Operation:  Enumerate Credentials\\n\\nThis event occurs when a user performs a read operation on stored credentials in Credential Manager.","MachineName":"DESKTOP-OIQSE1G","UserId":null,"TaskDisplayName":"Special Logon","ProcessId":1224,"ThreadId":1376},{"TimeCreated":"2025-04-18 07:20:30","LogName":"Security","Level":"Unknown (0)","EventID":4798,"ProviderName":"Microsoft-Windows-Security-Auditing","Message":"A user\u0027s local group membership was enumerated.\\n\\nSubject:\\n Security ID:  S-1-5-18\\n Account Name:  DESKTOP-OIQSE1G$\\n Account Domain:  WORKGROUP\\n Logon ID:  0x3E7\\n\\nUser:\\n Security ID:  S-1-5-21-3773365355-1627060674-2487742414-1001\\n Account Name:  mkroe\\n Account Domain:  DESKTOP-OIQSE1G\\n\\nProcess Information:\\n Process ID:  0x2318\\n Process Name:  C:\\Windows\\System32\\svchost.exe","MachineName":"DESKTOP-OIQSE1G","UserId":null,"TaskDisplayName":"Special Logon","ProcessId":1224,"ThreadId":1376},{"TimeCreated":"2025-04-18 07:20:30","LogName":"Security","Level":"Unknown (0)","EventID":4798,"ProviderName":"Microsoft-Windows-Security-Auditing","Message":"A user\u0027s local group membership was enumerated.\\n\\nSubject:\\n Security ID:  S-1-5-18\\n Account Name:  DESKTOP-OIQSE1G$\\n Account Domain:  WORKGROUP\\n Logon ID:  0x3E7\\n\\nUser:\\n Security ID:  S-1-5-21-3773365355-1627060674-2487742414-501\\n Account Name:  Guest\\n Account Domain:  DESKTOP-OIQSE1G\\n\\nProcess Information:\\n Process ID:  0x2318\\n Process Name:  C:\\Windows\\System32\\svchost.exe","MachineName":"DESKTOP-OIQSE1G","UserId":null,"TaskDisplayName":"Special Logon","ProcessId":1224,"ThreadId":1376},{"TimeCreated":"2025-04-18 07:20:30","LogName":"Security","Level":"Unknown (0)","EventID":4798,"ProviderName":"Microsoft-Windows-Security-Auditing","Message":"A user\u0027s local group membership was enumerated.\\n\\nSubject:\\n Security ID:  S-1-5-18\\n Account Name:  DESKTOP-OIQSE1G$\\n Account Domain:  WORKGROUP\\n Logon ID:  0x3E7\\n\\nUser:\\n Security ID:  S-1-5-21-3773365355-1627060674-2487742414-503\\n Account Name:  DefaultAccount\\n Account Domain:  DESKTOP-OIQSE1G\\n\\nProcess Information:\\n Process ID:  0x2318\\n Process Name:  C:\\Windows\\System32\\svchost.exe","MachineName":"DESKTOP-OIQSE1G","UserId":null,"TaskDisplayName":"Special Logon","ProcessId":1224,"ThreadId":1376},{"TimeCreated":"2025-04-18 07:20:30","LogName":"Security","Level":"Unknown (0)","EventID":4798,"ProviderName":"Microsoft-Windows-Security-Auditing","Message":"A user\u0027s local group membership was enumerated.\\n\\nSubject:\\n Security ID:  S-1-5-18\\n Account Name:  DESKTOP-OIQSE1G$\\n Account Domain:  WORKGROUP\\n Logon ID:  0x3E7\\n\\nUser:\\n Security ID:  S-1-5-21-3773365355-1627060674-2487742414-1002\\n Account Name:  cryst\\n Account Domain:  DESKTOP-OIQSE1G\\n\\nProcess Information:\\n Process ID:  0x2318\\n Process Name:  C:\\Windows\\System32\\svchost.exe","MachineName":"DESKTOP-OIQSE1G","UserId":null,"TaskDisplayName":"Special Logon","ProcessId":1224,"ThreadId":1376},{"TimeCreated":"2025-04-18 07:20:30","LogName":"Security","Level":"Unknown (0)","EventID":4798,"ProviderName":"Microsoft-Windows-Security-Auditing","Message":"A user\u0027s local group membership was enumerated.\\n\\nSubject:\\n Security ID:  S-1-5-18\\n Account Name:  DESKTOP-OIQSE1G$\\n Account Domain:  WORKGROUP\\n Logon ID:  0x3E7\\n\\nUser:\\n Security ID:  S-1-5-21-3773365355-1627060674-2487742414-500\\n Account Name:  Administrator\\n Account Domain:  DESKTOP-OIQSE1G\\n\\nProcess Information:\\n Process ID:  0x2318\\n Process Name:  C:\\Windows\\System32\\svchost.exe","MachineName":"DESKTOP-OIQSE1G","UserId":null,"TaskDisplayName":"Special Logon","ProcessId":1224,"ThreadId":1376},{"TimeCreated":"2025-04-18 07:20:30","LogName":"Security","Level":"Unknown (0)","EventID":4798,"ProviderName":"Microsoft-Windows-Security-Auditing","Message":"A user\u0027s local group membership was enumerated.\\n\\nSubject:\\n Security ID:  S-1-5-18\\n Account Name:  DESKTOP-OIQSE1G$\\n Account Domain:  WORKGROUP\\n Logon ID:  0x3E7\\n\\nUser:\\n Security ID:  S-1-5-21-3773365355-1627060674-2487742414-1001\\n Account Name:  mkroe\\n Account Domain:  DESKTOP-OIQSE1G\\n\\nProcess Information:\\n Process ID:  0x2318\\n Process Name:  C:\\Windows\\System32\\svchost.exe","MachineName":"DESKTOP-OIQSE1G","UserId":null,"TaskDisplayName":"Special Logon","ProcessId":1224,"ThreadId":1376},{"TimeCreated":"2025-04-18 07:20:30","LogName":"Security","Level":"Unknown (0)","EventID":4798,"ProviderName":"Microsoft-Windows-Security-Auditing","Message":"A user\u0027s local group membership was enumerated.\\n\\nSubject:\\n Security ID:  S-1-5-18\\n Account Name:  DESKTOP-OIQSE1G$\\n Account Domain:  WORKGROUP\\n Logon ID:  0x3E7\\n\\nUser:\\n Security ID:  S-1-5-21-3773365355-1627060674-2487742414-501\\n Account Name:  Guest\\n Account Domain:  DESKTOP-OIQSE1G\\n\\nProcess Information:\\n Process ID:  0x2318\\n Process Name:  C:\\Windows\\System32\\svchost.exe","MachineName":"DESKTOP-OIQSE1G","UserId":null,"TaskDisplayName":"Special Logon","ProcessId":1224,"ThreadId":1376},{"TimeCreated":"2025-04-18 07:20:30","LogName":"Security","Level":"Unknown (0)","EventID":4798,"ProviderName":"Microsoft-Windows-Security-Auditing","Message":"A user\u0027s local group membership was enumerated.\\n\\nSubject:\\n Security ID:  S-1-5-18\\n Account Name:  DESKTOP-OIQSE1G$\\n Account Domain:  WORKGROUP\\n Logon ID:  0x3E7\\n\\nUser:\\n Security ID:  S-1-5-21-3773365355-1627060674-2487742414-503\\n Account Name:  DefaultAccount\\n Account Domain:  DESKTOP-OIQSE1G\\n\\nProcess Information:\\n Process ID:  0x2318\\n Process Name:  C:\\Windows\\System32\\svchost.exe","MachineName":"DESKTOP-OIQSE1G","UserId":null,"TaskDisplayName":"Special Logon","ProcessId":1224,"ThreadId":1376},{"TimeCreated":"2025-04-18 07:20:30","LogName":"Security","Level":"Unknown (0)","EventID":4798,"ProviderName":"Microsoft-Windows-Security-Auditing","Message":"A user\u0027s local group membership was enumerated.\\n\\nSubject:\\n Security ID:  S-1-5-18\\n Account Name:  DESKTOP-OIQSE1G$\\n Account Domain:  WORKGROUP\\n Logon ID:  0x3E7\\n\\nUser:\\n Security ID:  S-1-5-21-3773365355-1627060674-2487742414-1002\\n Account Name:  cryst\\n Account Domain:  DESKTOP-OIQSE1G\\n\\nProcess Information:\\n Process ID:  0x2318\\n Process Name:  C:\\Windows\\System32\\svchost.exe","MachineName":"DESKTOP-OIQSE1G","UserId":null,"TaskDisplayName":"Special Logon","ProcessId":1224,"ThreadId":1376},{"TimeCreated":"2025-04-18 07:20:30","LogName":"Security","Level":"Unknown (0)","EventID":4798,"ProviderName":"Microsoft-Windows-Security-Auditing","Message":"A user\u0027s local group membership was enumerated.\\n\\nSubject:\\n Security ID:  S-1-5-18\\n Account Name:  DESKTOP-OIQSE1G$\\n Account Domain:  WORKGROUP\\n Logon ID:  0x3E7\\n\\nUser:\\n Security ID:  S-1-5-21-3773365355-1627060674-2487742414-500\\n Account Name:  Administrator\\n Account Domain:  DESKTOP-OIQSE1G\\n\\nProcess Information:\\n Process ID:  0x2318\\n Process Name:  C:\\Windows\\System32\\svchost.exe","MachineName":"DESKTOP-OIQSE1G","UserId":null,"TaskDisplayName":"Special Logon","ProcessId":1224,"ThreadId":1376},{"TimeCreated":"2025-04-18 07:20:30","LogName":"Security","Level":"Unknown (0)","EventID":4672,"ProviderName":"Microsoft-Windows-Security-Auditing","Message":"Special privileges assigned to new logon.\\n\\nSubject:\\n Security ID:  S-1-5-18\\n Account Name:  SYSTEM\\n Account Domain:  NT AUTHORITY\\n Logon ID:  0x3E7\\n\\nPrivileges:  SeAssignPrimaryTokenPrivilege\\n   SeTcbPrivilege\\n   SeSecurityPrivilege\\n   SeTakeOwnershipPrivilege\\n   SeLoadDriverPrivilege\\n   SeBackupPrivilege\\n   SeRestorePrivilege\\n   SeDebugPrivilege\\n   SeAuditPrivilege\\n   SeSystemEnvironmentPrivilege\\n   SeImpersonatePrivilege\\n   SeDelegateSessionUserImpersonatePrivilege","MachineName":"DESKTOP-OIQSE1G","UserId":null,"TaskDisplayName":"Special Logon","ProcessId":1224,"ThreadId":1376},{"TimeCreated":"2025-04-18 07:20:30","LogName":"Security","Level":"Unknown (0)","EventID":4624,"ProviderName":"Microsoft-Windows-Security-Auditing","Message":"An account was successfully logged on.\\n\\nSubject:\\n Security ID:  S-1-5-18\\n Account Name:  DESKTOP-OIQSE1G$\\n Account Domain:  WORKGROUP\\n Logon ID:  0x3E7\\n\\nLogon Information:\\n Logon Type:  5\\n Restricted Admin Mode: -\\n Remote Credential Guard: -\\n Virtual Account:  No\\n Elevated Token:  Yes\\n\\nImpersonation Level:  Impersonation\\n\\nNew Logon:\\n Security ID:  S-1-5-18\\n Account Name:  SYSTEM\\n Account Domain:  NT AUTHORITY\\n Logon ID:  0x3E7\\n Linked Logon ID:  0x0\\n Network Account Name: -\\n Network Account Domain: -\\n Logon GUID:  {00000000-0000-0000-0000-000000000000}\\n\\nProcess Information:\\n Process ID:  0x4b8\\n Process Name:  C:\\Windows\\System32\\services.exe\\n\\nNetwork Information:\\n Workstation Name: -\\n Source Network Address: -\\n Source Port:  -\\n\\nDetailed Authentication Information:\\n Logon Process:  Advapi  \\n Authentication Package: Negotiate\\n Transited Services: -\\n Package Name (NTLM only): -\\n Key Length:  0\\n\\nThis event is generated when a logon session is created. It is generated on the computer that was accessed.\\n\\nThe subject fields indicate the account on the local system which requested the logon. This is most commonly a service such as the Server service, or a local process such as Winlogon.exe or Services.exe.\\n\\nThe logon type field indicates the kind of logon that occurred. The most common types are 2 (interactive) and 3 (network).\\n\\nThe New Logon fields indicate the account for whom the new logon was created, i.e. the account that was logged on.\\n\\nThe network fields indicate where a remote logon request originated. Workstation name is not always available and may be left blank in some cases.\\n\\nThe impersonation level field indicates the extent to which a process in the logon session can impersonate.\\n\\nThe authentication information fields provide detailed information about this specific logon request.\\n - Logon GUID is a unique identifier that can be used to correlate this event with a KDC event.\\n - Transited services indicate which intermediate services have participated in this logon request.\\n - Package name indicates which sub-protocol was used among the NTLM protocols.\\n - Key length indicates the length of the generated session key. This will be 0 if no session key was requested.","MachineName":"DESKTOP-OIQSE1G","UserId":null,"TaskDisplayName":"Special Logon","ProcessId":1224,"ThreadId":1376},{"TimeCreated":"2025-04-18 07:20:11","LogName":"Security","Level":"Unknown (0)","EventID":4672,"ProviderName":"Microsoft-Windows-Security-Auditing","Message":"Special privileges assigned to new logon.\\n\\nSubject:\\n Security ID:  S-1-5-18\\n Account Name:  SYSTEM\\n Account Domain:  NT AUTHORITY\\n Logon ID:  0x3E7\\n\\nPrivileges:  SeAssignPrimaryTokenPrivilege\\n   SeTcbPrivilege\\n   SeSecurityPrivilege\\n   SeTakeOwnershipPrivilege\\n   SeLoadDriverPrivilege\\n   SeBackupPrivilege\\n   SeRestorePrivilege\\n   SeDebugPrivilege\\n   SeAuditPrivilege\\n   SeSystemEnvironmentPrivilege\\n   SeImpersonatePrivilege\\n   SeDelegateSessionUserImpersonatePrivilege","MachineName":"DESKTOP-OIQSE1G","UserId":null,"TaskDisplayName":"Special Logon","ProcessId":1224,"ThreadId":49048},{"TimeCreated":"2025-04-18 07:20:11","LogName":"Security","Level":"Unknown (0)","EventID":4624,"ProviderName":"Microsoft-Windows-Security-Auditing","Message":"An account was successfully logged on.\\n\\nSubject:\\n Security ID:  S-1-5-18\\n Account Name:  DESKTOP-OIQSE1G$\\n Account Domain:  WORKGROUP\\n Logon ID:  0x3E7\\n\\nLogon Information:\\n Logon Type:  5\\n Restricted Admin Mode: -\\n Remote Credential Guard: -\\n Virtual Account:  No\\n Elevated Token:  Yes\\n\\nImpersonation Level:  Impersonation\\n\\nNew Logon:\\n Security ID:  S-1-5-18\\n Account Name:  SYSTEM\\n Account Domain:  NT AUTHORITY\\n Logon ID:  0x3E7\\n Linked Logon ID:  0x0\\n Network Account Name: -\\n Network Account Domain: -\\n Logon GUID:  {00000000-0000-0000-0000-000000000000}\\n\\nProcess Information:\\n Process ID:  0x4b8\\n Process Name:  C:\\Windows\\System32\\services.exe\\n\\nNetwork Information:\\n Workstation Name: -\\n Source Network Address: -\\n Source Port:  -\\n\\nDetailed Authentication Information:\\n Logon Process:  Advapi  \\n Authentication Package: Negotiate\\n Transited Services: -\\n Package Name (NTLM only): -\\n Key Length:  0\\n\\nThis event is generated when a logon session is created. It is generated on the computer that was accessed.\\n\\nThe subject fields indicate the account on the local system which requested the logon. This is most commonly a service such as the Server service, or a local process such as Winlogon.exe or Services.exe.\\n\\nThe logon type field indicates the kind of logon that occurred. The most common types are 2 (interactive) and 3 (network).\\n\\nThe New Logon fields indicate the account for whom the new logon was created, i.e. the account that was logged on.\\n\\nThe network fields indicate where a remote logon request originated. Workstation name is not always available and may be left blank in some cases.\\n\\nThe impersonation level field indicates the extent to which a process in the logon session can impersonate.\\n\\nThe authentication information fields provide detailed information about this specific logon request.\\n - Logon GUID is a unique identifier that can be used to correlate this event with a KDC event.\\n - Transited services indicate which intermediate services have participated in this logon request.\\n - Package name indicates which sub-protocol was used among the NTLM protocols.\\n - Key length indicates the length of the generated session key. This will be 0 if no session key was requested.","MachineName":"DESKTOP-OIQSE1G","UserId":null,"TaskDisplayName":"Special Logon","ProcessId":1224,"ThreadId":49048},{"TimeCreated":"2025-04-18 07:15:28","LogName":"Security","Level":"Unknown (0)","EventID":4672,"ProviderName":"Microsoft-Windows-Security-Auditing","Message":"Special privileges assigned to new logon.\\n\\nSubject:\\n Security ID:  S-1-5-18\\n Account Name:  SYSTEM\\n Account Domain:  NT AUTHORITY\\n Logon ID:  0x3E7\\n\\nPrivileges:  SeAssignPrimaryTokenPrivilege\\n   SeTcbPrivilege\\n   SeSecurityPrivilege\\n   SeTakeOwnershipPrivilege\\n   SeLoadDriverPrivilege\\n   SeBackupPrivilege\\n   SeRestorePrivilege\\n   SeDebugPrivilege\\n   SeAuditPrivilege\\n   SeSystemEnvironmentPrivilege\\n   SeImpersonatePrivilege\\n   SeDelegateSessionUserImpersonatePrivilege","MachineName":"DESKTOP-OIQSE1G","UserId":null,"TaskDisplayName":"Special Logon","ProcessId":1224,"ThreadId":43956},{"TimeCreated":"2025-04-18 07:15:28","LogName":"Security","Level":"Unknown (0)","EventID":4624,"ProviderName":"Microsoft-Windows-Security-Auditing","Message":"An account was successfully logged on.\\n\\nSubject:\\n Security ID:  S-1-5-18\\n Account Name:  DESKTOP-OIQSE1G$\\n Account Domain:  WORKGROUP\\n Logon ID:  0x3E7\\n\\nLogon Information:\\n Logon Type:  5\\n Restricted Admin Mode: -\\n Remote Credential Guard: -\\n Virtual Account:  No\\n Elevated Token:  Yes\\n\\nImpersonation Level:  Impersonation\\n\\nNew Logon:\\n Security ID:  S-1-5-18\\n Account Name:  SYSTEM\\n Account Domain:  NT AUTHORITY\\n Logon ID:  0x3E7\\n Linked Logon ID:  0x0\\n Network Account Name: -\\n Network Account Domain: -\\n Logon GUID:  {00000000-0000-0000-0000-000000000000}\\n\\nProcess Information:\\n Process ID:  0x4b8\\n Process Name:  C:\\Windows\\System32\\services.exe\\n\\nNetwork Information:\\n Workstation Name: -\\n Source Network Address: -\\n Source Port:  -\\n\\nDetailed Authentication Information:\\n Logon Process:  Advapi  \\n Authentication Package: Negotiate\\n Transited Services: -\\n Package Name (NTLM only): -\\n Key Length:  0\\n\\nThis event is generated when a logon session is created. It is generated on the computer that was accessed.\\n\\nThe subject fields indicate the account on the local system which requested the logon. This is most commonly a service such as the Server service, or a local process such as Winlogon.exe or Services.exe.\\n\\nThe logon type field indicates the kind of logon that occurred. The most common types are 2 (interactive) and 3 (network).\\n\\nThe New Logon fields indicate the account for whom the new logon was created, i.e. the account that was logged on.\\n\\nThe network fields indicate where a remote logon request originated. Workstation name is not always available and may be left blank in some cases.\\n\\nThe impersonation level field indicates the extent to which a process in the logon session can impersonate.\\n\\nThe authentication information fields provide detailed information about this specific logon request.\\n - Logon GUID is a unique identifier that can be used to correlate this event with a KDC event.\\n - Transited services indicate which intermediate services have participated in this logon request.\\n - Package name indicates which sub-protocol was used among the NTLM protocols.\\n - Key length indicates the length of the generated session key. This will be 0 if no session key was requested.","MachineName":"DESKTOP-OIQSE1G","UserId":null,"TaskDisplayName":"Special Logon","ProcessId":1224,"ThreadId":43956},{"TimeCreated":"2025-04-18 07:15:28","LogName":"Security","Level":"Unknown (0)","EventID":4672,"ProviderName":"Microsoft-Windows-Security-Auditing","Message":"Special privileges assigned to new logon.\\n\\nSubject:\\n Security ID:  S-1-5-18\\n Account Name:  SYSTEM\\n Account Domain:  NT AUTHORITY\\n Logon ID:  0x3E7\\n\\nPrivileges:  SeAssignPrimaryTokenPrivilege\\n   SeTcbPrivilege\\n   SeSecurityPrivilege\\n   SeTakeOwnershipPrivilege\\n   SeLoadDriverPrivilege\\n   SeBackupPrivilege\\n   SeRestorePrivilege\\n   SeDebugPrivilege\\n   SeAuditPrivilege\\n   SeSystemEnvironmentPrivilege\\n   SeImpersonatePrivilege\\n   SeDelegateSessionUserImpersonatePrivilege","MachineName":"DESKTOP-OIQSE1G","UserId":null,"TaskDisplayName":"Special Logon","ProcessId":1224,"ThreadId":1376},{"TimeCreated":"2025-04-18 07:15:28","LogName":"Security","Level":"Unknown (0)","EventID":4624,"ProviderName":"Microsoft-Windows-Security-Auditing","Message":"An account was successfully logged on.\\n\\nSubject:\\n Security ID:  S-1-5-18\\n Account Name:  DESKTOP-OIQSE1G$\\n Account Domain:  WORKGROUP\\n Logon ID:  0x3E7\\n\\nLogon Information:\\n Logon Type:  5\\n Restricted Admin Mode: -\\n Remote Credential Guard: -\\n Virtual Account:  No\\n Elevated Token:  Yes\\n\\nImpersonation Level:  Impersonation\\n\\nNew Logon:\\n Security ID:  S-1-5-18\\n Account Name:  SYSTEM\\n Account Domain:  NT AUTHORITY\\n Logon ID:  0x3E7\\n Linked Logon ID:  0x0\\n Network Account Name: -\\n Network Account Domain: -\\n Logon GUID:  {00000000-0000-0000-0000-000000000000}\\n\\nProcess Information:\\n Process ID:  0x4b8\\n Process Name:  C:\\Windows\\System32\\services.exe\\n\\nNetwork Information:\\n Workstation Name: -\\n Source Network Address: -\\n Source Port:  -\\n\\nDetailed Authentication Information:\\n Logon Process:  Advapi  \\n Authentication Package: Negotiate\\n Transited Services: -\\n Package Name (NTLM only): -\\n Key Length:  0\\n\\nThis event is generated when a logon session is created. It is generated on the computer that was accessed.\\n\\nThe subject fields indicate the account on the local system which requested the logon. This is most commonly a service such as the Server service, or a local process such as Winlogon.exe or Services.exe.\\n\\nThe logon type field indicates the kind of logon that occurred. The most common types are 2 (interactive) and 3 (network).\\n\\nThe New Logon fields indicate the account for whom the new logon was created, i.e. the account that was logged on.\\n\\nThe network fields indicate where a remote logon request originated. Workstation name is not always available and may be left blank in some cases.\\n\\nThe impersonation level field indicates the extent to which a process in the logon session can impersonate.\\n\\nThe authentication information fields provide detailed information about this specific logon request.\\n - Logon GUID is a unique identifier that can be used to correlate this event with a KDC event.\\n - Transited services indicate which intermediate services have participated in this logon request.\\n - Package name indicates which sub-protocol was used among the NTLM protocols.\\n - Key length indicates the length of the generated session key. This will be 0 if no session key was requested.","MachineName":"DESKTOP-OIQSE1G","UserId":null,"TaskDisplayName":"Special Logon","ProcessId":1224,"ThreadId":1376},{"TimeCreated":"2025-04-18 07:06:19","LogName":"Security","Level":"Unknown (0)","EventID":5379,"ProviderName":"Microsoft-Windows-Security-Auditing","Message":"Credential Manager credentials were read.\\n\\nSubject:\\n Security ID:  S-1-5-21-3773365355-1627060674-2487742414-1001\\n Account Name:  mkroe\\n Account Domain:  DESKTOP-OIQSE1G\\n Logon ID:  0x316E28\\n Read Operation:  Enumerate Credentials\\n\\nThis event occurs when a user performs a read operation on stored credentials in Credential Manager.","MachineName":"DESKTOP-OIQSE1G","UserId":null,"TaskDisplayName":"Special Logon","ProcessId":1224,"ThreadId":49048},{"TimeCreated":"2025-04-18 07:06:19","LogName":"Security","Level":"Unknown (0)","EventID":5379,"ProviderName":"Microsoft-Windows-Security-Auditing","Message":"Credential Manager credentials were read.\\n\\nSubject:\\n Security ID:  S-1-5-21-3773365355-1627060674-2487742414-1001\\n Account Name:  mkroe\\n Account Domain:  DESKTOP-OIQSE1G\\n Logon ID:  0x316E28\\n Read Operation:  Enumerate Credentials\\n\\nThis event occurs when a user performs a read operation on stored credentials in Credential Manager.","MachineName":"DESKTOP-OIQSE1G","UserId":null,"TaskDisplayName":"Special Logon","ProcessId":1224,"ThreadId":49048},{"TimeCreated":"2025-04-18 07:06:19","LogName":"Security","Level":"Unknown (0)","EventID":5379,"ProviderName":"Microsoft-Windows-Security-Auditing","Message":"Credential Manager credentials were read.\\n\\nSubject:\\n Security ID:  S-1-5-21-3773365355-1627060674-2487742414-1001\\n Account Name:  mkroe\\n Account Domain:  DESKTOP-OIQSE1G\\n Logon ID:  0x316E28\\n Read Operation:  Enumerate Credentials\\n\\nThis event occurs when a user performs a read operation on stored credentials in Credential Manager.","MachineName":"DESKTOP-OIQSE1G","UserId":null,"TaskDisplayName":"Special Logon","ProcessId":1224,"ThreadId":49048},