{"TimeCreated":"2025-04-18 06:20:09","LogName":"System","Level":"Information","EventID":1,"ProviderName":"Microsoft-Windows-Kernel-General","Message":"The system time has changed to  2025 - 04 - 18T12:20:09.500000000Z from  2025 - 04 - 18T03:35:54.687879100Z.\\nTime Delta: 31454812 ms\\n\\nChange Reason: System time synchronized with the hardware clock.\\nProcess: \u0027\u0027 (PID 4).\\n\\nRTC time:  2025 - 04 - 18T06:20:09.500000000Z\\nCurrent time zone bias: 360\\nRTC time is in UTC: false\\nSystem time was based on RTC time: false","MachineName":"DESKTOP-OIQSE1G","UserId":null,"TaskDisplayName":null,"ProcessId":4,"ThreadId":36604},{"TimeCreated":"2025-04-17 21:35:54","LogName":"System","Level":"Information","EventID":107,"ProviderName":"Microsoft-Windows-Kernel-Power","Message":"The system has resumed from sleep.","MachineName":"DESKTOP-OIQSE1G","UserId":null,"TaskDisplayName":null,"ProcessId":4,"ThreadId":36604},{"TimeCreated":"2025-04-17 21:35:50","LogName":"System","Level":"Information","EventID":42,"ProviderName":"Microsoft-Windows-Kernel-Power","Message":"The system is entering sleep.\\n\\nSleep Reason: System Idle","MachineName":"DESKTOP-OIQSE1G","UserId":null,"TaskDisplayName":null,"ProcessId":4,"ThreadId":36604},{"TimeCreated":"2025-04-17 21:35:45","LogName":"System","Level":"Information","EventID":566,"ProviderName":"Microsoft-Windows-Kernel-Power","Message":"The system session has transitioned from 139 to 141.\\n\\nReason SxTransition \\n\\nBootId: 31","MachineName":"DESKTOP-OIQSE1G","UserId":{"BinaryLength":12,"AccountDomainSid":null,"Value":"S-1-5-18"},"TaskDisplayName":null,"ProcessId":4,"ThreadId":5104},{"TimeCreated":"2025-04-17 21:06:43","LogName":"System","Level":"Information","EventID":566,"ProviderName":"Microsoft-Windows-Kernel-Power","Message":"The system session has transitioned from 138 to 139.\\n\\nReason SessionUnlock \\n\\nBootId: 31","MachineName":"DESKTOP-OIQSE1G","UserId":{"BinaryLength":12,"AccountDomainSid":null,"Value":"S-1-5-18"},"TaskDisplayName":null,"ProcessId":4,"ThreadId":47248},{"TimeCreated":"2025-04-17 21:05:43","LogName":"System","Level":"Information","EventID":566,"ProviderName":"Microsoft-Windows-Kernel-Power","Message":"The system session has transitioned from 136 to 138.\\n\\nReason InputHid \\n\\nBootId: 31","MachineName":"DESKTOP-OIQSE1G","UserId":{"BinaryLength":12,"AccountDomainSid":null,"Value":"S-1-5-18"},"TaskDisplayName":null,"ProcessId":4,"ThreadId":34824},{"TimeCreated":"2025-04-17 21:04:45","LogName":"System","Level":"Information","EventID":566,"ProviderName":"Microsoft-Windows-Kernel-Power","Message":"The system session has transitioned from 135 to 136.\\n\\nReason SessionUnlock \\n\\nBootId: 31","MachineName":"DESKTOP-OIQSE1G","UserId":{"BinaryLength":12,"AccountDomainSid":null,"Value":"S-1-5-18"},"TaskDisplayName":null,"ProcessId":4,"ThreadId":18964},{"TimeCreated":"2025-04-17 21:03:45","LogName":"System","Level":"Information","EventID":566,"ProviderName":"Microsoft-Windows-Kernel-Power","Message":"The system session has transitioned from 133 to 135.\\n\\nReason InputHid \\n\\nBootId: 31","MachineName":"DESKTOP-OIQSE1G","UserId":{"BinaryLength":12,"AccountDomainSid":null,"Value":"S-1-5-18"},"TaskDisplayName":null,"ProcessId":4,"ThreadId":55748},{"TimeCreated":"2025-04-17 20:56:55","LogName":"System","Level":"Information","EventID":566,"ProviderName":"Microsoft-Windows-Kernel-Power","Message":"The system session has transitioned from 132 to 133.\\n\\nReason SessionUnlock \\n\\nBootId: 31","MachineName":"DESKTOP-OIQSE1G","UserId":{"BinaryLength":12,"AccountDomainSid":null,"Value":"S-1-5-18"},"TaskDisplayName":null,"ProcessId":4,"ThreadId":56620},{"TimeCreated":"2025-04-17 20:21:34","LogName":"System","Level":"Information","EventID":44,"ProviderName":"Microsoft-Windows-WindowsUpdateClient","Message":"Windows Update started downloading an update.","MachineName":"DESKTOP-OIQSE1G","UserId":{"BinaryLength":12,"AccountDomainSid":null,"Value":"S-1-5-18"},"TaskDisplayName":"Windows Update Agent","ProcessId":57632,"ThreadId":53184},{"TimeCreated":"2025-04-17 20:21:34","LogName":"System","Level":"Information","EventID":44,"ProviderName":"Microsoft-Windows-WindowsUpdateClient","Message":"Windows Update started downloading an update.","MachineName":"DESKTOP-OIQSE1G","UserId":{"BinaryLength":12,"AccountDomainSid":null,"Value":"S-1-5-18"},"TaskDisplayName":"Windows Update Agent","ProcessId":57632,"ThreadId":53184}],"Application":[{"TimeCreated":"2025-04-19 19:51:12","LogName":"Application","Level":"Information","EventID":2003,"ProviderName":"DSAService","Message":"\u003cDSAExceptionEvent xmlns:xsi=\"http://www.w3.org/2001/XMLSchema-instance\" xmlns:xsd=\"http://www.w3.org/2001/XMLSchema\" xmlns=\"https://www.intel.com\"\u003e\u003cOS\u003e\u003cDescription\u003eWindows 10 Home\u003c/Description\u003e\u003cVersion\u003e6.3\u003c/Version\u003e\u003cBuild\u003e26100\u003c/Build\u003e\u003cRelease\u003e2009\u003c/Release\u003e\u003cEpmId\u003ewindows-11-24h2-64\u003c/EpmId\u003e\u003c/OS\u003e\u003cDSAVersion\u003e25.2.15.9\u003c/DSAVersion\u003e\u003cModule\u003eDSARulesCore.dll\u003c/Module\u003e\u003cClassName\u003eIntel.DSA.Rules.RuleSets.Rebar\u003c/ClassName\u003e\u003cMethodName\u003eConvertDetectionOutputToMessage\u003c/MethodName\u003e\u003cExceptionType\u003eResizableBarMessageException\u003c/ExceptionType\u003e\u003cMessage\u003eCheckAmdPlatform\u003c/Message\u003e\u003c/DSAExceptionEvent\u003e","MachineName":"DESKTOP-OIQSE1G","UserId":null,"TaskDisplayName":"None","ProcessId":4684,"ThreadId":0},{"TimeCreated":"2025-04-19 19:40:49","LogName":"Application","Level":"Information","EventID":0,"ProviderName":"edgeupdate","Message":"Service stopped.","MachineName":"DESKTOP-OIQSE1G","UserId":null,"TaskDisplayName":"None","ProcessId":22316,"ThreadId":0},{"TimeCreated":"2025-04-19 19:37:27","LogName":"Application","Level":"Information","EventID":16384,"ProviderName":"Microsoft-Windows-Security-SPP","Message":"Successfully scheduled Software Protection service for re-start at 2125-03-27T01:37:27Z. Reason: RulesEngine.","MachineName":"DESKTOP-OIQSE1G","UserId":null,"TaskDisplayName":null,"ProcessId":15900,"ThreadId":0},{"TimeCreated":"2025-04-19 19:36:56","LogName":"Application","Level":"Information","EventID":16394,"ProviderName":"Microsoft-Windows-Security-SPP","Message":"Offline downlevel migration succeeded.","MachineName":"DESKTOP-OIQSE1G","UserId":null,"TaskDisplayName":null,"ProcessId":15900,"ThreadId":0},{"TimeCreated":"2025-04-19 19:21:03","LogName":"Application","Level":"Information","EventID":2003,"ProviderName":"DSAService","Message":"\u003cDSAExceptionEvent xmlns:xsi=\"http://www.w3.org/2001/XMLSchema-instance\" xmlns:xsd=\"http://www.w3.org/2001/XMLSchema\" xmlns=\"https://www.intel.com\"\u003e\u003cOS\u003e\u003cDescription\u003eWindows 10 Home\u003c/Description\u003e\u003cVersion\u003e6.3\u003c/Version\u003e\u003cBuild\u003e26100\u003c/Build\u003e\u003cRelease\u003e2009\u003c/Release\u003e\u003cEpmId\u003ewindows-11-24h2-64\u003c/EpmId\u003e\u003c/OS\u003e\u003cDSAVersion\u003e25.2.15.9\u003c/DSAVersion\u003e\u003cModule\u003eDSARulesCore.dll\u003c/Module\u003e\u003cClassName\u003eIntel.DSA.Rules.RuleSets.Rebar\u003c/ClassName\u003e\u003cMethodName\u003eConvertDetectionOutputToMessage\u003c/MethodName\u003e\u003cExceptionType\u003eResizableBarMessageException\u003c/ExceptionType\u003e\u003cMessage\u003eCheckAmdPlatform\u003c/Message\u003e\u003c/DSAExceptionEvent\u003e","MachineName":"DESKTOP-OIQSE1G","UserId":null,"TaskDisplayName":"None","ProcessId":4684,"ThreadId":0},{"TimeCreated":"2025-04-19 19:13:28","LogName":"Application","Level":"Information","EventID":16384,"ProviderName":"Microsoft-Windows-Security-SPP","Message":"Successfully scheduled Software Protection service for re-start at 2125-03-27T01:13:28Z. Reason: RulesEngine.","MachineName":"DESKTOP-OIQSE1G","UserId":null,"TaskDisplayName":null,"ProcessId":6384,"ThreadId":0},{"TimeCreated":"2025-04-19 19:12:58","LogName":"Application","Level":"Information","EventID":16394,"ProviderName":"Microsoft-Windows-Security-SPP","Message":"Offline downlevel migration succeeded.","MachineName":"DESKTOP-OIQSE1G","UserId":null,"TaskDisplayName":null,"ProcessId":6384,"ThreadId":0},{"TimeCreated":"2025-04-19 18:56:50","LogName":"Application","Level":"Information","EventID":15,"ProviderName":"SecurityCenter","Message":"Updated Windows Defender status successfully to SECURITY_PRODUCT_STATE_ON.","MachineName":"DESKTOP-OIQSE1G","UserId":null,"TaskDisplayName":"None","ProcessId":20200,"ThreadId":0},{"TimeCreated":"2025-04-19 18:56:48","LogName":"Application","Level":"Information","EventID":15,"ProviderName":"SecurityCenter","Message":"Updated Windows Defender status successfully to SECURITY_PRODUCT_STATE_ON.","MachineName":"DESKTOP-OIQSE1G","UserId":null,"TaskDisplayName":"None","ProcessId":20200,"ThreadId":0},{"TimeCreated":"2025-04-19 18:56:46","LogName":"Application","Level":"Information","EventID":16384,"ProviderName":"Microsoft-Windows-Security-SPP","Message":"Successfully scheduled Software Protection service for re-start at 2125-03-27T00:56:46Z. Reason: RulesEngine.","MachineName":"DESKTOP-OIQSE1G","UserId":null,"TaskDisplayName":null,"ProcessId":30668,"ThreadId":0},{"TimeCreated":"2025-04-19 18:56:16","LogName":"Application","Level":"Information","EventID":16394,"ProviderName":"Microsoft-Windows-Security-SPP","Message":"Offline downlevel migration succeeded.","MachineName":"DESKTOP-OIQSE1G","UserId":null,"TaskDisplayName":null,"ProcessId":30668,"ThreadId":0},{"TimeCreated":"2025-04-19 18:17:34","LogName":"Application","Level":"Information","EventID":16384,"ProviderName":"Microsoft-Windows-Security-SPP","Message":"Successfully scheduled Software Protection service for re-start at 2125-03-27T00:17:34Z. Reason: RulesEngine.","MachineName":"DESKTOP-OIQSE1G","UserId":null,"TaskDisplayName":null,"ProcessId":30556,"ThreadId":0},{"TimeCreated":"2025-04-19 18:17:04","LogName":"Application","Level":"Information","EventID":16394,"ProviderName":"Microsoft-Windows-Security-SPP","Message":"Offline downlevel migration succeeded.","MachineName":"DESKTOP-OIQSE1G","UserId":null,"TaskDisplayName":null,"ProcessId":30556,"ThreadId":0},{"TimeCreated":"2025-04-19 18:12:28","LogName":"Application","Level":"Information","EventID":16384,"ProviderName":"Microsoft-Windows-Security-SPP","Message":"Successfully scheduled Software Protection service for re-start at 2125-03-27T00:12:28Z. Reason: RulesEngine.","MachineName":"DESKTOP-OIQSE1G","UserId":null,"TaskDisplayName":null,"ProcessId":9664,"ThreadId":0},{"TimeCreated":"2025-04-19 18:11:56","LogName":"Application","Level":"Information","EventID":16394,"ProviderName":"Microsoft-Windows-Security-SPP","Message":"Offline downlevel migration succeeded.","MachineName":"DESKTOP-OIQSE1G","UserId":null,"TaskDisplayName":null,"ProcessId":9664,"ThreadId":0},{"TimeCreated":"2025-04-19 18:06:55","LogName":"Application","Level":"Information","EventID":1,"ProviderName":"Universal Print","Message":"Successfully received access_token for da9b70f6-5323-4ce6-ae5c-88dcc5082966 with OAuthClientId=dae89220-69ba-4957-a77a-47b78695e883 and OAuthAuthority=https://login.microsoftonline.com/common","MachineName":"DESKTOP-OIQSE1G","UserId":null,"TaskDisplayName":"None","ProcessId":34992,"ThreadId":0},{"TimeCreated":"2025-04-19 18:06:54","LogName":"Application","Level":"Information","EventID":1,"ProviderName":"Universal Print","Message":"Successfully received access_token for da9b70f6-5323-4ce6-ae5c-88dcc5082966 with OAuthClientId=dae89220-69ba-4957-a77a-47b78695e883 and OAuthAuthority=https://login.microsoftonline.com/common","MachineName":"DESKTOP-OIQSE1G","UserId":null,"TaskDisplayName":"None","ProcessId":34992,"ThreadId":0},{"TimeCreated":"2025-04-19 18:06:54","LogName":"Application","Level":"Information","EventID":1,"ProviderName":"Universal Print","Message":"Initialization Successful. Enabled=true, CloudPrintSolution=UniversalPrint, DiscoveryEndpoint=https://discovery.print.microsoft.com, OAuthAuthority=https://login.microsoftonline.com/common, OAuthClientId=dae89220-69ba-4957-a77a-47b78695e883, DiscoveryResourceId=da9b70f6-5323-4ce6-ae5c-88dcc5082966, PrintResourceId=da9b70f6-5323-4ce6-ae5c-88dcc5082966","MachineName":"DESKTOP-OIQSE1G","UserId":null,"TaskDisplayName":"None","ProcessId":34992,"ThreadId":0},{"TimeCreated":"2025-04-19 18:06:54","LogName":"Application","Level":"Information","EventID":1,"ProviderName":"Universal Print","Message":"Successfully received access_token for da9b70f6-5323-4ce6-ae5c-88dcc5082966 with OAuthClientId=dae89220-69ba-4957-a77a-47b78695e883 and OAuthAuthority=https://login.microsoftonline.com/common","MachineName":"DESKTOP-OIQSE1G","UserId":null,"TaskDisplayName":"None","ProcessId":34992,"ThreadId":0},{"TimeCreated":"2025-04-19 18:06:54","LogName":"Application","Level":"Information","EventID":1,"ProviderName":"Universal Print","Message":"Using cached state. State: Enabled","MachineName":"DESKTOP-OIQSE1G","UserId":null,"TaskDisplayName":"None","ProcessId":34992,"ThreadId":0},{"TimeCreated":"2025-04-19 18:06:54","LogName":"Application","Level":"Information","EventID":1,"ProviderName":"Universal Print","Message":"Device is Workplace Joined.","MachineName":"DESKTOP-OIQSE1G","UserId":null,"TaskDisplayName":"None","ProcessId":34992,"ThreadId":0},{"TimeCreated":"2025-04-19 18:06:32","LogName":"Application","Level":"Information","EventID":16384,"ProviderName":"Microsoft-Windows-Security-SPP","Message":"Successfully scheduled Software Protection service for re-start at 2125-03-27T00:06:32Z. Reason: RulesEngine.","MachineName":"DESKTOP-OIQSE1G","UserId":null,"TaskDisplayName":null,"ProcessId":29488,"ThreadId":0},{"TimeCreated":"2025-04-19 18:06:10","LogName":"Application","Level":"Information","EventID":1,"ProviderName":"Universal Print","Message":"Successfully received access_token for da9b70f6-5323-4ce6-ae5c-88dcc5082966 with OAuthClientId=dae89220-69ba-4957-a77a-47b78695e883 and OAuthAuthority=https://login.microsoftonline.com/common","MachineName":"DESKTOP-OIQSE1G","UserId":null,"TaskDisplayName":"None","ProcessId":8556,"ThreadId":0},{"TimeCreated":"2025-04-19 18:06:09","LogName":"Application","Level":"Information","EventID":1,"ProviderName":"Universal Print","Message":"Successfully received access_token for da9b70f6-5323-4ce6-ae5c-88dcc5082966 with OAuthClientId=dae89220-69ba-4957-a77a-47b78695e883 and OAuthAuthority=https://login.microsoftonline.com/common","MachineName":"DESKTOP-OIQSE1G","UserId":null,"TaskDisplayName":"None","ProcessId":8556,"ThreadId":0},{"TimeCreated":"2025-04-19 18:06:09","LogName":"Application","Level":"Information","EventID":1,"ProviderName":"Universal Print","Message":"Initialization Successful. Enabled=true, CloudPrintSolution=UniversalPrint, DiscoveryEndpoint=https://discovery.print.microsoft.com, OAuthAuthority=https://login.microsoftonline.com/common, OAuthClientId=dae89220-69ba-4957-a77a-47b78695e883, DiscoveryResourceId=da9b70f6-5323-4ce6-ae5c-88dcc5082966, PrintResourceId=da9b70f6-5323-4ce6-ae5c-88dcc5082966","MachineName":"DESKTOP-OIQSE1G","UserId":null,"TaskDisplayName":"None","ProcessId":8556,"ThreadId":0},{"TimeCreated":"2025-04-19 18:06:09","LogName":"Application","Level":"Information","EventID":1,"ProviderName":"Universal Print","Message":"Successfully received access_token for da9b70f6-5323-4ce6-ae5c-88dcc5082966 with OAuthClientId=dae89220-69ba-4957-a77a-47b78695e883 and OAuthAuthority=https://login.microsoftonline.com/common","MachineName":"DESKTOP-OIQSE1G","UserId":null,"TaskDisplayName":"None","ProcessId":8556,"ThreadId":0},{"TimeCreated":"2025-04-19 18:06:07","LogName":"Application","Level":"Information","EventID":1,"ProviderName":"Universal Print","Message":"Successfully received access_token for 00000003-0000-0000-c000-000000000000 with OAuthClientId=dae89220-69ba-4957-a77a-47b78695e883 and OAuthAuthority=https://login.microsoftonline.com/common","MachineName":"DESKTOP-OIQSE1G","UserId":null,"TaskDisplayName":"None","ProcessId":8556,"ThreadId":0},{"TimeCreated":"2025-04-19 18:06:06","LogName":"Application","Level":"Information","EventID":1,"ProviderName":"Universal Print","Message":"Device is Workplace Joined.","MachineName":"DESKTOP-OIQSE1G","UserId":null,"TaskDisplayName":"None","ProcessId":8556,"ThreadId":0},{"TimeCreated":"2025-04-19 18:06:02","LogName":"Application","Level":"Information","EventID":16394,"ProviderName":"Microsoft-Windows-Security-SPP","Message":"Offline downlevel migration succeeded.","MachineName":"DESKTOP-OIQSE1G","UserId":null,"TaskDisplayName":null,"ProcessId":29488,"ThreadId":0},{"TimeCreated":"2025-04-19 16:19:51","LogName":"Application","Level":"Information","EventID":16384,"ProviderName":"Microsoft-Windows-Security-SPP","Message":"Successfully scheduled Software Protection service for re-start at 2125-03-26T22:19:51Z. Reason: RulesEngine.","MachineName":"DESKTOP-OIQSE1G","UserId":null,"TaskDisplayName":null,"ProcessId":30936,"ThreadId":0},{"TimeCreated":"2025-04-19 16:19:20","LogName":"Application","Level":"Information","EventID":16394,"ProviderName":"Microsoft-Windows-Security-SPP","Message":"Offline downlevel migration succeeded.","MachineName":"DESKTOP-OIQSE1G","UserId":null,"TaskDisplayName":null,"ProcessId":30936,"ThreadId":0},{"TimeCreated":"2025-04-19 16:08:26","LogName":"Application","Level":"Information","EventID":16384,"ProviderName":"Microsoft-Windows-Security-SPP","Message":"Successfully scheduled Software Protection service for re-start at 2125-03-26T22:08:26Z. Reason: RulesEngine.","MachineName":"DESKTOP-OIQSE1G","UserId":null,"TaskDisplayName":null,"ProcessId":8260,"ThreadId":0},{"TimeCreated":"2025-04-19 16:07:56","LogName":"Application","Level":"Information","EventID":16394,"ProviderName":"Microsoft-Windows-Security-SPP","Message":"Offline downlevel migration succeeded.","MachineName":"DESKTOP-OIQSE1G","UserId":null,"TaskDisplayName":null,"ProcessId":8260,"ThreadId":0},{"TimeCreated":"2025-04-19 15:53:45","LogName":"Application","Level":"Information","EventID":16384,"ProviderName":"Microsoft-Windows-Security-SPP","Message":"Successfully scheduled Software Protection service for re-start at 2125-03-26T21:53:45Z. Reason: RulesEngine.","MachineName":"DESKTOP-OIQSE1G","UserId":null,"TaskDisplayName":null,"ProcessId":16480,"ThreadId":0},{"TimeCreated":"2025-04-19 15:53:14","LogName":"Application","Level":"Information","EventID":16394,"ProviderName":"Microsoft-Windows-Security-SPP","Message":"Offline downlevel migration succeeded.","MachineName":"DESKTOP-OIQSE1G","UserId":null,"TaskDisplayName":null,"ProcessId":16480,"ThreadId":0},{"TimeCreated":"2025-04-19 15:11:27","LogName":"Application","Level":"Information","EventID":16384,"ProviderName":"Microsoft-Windows-Security-SPP","Message":"Successfully scheduled Software Protection service for re-start at 2125-03-26T21:11:27Z. Reason: RulesEngine.","MachineName":"DESKTOP-OIQSE1G","UserId":null,"TaskDisplayName":null,"ProcessId":34568,"ThreadId":0},{"TimeCreated":"2025-04-19 15:10:57","LogName":"Application","Level":"Information","EventID":16394,"ProviderName":"Microsoft-Windows-Security-SPP","Message":"Offline downlevel migration succeeded.","MachineName":"DESKTOP-OIQSE1G","UserId":null,"TaskDisplayName":null,"ProcessId":34568,"ThreadId":0},{"TimeCreated":"2025-04-19 14:40:11","LogName":"Application","Level":"Information","EventID":1,"ProviderName":"Universal Print","Message":"Successfully received access_token for da9b70f6-5323-4ce6-ae5c-88dcc5082966 with OAuthClientId=dae89220-69ba-4957-a77a-47b78695e883 and OAuthAuthority=https://login.microsoftonline.com/3d9bab48-5f52-4b7d-a481-771eae5e6ed4","MachineName":"DESKTOP-OIQSE1G","UserId":null,"TaskDisplayName":"None","ProcessId":19716,"ThreadId":0},{"TimeCreated":"2025-04-19 14:40:11","LogName":"Application","Level":"Information","EventID":1,"ProviderName":"Universal Print","Message":"Successfully received access_token for da9b70f6-5323-4ce6-ae5c-88dcc5082966 with OAuthClientId=dae89220-69ba-4957-a77a-47b78695e883 and OAuthAuthority=https://login.microsoftonline.com/3d9bab48-5f52-4b7d-a481-771eae5e6ed4","MachineName":"DESKTOP-OIQSE1G","UserId":null,"TaskDisplayName":"None","ProcessId":19716,"ThreadId":0},{"TimeCreated":"2025-04-19 14:40:11","LogName":"Application","Level":"Information","EventID":1,"ProviderName":"Universal Print","Message":"Initialization Successful. Enabled=true, CloudPrintSolution=UniversalPrint, DiscoveryEndpoint=https://discovery.print.microsoft.com, OAuthAuthority=https://login.microsoftonline.com/3d9bab48-5f52-4b7d-a481-771eae5e6ed4, OAuthClientId=dae89220-69ba-4957-a77a-47b78695e883, DiscoveryResourceId=da9b70f6-5323-4ce6-ae5c-88dcc5082966, PrintResourceId=da9b70f6-5323-4ce6-ae5c-88dcc5082966","MachineName":"DESKTOP-OIQSE1G","UserId":null,"TaskDisplayName":"None","ProcessId":19716,"ThreadId":0},{"TimeCreated":"2025-04-19 14:40:11","LogName":"Application","Level":"Information","EventID":1,"ProviderName":"Universal Print","Message":"Successfully received access_token for da9b70f6-5323-4ce6-ae5c-88dcc5082966 with OAuthClientId=dae89220-69ba-4957-a77a-47b78695e883 and OAuthAuthority=https://login.microsoftonline.com/3d9bab48-5f52-4b7d-a481-771eae5e6ed4","MachineName":"DESKTOP-OIQSE1G","UserId":null,"TaskDisplayName":"None","ProcessId":19716,"ThreadId":0},{"TimeCreated":"2025-04-19 14:40:11","LogName":"Application","Level":"Information","EventID":1,"ProviderName":"Universal Print","Message":"Using cached state. State: Enabled","MachineName":"DESKTOP-OIQSE1G","UserId":null,"TaskDisplayName":"None","ProcessId":19716,"ThreadId":0},{"TimeCreated":"2025-04-19 14:40:11","LogName":"Application","Level":"Information","EventID":1,"ProviderName":"Universal Print","Message":"Device is Workplace Joined.","MachineName":"DESKTOP-OIQSE1G","UserId":null,"TaskDisplayName":"None","ProcessId":19716,"ThreadId":0},{"TimeCreated":"2025-04-19 14:39:55","LogName":"Application","Level":"Information","EventID":16384,"ProviderName":"Microsoft-Windows-Security-SPP","Message":"Successfully scheduled Software Protection service for re-start at 2125-03-26T20:39:55Z. Reason: RulesEngine.","MachineName":"DESKTOP-OIQSE1G","UserId":null,"TaskDisplayName":null,"ProcessId":15916,"ThreadId":0},{"TimeCreated":"2025-04-19 14:39:24","LogName":"Application","Level":"Information","EventID":1,"ProviderName":"Universal Print","Message":"Successfully received access_token for da9b70f6-5323-4ce6-ae5c-88dcc5082966 with OAuthClientId=dae89220-69ba-4957-a77a-47b78695e883 and OAuthAuthority=https://login.microsoftonline.com/3d9bab48-5f52-4b7d-a481-771eae5e6ed4","MachineName":"DESKTOP-OIQSE1G","UserId":null,"TaskDisplayName":"None","ProcessId":22912,"ThreadId":0},{"TimeCreated":"2025-04-19 14:39:24","LogName":"Application","Level":"Information","EventID":1,"ProviderName":"Universal Print","Message":"Successfully received access_token for da9b70f6-5323-4ce6-ae5c-88dcc5082966 with OAuthClientId=dae89220-69ba-4957-a77a-47b78695e883 and OAuthAuthority=https://login.microsoftonline.com/3d9bab48-5f52-4b7d-a481-771eae5e6ed4","MachineName":"DESKTOP-OIQSE1G","UserId":null,"TaskDisplayName":"None","ProcessId":22912,"ThreadId":0},{"TimeCreated":"2025-04-19 14:39:24","LogName":"Application","Level":"Information","EventID":16394,"ProviderName":"Microsoft-Windows-Security-SPP","Message":"Offline downlevel migration succeeded.","MachineName":"DESKTOP-OIQSE1G","UserId":null,"TaskDisplayName":null,"ProcessId":15916,"ThreadId":0},{"TimeCreated":"2025-04-19 14:39:24","LogName":"Application","Level":"Information","EventID":1,"ProviderName":"Universal Print","Message":"Initialization Successful. Enabled=true, CloudPrintSolution=UniversalPrint, DiscoveryEndpoint=https://discovery.print.microsoft.com, OAuthAuthority=https://login.microsoftonline.com/3d9bab48-5f52-4b7d-a481-771eae5e6ed4, OAuthClientId=dae89220-69ba-4957-a77a-47b78695e883, DiscoveryResourceId=da9b70f6-5323-4ce6-ae5c-88dcc5082966, PrintResourceId=da9b70f6-5323-4ce6-ae5c-88dcc5082966","MachineName":"DESKTOP-OIQSE1G","UserId":null,"TaskDisplayName":"None","ProcessId":22912,"ThreadId":0},{"TimeCreated":"2025-04-19 14:39:24","LogName":"Application","Level":"Information","EventID":1,"ProviderName":"Universal Print","Message":"Successfully received access_token for da9b70f6-5323-4ce6-ae5c-88dcc5082966 with OAuthClientId=dae89220-69ba-4957-a77a-47b78695e883 and OAuthAuthority=https://login.microsoftonline.com/3d9bab48-5f52-4b7d-a481-771eae5e6ed4","MachineName":"DESKTOP-OIQSE1G","UserId":null,"TaskDisplayName":"None","ProcessId":22912,"ThreadId":0},{"TimeCreated":"2025-04-19 14:39:23","LogName":"Application","Level":"Information","EventID":1,"ProviderName":"Universal Print","Message":"Using cached state. State: Enabled","MachineName":"DESKTOP-OIQSE1G","UserId":null,"TaskDisplayName":"None","ProcessId":22912,"ThreadId":0},{"TimeCreated":"2025-04-19 14:39:23","LogName":"Application","Level":"Information","EventID":1,"ProviderName":"Universal Print","Message":"Device is Workplace Joined.","MachineName":"DESKTOP-OIQSE1G","UserId":null,"TaskDisplayName":"None","ProcessId":22912,"ThreadId":0},{"TimeCreated":"2025-04-19 14:34:22","LogName":"Application","Level":"Information","EventID":1,"ProviderName":"Universal Print","Message":"Successfully received access_token for da9b70f6-5323-4ce6-ae5c-88dcc5082966 with OAuthClientId=dae89220-69ba-4957-a77a-47b78695e883 and OAuthAuthority=https://login.microsoftonline.com/3d9bab48-5f52-4b7d-a481-771eae5e6ed4","MachineName":"DESKTOP-OIQSE1G","UserId":null,"TaskDisplayName":"None","ProcessId":35396,"ThreadId":0},{"TimeCreated":"2025-04-19 14:34:22","LogName":"Application","Level":"Information","EventID":1,"ProviderName":"Universal Print","Message":"Successfully received access_token for da9b70f6-5323-4ce6-ae5c-88dcc5082966 with OAuthClientId=dae89220-69ba-4957-a77a-47b78695e883 and OAuthAuthority=https://login.microsoftonline.com/3d9bab48-5f52-4b7d-a481-771eae5e6ed4","MachineName":"DESKTOP-OIQSE1G","UserId":null,"TaskDisplayName":"None","ProcessId":35396,"ThreadId":0},{"TimeCreated":"2025-04-19 14:34:21","LogName":"Application","Level":"Information","EventID":1,"ProviderName":"Universal Print","Message":"Initialization Successful. Enabled=true, CloudPrintSolution=UniversalPrint, DiscoveryEndpoint=https://discovery.print.microsoft.com, OAuthAuthority=https://login.microsoftonline.com/3d9bab48-5f52-4b7d-a481-771eae5e6ed4, OAuthClientId=dae89220-69ba-4957-a77a-47b78695e883, DiscoveryResourceId=da9b70f6-5323-4ce6-ae5c-88dcc5082966, PrintResourceId=da9b70f6-5323-4ce6-ae5c-88dcc5082966","MachineName":"DESKTOP-OIQSE1G","UserId":null,"TaskDisplayName":"None","ProcessId":35396,"ThreadId":0},{"TimeCreated":"2025-04-19 14:34:21","LogName":"Application","Level":"Information","EventID":1,"ProviderName":"Universal Print","Message":"Successfully received access_token for da9b70f6-5323-4ce6-ae5c-88dcc5082966 with OAuthClientId=dae89220-69ba-4957-a77a-47b78695e883 and OAuthAuthority=https://login.microsoftonline.com/3d9bab48-5f52-4b7d-a481-771eae5e6ed4","MachineName":"DESKTOP-OIQSE1G","UserId":null,"TaskDisplayName":"None","ProcessId":35396,"ThreadId":0},{"TimeCreated":"2025-04-19 14:34:21","LogName":"Application","Level":"Information","EventID":1,"ProviderName":"Universal Print","Message":"Using cached state. State: Enabled","MachineName":"DESKTOP-OIQSE1G","UserId":null,"TaskDisplayName":"None","ProcessId":35396,"ThreadId":0},{"TimeCreated":"2025-04-19 14:34:21","LogName":"Application","Level":"Information","EventID":1,"ProviderName":"Universal Print","Message":"Device is Workplace Joined.","MachineName":"DESKTOP-OIQSE1G","UserId":null,"TaskDisplayName":"None","ProcessId":35396,"ThreadId":0},{"TimeCreated":"2025-04-19 14:33:59","LogName":"Application","Level":"Information","EventID":16384,"ProviderName":"Microsoft-Windows-Security-SPP","Message":"Successfully scheduled Software Protection service for re-start at 2125-03-26T20:33:59Z. Reason: RulesEngine.","MachineName":"DESKTOP-OIQSE1G","UserId":null,"TaskDisplayName":null,"ProcessId":30212,"ThreadId":0},{"TimeCreated":"2025-04-19 14:33:36","LogName":"Application","Level":"Information","EventID":1,"ProviderName":"Universal Print","Message":"Successfully received access_token for da9b70f6-5323-4ce6-ae5c-88dcc5082966 with OAuthClientId=dae89220-69ba-4957-a77a-47b78695e883 and OAuthAuthority=https://login.microsoftonline.com/3d9bab48-5f52-4b7d-a481-771eae5e6ed4","MachineName":"DESKTOP-OIQSE1G","UserId":null,"TaskDisplayName":"None","ProcessId":33944,"ThreadId":0},{"TimeCreated":"2025-04-19 14:33:36","LogName":"Application","Level":"Information","EventID":1,"ProviderName":"Universal Print","Message":"Successfully received access_token for da9b70f6-5323-4ce6-ae5c-88dcc5082966 with OAuthClientId=dae89220-69ba-4957-a77a-47b78695e883 and OAuthAuthority=https://login.microsoftonline.com/3d9bab48-5f52-4b7d-a481-771eae5e6ed4","MachineName":"DESKTOP-OIQSE1G","UserId":null,"TaskDisplayName":"None","ProcessId":33944,"ThreadId":0},{"TimeCreated":"2025-04-19 14:33:36","LogName":"Application","Level":"Information","EventID":1,"ProviderName":"Universal Print","Message":"Initialization Successful. Enabled=true, CloudPrintSolution=UniversalPrint, DiscoveryEndpoint=https://discovery.print.microsoft.com, OAuthAuthority=https://login.microsoftonline.com/3d9bab48-5f52-4b7d-a481-771eae5e6ed4, OAuthClientId=dae89220-69ba-4957-a77a-47b78695e883, DiscoveryResourceId=da9b70f6-5323-4ce6-ae5c-88dcc5082966, PrintResourceId=da9b70f6-5323-4ce6-ae5c-88dcc5082966","MachineName":"DESKTOP-OIQSE1G","UserId":null,"TaskDisplayName":"None","ProcessId":33944,"ThreadId":0},{"TimeCreated":"2025-04-19 14:33:36","LogName":"Application","Level":"Information","EventID":1,"ProviderName":"Universal Print","Message":"Successfully received access_token for da9b70f6-5323-4ce6-ae5c-88dcc5082966 with OAuthClientId=dae89220-69ba-4957-a77a-47b78695e883 and OAuthAuthority=https://login.microsoftonline.com/3d9bab48-5f52-4b7d-a481-771eae5e6ed4","MachineName":"DESKTOP-OIQSE1G","UserId":null,"TaskDisplayName":"None","ProcessId":33944,"ThreadId":0},{"TimeCreated":"2025-04-19 14:33:34","LogName":"Application","Level":"Information","EventID":1,"ProviderName":"Universal Print","Message":"Successfully received access_token for 00000003-0000-0000-c000-000000000000 with OAuthClientId=dae89220-69ba-4957-a77a-47b78695e883 and OAuthAuthority=https://login.microsoftonline.com/3d9bab48-5f52-4b7d-a481-771eae5e6ed4","MachineName":"DESKTOP-OIQSE1G","UserId":null,"TaskDisplayName":"None","ProcessId":33944,"ThreadId":0},{"TimeCreated":"2025-04-19 14:33:33","LogName":"Application","Level":"Information","EventID":1,"ProviderName":"Universal Print","Message":"Device is Workplace Joined.","MachineName":"DESKTOP-OIQSE1G","UserId":null,"TaskDisplayName":"None","ProcessId":33944,"ThreadId":0},{"TimeCreated":"2025-04-19 14:33:29","LogName":"Application","Level":"Information","EventID":16394,"ProviderName":"Microsoft-Windows-Security-SPP","Message":"Offline downlevel migration succeeded.","MachineName":"DESKTOP-OIQSE1G","UserId":null,"TaskDisplayName":null,"ProcessId":30212,"ThreadId":0},{"TimeCreated":"2025-04-19 12:14:01","LogName":"Application","Level":"Information","EventID":8224,"ProviderName":"VSS","Message":"The VSS service is shutting down due to idle timeout. ","MachineName":"DESKTOP-OIQSE1G","UserId":null,"TaskDisplayName":"None","ProcessId":22596,"ThreadId":0},{"TimeCreated":"2025-04-19 12:12:30","LogName":"Application","Level":"Information","EventID":16384,"ProviderName":"Microsoft-Windows-Security-SPP","Message":"Successfully scheduled Software Protection service for re-start at 2125-03-26T18:12:30Z. Reason: RulesEngine.","MachineName":"DESKTOP-OIQSE1G","UserId":null,"TaskDisplayName":null,"ProcessId":34744,"ThreadId":0},{"TimeCreated":"2025-04-19 12:12:00","LogName":"Application","Level":"Information","EventID":16394,"ProviderName":"Microsoft-Windows-Security-SPP","Message":"Offline downlevel migration succeeded.","MachineName":"DESKTOP-OIQSE1G","UserId":null,"TaskDisplayName":null,"ProcessId":34744,"ThreadId":0},{"TimeCreated":"2025-04-19 12:11:00","LogName":"Application","Level":"Information","EventID":8302,"ProviderName":"Microsoft-Windows-System-Restore","Message":"Scoping successfully completed for shadowcopy \\\\?\\GLOBALROOT\\Device\\HarddiskVolumeShadowCopy5.","MachineName":"DESKTOP-OIQSE1G","UserId":{"BinaryLength":12,"AccountDomainSid":null,"Value":"S-1-5-18"},"TaskDisplayName":null,"ProcessId":26256,"ThreadId":11512},{"TimeCreated":"2025-04-19 12:11:00","LogName":"Application","Level":"Information","EventID":8301,"ProviderName":"Microsoft-Windows-System-Restore","Message":"Scoping completed for shadowcopy \\\\?\\GLOBALROOT\\Device\\HarddiskVolumeShadowCopy5.","MachineName":"DESKTOP-OIQSE1G","UserId":{"BinaryLength":12,"AccountDomainSid":null,"Value":"S-1-5-18"},"TaskDisplayName":null,"ProcessId":26256,"ThreadId":11512},{"TimeCreated":"2025-04-19 12:10:05","LogName":"Application","Level":"Information","EventID":8300,"ProviderName":"Microsoft-Windows-System-Restore","Message":"Scoping started for shadowcopy \\\\?\\GLOBALROOT\\Device\\HarddiskVolumeShadowCopy5.","MachineName":"DESKTOP-OIQSE1G","UserId":{"BinaryLength":12,"AccountDomainSid":null,"Value":"S-1-5-18"},"TaskDisplayName":null,"ProcessId":26256,"ThreadId":11512},{"TimeCreated":"2025-04-19 12:09:31","LogName":"Application","Level":"Information","EventID":16384,"ProviderName":"Microsoft-Windows-Security-SPP","Message":"Successfully scheduled Software Protection service for re-start at 2125-03-26T18:09:31Z. Reason: RulesEngine.","MachineName":"DESKTOP-OIQSE1G","UserId":null,"TaskDisplayName":null,"ProcessId":20284,"ThreadId":0},{"TimeCreated":"2025-04-19 12:09:00","LogName":"Application","Level":"Information","EventID":16394,"ProviderName":"Microsoft-Windows-Security-SPP","Message":"Offline downlevel migration succeeded.","MachineName":"DESKTOP-OIQSE1G","UserId":null,"TaskDisplayName":null,"ProcessId":20284,"ThreadId":0},{"TimeCreated":"2025-04-19 11:36:44","LogName":"Application","Level":"Information","EventID":16384,"ProviderName":"Microsoft-Windows-Security-SPP","Message":"Successfully scheduled Software Protection service for re-start at 2125-03-26T17:36:44Z. Reason: RulesEngine.","MachineName":"DESKTOP-OIQSE1G","UserId":null,"TaskDisplayName":null,"ProcessId":25672,"ThreadId":0},{"TimeCreated":"2025-04-19 11:36:14","LogName":"Application","Level":"Information","EventID":16394,"ProviderName":"Microsoft-Windows-Security-SPP","Message":"Offline downlevel migration succeeded.","MachineName":"DESKTOP-OIQSE1G","UserId":null,"TaskDisplayName":null,"ProcessId":25672,"ThreadId":0},{"TimeCreated":"2025-04-19 11:25:25","LogName":"Application","Level":"Information","EventID":8224,"ProviderName":"VSS","Message":"The VSS service is shutting down due to idle timeout. ","MachineName":"DESKTOP-OIQSE1G","UserId":null,"TaskDisplayName":"None","ProcessId":23668,"ThreadId":0},{"TimeCreated":"2025-04-19 11:22:25","LogName":"Application","Level":"Information","EventID":8300,"ProviderName":"Microsoft-Windows-System-Restore","Message":"Scoping started for shadowcopy \\\\?\\GLOBALROOT\\Device\\HarddiskVolumeShadowCopy5.","MachineName":"DESKTOP-OIQSE1G","UserId":{"BinaryLength":12,"AccountDomainSid":null,"Value":"S-1-5-18"},"TaskDisplayName":null,"ProcessId":30008,"ThreadId":31692},{"TimeCreated":"2025-04-19 11:22:19","LogName":"Application","Level":"Information","EventID":8212,"ProviderName":"System Restore","Message":"Successfully created scheduled restore point.","MachineName":"DESKTOP-OIQSE1G","UserId":null,"TaskDisplayName":"None","ProcessId":30008,"ThreadId":0},{"TimeCreated":"2025-04-19 11:22:19","LogName":"Application","Level":"Information","EventID":8194,"ProviderName":"System Restore","Message":"Successfully created restore point (Process = C:\\WINDOWS\\system32\\srtasks.exe ExecuteScheduledSPPCreation; Description = Scheduled Checkpoint).","MachineName":"DESKTOP-OIQSE1G","UserId":null,"TaskDisplayName":"None","ProcessId":30008,"ThreadId":0},{"TimeCreated":"2025-04-19 11:21:58","LogName":"Application","Level":"Unknown (0)","EventID":258,"ProviderName":"Microsoft-Windows-Defrag","Message":"The storage optimizer successfully completed defragmentation on (C:)","MachineName":"DESKTOP-OIQSE1G","UserId":null,"TaskDisplayName":"None","ProcessId":11124,"ThreadId":0},{"TimeCreated":"2025-04-19 11:21:58","LogName":"Application","Level":"Unknown (0)","EventID":258,"ProviderName":"Microsoft-Windows-Defrag","Message":"The storage optimizer successfully completed retrim on (C:)","MachineName":"DESKTOP-OIQSE1G","UserId":null,"TaskDisplayName":"None","ProcessId":11124,"ThreadId":0},{"TimeCreated":"2025-04-19 11:17:34","LogName":"Application","Level":"Unknown (0)","EventID":258,"ProviderName":"Microsoft-Windows-Defrag","Message":"The storage optimizer successfully completed defragmentation on System Reserved (D:)","MachineName":"DESKTOP-OIQSE1G","UserId":null,"TaskDisplayName":"None","ProcessId":11124,"ThreadId":0},{"TimeCreated":"2025-04-19 11:17:34","LogName":"Application","Level":"Unknown (0)","EventID":258,"ProviderName":"Microsoft-Windows-Defrag","Message":"The storage optimizer successfully completed retrim on System Reserved (D:)","MachineName":"DESKTOP-OIQSE1G","UserId":null,"TaskDisplayName":"None","ProcessId":11124,"ThreadId":0},{"TimeCreated":"2025-04-19 11:16:33","LogName":"Application","Level":"Information","EventID":264,"ProviderName":"Microsoft-Windows-Defrag","Message":"The storage optimizer couldn\u0027t complete defragmentation on (C:) because: The user cancelled the operation. (0x89000006)","MachineName":"DESKTOP-OIQSE1G","UserId":null,"TaskDisplayName":"None","ProcessId":11124,"ThreadId":0},{"TimeCreated":"2025-04-19 11:01:58","LogName":"Application","Level":"Unknown (0)","EventID":258,"ProviderName":"Microsoft-Windows-Defrag","Message":"The storage optimizer successfully completed defragmentation on System Reserved (D:)","MachineName":"DESKTOP-OIQSE1G","UserId":null,"TaskDisplayName":"None","ProcessId":11124,"ThreadId":0},{"TimeCreated":"2025-04-19 11:01:58","LogName":"Application","Level":"Unknown (0)","EventID":258,"ProviderName":"Microsoft-Windows-Defrag","Message":"The storage optimizer successfully completed retrim on System Reserved (D:)","MachineName":"DESKTOP-OIQSE1G","UserId":null,"TaskDisplayName":"None","ProcessId":11124,"ThreadId":0},{"TimeCreated":"2025-04-19 10:56:47","LogName":"Application","Level":"Information","EventID":16384,"ProviderName":"Microsoft-Windows-Security-SPP","Message":"Successfully scheduled Software Protection service for re-start at 2125-03-26T16:56:47Z. Reason: RulesEngine.","MachineName":"DESKTOP-OIQSE1G","UserId":null,"TaskDisplayName":null,"ProcessId":2176,"ThreadId":0},{"TimeCreated":"2025-04-19 10:56:17","LogName":"Application","Level":"Information","EventID":16394,"ProviderName":"Microsoft-Windows-Security-SPP","Message":"Offline downlevel migration succeeded.","MachineName":"DESKTOP-OIQSE1G","UserId":null,"TaskDisplayName":null,"ProcessId":2176,"ThreadId":0},{"TimeCreated":"2025-04-19 10:55:57","LogName":"Application","Level":"Information","EventID":264,"ProviderName":"Microsoft-Windows-Defrag","Message":"The storage optimizer couldn\u0027t complete defragmentation on (C:) because: The user cancelled the operation. (0x89000006)","MachineName":"DESKTOP-OIQSE1G","UserId":null,"TaskDisplayName":"None","ProcessId":11124,"ThreadId":0},{"TimeCreated":"2025-04-19 10:46:03","LogName":"Application","Level":"Unknown (0)","EventID":258,"ProviderName":"Microsoft-Windows-Defrag","Message":"The storage optimizer successfully completed defragmentation on System Reserved (D:)","MachineName":"DESKTOP-OIQSE1G","UserId":null,"TaskDisplayName":"None","ProcessId":11124,"ThreadId":0},{"TimeCreated":"2025-04-19 10:46:03","LogName":"Application","Level":"Unknown (0)","EventID":258,"ProviderName":"Microsoft-Windows-Defrag","Message":"The storage optimizer successfully completed retrim on System Reserved (D:)","MachineName":"DESKTOP-OIQSE1G","UserId":null,"TaskDisplayName":"None","ProcessId":11124,"ThreadId":0},{"TimeCreated":"2025-04-19 10:40:02","LogName":"Application","Level":"Information","EventID":264,"ProviderName":"Microsoft-Windows-Defrag","Message":"The storage optimizer couldn\u0027t complete defragmentation on (C:) because: The user cancelled the operation. (0x89000006)","MachineName":"DESKTOP-OIQSE1G","UserId":null,"TaskDisplayName":"None","ProcessId":11124,"ThreadId":0},{"TimeCreated":"2025-04-19 10:35:46","LogName":"Application","Level":"Information","EventID":15,"ProviderName":"SecurityCenter","Message":"Updated Windows Defender status successfully to SECURITY_PRODUCT_STATE_ON.","MachineName":"DESKTOP-OIQSE1G","UserId":null,"TaskDisplayName":"None","ProcessId":20200,"ThreadId":0},{"TimeCreated":"2025-04-19 10:34:23","LogName":"Application","Level":"Information","EventID":16384,"ProviderName":"Microsoft-Windows-Security-SPP","Message":"Successfully scheduled Software Protection service for re-start at 2125-03-26T16:34:23Z. Reason: RulesEngine.","MachineName":"DESKTOP-OIQSE1G","UserId":null,"TaskDisplayName":null,"ProcessId":34064,"ThreadId":0},{"TimeCreated":"2025-04-19 10:33:55","LogName":"Application","Level":"Information","EventID":15,"ProviderName":"SecurityCenter","Message":"Updated Windows Defender status successfully to SECURITY_PRODUCT_STATE_ON.","MachineName":"DESKTOP-OIQSE1G","UserId":null,"TaskDisplayName":"None","ProcessId":20200,"ThreadId":0},{"TimeCreated":"2025-04-19 10:33:53","LogName":"Application","Level":"Unknown (0)","EventID":258,"ProviderName":"Microsoft-Windows-Defrag","Message":"The storage optimizer successfully completed defragmentation on System Reserved (D:)","MachineName":"DESKTOP-OIQSE1G","UserId":null,"TaskDisplayName":"None","ProcessId":11124,"ThreadId":0},{"TimeCreated":"2025-04-19 10:33:53","LogName":"Application","Level":"Unknown (0)","EventID":258,"ProviderName":"Microsoft-Windows-Defrag","Message":"The storage optimizer successfully completed retrim on System Reserved (D:)","MachineName":"DESKTOP-OIQSE1G","UserId":null,"TaskDisplayName":"None","ProcessId":11124,"ThreadId":0},{"TimeCreated":"2025-04-19 10:33:52","LogName":"Application","Level":"Information","EventID":16394,"ProviderName":"Microsoft-Windows-Security-SPP","Message":"Offline downlevel migration succeeded.","MachineName":"DESKTOP-OIQSE1G","UserId":null,"TaskDisplayName":null,"ProcessId":34064,"ThreadId":0},{"TimeCreated":"2025-04-19 10:26:17","LogName":"Application","Level":"Information","EventID":16384,"ProviderName":"Microsoft-Windows-Security-SPP","Message":"Successfully scheduled Software Protection service for re-start at 2125-03-26T16:26:17Z. Reason: RulesEngine.","MachineName":"DESKTOP-OIQSE1G","UserId":null,"TaskDisplayName":null,"ProcessId":9680,"ThreadId":0},{"TimeCreated":"2025-04-19 10:25:47","LogName":"Application","Level":"Information","EventID":16394,"ProviderName":"Microsoft-Windows-Security-SPP","Message":"Offline downlevel migration succeeded.","MachineName":"DESKTOP-OIQSE1G","UserId":null,"TaskDisplayName":null,"ProcessId":9680,"ThreadId":0},{"TimeCreated":"2025-04-19 10:11:03","LogName":"Application","Level":"Information","EventID":16384,"ProviderName":"Microsoft-Windows-Security-SPP","Message":"Successfully scheduled Software Protection service for re-start at 2125-03-26T16:11:03Z. Reason: RulesEngine.","MachineName":"DESKTOP-OIQSE1G","UserId":null,"TaskDisplayName":null,"ProcessId":3964,"ThreadId":0},{"TimeCreated":"2025-04-19 10:10:33","LogName":"Application","Level":"Information","EventID":16394,"ProviderName":"Microsoft-Windows-Security-SPP","Message":"Offline downlevel migration succeeded.","MachineName":"DESKTOP-OIQSE1G","UserId":null,"TaskDisplayName":null,"ProcessId":3964,"ThreadId":0},{"TimeCreated":"2025-04-19 10:03:24","LogName":"Application","Level":"Information","EventID":16384,"ProviderName":"Microsoft-Windows-Security-SPP","Message":"Successfully scheduled Software Protection service for re-start at 2125-03-26T16:03:24Z. Reason: RulesEngine.","MachineName":"DESKTOP-OIQSE1G","UserId":null,"TaskDisplayName":null,"ProcessId":4148,"ThreadId":0},{"TimeCreated":"2025-04-19 10:02:53","LogName":"Application","Level":"Information","EventID":16394,"ProviderName":"Microsoft-Windows-Security-SPP","Message":"Offline downlevel migration succeeded.","MachineName":"DESKTOP-OIQSE1G","UserId":null,"TaskDisplayName":null,"ProcessId":4148,"ThreadId":0},{"TimeCreated":"2025-04-19 09:54:42","LogName":"Application","Level":"Information","EventID":0,"ProviderName":"edgeupdatem","Message":"Service stopped.","MachineName":"DESKTOP-OIQSE1G","UserId":null,"TaskDisplayName":"None","ProcessId":24264,"ThreadId":0},{"TimeCreated":"2025-04-19 09:54:42","LogName":"Application","Level":"Information","EventID":0,"ProviderName":"edgeupdatem","Message":"Service stopped.","MachineName":"DESKTOP-OIQSE1G","UserId":null,"TaskDisplayName":"None","ProcessId":34552,"ThreadId":0},{"TimeCreated":"2025-04-19 09:54:10","LogName":"Application","Level":"Information","EventID":16384,"ProviderName":"Microsoft-Windows-Security-SPP","Message":"Successfully scheduled Software Protection service for re-start at 2125-03-26T15:54:10Z. Reason: RulesEngine.","MachineName":"DESKTOP-OIQSE1G","UserId":null,"TaskDisplayName":null,"ProcessId":14580,"ThreadId":0},{"TimeCreated":"2025-04-19 09:53:39","LogName":"Application","Level":"Information","EventID":16394,"ProviderName":"Microsoft-Windows-Security-SPP","Message":"Offline downlevel migration succeeded.","MachineName":"DESKTOP-OIQSE1G","UserId":null,"TaskDisplayName":null,"ProcessId":14580,"ThreadId":0},{"TimeCreated":"2025-04-19 09:38:50","LogName":"Application","Level":"Information","EventID":16384,"ProviderName":"Microsoft-Windows-Security-SPP","Message":"Successfully scheduled Software Protection service for re-start at 2125-03-26T15:38:50Z. Reason: RulesEngine.","MachineName":"DESKTOP-OIQSE1G","UserId":null,"TaskDisplayName":null,"ProcessId":23412,"ThreadId":0},{"TimeCreated":"2025-04-19 09:38:19","LogName":"Application","Level":"Information","EventID":16394,"ProviderName":"Microsoft-Windows-Security-SPP","Message":"Offline downlevel migration succeeded.","MachineName":"DESKTOP-OIQSE1G","UserId":null,"TaskDisplayName":null,"ProcessId":23412,"ThreadId":0},{"TimeCreated":"2025-04-19 09:34:33","LogName":"Application","Level":"Information","EventID":16384,"ProviderName":"Microsoft-Windows-Security-SPP","Message":"Successfully scheduled Software Protection service for re-start at 2125-03-26T15:34:33Z. Reason: RulesEngine.","MachineName":"DESKTOP-OIQSE1G","UserId":null,"TaskDisplayName":null,"ProcessId":24596,"ThreadId":0},{"TimeCreated":"2025-04-19 09:33:51","LogName":"Application","Level":"Information","EventID":16394,"ProviderName":"Microsoft-Windows-Security-SPP","Message":"Offline downlevel migration succeeded.","MachineName":"DESKTOP-OIQSE1G","UserId":null,"TaskDisplayName":null,"ProcessId":24596,"ThreadId":0},{"TimeCreated":"2025-04-19 09:33:22","LogName":"Application","Level":"Information","EventID":16384,"ProviderName":"Microsoft-Windows-Security-SPP","Message":"Successfully scheduled Software Protection service for re-start at 2125-03-26T15:33:22Z. Reason: RulesEngine.","MachineName":"DESKTOP-OIQSE1G","UserId":null,"TaskDisplayName":null,"ProcessId":26848,"ThreadId":0},{"TimeCreated":"2025-04-19 09:32:52","LogName":"Application","Level":"Information","EventID":16394,"ProviderName":"Microsoft-Windows-Security-SPP","Message":"Offline downlevel migration succeeded.","MachineName":"DESKTOP-OIQSE1G","UserId":null,"TaskDisplayName":null,"ProcessId":26848,"ThreadId":0},{"TimeCreated":"2025-04-19 09:31:04","LogName":"Application","Level":"Information","EventID":8224,"ProviderName":"VSS","Message":"The VSS service is shutting down due to idle timeout. ","MachineName":"DESKTOP-OIQSE1G","UserId":null,"TaskDisplayName":"None","ProcessId":33144,"ThreadId":0},{"TimeCreated":"2025-04-19 09:29:57","LogName":"Application","Level":"Information","EventID":256,"ProviderName":"Edge","Message":"[19584:14272:0419/092957.697:INFO:extension_garbage_collector.cc(183)] Garbage collection for extensions on file thread is complete.","MachineName":"DESKTOP-OIQSE1G","UserId":{"BinaryLength":28,"AccountDomainSid":{"BinaryLength":24,"AccountDomainSid":{"BinaryLength":24,"AccountDomainSid":{"BinaryLength":24,"AccountDomainSid":{"BinaryLength":24,"AccountDomainSid":{"BinaryLength":24,"AccountDomainSid":{"BinaryLength":24,"AccountDomainSid":"S-1-5-21-3773365355-1627060674-2487742414","Value":"S-1-5-21-3773365355-1627060674-2487742414"},"Value":"S-1-5-21-3773365355-1627060674-2487742414"},"Value":"S-1-5-21-3773365355-1627060674-2487742414"},"Value":"S-1-5-21-3773365355-1627060674-2487742414"},"Value":"S-1-5-21-3773365355-1627060674-2487742414"},"Value":"S-1-5-21-3773365355-1627060674-2487742414"},"Value":"S-1-5-21-3773365355-1627060674-2487742414-1001"},"TaskDisplayName":"Browser Events","ProcessId":19584,"ThreadId":0},{"TimeCreated":"2025-04-19 09:28:55","LogName":"Application","Level":"Information","EventID":0,"ProviderName":"edgeupdate","Message":"Service stopped.","MachineName":"DESKTOP-OIQSE1G","UserId":null,"TaskDisplayName":"None","ProcessId":34112,"ThreadId":0},{"TimeCreated":"2025-04-19 09:28:52","LogName":"Application","Level":"Information","EventID":1,"ProviderName":"Universal Print","Message":"Successfully received access_token for da9b70f6-5323-4ce6-ae5c-88dcc5082966 with OAuthClientId=dae89220-69ba-4957-a77a-47b78695e883 and OAuthAuthority=https://login.microsoftonline.com/common","MachineName":"DESKTOP-OIQSE1G","UserId":null,"TaskDisplayName":"None","ProcessId":36484,"ThreadId":0},