{"TimeCreated":"2025-04-18 20:08:40","LogName":"System","Level":"Information","EventID":17,"ProviderName":"TPM","Message":"The Trusted Platform Module (TPM) hardware failed to execute a TPM command.","MachineName":"DESKTOP-OIQSE1G","UserId":{"BinaryLength":12,"AccountDomainSid":null,"Value":"S-1-5-18"},"TaskDisplayName":null,"ProcessId":4,"ThreadId":412},{"TimeCreated":"2025-04-18 20:08:40","LogName":"System","Level":"Information","EventID":17,"ProviderName":"TPM","Message":"The Trusted Platform Module (TPM) hardware failed to execute a TPM command.","MachineName":"DESKTOP-OIQSE1G","UserId":{"BinaryLength":12,"AccountDomainSid":null,"Value":"S-1-5-18"},"TaskDisplayName":null,"ProcessId":4,"ThreadId":412},{"TimeCreated":"2025-04-18 20:08:39","LogName":"System","Level":"Information","EventID":17,"ProviderName":"TPM","Message":"The Trusted Platform Module (TPM) hardware failed to execute a TPM command.","MachineName":"DESKTOP-OIQSE1G","UserId":{"BinaryLength":12,"AccountDomainSid":null,"Value":"S-1-5-18"},"TaskDisplayName":null,"ProcessId":4,"ThreadId":412},{"TimeCreated":"2025-04-18 20:07:07","LogName":"System","Level":"Warning","EventID":10016,"ProviderName":"Microsoft-Windows-DistributedCOM","Message":"The application-specific permission settings do not grant Local Activation permission for the COM Server application with CLSID \\n{2593F8B9-4EAF-457C-B68A-50F6B8EA6B54}\\n and APPID \\n{15C20B67-12E7-4BB6-92BB-7AFF07997402}\\n to the user DESKTOP-OIQSE1G\\mkroe SID (S-1-5-21-3773365355-1627060674-2487742414-1001) from address LocalHost (Using LRPC) running in the application container Unavailable SID (Unavailable). This security permission can be modified using the Component Services administrative tool.","MachineName":"DESKTOP-OIQSE1G","UserId":{"BinaryLength":28,"AccountDomainSid":{"BinaryLength":24,"AccountDomainSid":{"BinaryLength":24,"AccountDomainSid":{"BinaryLength":24,"AccountDomainSid":{"BinaryLength":24,"AccountDomainSid":{"BinaryLength":24,"AccountDomainSid":{"BinaryLength":24,"AccountDomainSid":"S-1-5-21-3773365355-1627060674-2487742414","Value":"S-1-5-21-3773365355-1627060674-2487742414"},"Value":"S-1-5-21-3773365355-1627060674-2487742414"},"Value":"S-1-5-21-3773365355-1627060674-2487742414"},"Value":"S-1-5-21-3773365355-1627060674-2487742414"},"Value":"S-1-5-21-3773365355-1627060674-2487742414"},"Value":"S-1-5-21-3773365355-1627060674-2487742414"},"Value":"S-1-5-21-3773365355-1627060674-2487742414-1001"},"TaskDisplayName":null,"ProcessId":1564,"ThreadId":56444},{"TimeCreated":"2025-04-18 19:59:58","LogName":"System","Level":"Error","EventID":7009,"ProviderName":"Service Control Manager","Message":"A timeout was reached (30000 milliseconds) while waiting for the Intel(R) SUR QC Software Asset Manager service to connect.","MachineName":"DESKTOP-OIQSE1G","UserId":null,"TaskDisplayName":null,"ProcessId":1208,"ThreadId":9880},{"TimeCreated":"2025-04-18 19:47:02","LogName":"System","Level":"Information","EventID":37,"ProviderName":"Microsoft-Windows-Time-Service","Message":"The time provider NtpClient is currently receiving valid time data from time.windows.com,0x9 (ntp.m|0x9|0.0.0.0:123-\u003e168.61.215.74:123).","MachineName":"DESKTOP-OIQSE1G","UserId":{"BinaryLength":12,"AccountDomainSid":null,"Value":"S-1-5-19"},"TaskDisplayName":null,"ProcessId":17492,"ThreadId":41944},{"TimeCreated":"2025-04-18 19:46:28","LogName":"System","Level":"Warning","EventID":1014,"ProviderName":"Microsoft-Windows-DNS-Client","Message":"Name resolution for the name test.steampowered.com timed out after none of the configured DNS servers responded. Client PID 1720.","MachineName":"DESKTOP-OIQSE1G","UserId":{"BinaryLength":12,"AccountDomainSid":null,"Value":"S-1-5-20"},"TaskDisplayName":null,"ProcessId":2496,"ThreadId":40460},{"TimeCreated":"2025-04-18 19:46:27","LogName":"System","Level":"Information","EventID":32,"ProviderName":"e1rexpress","Message":"Intel(R) I211 Gigabit Network Connection\\n Network link has been established at 1Gbps full duplex.\\n","MachineName":"DESKTOP-OIQSE1G","UserId":null,"TaskDisplayName":"None","ProcessId":4,"ThreadId":21360},{"TimeCreated":"2025-04-18 19:46:23","LogName":"System","Level":"Information","EventID":1,"ProviderName":"Microsoft-Windows-Power-Troubleshooter","Message":"The system has returned from a low power state.\\n\\nSleep Time:  2025 - 04 - 18T18:19:01.039442400Z\\nWake Time:  2025 - 04 - 19T01:46:22.924900000Z\\n\\nWake Source: Unknown","MachineName":"DESKTOP-OIQSE1G","UserId":{"BinaryLength":12,"AccountDomainSid":null,"Value":"S-1-5-19"},"TaskDisplayName":null,"ProcessId":4444,"ThreadId":56428},{"TimeCreated":"2025-04-18 19:46:23","LogName":"System","Level":"Information","EventID":566,"ProviderName":"Microsoft-Windows-Kernel-Power","Message":"The system session has transitioned from 157 to 159.\\n\\nReason InputHid \\n\\nBootId: 31","MachineName":"DESKTOP-OIQSE1G","UserId":{"BinaryLength":12,"AccountDomainSid":null,"Value":"S-1-5-18"},"TaskDisplayName":null,"ProcessId":4,"ThreadId":36772},{"TimeCreated":"2025-04-18 19:46:22","LogName":"System","Level":"Information","EventID":117,"ProviderName":"Microsoft-Windows-HttpService","Message":"Delete URL group 0xFE0000052000001A. Status 0x0. Process Id 0x19AC Executable path \\Device\\HarddiskVolume2\\Windows\\System32\\svchost.exe, User S-1-5-19","MachineName":"DESKTOP-OIQSE1G","UserId":null,"TaskDisplayName":"HTTP Configuration Property Trace Task","ProcessId":6572,"ThreadId":6816},{"TimeCreated":"2025-04-18 19:46:22","LogName":"System","Level":"Information","EventID":114,"ProviderName":"Microsoft-Windows-HttpService","Message":"Removed URL (http://*:5357/19669707-bcd3-4cf0-bbea-b420834c3fe4/) from URL group (0xFE0000052000001A). Process Id 0x19AC Executable path \\Device\\HarddiskVolume2\\Windows\\System32\\svchost.exe, User S-1-5-19","MachineName":"DESKTOP-OIQSE1G","UserId":null,"TaskDisplayName":"HTTP Configuration Property Trace Task","ProcessId":6572,"ThreadId":6816},{"TimeCreated":"2025-04-18 19:46:22","LogName":"System","Level":"Information","EventID":113,"ProviderName":"Microsoft-Windows-HttpService","Message":"Attempted to add URL (http://*:5357/19669707-bcd3-4cf0-bbea-b420834c3fe4/) to URL group (0xFE0000052000001A). Status: 0x0. Process Id 0x19AC Executable path \\Device\\HarddiskVolume2\\Windows\\System32\\svchost.exe, User S-1-5-19","MachineName":"DESKTOP-OIQSE1G","UserId":null,"TaskDisplayName":"HTTP Configuration Property Trace Task","ProcessId":6572,"ThreadId":6816},{"TimeCreated":"2025-04-18 19:46:22","LogName":"System","Level":"Information","EventID":111,"ProviderName":"Microsoft-Windows-HttpService","Message":"Create URL group 0xFE0000052000001A. Status 0x0. Process Id 0x19AC Executable path \\Device\\HarddiskVolume2\\Windows\\System32\\svchost.exe, User S-1-5-19","MachineName":"DESKTOP-OIQSE1G","UserId":null,"TaskDisplayName":"HTTP Configuration Property Trace Task","ProcessId":6572,"ThreadId":6816},{"TimeCreated":"2025-04-18 19:46:22","LogName":"System","Level":"Information","EventID":117,"ProviderName":"Microsoft-Windows-HttpService","Message":"Delete URL group 0xFE00000520000019. Status 0x0. Process Id 0x19AC Executable path \\Device\\HarddiskVolume2\\Windows\\System32\\svchost.exe, User S-1-5-19","MachineName":"DESKTOP-OIQSE1G","UserId":null,"TaskDisplayName":"HTTP Configuration Property Trace Task","ProcessId":6572,"ThreadId":6816},{"TimeCreated":"2025-04-18 19:46:22","LogName":"System","Level":"Information","EventID":114,"ProviderName":"Microsoft-Windows-HttpService","Message":"Removed URL (http://*:5357/19669707-bcd3-4cf0-bbea-b420834c3fe4/) from URL group (0xFE00000520000019). Process Id 0x19AC Executable path \\Device\\HarddiskVolume2\\Windows\\System32\\svchost.exe, User S-1-5-19","MachineName":"DESKTOP-OIQSE1G","UserId":null,"TaskDisplayName":"HTTP Configuration Property Trace Task","ProcessId":6572,"ThreadId":6816},{"TimeCreated":"2025-04-18 19:46:22","LogName":"System","Level":"Information","EventID":113,"ProviderName":"Microsoft-Windows-HttpService","Message":"Attempted to add URL (http://*:5357/19669707-bcd3-4cf0-bbea-b420834c3fe4/) to URL group (0xFE00000520000019). Status: 0x0. Process Id 0x19AC Executable path \\Device\\HarddiskVolume2\\Windows\\System32\\svchost.exe, User S-1-5-19","MachineName":"DESKTOP-OIQSE1G","UserId":null,"TaskDisplayName":"HTTP Configuration Property Trace Task","ProcessId":6572,"ThreadId":6816},{"TimeCreated":"2025-04-18 19:46:22","LogName":"System","Level":"Information","EventID":111,"ProviderName":"Microsoft-Windows-HttpService","Message":"Create URL group 0xFE00000520000019. Status 0x0. Process Id 0x19AC Executable path \\Device\\HarddiskVolume2\\Windows\\System32\\svchost.exe, User S-1-5-19","MachineName":"DESKTOP-OIQSE1G","UserId":null,"TaskDisplayName":"HTTP Configuration Property Trace Task","ProcessId":6572,"ThreadId":6816},{"TimeCreated":"2025-04-18 19:46:22","LogName":"System","Level":"Information","EventID":117,"ProviderName":"Microsoft-Windows-HttpService","Message":"Delete URL group 0xFE00000420000008. Status 0x0. Process Id 0x19AC Executable path \\Device\\HarddiskVolume2\\Windows\\System32\\svchost.exe, User S-1-5-19","MachineName":"DESKTOP-OIQSE1G","UserId":null,"TaskDisplayName":"HTTP Configuration Property Trace Task","ProcessId":6572,"ThreadId":6816},{"TimeCreated":"2025-04-18 19:46:22","LogName":"System","Level":"Information","EventID":114,"ProviderName":"Microsoft-Windows-HttpService","Message":"Removed URL (http://*:5357/19669707-bcd3-4cf0-bbea-b420834c3fe4/) from URL group (0xFE00000420000008). Process Id 0x19AC Executable path \\Device\\HarddiskVolume2\\Windows\\System32\\svchost.exe, User S-1-5-19","MachineName":"DESKTOP-OIQSE1G","UserId":null,"TaskDisplayName":"HTTP Configuration Property Trace Task","ProcessId":6572,"ThreadId":6816},{"TimeCreated":"2025-04-18 19:46:22","LogName":"System","Level":"Information","EventID":113,"ProviderName":"Microsoft-Windows-HttpService","Message":"Attempted to add URL (http://*:5357/19669707-bcd3-4cf0-bbea-b420834c3fe4/) to URL group (0xFE00000420000008). Status: 0x0. Process Id 0x19AC Executable path \\Device\\HarddiskVolume2\\Windows\\System32\\svchost.exe, User S-1-5-19","MachineName":"DESKTOP-OIQSE1G","UserId":null,"TaskDisplayName":"HTTP Configuration Property Trace Task","ProcessId":6572,"ThreadId":6816},{"TimeCreated":"2025-04-18 19:46:22","LogName":"System","Level":"Information","EventID":111,"ProviderName":"Microsoft-Windows-HttpService","Message":"Create URL group 0xFE00000420000008. Status 0x0. Process Id 0x19AC Executable path \\Device\\HarddiskVolume2\\Windows\\System32\\svchost.exe, User S-1-5-19","MachineName":"DESKTOP-OIQSE1G","UserId":null,"TaskDisplayName":"HTTP Configuration Property Trace Task","ProcessId":6572,"ThreadId":6816},{"TimeCreated":"2025-04-18 19:46:22","LogName":"System","Level":"Information","EventID":117,"ProviderName":"Microsoft-Windows-HttpService","Message":"Delete URL group 0xFE00000520000018. Status 0x0. Process Id 0x19AC Executable path \\Device\\HarddiskVolume2\\Windows\\System32\\svchost.exe, User S-1-5-19","MachineName":"DESKTOP-OIQSE1G","UserId":null,"TaskDisplayName":"HTTP Configuration Property Trace Task","ProcessId":6572,"ThreadId":6816},{"TimeCreated":"2025-04-18 19:46:22","LogName":"System","Level":"Information","EventID":114,"ProviderName":"Microsoft-Windows-HttpService","Message":"Removed URL (http://*:5357/19669707-bcd3-4cf0-bbea-b420834c3fe4/) from URL group (0xFE00000520000018). Process Id 0x19AC Executable path \\Device\\HarddiskVolume2\\Windows\\System32\\svchost.exe, User S-1-5-19","MachineName":"DESKTOP-OIQSE1G","UserId":null,"TaskDisplayName":"HTTP Configuration Property Trace Task","ProcessId":6572,"ThreadId":6816},{"TimeCreated":"2025-04-18 19:46:22","LogName":"System","Level":"Information","EventID":113,"ProviderName":"Microsoft-Windows-HttpService","Message":"Attempted to add URL (http://*:5357/19669707-bcd3-4cf0-bbea-b420834c3fe4/) to URL group (0xFE00000520000018). Status: 0x0. Process Id 0x19AC Executable path \\Device\\HarddiskVolume2\\Windows\\System32\\svchost.exe, User S-1-5-19","MachineName":"DESKTOP-OIQSE1G","UserId":null,"TaskDisplayName":"HTTP Configuration Property Trace Task","ProcessId":6572,"ThreadId":6816},{"TimeCreated":"2025-04-18 19:46:22","LogName":"System","Level":"Information","EventID":111,"ProviderName":"Microsoft-Windows-HttpService","Message":"Create URL group 0xFE00000520000018. Status 0x0. Process Id 0x19AC Executable path \\Device\\HarddiskVolume2\\Windows\\System32\\svchost.exe, User S-1-5-19","MachineName":"DESKTOP-OIQSE1G","UserId":null,"TaskDisplayName":"HTTP Configuration Property Trace Task","ProcessId":6572,"ThreadId":6816},{"TimeCreated":"2025-04-18 19:46:22","LogName":"System","Level":"Information","EventID":117,"ProviderName":"Microsoft-Windows-HttpService","Message":"Delete URL group 0xFE0000072000001A. Status 0x0. Process Id 0x19AC Executable path \\Device\\HarddiskVolume2\\Windows\\System32\\svchost.exe, User S-1-5-19","MachineName":"DESKTOP-OIQSE1G","UserId":null,"TaskDisplayName":"HTTP Configuration Property Trace Task","ProcessId":6572,"ThreadId":6816},{"TimeCreated":"2025-04-18 19:46:22","LogName":"System","Level":"Information","EventID":114,"ProviderName":"Microsoft-Windows-HttpService","Message":"Removed URL (http://*:5357/19669707-bcd3-4cf0-bbea-b420834c3fe4/) from URL group (0xFE0000072000001A). Process Id 0x19AC Executable path \\Device\\HarddiskVolume2\\Windows\\System32\\svchost.exe, User S-1-5-19","MachineName":"DESKTOP-OIQSE1G","UserId":null,"TaskDisplayName":"HTTP Configuration Property Trace Task","ProcessId":6572,"ThreadId":6816},{"TimeCreated":"2025-04-18 19:46:22","LogName":"System","Level":"Information","EventID":113,"ProviderName":"Microsoft-Windows-HttpService","Message":"Attempted to add URL (http://*:5357/19669707-bcd3-4cf0-bbea-b420834c3fe4/) to URL group (0xFE0000072000001A). Status: 0x0. Process Id 0x19AC Executable path \\Device\\HarddiskVolume2\\Windows\\System32\\svchost.exe, User S-1-5-19","MachineName":"DESKTOP-OIQSE1G","UserId":null,"TaskDisplayName":"HTTP Configuration Property Trace Task","ProcessId":6572,"ThreadId":6816},{"TimeCreated":"2025-04-18 19:46:22","LogName":"System","Level":"Information","EventID":111,"ProviderName":"Microsoft-Windows-HttpService","Message":"Create URL group 0xFE0000072000001A. Status 0x0. Process Id 0x19AC Executable path \\Device\\HarddiskVolume2\\Windows\\System32\\svchost.exe, User S-1-5-19","MachineName":"DESKTOP-OIQSE1G","UserId":null,"TaskDisplayName":"HTTP Configuration Property Trace Task","ProcessId":6572,"ThreadId":6816},{"TimeCreated":"2025-04-18 19:46:22","LogName":"System","Level":"Warning","EventID":134,"ProviderName":"Microsoft-Windows-Time-Service","Message":"NtpClient was unable to set a manual peer to use as a time source because of DNS resolution error on \u0027time.windows.com,0x9\u0027. NtpClient will try again in 15 minutes and double the reattempt interval thereafter. The error was: No such host is known. (0x80072AF9)","MachineName":"DESKTOP-OIQSE1G","UserId":{"BinaryLength":12,"AccountDomainSid":null,"Value":"S-1-5-19"},"TaskDisplayName":null,"ProcessId":17492,"ThreadId":21824},{"TimeCreated":"2025-04-18 19:46:22","LogName":"System","Level":"Information","EventID":566,"ProviderName":"Microsoft-Windows-Kernel-Power","Message":"The system session has transitioned from 156 to 157.\\n\\nReason SxTransition \\n\\nBootId: 31","MachineName":"DESKTOP-OIQSE1G","UserId":null,"TaskDisplayName":null,"ProcessId":4,"ThreadId":34316},{"TimeCreated":"2025-04-18 19:46:22","LogName":"System","Level":"Information","EventID":18,"ProviderName":"BTHUSB","Message":"Windows cannot store Bluetooth authentication codes (link keys) on the local adapter. Bluetooth keyboards might not work in the system BIOS during startup.","MachineName":"DESKTOP-OIQSE1G","UserId":null,"TaskDisplayName":"None","ProcessId":4,"ThreadId":21892},{"TimeCreated":"2025-04-18 19:46:21","LogName":"System","Level":"Information","EventID":130,"ProviderName":"Microsoft-Windows-Kernel-Power","Message":"Firmware S3 times. SuspendStart: 136216966, SuspendEnd: 136216966","MachineName":"DESKTOP-OIQSE1G","UserId":null,"TaskDisplayName":null,"ProcessId":4,"ThreadId":24052},{"TimeCreated":"2025-04-18 19:46:21","LogName":"System","Level":"Information","EventID":131,"ProviderName":"Microsoft-Windows-Kernel-Power","Message":"Firmware S3 times. ResumeCount: 19, FullResume: 1268, AverageResume: 1269","MachineName":"DESKTOP-OIQSE1G","UserId":null,"TaskDisplayName":null,"ProcessId":4,"ThreadId":24052},{"TimeCreated":"2025-04-18 19:46:21","LogName":"System","Level":"Information","EventID":1,"ProviderName":"Microsoft-Windows-Kernel-General","Message":"The system time has changed to  2025 - 04 - 19T01:46:21.500000000Z from  2025 - 04 - 18T18:19:10.792083100Z.\\nTime Delta: 26830707 ms\\n\\nChange Reason: System time synchronized with the hardware clock.\\nProcess: \u0027\u0027 (PID 4).\\n\\nRTC time:  2025 - 04 - 18T19:46:21.500000000Z\\nCurrent time zone bias: 360\\nRTC time is in UTC: false\\nSystem time was based on RTC time: false","MachineName":"DESKTOP-OIQSE1G","UserId":null,"TaskDisplayName":null,"ProcessId":4,"ThreadId":24052},{"TimeCreated":"2025-04-18 12:19:10","LogName":"System","Level":"Information","EventID":107,"ProviderName":"Microsoft-Windows-Kernel-Power","Message":"The system has resumed from sleep.","MachineName":"DESKTOP-OIQSE1G","UserId":null,"TaskDisplayName":null,"ProcessId":4,"ThreadId":24052},{"TimeCreated":"2025-04-18 12:19:06","LogName":"System","Level":"Information","EventID":42,"ProviderName":"Microsoft-Windows-Kernel-Power","Message":"The system is entering sleep.\\n\\nSleep Reason: System Idle","MachineName":"DESKTOP-OIQSE1G","UserId":null,"TaskDisplayName":null,"ProcessId":4,"ThreadId":24052},{"TimeCreated":"2025-04-18 12:19:06","LogName":"System","Level":"Information","EventID":1,"ProviderName":"Microsoft-Windows-Kernel-General","Message":"The system time has changed to  2025 - 04 - 18T18:19:06.064046000Z from  2025 - 04 - 18T18:19:06.063907300Z.\\nTime Delta: 0 ms\\n\\nChange Reason: An application or system component changed the time.\\nProcess: \u0027\\Device\\HarddiskVolume2\\Windows\\System32\\svchost.exe\u0027 (PID 17492).\\n\\nRTC time:  2025 - 04 - 18T12:19:06.064046000Z\\nCurrent time zone bias: 360\\nRTC time is in UTC: false\\nSystem time was based on RTC time: false","MachineName":"DESKTOP-OIQSE1G","UserId":{"BinaryLength":12,"AccountDomainSid":null,"Value":"S-1-5-19"},"TaskDisplayName":null,"ProcessId":17492,"ThreadId":16096},{"TimeCreated":"2025-04-18 12:19:06","LogName":"System","Level":"Information","EventID":24,"ProviderName":"Microsoft-Windows-Kernel-General","Message":"The time zone information was refreshed with exit reason 0. Current time zone bias is 360.","MachineName":"DESKTOP-OIQSE1G","UserId":{"BinaryLength":12,"AccountDomainSid":null,"Value":"S-1-5-19"},"TaskDisplayName":null,"ProcessId":17492,"ThreadId":16096},{"TimeCreated":"2025-04-18 12:19:01","LogName":"System","Level":"Information","EventID":566,"ProviderName":"Microsoft-Windows-Kernel-Power","Message":"The system session has transitioned from 154 to 156.\\n\\nReason SxTransition \\n\\nBootId: 31","MachineName":"DESKTOP-OIQSE1G","UserId":{"BinaryLength":12,"AccountDomainSid":null,"Value":"S-1-5-18"},"TaskDisplayName":null,"ProcessId":4,"ThreadId":44300},{"TimeCreated":"2025-04-18 12:00:01","LogName":"System","Level":"Information","EventID":6013,"ProviderName":"EventLog","Message":"The system uptime is 649762 seconds.","MachineName":"DESKTOP-OIQSE1G","UserId":null,"TaskDisplayName":"None","ProcessId":2308,"ThreadId":2508},{"TimeCreated":"2025-04-18 11:50:00","LogName":"System","Level":"Information","EventID":566,"ProviderName":"Microsoft-Windows-Kernel-Power","Message":"The system session has transitioned from 153 to 154.\\n\\nReason SessionUnlock \\n\\nBootId: 31","MachineName":"DESKTOP-OIQSE1G","UserId":{"BinaryLength":12,"AccountDomainSid":null,"Value":"S-1-5-18"},"TaskDisplayName":null,"ProcessId":4,"ThreadId":4764},{"TimeCreated":"2025-04-18 11:49:00","LogName":"System","Level":"Information","EventID":566,"ProviderName":"Microsoft-Windows-Kernel-Power","Message":"The system session has transitioned from 151 to 153.\\n\\nReason InputHid \\n\\nBootId: 31","MachineName":"DESKTOP-OIQSE1G","UserId":{"BinaryLength":12,"AccountDomainSid":null,"Value":"S-1-5-18"},"TaskDisplayName":null,"ProcessId":4,"ThreadId":51880},{"TimeCreated":"2025-04-18 11:45:13","LogName":"System","Level":"Information","EventID":566,"ProviderName":"Microsoft-Windows-Kernel-Power","Message":"The system session has transitioned from 150 to 151.\\n\\nReason SessionUnlock \\n\\nBootId: 31","MachineName":"DESKTOP-OIQSE1G","UserId":{"BinaryLength":12,"AccountDomainSid":null,"Value":"S-1-5-18"},"TaskDisplayName":null,"ProcessId":4,"ThreadId":44360},{"TimeCreated":"2025-04-18 11:44:13","LogName":"System","Level":"Information","EventID":566,"ProviderName":"Microsoft-Windows-Kernel-Power","Message":"The system session has transitioned from 148 to 150.\\n\\nReason InputHid \\n\\nBootId: 31","MachineName":"DESKTOP-OIQSE1G","UserId":{"BinaryLength":12,"AccountDomainSid":null,"Value":"S-1-5-18"},"TaskDisplayName":null,"ProcessId":4,"ThreadId":29536},{"TimeCreated":"2025-04-18 11:35:43","LogName":"System","Level":"Error","EventID":1796,"ProviderName":"Microsoft-Windows-TPM-WMI","Message":"The Secure Boot update failed to update a Secure Boot variable with error Secure Boot is not enabled on this machine.. For more information, please see https://go.microsoft.com/fwlink/?linkid=2169931","MachineName":"DESKTOP-OIQSE1G","UserId":{"BinaryLength":12,"AccountDomainSid":null,"Value":"S-1-5-18"},"TaskDisplayName":null,"ProcessId":60244,"ThreadId":50172},{"TimeCreated":"2025-04-18 11:35:04","LogName":"System","Level":"Information","EventID":566,"ProviderName":"Microsoft-Windows-Kernel-Power","Message":"The system session has transitioned from 147 to 148.\\n\\nReason SessionUnlock \\n\\nBootId: 31","MachineName":"DESKTOP-OIQSE1G","UserId":{"BinaryLength":12,"AccountDomainSid":null,"Value":"S-1-5-18"},"TaskDisplayName":null,"ProcessId":4,"ThreadId":52412},{"TimeCreated":"2025-04-18 10:09:34","LogName":"System","Level":"Information","EventID":16,"ProviderName":"Microsoft-Windows-Kernel-General","Message":"The access history in hive \\??\\C:\\ProgramData\\Packages\\Microsoft.WindowsTerminal_8wekyb3d8bbwe\\S-1-5-21-3773365355-1627060674-2487742414-1001\\SystemAppData\\Helium\\Cache\\4ad3a6b0cd38f093_COM15.dat was cleared updating 1 keys and creating 1 modified pages.","MachineName":"DESKTOP-OIQSE1G","UserId":{"BinaryLength":12,"AccountDomainSid":null,"Value":"S-1-5-18"},"TaskDisplayName":null,"ProcessId":1432,"ThreadId":25628},{"TimeCreated":"2025-04-18 10:09:34","LogName":"System","Level":"Information","EventID":16,"ProviderName":"Microsoft-Windows-Kernel-General","Message":"The access history in hive \\??\\C:\\Users\\mkroe\\AppData\\Local\\Packages\\Microsoft.WindowsTerminal_8wekyb3d8bbwe\\SystemAppData\\Helium\\UserClasses.dat was cleared updating 5 keys and creating 1 modified pages.","MachineName":"DESKTOP-OIQSE1G","UserId":{"BinaryLength":12,"AccountDomainSid":null,"Value":"S-1-5-18"},"TaskDisplayName":null,"ProcessId":1432,"ThreadId":25628},{"TimeCreated":"2025-04-18 10:09:34","LogName":"System","Level":"Information","EventID":16,"ProviderName":"Microsoft-Windows-Kernel-General","Message":"The access history in hive \\??\\C:\\Users\\mkroe\\AppData\\Local\\Packages\\Microsoft.WindowsTerminal_8wekyb3d8bbwe\\SystemAppData\\Helium\\User.dat was cleared updating 13 keys and creating 4 modified pages.","MachineName":"DESKTOP-OIQSE1G","UserId":{"BinaryLength":12,"AccountDomainSid":null,"Value":"S-1-5-18"},"TaskDisplayName":null,"ProcessId":1432,"ThreadId":25628},{"TimeCreated":"2025-04-18 08:58:20","LogName":"System","Level":"Warning","EventID":1014,"ProviderName":"Microsoft-Windows-DNS-Client","Message":"Name resolution for the name t-ring-fallbacks2.msedge.net timed out after none of the configured DNS servers responded. Client PID 16380.","MachineName":"DESKTOP-OIQSE1G","UserId":{"BinaryLength":12,"AccountDomainSid":null,"Value":"S-1-5-20"},"TaskDisplayName":null,"ProcessId":2496,"ThreadId":41880},{"TimeCreated":"2025-04-18 08:48:59","LogName":"System","Level":"Information","EventID":19,"ProviderName":"Microsoft-Windows-WindowsUpdateClient","Message":"Installation Successful: Windows successfully installed the following update: Security Intelligence Update for Microsoft Defender Antivirus - KB2267602 (Version 1.427.321.0) - Current Channel (Broad)","MachineName":"DESKTOP-OIQSE1G","UserId":{"BinaryLength":12,"AccountDomainSid":null,"Value":"S-1-5-18"},"TaskDisplayName":"Windows Update Agent","ProcessId":31196,"ThreadId":35156},{"TimeCreated":"2025-04-18 08:48:53","LogName":"System","Level":"Information","EventID":43,"ProviderName":"Microsoft-Windows-WindowsUpdateClient","Message":"Installation Started: Windows has started installing the following update: Security Intelligence Update for Microsoft Defender Antivirus - KB2267602 (Version 1.427.321.0) - Current Channel (Broad)","MachineName":"DESKTOP-OIQSE1G","UserId":{"BinaryLength":12,"AccountDomainSid":null,"Value":"S-1-5-18"},"TaskDisplayName":"Windows Update Agent","ProcessId":31196,"ThreadId":35156},{"TimeCreated":"2025-04-18 08:48:53","LogName":"System","Level":"Information","EventID":44,"ProviderName":"Microsoft-Windows-WindowsUpdateClient","Message":"Windows Update started downloading an update.","MachineName":"DESKTOP-OIQSE1G","UserId":{"BinaryLength":12,"AccountDomainSid":null,"Value":"S-1-5-18"},"TaskDisplayName":"Windows Update Agent","ProcessId":31196,"ThreadId":35156},{"TimeCreated":"2025-04-18 08:48:52","LogName":"System","Level":"Information","EventID":16,"ProviderName":"Microsoft-Windows-Kernel-General","Message":"The access history in hive \\??\\C:\\WINDOWS\\ServiceProfiles\\NetworkService\\AppData\\Local\\Microsoft\\Windows\\DeliveryOptimization\\State\\dosvcState.dat was cleared updating 4 keys and creating 1 modified pages.","MachineName":"DESKTOP-OIQSE1G","UserId":{"BinaryLength":12,"AccountDomainSid":null,"Value":"S-1-5-18"},"TaskDisplayName":null,"ProcessId":59524,"ThreadId":39752},{"TimeCreated":"2025-04-18 08:11:24","LogName":"System","Level":"Warning","EventID":10016,"ProviderName":"Microsoft-Windows-DistributedCOM","Message":"The application-specific permission settings do not grant Local Activation permission for the COM Server application with CLSID \\n{2593F8B9-4EAF-457C-B68A-50F6B8EA6B54}\\n and APPID \\n{15C20B67-12E7-4BB6-92BB-7AFF07997402}\\n to the user DESKTOP-OIQSE1G\\mkroe SID (S-1-5-21-3773365355-1627060674-2487742414-1001) from address LocalHost (Using LRPC) running in the application container Unavailable SID (Unavailable). This security permission can be modified using the Component Services administrative tool.","MachineName":"DESKTOP-OIQSE1G","UserId":{"BinaryLength":28,"AccountDomainSid":{"BinaryLength":24,"AccountDomainSid":{"BinaryLength":24,"AccountDomainSid":{"BinaryLength":24,"AccountDomainSid":{"BinaryLength":24,"AccountDomainSid":{"BinaryLength":24,"AccountDomainSid":{"BinaryLength":24,"AccountDomainSid":"S-1-5-21-3773365355-1627060674-2487742414","Value":"S-1-5-21-3773365355-1627060674-2487742414"},"Value":"S-1-5-21-3773365355-1627060674-2487742414"},"Value":"S-1-5-21-3773365355-1627060674-2487742414"},"Value":"S-1-5-21-3773365355-1627060674-2487742414"},"Value":"S-1-5-21-3773365355-1627060674-2487742414"},"Value":"S-1-5-21-3773365355-1627060674-2487742414"},"Value":"S-1-5-21-3773365355-1627060674-2487742414-1001"},"TaskDisplayName":null,"ProcessId":1564,"ThreadId":43900},{"TimeCreated":"2025-04-18 07:13:05","LogName":"System","Level":"Information","EventID":16,"ProviderName":"Microsoft-Windows-Kernel-General","Message":"The access history in hive \\??\\C:\\ProgramData\\Packages\\Microsoft.SkypeApp_kzf8qxf38zg5c\\S-1-5-21-3773365355-1627060674-2487742414-1001\\SystemAppData\\Helium\\Cache\\65050473cf5538bc_COM15.dat was cleared updating 1 keys and creating 1 modified pages.","MachineName":"DESKTOP-OIQSE1G","UserId":{"BinaryLength":12,"AccountDomainSid":null,"Value":"S-1-5-18"},"TaskDisplayName":null,"ProcessId":1432,"ThreadId":11480},{"TimeCreated":"2025-04-18 07:13:05","LogName":"System","Level":"Information","EventID":16,"ProviderName":"Microsoft-Windows-Kernel-General","Message":"The access history in hive \\??\\C:\\Users\\mkroe\\AppData\\Local\\Packages\\Microsoft.SkypeApp_kzf8qxf38zg5c\\SystemAppData\\Helium\\UserClasses.dat was cleared updating 1 keys and creating 1 modified pages.","MachineName":"DESKTOP-OIQSE1G","UserId":{"BinaryLength":12,"AccountDomainSid":null,"Value":"S-1-5-18"},"TaskDisplayName":null,"ProcessId":1432,"ThreadId":11480},{"TimeCreated":"2025-04-18 07:13:05","LogName":"System","Level":"Information","EventID":16,"ProviderName":"Microsoft-Windows-Kernel-General","Message":"The access history in hive \\??\\C:\\Users\\mkroe\\AppData\\Local\\Packages\\Microsoft.SkypeApp_kzf8qxf38zg5c\\SystemAppData\\Helium\\User.dat was cleared updating 5 keys and creating 1 modified pages.","MachineName":"DESKTOP-OIQSE1G","UserId":{"BinaryLength":12,"AccountDomainSid":null,"Value":"S-1-5-18"},"TaskDisplayName":null,"ProcessId":1432,"ThreadId":11480},{"TimeCreated":"2025-04-18 06:59:57","LogName":"System","Level":"Information","EventID":16,"ProviderName":"Microsoft-Windows-Kernel-General","Message":"The access history in hive \\??\\C:\\ProgramData\\Packages\\Microsoft.PowerShell_8wekyb3d8bbwe\\S-1-5-21-3773365355-1627060674-2487742414-1001\\SystemAppData\\Helium\\Cache\\b89dc00a79a18a07_COM15.dat was cleared updating 1 keys and creating 1 modified pages.","MachineName":"DESKTOP-OIQSE1G","UserId":{"BinaryLength":12,"AccountDomainSid":null,"Value":"S-1-5-18"},"TaskDisplayName":null,"ProcessId":3452,"ThreadId":32096},{"TimeCreated":"2025-04-18 06:23:56","LogName":"System","Level":"Information","EventID":566,"ProviderName":"Microsoft-Windows-Kernel-Power","Message":"The system session has transitioned from 145 to 147.\\n\\nReason InputHid \\n\\nBootId: 31","MachineName":"DESKTOP-OIQSE1G","UserId":{"BinaryLength":12,"AccountDomainSid":null,"Value":"S-1-5-18"},"TaskDisplayName":null,"ProcessId":4,"ThreadId":18964},{"TimeCreated":"2025-04-18 06:22:42","LogName":"System","Level":"Information","EventID":16,"ProviderName":"Microsoft-Windows-Kernel-General","Message":"The access history in hive \\??\\C:\\Users\\mkroe\\AppData\\Local\\Packages\\Microsoft.YourPhone_8wekyb3d8bbwe\\SystemAppData\\Helium\\User.dat was cleared updating 27 keys and creating 6 modified pages.","MachineName":"DESKTOP-OIQSE1G","UserId":{"BinaryLength":12,"AccountDomainSid":null,"Value":"S-1-5-18"},"TaskDisplayName":null,"ProcessId":3452,"ThreadId":41084},{"TimeCreated":"2025-04-18 06:22:42","LogName":"System","Level":"Information","EventID":19,"ProviderName":"Microsoft-Windows-WindowsUpdateClient","Message":"Installation Successful: Windows successfully installed the following update: 9NMPJ99VJBWV-Microsoft.YourPhone","MachineName":"DESKTOP-OIQSE1G","UserId":{"BinaryLength":12,"AccountDomainSid":null,"Value":"S-1-5-18"},"TaskDisplayName":"Windows Update Agent","ProcessId":58004,"ThreadId":58936},{"TimeCreated":"2025-04-18 06:22:41","LogName":"System","Level":"Information","EventID":16,"ProviderName":"Microsoft-Windows-Kernel-General","Message":"The access history in hive \\??\\C:\\Users\\mkroe\\AppData\\Local\\Packages\\Microsoft.YourPhone_8wekyb3d8bbwe\\Settings\\settings.dat was cleared updating 101 keys and creating 19 modified pages.","MachineName":"DESKTOP-OIQSE1G","UserId":{"BinaryLength":28,"AccountDomainSid":{"BinaryLength":24,"AccountDomainSid":{"BinaryLength":24,"AccountDomainSid":{"BinaryLength":24,"AccountDomainSid":{"BinaryLength":24,"AccountDomainSid":{"BinaryLength":24,"AccountDomainSid":{"BinaryLength":24,"AccountDomainSid":"S-1-5-21-3773365355-1627060674-2487742414","Value":"S-1-5-21-3773365355-1627060674-2487742414"},"Value":"S-1-5-21-3773365355-1627060674-2487742414"},"Value":"S-1-5-21-3773365355-1627060674-2487742414"},"Value":"S-1-5-21-3773365355-1627060674-2487742414"},"Value":"S-1-5-21-3773365355-1627060674-2487742414"},"Value":"S-1-5-21-3773365355-1627060674-2487742414"},"Value":"S-1-5-21-3773365355-1627060674-2487742414-1001"},"TaskDisplayName":null,"ProcessId":59952,"ThreadId":51676},{"TimeCreated":"2025-04-18 06:22:40","LogName":"System","Level":"Information","EventID":43,"ProviderName":"Microsoft-Windows-WindowsUpdateClient","Message":"Installation Started: Windows has started installing the following update: 9NMPJ99VJBWV-Microsoft.YourPhone","MachineName":"DESKTOP-OIQSE1G","UserId":{"BinaryLength":12,"AccountDomainSid":null,"Value":"S-1-5-18"},"TaskDisplayName":"Windows Update Agent","ProcessId":58004,"ThreadId":58936},{"TimeCreated":"2025-04-18 06:22:40","LogName":"System","Level":"Information","EventID":44,"ProviderName":"Microsoft-Windows-WindowsUpdateClient","Message":"Windows Update started downloading an update.","MachineName":"DESKTOP-OIQSE1G","UserId":{"BinaryLength":12,"AccountDomainSid":null,"Value":"S-1-5-18"},"TaskDisplayName":"Windows Update Agent","ProcessId":58004,"ThreadId":25452},{"TimeCreated":"2025-04-18 06:22:39","LogName":"System","Level":"Information","EventID":16,"ProviderName":"Microsoft-Windows-Kernel-General","Message":"The access history in hive \\??\\C:\\ProgramData\\Microsoft\\Windows\\AppRepository\\Packages\\Microsoft.YourPhone_1.25032.76.0_x64__8wekyb3d8bbwe\\ActivationStore.dat was cleared updating 0 keys and creating 0 modified pages.","MachineName":"DESKTOP-OIQSE1G","UserId":{"BinaryLength":12,"AccountDomainSid":null,"Value":"S-1-5-18"},"TaskDisplayName":null,"ProcessId":59952,"ThreadId":51676},{"TimeCreated":"2025-04-18 06:22:36","LogName":"System","Level":"Information","EventID":44,"ProviderName":"Microsoft-Windows-WindowsUpdateClient","Message":"Windows Update started downloading an update.","MachineName":"DESKTOP-OIQSE1G","UserId":{"BinaryLength":12,"AccountDomainSid":null,"Value":"S-1-5-18"},"TaskDisplayName":"Windows Update Agent","ProcessId":58004,"ThreadId":25452},{"TimeCreated":"2025-04-18 06:21:43","LogName":"System","Level":"Information","EventID":566,"ProviderName":"Microsoft-Windows-Kernel-Power","Message":"The system session has transitioned from 144 to 145.\\n\\nReason SessionUnlock \\n\\nBootId: 31","MachineName":"DESKTOP-OIQSE1G","UserId":{"BinaryLength":12,"AccountDomainSid":null,"Value":"S-1-5-18"},"TaskDisplayName":null,"ProcessId":4,"ThreadId":45832},{"TimeCreated":"2025-04-18 06:20:51","LogName":"System","Level":"Information","EventID":37,"ProviderName":"Microsoft-Windows-Time-Service","Message":"The time provider NtpClient is currently receiving valid time data from time.windows.com,0x9 (ntp.m|0x9|0.0.0.0:123-\u003e168.61.215.74:123).","MachineName":"DESKTOP-OIQSE1G","UserId":{"BinaryLength":12,"AccountDomainSid":null,"Value":"S-1-5-19"},"TaskDisplayName":null,"ProcessId":17492,"ThreadId":53768},{"TimeCreated":"2025-04-18 06:20:17","LogName":"System","Level":"Warning","EventID":1014,"ProviderName":"Microsoft-Windows-DNS-Client","Message":"Name resolution for the name test.steampowered.com timed out after none of the configured DNS servers responded. Client PID 1720.","MachineName":"DESKTOP-OIQSE1G","UserId":{"BinaryLength":12,"AccountDomainSid":null,"Value":"S-1-5-20"},"TaskDisplayName":null,"ProcessId":2496,"ThreadId":56152},{"TimeCreated":"2025-04-18 06:20:15","LogName":"System","Level":"Information","EventID":32,"ProviderName":"e1rexpress","Message":"Intel(R) I211 Gigabit Network Connection\\n Network link has been established at 1Gbps full duplex.\\n","MachineName":"DESKTOP-OIQSE1G","UserId":null,"TaskDisplayName":"None","ProcessId":4,"ThreadId":43212},{"TimeCreated":"2025-04-18 06:20:11","LogName":"System","Level":"Information","EventID":1,"ProviderName":"Microsoft-Windows-Power-Troubleshooter","Message":"The system has returned from a low power state.\\n\\nSleep Time:  2025 - 04 - 18T03:35:45.478752000Z\\nWake Time:  2025 - 04 - 18T12:20:10.599272800Z\\n\\nWake Source: Unknown","MachineName":"DESKTOP-OIQSE1G","UserId":{"BinaryLength":12,"AccountDomainSid":null,"Value":"S-1-5-19"},"TaskDisplayName":null,"ProcessId":4444,"ThreadId":43608},{"TimeCreated":"2025-04-18 06:20:10","LogName":"System","Level":"Information","EventID":117,"ProviderName":"Microsoft-Windows-HttpService","Message":"Delete URL group 0xFE00000720000019. Status 0x0. Process Id 0x19AC Executable path \\Device\\HarddiskVolume2\\Windows\\System32\\svchost.exe, User S-1-5-19","MachineName":"DESKTOP-OIQSE1G","UserId":{"BinaryLength":12,"AccountDomainSid":null,"Value":"S-1-5-19"},"TaskDisplayName":"HTTP Configuration Property Trace Task","ProcessId":6572,"ThreadId":6816},{"TimeCreated":"2025-04-18 06:20:10","LogName":"System","Level":"Information","EventID":114,"ProviderName":"Microsoft-Windows-HttpService","Message":"Removed URL (http://*:5357/19669707-bcd3-4cf0-bbea-b420834c3fe4/) from URL group (0xFE00000720000019). Process Id 0x19AC Executable path \\Device\\HarddiskVolume2\\Windows\\System32\\svchost.exe, User S-1-5-19","MachineName":"DESKTOP-OIQSE1G","UserId":{"BinaryLength":12,"AccountDomainSid":null,"Value":"S-1-5-19"},"TaskDisplayName":"HTTP Configuration Property Trace Task","ProcessId":6572,"ThreadId":6816},{"TimeCreated":"2025-04-18 06:20:10","LogName":"System","Level":"Information","EventID":566,"ProviderName":"Microsoft-Windows-Kernel-Power","Message":"The system session has transitioned from 142 to 144.\\n\\nReason InputAccelerometer \\n\\nBootId: 31","MachineName":"DESKTOP-OIQSE1G","UserId":{"BinaryLength":12,"AccountDomainSid":null,"Value":"S-1-5-18"},"TaskDisplayName":null,"ProcessId":4,"ThreadId":38656},{"TimeCreated":"2025-04-18 06:20:10","LogName":"System","Level":"Information","EventID":113,"ProviderName":"Microsoft-Windows-HttpService","Message":"Attempted to add URL (http://*:5357/19669707-bcd3-4cf0-bbea-b420834c3fe4/) to URL group (0xFE00000720000019). Status: 0x0. Process Id 0x19AC Executable path \\Device\\HarddiskVolume2\\Windows\\System32\\svchost.exe, User S-1-5-19","MachineName":"DESKTOP-OIQSE1G","UserId":{"BinaryLength":12,"AccountDomainSid":null,"Value":"S-1-5-19"},"TaskDisplayName":"HTTP Configuration Property Trace Task","ProcessId":6572,"ThreadId":6816},{"TimeCreated":"2025-04-18 06:20:10","LogName":"System","Level":"Information","EventID":111,"ProviderName":"Microsoft-Windows-HttpService","Message":"Create URL group 0xFE00000720000019. Status 0x0. Process Id 0x19AC Executable path \\Device\\HarddiskVolume2\\Windows\\System32\\svchost.exe, User S-1-5-19","MachineName":"DESKTOP-OIQSE1G","UserId":{"BinaryLength":12,"AccountDomainSid":null,"Value":"S-1-5-19"},"TaskDisplayName":"HTTP Configuration Property Trace Task","ProcessId":6572,"ThreadId":6816},{"TimeCreated":"2025-04-18 06:20:10","LogName":"System","Level":"Information","EventID":117,"ProviderName":"Microsoft-Windows-HttpService","Message":"Delete URL group 0xFE00000020000007. Status 0x0. Process Id 0x19AC Executable path \\Device\\HarddiskVolume2\\Windows\\System32\\svchost.exe, User S-1-5-19","MachineName":"DESKTOP-OIQSE1G","UserId":{"BinaryLength":12,"AccountDomainSid":null,"Value":"S-1-5-19"},"TaskDisplayName":"HTTP Configuration Property Trace Task","ProcessId":6572,"ThreadId":6816},{"TimeCreated":"2025-04-18 06:20:10","LogName":"System","Level":"Information","EventID":114,"ProviderName":"Microsoft-Windows-HttpService","Message":"Removed URL (http://*:5357/19669707-bcd3-4cf0-bbea-b420834c3fe4/) from URL group (0xFE00000020000007). Process Id 0x19AC Executable path \\Device\\HarddiskVolume2\\Windows\\System32\\svchost.exe, User S-1-5-19","MachineName":"DESKTOP-OIQSE1G","UserId":{"BinaryLength":12,"AccountDomainSid":null,"Value":"S-1-5-19"},"TaskDisplayName":"HTTP Configuration Property Trace Task","ProcessId":6572,"ThreadId":6816},{"TimeCreated":"2025-04-18 06:20:10","LogName":"System","Level":"Information","EventID":113,"ProviderName":"Microsoft-Windows-HttpService","Message":"Attempted to add URL (http://*:5357/19669707-bcd3-4cf0-bbea-b420834c3fe4/) to URL group (0xFE00000020000007). Status: 0x0. Process Id 0x19AC Executable path \\Device\\HarddiskVolume2\\Windows\\System32\\svchost.exe, User S-1-5-19","MachineName":"DESKTOP-OIQSE1G","UserId":{"BinaryLength":12,"AccountDomainSid":null,"Value":"S-1-5-19"},"TaskDisplayName":"HTTP Configuration Property Trace Task","ProcessId":6572,"ThreadId":6816},{"TimeCreated":"2025-04-18 06:20:10","LogName":"System","Level":"Information","EventID":111,"ProviderName":"Microsoft-Windows-HttpService","Message":"Create URL group 0xFE00000020000007. Status 0x0. Process Id 0x19AC Executable path \\Device\\HarddiskVolume2\\Windows\\System32\\svchost.exe, User S-1-5-19","MachineName":"DESKTOP-OIQSE1G","UserId":{"BinaryLength":12,"AccountDomainSid":null,"Value":"S-1-5-19"},"TaskDisplayName":"HTTP Configuration Property Trace Task","ProcessId":6572,"ThreadId":6816},{"TimeCreated":"2025-04-18 06:20:10","LogName":"System","Level":"Information","EventID":117,"ProviderName":"Microsoft-Windows-HttpService","Message":"Delete URL group 0xFE00000720000018. Status 0x0. Process Id 0x19AC Executable path \\Device\\HarddiskVolume2\\Windows\\System32\\svchost.exe, User S-1-5-19","MachineName":"DESKTOP-OIQSE1G","UserId":{"BinaryLength":12,"AccountDomainSid":null,"Value":"S-1-5-19"},"TaskDisplayName":"HTTP Configuration Property Trace Task","ProcessId":6572,"ThreadId":6816},{"TimeCreated":"2025-04-18 06:20:10","LogName":"System","Level":"Information","EventID":114,"ProviderName":"Microsoft-Windows-HttpService","Message":"Removed URL (http://*:5357/19669707-bcd3-4cf0-bbea-b420834c3fe4/) from URL group (0xFE00000720000018). Process Id 0x19AC Executable path \\Device\\HarddiskVolume2\\Windows\\System32\\svchost.exe, User S-1-5-19","MachineName":"DESKTOP-OIQSE1G","UserId":{"BinaryLength":12,"AccountDomainSid":null,"Value":"S-1-5-19"},"TaskDisplayName":"HTTP Configuration Property Trace Task","ProcessId":6572,"ThreadId":6816},{"TimeCreated":"2025-04-18 06:20:10","LogName":"System","Level":"Information","EventID":113,"ProviderName":"Microsoft-Windows-HttpService","Message":"Attempted to add URL (http://*:5357/19669707-bcd3-4cf0-bbea-b420834c3fe4/) to URL group (0xFE00000720000018). Status: 0x0. Process Id 0x19AC Executable path \\Device\\HarddiskVolume2\\Windows\\System32\\svchost.exe, User S-1-5-19","MachineName":"DESKTOP-OIQSE1G","UserId":{"BinaryLength":12,"AccountDomainSid":null,"Value":"S-1-5-19"},"TaskDisplayName":"HTTP Configuration Property Trace Task","ProcessId":6572,"ThreadId":6816},{"TimeCreated":"2025-04-18 06:20:10","LogName":"System","Level":"Information","EventID":111,"ProviderName":"Microsoft-Windows-HttpService","Message":"Create URL group 0xFE00000720000018. Status 0x0. Process Id 0x19AC Executable path \\Device\\HarddiskVolume2\\Windows\\System32\\svchost.exe, User S-1-5-19","MachineName":"DESKTOP-OIQSE1G","UserId":{"BinaryLength":12,"AccountDomainSid":null,"Value":"S-1-5-19"},"TaskDisplayName":"HTTP Configuration Property Trace Task","ProcessId":6572,"ThreadId":6816},{"TimeCreated":"2025-04-18 06:20:10","LogName":"System","Level":"Information","EventID":117,"ProviderName":"Microsoft-Windows-HttpService","Message":"Delete URL group 0xFE00000520000017. Status 0x0. Process Id 0x19AC Executable path \\Device\\HarddiskVolume2\\Windows\\System32\\svchost.exe, User S-1-5-19","MachineName":"DESKTOP-OIQSE1G","UserId":{"BinaryLength":12,"AccountDomainSid":null,"Value":"S-1-5-19"},"TaskDisplayName":"HTTP Configuration Property Trace Task","ProcessId":6572,"ThreadId":6816},{"TimeCreated":"2025-04-18 06:20:10","LogName":"System","Level":"Information","EventID":114,"ProviderName":"Microsoft-Windows-HttpService","Message":"Removed URL (http://*:5357/19669707-bcd3-4cf0-bbea-b420834c3fe4/) from URL group (0xFE00000520000017). Process Id 0x19AC Executable path \\Device\\HarddiskVolume2\\Windows\\System32\\svchost.exe, User S-1-5-19","MachineName":"DESKTOP-OIQSE1G","UserId":{"BinaryLength":12,"AccountDomainSid":null,"Value":"S-1-5-19"},"TaskDisplayName":"HTTP Configuration Property Trace Task","ProcessId":6572,"ThreadId":6816},{"TimeCreated":"2025-04-18 06:20:10","LogName":"System","Level":"Information","EventID":113,"ProviderName":"Microsoft-Windows-HttpService","Message":"Attempted to add URL (http://*:5357/19669707-bcd3-4cf0-bbea-b420834c3fe4/) to URL group (0xFE00000520000017). Status: 0x0. Process Id 0x19AC Executable path \\Device\\HarddiskVolume2\\Windows\\System32\\svchost.exe, User S-1-5-19","MachineName":"DESKTOP-OIQSE1G","UserId":{"BinaryLength":12,"AccountDomainSid":null,"Value":"S-1-5-19"},"TaskDisplayName":"HTTP Configuration Property Trace Task","ProcessId":6572,"ThreadId":6816},{"TimeCreated":"2025-04-18 06:20:10","LogName":"System","Level":"Information","EventID":111,"ProviderName":"Microsoft-Windows-HttpService","Message":"Create URL group 0xFE00000520000017. Status 0x0. Process Id 0x19AC Executable path \\Device\\HarddiskVolume2\\Windows\\System32\\svchost.exe, User S-1-5-19","MachineName":"DESKTOP-OIQSE1G","UserId":{"BinaryLength":12,"AccountDomainSid":null,"Value":"S-1-5-19"},"TaskDisplayName":"HTTP Configuration Property Trace Task","ProcessId":6572,"ThreadId":6816},{"TimeCreated":"2025-04-18 06:20:10","LogName":"System","Level":"Information","EventID":117,"ProviderName":"Microsoft-Windows-HttpService","Message":"Delete URL group 0xFE00000420000007. Status 0x0. Process Id 0x19AC Executable path \\Device\\HarddiskVolume2\\Windows\\System32\\svchost.exe, User S-1-5-19","MachineName":"DESKTOP-OIQSE1G","UserId":{"BinaryLength":12,"AccountDomainSid":null,"Value":"S-1-5-19"},"TaskDisplayName":"HTTP Configuration Property Trace Task","ProcessId":6572,"ThreadId":6816},{"TimeCreated":"2025-04-18 06:20:10","LogName":"System","Level":"Information","EventID":114,"ProviderName":"Microsoft-Windows-HttpService","Message":"Removed URL (http://*:5357/19669707-bcd3-4cf0-bbea-b420834c3fe4/) from URL group (0xFE00000420000007). Process Id 0x19AC Executable path \\Device\\HarddiskVolume2\\Windows\\System32\\svchost.exe, User S-1-5-19","MachineName":"DESKTOP-OIQSE1G","UserId":{"BinaryLength":12,"AccountDomainSid":null,"Value":"S-1-5-19"},"TaskDisplayName":"HTTP Configuration Property Trace Task","ProcessId":6572,"ThreadId":6816},{"TimeCreated":"2025-04-18 06:20:10","LogName":"System","Level":"Information","EventID":113,"ProviderName":"Microsoft-Windows-HttpService","Message":"Attempted to add URL (http://*:5357/19669707-bcd3-4cf0-bbea-b420834c3fe4/) to URL group (0xFE00000420000007). Status: 0x0. Process Id 0x19AC Executable path \\Device\\HarddiskVolume2\\Windows\\System32\\svchost.exe, User S-1-5-19","MachineName":"DESKTOP-OIQSE1G","UserId":{"BinaryLength":12,"AccountDomainSid":null,"Value":"S-1-5-19"},"TaskDisplayName":"HTTP Configuration Property Trace Task","ProcessId":6572,"ThreadId":6816},{"TimeCreated":"2025-04-18 06:20:10","LogName":"System","Level":"Information","EventID":111,"ProviderName":"Microsoft-Windows-HttpService","Message":"Create URL group 0xFE00000420000007. Status 0x0. Process Id 0x19AC Executable path \\Device\\HarddiskVolume2\\Windows\\System32\\svchost.exe, User S-1-5-19","MachineName":"DESKTOP-OIQSE1G","UserId":{"BinaryLength":12,"AccountDomainSid":null,"Value":"S-1-5-19"},"TaskDisplayName":"HTTP Configuration Property Trace Task","ProcessId":6572,"ThreadId":6816},{"TimeCreated":"2025-04-18 06:20:10","LogName":"System","Level":"Warning","EventID":134,"ProviderName":"Microsoft-Windows-Time-Service","Message":"NtpClient was unable to set a manual peer to use as a time source because of DNS resolution error on \u0027time.windows.com,0x9\u0027. NtpClient will try again in 15 minutes and double the reattempt interval thereafter. The error was: No such host is known. (0x80072AF9)","MachineName":"DESKTOP-OIQSE1G","UserId":{"BinaryLength":12,"AccountDomainSid":null,"Value":"S-1-5-19"},"TaskDisplayName":null,"ProcessId":17492,"ThreadId":53768},{"TimeCreated":"2025-04-18 06:20:10","LogName":"System","Level":"Information","EventID":566,"ProviderName":"Microsoft-Windows-Kernel-Power","Message":"The system session has transitioned from 141 to 142.\\n\\nReason SxTransition \\n\\nBootId: 31","MachineName":"DESKTOP-OIQSE1G","UserId":null,"TaskDisplayName":null,"ProcessId":4,"ThreadId":12896},{"TimeCreated":"2025-04-18 06:20:10","LogName":"System","Level":"Error","EventID":1796,"ProviderName":"Microsoft-Windows-TPM-WMI","Message":"The Secure Boot update failed to update a Secure Boot variable with error Secure Boot is not enabled on this machine.. For more information, please see https://go.microsoft.com/fwlink/?linkid=2169931","MachineName":"DESKTOP-OIQSE1G","UserId":{"BinaryLength":12,"AccountDomainSid":null,"Value":"S-1-5-18"},"TaskDisplayName":null,"ProcessId":15944,"ThreadId":10344},{"TimeCreated":"2025-04-18 06:20:10","LogName":"System","Level":"Information","EventID":18,"ProviderName":"BTHUSB","Message":"Windows cannot store Bluetooth authentication codes (link keys) on the local adapter. Bluetooth keyboards might not work in the system BIOS during startup.","MachineName":"DESKTOP-OIQSE1G","UserId":null,"TaskDisplayName":"None","ProcessId":4,"ThreadId":1764},{"TimeCreated":"2025-04-18 06:20:09","LogName":"System","Level":"Information","EventID":130,"ProviderName":"Microsoft-Windows-Kernel-Power","Message":"Firmware S3 times. SuspendStart: 114716530, SuspendEnd: 114716530","MachineName":"DESKTOP-OIQSE1G","UserId":null,"TaskDisplayName":null,"ProcessId":4,"ThreadId":36604},{"TimeCreated":"2025-04-18 06:20:09","LogName":"System","Level":"Information","EventID":131,"ProviderName":"Microsoft-Windows-Kernel-Power","Message":"Firmware S3 times. ResumeCount: 18, FullResume: 1268, AverageResume: 1269","MachineName":"DESKTOP-OIQSE1G","UserId":null,"TaskDisplayName":null,"ProcessId":4,"ThreadId":36604},