{"TimeCreated":"2025-04-19 10:35:05","LogName":"System","Level":"Information","EventID":7040,"ProviderName":"Service Control Manager","Message":"The start type of the Background Intelligent Transfer Service service was changed from demand start to auto start.","MachineName":"DESKTOP-OIQSE1G","UserId":{"BinaryLength":12,"AccountDomainSid":null,"Value":"S-1-5-18"},"TaskDisplayName":null,"ProcessId":1212,"ThreadId":1988},{"TimeCreated":"2025-04-19 10:34:44","LogName":"System","Level":"Information","EventID":33,"ProviderName":"Volsnap","Message":"The oldest shadow copy of volume C: was deleted to keep disk space usage for shadow copies of volume C: below the user defined limit.","MachineName":"DESKTOP-OIQSE1G","UserId":null,"TaskDisplayName":null,"ProcessId":4,"ThreadId":17772},{"TimeCreated":"2025-04-19 09:49:13","LogName":"System","Level":"Information","EventID":113,"ProviderName":"Microsoft-Windows-HttpService","Message":"Attempted to add URL (http://*:5357/438aec57-bf5b-4e36-87b9-cd7395a096ac/) to URL group (0xFE00000120000001). Status: 0x0. Process Id 0x109C Executable path \\Device\\HarddiskVolume2\\Windows\\System32\\spoolsv.exe, User S-1-5-18","MachineName":"DESKTOP-OIQSE1G","UserId":{"BinaryLength":12,"AccountDomainSid":null,"Value":"S-1-5-18"},"TaskDisplayName":"HTTP Configuration Property Trace Task","ProcessId":4252,"ThreadId":32536},{"TimeCreated":"2025-04-19 09:49:13","LogName":"System","Level":"Information","EventID":111,"ProviderName":"Microsoft-Windows-HttpService","Message":"Create URL group 0xFE00000120000001. Status 0x0. Process Id 0x109C Executable path \\Device\\HarddiskVolume2\\Windows\\System32\\spoolsv.exe, User S-1-5-18","MachineName":"DESKTOP-OIQSE1G","UserId":{"BinaryLength":12,"AccountDomainSid":null,"Value":"S-1-5-18"},"TaskDisplayName":"HTTP Configuration Property Trace Task","ProcessId":4252,"ThreadId":32536},{"TimeCreated":"2025-04-19 09:49:13","LogName":"System","Level":"Information","EventID":114,"ProviderName":"Microsoft-Windows-HttpService","Message":"Removed URL (http://*:5357/438aec57-bf5b-4e36-87b9-cd7395a096ac/) from URL group (0xFE00000020000001). Process Id 0x109C Executable path \\Device\\HarddiskVolume2\\Windows\\System32\\spoolsv.exe, User S-1-5-18","MachineName":"DESKTOP-OIQSE1G","UserId":{"BinaryLength":12,"AccountDomainSid":null,"Value":"S-1-5-18"},"TaskDisplayName":"HTTP Configuration Property Trace Task","ProcessId":4252,"ThreadId":24112},{"TimeCreated":"2025-04-19 09:36:02","LogName":"System","Level":"Information","EventID":7040,"ProviderName":"Service Control Manager","Message":"The start type of the Background Intelligent Transfer Service service was changed from auto start to demand start.","MachineName":"DESKTOP-OIQSE1G","UserId":{"BinaryLength":12,"AccountDomainSid":null,"Value":"S-1-5-18"},"TaskDisplayName":null,"ProcessId":1212,"ThreadId":30080},{"TimeCreated":"2025-04-19 09:30:28","LogName":"System","Level":"Information","EventID":7040,"ProviderName":"Service Control Manager","Message":"The start type of the Background Intelligent Transfer Service service was changed from demand start to auto start.","MachineName":"DESKTOP-OIQSE1G","UserId":{"BinaryLength":12,"AccountDomainSid":null,"Value":"S-1-5-18"},"TaskDisplayName":null,"ProcessId":1212,"ThreadId":18972},{"TimeCreated":"2025-04-19 09:29:48","LogName":"System","Level":"Information","EventID":17,"ProviderName":"TPM","Message":"The Trusted Platform Module (TPM) hardware failed to execute a TPM command.","MachineName":"DESKTOP-OIQSE1G","UserId":{"BinaryLength":12,"AccountDomainSid":null,"Value":"S-1-5-18"},"TaskDisplayName":null,"ProcessId":4,"ThreadId":412},{"TimeCreated":"2025-04-19 09:29:48","LogName":"System","Level":"Information","EventID":17,"ProviderName":"TPM","Message":"The Trusted Platform Module (TPM) hardware failed to execute a TPM command.","MachineName":"DESKTOP-OIQSE1G","UserId":{"BinaryLength":12,"AccountDomainSid":null,"Value":"S-1-5-18"},"TaskDisplayName":null,"ProcessId":4,"ThreadId":412},{"TimeCreated":"2025-04-19 09:29:48","LogName":"System","Level":"Information","EventID":17,"ProviderName":"TPM","Message":"The Trusted Platform Module (TPM) hardware failed to execute a TPM command.","MachineName":"DESKTOP-OIQSE1G","UserId":{"BinaryLength":12,"AccountDomainSid":null,"Value":"S-1-5-18"},"TaskDisplayName":null,"ProcessId":4,"ThreadId":412},{"TimeCreated":"2025-04-19 09:29:29","LogName":"System","Level":"Information","EventID":17,"ProviderName":"TPM","Message":"The Trusted Platform Module (TPM) hardware failed to execute a TPM command.","MachineName":"DESKTOP-OIQSE1G","UserId":{"BinaryLength":12,"AccountDomainSid":null,"Value":"S-1-5-18"},"TaskDisplayName":null,"ProcessId":4,"ThreadId":412},{"TimeCreated":"2025-04-19 09:28:48","LogName":"System","Level":"Information","EventID":35,"ProviderName":"Microsoft-Windows-Time-Service","Message":"The time service is now synchronizing the system time with the time source time.windows.com,0x9 (ntp.m|0x9|0.0.0.0:123-\u003e168.61.215.74:123) with reference id 1255620008. Current local stratum number is 4.","MachineName":"DESKTOP-OIQSE1G","UserId":{"BinaryLength":12,"AccountDomainSid":null,"Value":"S-1-5-19"},"TaskDisplayName":null,"ProcessId":17108,"ThreadId":22524},{"TimeCreated":"2025-04-19 09:28:32","LogName":"System","Level":"Information","EventID":37,"ProviderName":"Microsoft-Windows-Time-Service","Message":"The time provider NtpClient is currently receiving valid time data from time.windows.com,0x9 (ntp.m|0x9|0.0.0.0:123-\u003e168.61.215.74:123).","MachineName":"DESKTOP-OIQSE1G","UserId":{"BinaryLength":12,"AccountDomainSid":null,"Value":"S-1-5-19"},"TaskDisplayName":null,"ProcessId":17108,"ThreadId":21348},{"TimeCreated":"2025-04-19 09:28:05","LogName":"System","Level":"Information","EventID":19,"ProviderName":"Microsoft-Windows-WindowsUpdateClient","Message":"Installation Successful: Windows successfully installed the following update: 9NBLGGH10PG8-MICROSOFT.PEOPLE","MachineName":"DESKTOP-OIQSE1G","UserId":{"BinaryLength":12,"AccountDomainSid":null,"Value":"S-1-5-18"},"TaskDisplayName":"Windows Update Agent","ProcessId":30248,"ThreadId":33660},{"TimeCreated":"2025-04-19 09:28:04","LogName":"System","Level":"Information","EventID":19,"ProviderName":"Microsoft-Windows-WindowsUpdateClient","Message":"Installation Successful: Windows successfully installed the following update: 9NBLGGH537C2-Microsoft.XboxGameOverlay","MachineName":"DESKTOP-OIQSE1G","UserId":{"BinaryLength":12,"AccountDomainSid":null,"Value":"S-1-5-18"},"TaskDisplayName":"Windows Update Agent","ProcessId":30248,"ThreadId":9632},{"TimeCreated":"2025-04-19 09:27:59","LogName":"System","Level":"Warning","EventID":1014,"ProviderName":"Microsoft-Windows-DNS-Client","Message":"Name resolution for the name test.steampowered.com timed out after none of the configured DNS servers responded. Client PID 19904.","MachineName":"DESKTOP-OIQSE1G","UserId":{"BinaryLength":12,"AccountDomainSid":null,"Value":"S-1-5-20"},"TaskDisplayName":null,"ProcessId":2752,"ThreadId":27396},{"TimeCreated":"2025-04-19 09:27:56","LogName":"System","Level":"Error","EventID":1796,"ProviderName":"Microsoft-Windows-TPM-WMI","Message":"The Secure Boot update failed to update a Secure Boot variable with error Secure Boot is not enabled on this machine.. For more information, please see https://go.microsoft.com/fwlink/?linkid=2169931","MachineName":"DESKTOP-OIQSE1G","UserId":{"BinaryLength":12,"AccountDomainSid":null,"Value":"S-1-5-18"},"TaskDisplayName":null,"ProcessId":30180,"ThreadId":27916},{"TimeCreated":"2025-04-19 09:27:55","LogName":"System","Level":"Information","EventID":32,"ProviderName":"e1rexpress","Message":"Intel(R) I211 Gigabit Network Connection\\n Network link has been established at 1Gbps full duplex.\\n","MachineName":"DESKTOP-OIQSE1G","UserId":null,"TaskDisplayName":"None","ProcessId":4,"ThreadId":11360},{"TimeCreated":"2025-04-19 09:27:51","LogName":"System","Level":"Information","EventID":1,"ProviderName":"Microsoft-Windows-Power-Troubleshooter","Message":"The system has returned from a low power state.\\n\\nSleep Time:  2025 - 04 - 19T03:48:45.523741200Z\\nWake Time:  2025 - 04 - 19T15:27:50.512055200Z\\n\\nWake Source: Unknown","MachineName":"DESKTOP-OIQSE1G","UserId":{"BinaryLength":12,"AccountDomainSid":null,"Value":"S-1-5-19"},"TaskDisplayName":null,"ProcessId":4700,"ThreadId":7140},{"TimeCreated":"2025-04-19 09:27:50","LogName":"System","Level":"Information","EventID":44,"ProviderName":"Microsoft-Windows-WindowsUpdateClient","Message":"Windows Update started downloading an update.","MachineName":"DESKTOP-OIQSE1G","UserId":{"BinaryLength":12,"AccountDomainSid":null,"Value":"S-1-5-18"},"TaskDisplayName":"Windows Update Agent","ProcessId":30248,"ThreadId":18996},{"TimeCreated":"2025-04-19 09:27:50","LogName":"System","Level":"Information","EventID":44,"ProviderName":"Microsoft-Windows-WindowsUpdateClient","Message":"Windows Update started downloading an update.","MachineName":"DESKTOP-OIQSE1G","UserId":{"BinaryLength":12,"AccountDomainSid":null,"Value":"S-1-5-18"},"TaskDisplayName":"Windows Update Agent","ProcessId":30248,"ThreadId":18996},{"TimeCreated":"2025-04-19 09:27:50","LogName":"System","Level":"Information","EventID":566,"ProviderName":"Microsoft-Windows-Kernel-Power","Message":"The system session has transitioned from 2 to 4.\\n\\nReason InputHid \\n\\nBootId: 32","MachineName":"DESKTOP-OIQSE1G","UserId":{"BinaryLength":12,"AccountDomainSid":null,"Value":"S-1-5-18"},"TaskDisplayName":null,"ProcessId":4,"ThreadId":12620},{"TimeCreated":"2025-04-19 09:27:50","LogName":"System","Level":"Information","EventID":117,"ProviderName":"Microsoft-Windows-HttpService","Message":"Delete URL group 0xFA00000420000003. Status 0x0. Process Id 0x1754 Executable path \\Device\\HarddiskVolume2\\Windows\\System32\\svchost.exe, User S-1-5-19","MachineName":"DESKTOP-OIQSE1G","UserId":{"BinaryLength":12,"AccountDomainSid":null,"Value":"S-1-5-19"},"TaskDisplayName":"HTTP Configuration Property Trace Task","ProcessId":5972,"ThreadId":6732},{"TimeCreated":"2025-04-19 09:27:50","LogName":"System","Level":"Information","EventID":114,"ProviderName":"Microsoft-Windows-HttpService","Message":"Removed URL (http://*:5357/7a3d37e4-2c59-4e91-a467-8272b2fdd479/) from URL group (0xFA00000420000003). Process Id 0x1754 Executable path \\Device\\HarddiskVolume2\\Windows\\System32\\svchost.exe, User S-1-5-19","MachineName":"DESKTOP-OIQSE1G","UserId":{"BinaryLength":12,"AccountDomainSid":null,"Value":"S-1-5-19"},"TaskDisplayName":"HTTP Configuration Property Trace Task","ProcessId":5972,"ThreadId":6732},{"TimeCreated":"2025-04-19 09:27:50","LogName":"System","Level":"Information","EventID":113,"ProviderName":"Microsoft-Windows-HttpService","Message":"Attempted to add URL (http://*:5357/7a3d37e4-2c59-4e91-a467-8272b2fdd479/) to URL group (0xFA00000420000003). Status: 0x0. Process Id 0x1754 Executable path \\Device\\HarddiskVolume2\\Windows\\System32\\svchost.exe, User S-1-5-19","MachineName":"DESKTOP-OIQSE1G","UserId":{"BinaryLength":12,"AccountDomainSid":null,"Value":"S-1-5-19"},"TaskDisplayName":"HTTP Configuration Property Trace Task","ProcessId":5972,"ThreadId":6732},{"TimeCreated":"2025-04-19 09:27:50","LogName":"System","Level":"Information","EventID":111,"ProviderName":"Microsoft-Windows-HttpService","Message":"Create URL group 0xFA00000420000003. Status 0x0. Process Id 0x1754 Executable path \\Device\\HarddiskVolume2\\Windows\\System32\\svchost.exe, User S-1-5-19","MachineName":"DESKTOP-OIQSE1G","UserId":{"BinaryLength":12,"AccountDomainSid":null,"Value":"S-1-5-19"},"TaskDisplayName":"HTTP Configuration Property Trace Task","ProcessId":5972,"ThreadId":6732},{"TimeCreated":"2025-04-19 09:27:50","LogName":"System","Level":"Information","EventID":117,"ProviderName":"Microsoft-Windows-HttpService","Message":"Delete URL group 0xFE00000520000003. Status 0x0. Process Id 0x1754 Executable path \\Device\\HarddiskVolume2\\Windows\\System32\\svchost.exe, User S-1-5-19","MachineName":"DESKTOP-OIQSE1G","UserId":{"BinaryLength":12,"AccountDomainSid":null,"Value":"S-1-5-19"},"TaskDisplayName":"HTTP Configuration Property Trace Task","ProcessId":5972,"ThreadId":6732},{"TimeCreated":"2025-04-19 09:27:50","LogName":"System","Level":"Information","EventID":114,"ProviderName":"Microsoft-Windows-HttpService","Message":"Removed URL (http://*:5357/7a3d37e4-2c59-4e91-a467-8272b2fdd479/) from URL group (0xFE00000520000003). Process Id 0x1754 Executable path \\Device\\HarddiskVolume2\\Windows\\System32\\svchost.exe, User S-1-5-19","MachineName":"DESKTOP-OIQSE1G","UserId":{"BinaryLength":12,"AccountDomainSid":null,"Value":"S-1-5-19"},"TaskDisplayName":"HTTP Configuration Property Trace Task","ProcessId":5972,"ThreadId":6732},{"TimeCreated":"2025-04-19 09:27:50","LogName":"System","Level":"Information","EventID":113,"ProviderName":"Microsoft-Windows-HttpService","Message":"Attempted to add URL (http://*:5357/7a3d37e4-2c59-4e91-a467-8272b2fdd479/) to URL group (0xFE00000520000003). Status: 0x0. Process Id 0x1754 Executable path \\Device\\HarddiskVolume2\\Windows\\System32\\svchost.exe, User S-1-5-19","MachineName":"DESKTOP-OIQSE1G","UserId":{"BinaryLength":12,"AccountDomainSid":null,"Value":"S-1-5-19"},"TaskDisplayName":"HTTP Configuration Property Trace Task","ProcessId":5972,"ThreadId":6732},{"TimeCreated":"2025-04-19 09:27:50","LogName":"System","Level":"Information","EventID":111,"ProviderName":"Microsoft-Windows-HttpService","Message":"Create URL group 0xFE00000520000003. Status 0x0. Process Id 0x1754 Executable path \\Device\\HarddiskVolume2\\Windows\\System32\\svchost.exe, User S-1-5-19","MachineName":"DESKTOP-OIQSE1G","UserId":{"BinaryLength":12,"AccountDomainSid":null,"Value":"S-1-5-19"},"TaskDisplayName":"HTTP Configuration Property Trace Task","ProcessId":5972,"ThreadId":6732},{"TimeCreated":"2025-04-19 09:27:50","LogName":"System","Level":"Information","EventID":117,"ProviderName":"Microsoft-Windows-HttpService","Message":"Delete URL group 0xFA00000420000002. Status 0x0. Process Id 0x1754 Executable path \\Device\\HarddiskVolume2\\Windows\\System32\\svchost.exe, User S-1-5-19","MachineName":"DESKTOP-OIQSE1G","UserId":{"BinaryLength":12,"AccountDomainSid":null,"Value":"S-1-5-19"},"TaskDisplayName":"HTTP Configuration Property Trace Task","ProcessId":5972,"ThreadId":6732},{"TimeCreated":"2025-04-19 09:27:50","LogName":"System","Level":"Information","EventID":114,"ProviderName":"Microsoft-Windows-HttpService","Message":"Removed URL (http://*:5357/7a3d37e4-2c59-4e91-a467-8272b2fdd479/) from URL group (0xFA00000420000002). Process Id 0x1754 Executable path \\Device\\HarddiskVolume2\\Windows\\System32\\svchost.exe, User S-1-5-19","MachineName":"DESKTOP-OIQSE1G","UserId":{"BinaryLength":12,"AccountDomainSid":null,"Value":"S-1-5-19"},"TaskDisplayName":"HTTP Configuration Property Trace Task","ProcessId":5972,"ThreadId":6732},{"TimeCreated":"2025-04-19 09:27:50","LogName":"System","Level":"Information","EventID":113,"ProviderName":"Microsoft-Windows-HttpService","Message":"Attempted to add URL (http://*:5357/7a3d37e4-2c59-4e91-a467-8272b2fdd479/) to URL group (0xFA00000420000002). Status: 0x0. Process Id 0x1754 Executable path \\Device\\HarddiskVolume2\\Windows\\System32\\svchost.exe, User S-1-5-19","MachineName":"DESKTOP-OIQSE1G","UserId":{"BinaryLength":12,"AccountDomainSid":null,"Value":"S-1-5-19"},"TaskDisplayName":"HTTP Configuration Property Trace Task","ProcessId":5972,"ThreadId":6732},{"TimeCreated":"2025-04-19 09:27:50","LogName":"System","Level":"Information","EventID":111,"ProviderName":"Microsoft-Windows-HttpService","Message":"Create URL group 0xFA00000420000002. Status 0x0. Process Id 0x1754 Executable path \\Device\\HarddiskVolume2\\Windows\\System32\\svchost.exe, User S-1-5-19","MachineName":"DESKTOP-OIQSE1G","UserId":{"BinaryLength":12,"AccountDomainSid":null,"Value":"S-1-5-19"},"TaskDisplayName":"HTTP Configuration Property Trace Task","ProcessId":5972,"ThreadId":6732},{"TimeCreated":"2025-04-19 09:27:50","LogName":"System","Level":"Information","EventID":117,"ProviderName":"Microsoft-Windows-HttpService","Message":"Delete URL group 0xFA00000420000001. Status 0x0. Process Id 0x1754 Executable path \\Device\\HarddiskVolume2\\Windows\\System32\\svchost.exe, User S-1-5-19","MachineName":"DESKTOP-OIQSE1G","UserId":{"BinaryLength":12,"AccountDomainSid":null,"Value":"S-1-5-19"},"TaskDisplayName":"HTTP Configuration Property Trace Task","ProcessId":5972,"ThreadId":6732},{"TimeCreated":"2025-04-19 09:27:50","LogName":"System","Level":"Information","EventID":114,"ProviderName":"Microsoft-Windows-HttpService","Message":"Removed URL (http://*:5357/7a3d37e4-2c59-4e91-a467-8272b2fdd479/) from URL group (0xFA00000420000001). Process Id 0x1754 Executable path \\Device\\HarddiskVolume2\\Windows\\System32\\svchost.exe, User S-1-5-19","MachineName":"DESKTOP-OIQSE1G","UserId":{"BinaryLength":12,"AccountDomainSid":null,"Value":"S-1-5-19"},"TaskDisplayName":"HTTP Configuration Property Trace Task","ProcessId":5972,"ThreadId":6732},{"TimeCreated":"2025-04-19 09:27:50","LogName":"System","Level":"Information","EventID":113,"ProviderName":"Microsoft-Windows-HttpService","Message":"Attempted to add URL (http://*:5357/7a3d37e4-2c59-4e91-a467-8272b2fdd479/) to URL group (0xFA00000420000001). Status: 0x0. Process Id 0x1754 Executable path \\Device\\HarddiskVolume2\\Windows\\System32\\svchost.exe, User S-1-5-19","MachineName":"DESKTOP-OIQSE1G","UserId":{"BinaryLength":12,"AccountDomainSid":null,"Value":"S-1-5-19"},"TaskDisplayName":"HTTP Configuration Property Trace Task","ProcessId":5972,"ThreadId":6732},{"TimeCreated":"2025-04-19 09:27:50","LogName":"System","Level":"Information","EventID":111,"ProviderName":"Microsoft-Windows-HttpService","Message":"Create URL group 0xFA00000420000001. Status 0x0. Process Id 0x1754 Executable path \\Device\\HarddiskVolume2\\Windows\\System32\\svchost.exe, User S-1-5-19","MachineName":"DESKTOP-OIQSE1G","UserId":{"BinaryLength":12,"AccountDomainSid":null,"Value":"S-1-5-19"},"TaskDisplayName":"HTTP Configuration Property Trace Task","ProcessId":5972,"ThreadId":6732},{"TimeCreated":"2025-04-19 09:27:50","LogName":"System","Level":"Information","EventID":117,"ProviderName":"Microsoft-Windows-HttpService","Message":"Delete URL group 0xFE00000520000002. Status 0x0. Process Id 0x1754 Executable path \\Device\\HarddiskVolume2\\Windows\\System32\\svchost.exe, User S-1-5-19","MachineName":"DESKTOP-OIQSE1G","UserId":{"BinaryLength":12,"AccountDomainSid":null,"Value":"S-1-5-19"},"TaskDisplayName":"HTTP Configuration Property Trace Task","ProcessId":5972,"ThreadId":6732},{"TimeCreated":"2025-04-19 09:27:50","LogName":"System","Level":"Information","EventID":114,"ProviderName":"Microsoft-Windows-HttpService","Message":"Removed URL (http://*:5357/7a3d37e4-2c59-4e91-a467-8272b2fdd479/) from URL group (0xFE00000520000002). Process Id 0x1754 Executable path \\Device\\HarddiskVolume2\\Windows\\System32\\svchost.exe, User S-1-5-19","MachineName":"DESKTOP-OIQSE1G","UserId":{"BinaryLength":12,"AccountDomainSid":null,"Value":"S-1-5-19"},"TaskDisplayName":"HTTP Configuration Property Trace Task","ProcessId":5972,"ThreadId":6732},{"TimeCreated":"2025-04-19 09:27:50","LogName":"System","Level":"Information","EventID":113,"ProviderName":"Microsoft-Windows-HttpService","Message":"Attempted to add URL (http://*:5357/7a3d37e4-2c59-4e91-a467-8272b2fdd479/) to URL group (0xFE00000520000002). Status: 0x0. Process Id 0x1754 Executable path \\Device\\HarddiskVolume2\\Windows\\System32\\svchost.exe, User S-1-5-19","MachineName":"DESKTOP-OIQSE1G","UserId":{"BinaryLength":12,"AccountDomainSid":null,"Value":"S-1-5-19"},"TaskDisplayName":"HTTP Configuration Property Trace Task","ProcessId":5972,"ThreadId":6732},{"TimeCreated":"2025-04-19 09:27:50","LogName":"System","Level":"Information","EventID":111,"ProviderName":"Microsoft-Windows-HttpService","Message":"Create URL group 0xFE00000520000002. Status 0x0. Process Id 0x1754 Executable path \\Device\\HarddiskVolume2\\Windows\\System32\\svchost.exe, User S-1-5-19","MachineName":"DESKTOP-OIQSE1G","UserId":{"BinaryLength":12,"AccountDomainSid":null,"Value":"S-1-5-19"},"TaskDisplayName":"HTTP Configuration Property Trace Task","ProcessId":5972,"ThreadId":6732},{"TimeCreated":"2025-04-19 09:27:50","LogName":"System","Level":"Information","EventID":117,"ProviderName":"Microsoft-Windows-HttpService","Message":"Delete URL group 0xFE00000820000001. Status 0x0. Process Id 0x1754 Executable path \\Device\\HarddiskVolume2\\Windows\\System32\\svchost.exe, User S-1-5-19","MachineName":"DESKTOP-OIQSE1G","UserId":{"BinaryLength":12,"AccountDomainSid":null,"Value":"S-1-5-19"},"TaskDisplayName":"HTTP Configuration Property Trace Task","ProcessId":5972,"ThreadId":6732},{"TimeCreated":"2025-04-19 09:27:50","LogName":"System","Level":"Information","EventID":114,"ProviderName":"Microsoft-Windows-HttpService","Message":"Removed URL (http://*:5357/7a3d37e4-2c59-4e91-a467-8272b2fdd479/) from URL group (0xFE00000820000001). Process Id 0x1754 Executable path \\Device\\HarddiskVolume2\\Windows\\System32\\svchost.exe, User S-1-5-19","MachineName":"DESKTOP-OIQSE1G","UserId":{"BinaryLength":12,"AccountDomainSid":null,"Value":"S-1-5-19"},"TaskDisplayName":"HTTP Configuration Property Trace Task","ProcessId":5972,"ThreadId":6732},{"TimeCreated":"2025-04-19 09:27:50","LogName":"System","Level":"Warning","EventID":134,"ProviderName":"Microsoft-Windows-Time-Service","Message":"NtpClient was unable to set a manual peer to use as a time source because of DNS resolution error on \u0027time.windows.com,0x9\u0027. NtpClient will try again in 15 minutes and double the reattempt interval thereafter. The error was: No such host is known. (0x80072AF9)","MachineName":"DESKTOP-OIQSE1G","UserId":{"BinaryLength":12,"AccountDomainSid":null,"Value":"S-1-5-19"},"TaskDisplayName":null,"ProcessId":17108,"ThreadId":22524},{"TimeCreated":"2025-04-19 09:27:50","LogName":"System","Level":"Information","EventID":566,"ProviderName":"Microsoft-Windows-Kernel-Power","Message":"The system session has transitioned from 1 to 2.\\n\\nReason SxTransition \\n\\nBootId: 32","MachineName":"DESKTOP-OIQSE1G","UserId":null,"TaskDisplayName":null,"ProcessId":4,"ThreadId":15764},{"TimeCreated":"2025-04-19 09:27:50","LogName":"System","Level":"Information","EventID":18,"ProviderName":"BTHUSB","Message":"Windows cannot store Bluetooth authentication codes (link keys) on the local adapter. Bluetooth keyboards might not work in the system BIOS during startup.","MachineName":"DESKTOP-OIQSE1G","UserId":null,"TaskDisplayName":"None","ProcessId":4,"ThreadId":25540},{"TimeCreated":"2025-04-19 09:27:49","LogName":"System","Level":"Information","EventID":130,"ProviderName":"Microsoft-Windows-Kernel-Power","Message":"Firmware S3 times. SuspendStart: 5945954, SuspendEnd: 5945954","MachineName":"DESKTOP-OIQSE1G","UserId":null,"TaskDisplayName":null,"ProcessId":4,"ThreadId":11360},{"TimeCreated":"2025-04-19 09:27:49","LogName":"System","Level":"Information","EventID":131,"ProviderName":"Microsoft-Windows-Kernel-Power","Message":"Firmware S3 times. ResumeCount: 1, FullResume: 1268, AverageResume: 1268","MachineName":"DESKTOP-OIQSE1G","UserId":null,"TaskDisplayName":null,"ProcessId":4,"ThreadId":11360},{"TimeCreated":"2025-04-19 09:27:49","LogName":"System","Level":"Information","EventID":1,"ProviderName":"Microsoft-Windows-Kernel-General","Message":"The system time has changed to  2025 - 04 - 19T15:27:49.500000000Z from  2025 - 04 - 19T03:48:51.613812800Z.\\nTime Delta: 41937886 ms\\n\\nChange Reason: System time synchronized with the hardware clock.\\nProcess: \u0027\u0027 (PID 4).\\n\\nRTC time:  2025 - 04 - 19T09:27:49.500000000Z\\nCurrent time zone bias: 360\\nRTC time is in UTC: false\\nSystem time was based on RTC time: false","MachineName":"DESKTOP-OIQSE1G","UserId":null,"TaskDisplayName":null,"ProcessId":4,"ThreadId":11360},{"TimeCreated":"2025-04-18 21:48:51","LogName":"System","Level":"Information","EventID":107,"ProviderName":"Microsoft-Windows-Kernel-Power","Message":"The system has resumed from sleep.","MachineName":"DESKTOP-OIQSE1G","UserId":null,"TaskDisplayName":null,"ProcessId":4,"ThreadId":11360},{"TimeCreated":"2025-04-18 21:48:49","LogName":"System","Level":"Information","EventID":42,"ProviderName":"Microsoft-Windows-Kernel-Power","Message":"The system is entering sleep.\\n\\nSleep Reason: Application API","MachineName":"DESKTOP-OIQSE1G","UserId":null,"TaskDisplayName":null,"ProcessId":4,"ThreadId":11360},{"TimeCreated":"2025-04-18 21:48:45","LogName":"System","Level":"Information","EventID":566,"ProviderName":"Microsoft-Windows-Kernel-Power","Message":"The system session has transitioned from 0 to 1.\\n\\nReason ScreenOffGracePeriod \\n\\nBootId: 32","MachineName":"DESKTOP-OIQSE1G","UserId":{"BinaryLength":12,"AccountDomainSid":null,"Value":"S-1-5-18"},"TaskDisplayName":null,"ProcessId":4,"ThreadId":10080},{"TimeCreated":"2025-04-18 21:48:45","LogName":"System","Level":"Information","EventID":187,"ProviderName":"Microsoft-Windows-Kernel-Power","Message":"User-mode process attempted to change the system state by calling SetSuspendState or SetSystemPowerState APIs.","MachineName":"DESKTOP-OIQSE1G","UserId":{"BinaryLength":12,"AccountDomainSid":null,"Value":"S-1-5-18"},"TaskDisplayName":null,"ProcessId":1296,"ThreadId":28592},{"TimeCreated":"2025-04-18 21:20:37","LogName":"System","Level":"Information","EventID":158,"ProviderName":"Microsoft-Windows-Time-Service","Message":"The time provider \u0027VMICTimeProvider\u0027 has indicated that the current hardware and operating environment is not supported and has stopped. This behavior is expected for VMICTimeProvider on non-HyperV-guest environments. This may be the expected behavior for the current provider in the current operating environment as well.","MachineName":"DESKTOP-OIQSE1G","UserId":{"BinaryLength":12,"AccountDomainSid":null,"Value":"S-1-5-19"},"TaskDisplayName":null,"ProcessId":17108,"ThreadId":22524},{"TimeCreated":"2025-04-18 21:03:33","LogName":"System","Level":"Information","EventID":158,"ProviderName":"Microsoft-Windows-Time-Service","Message":"The time provider \u0027VMICTimeProvider\u0027 has indicated that the current hardware and operating environment is not supported and has stopped. This behavior is expected for VMICTimeProvider on non-HyperV-guest environments. This may be the expected behavior for the current provider in the current operating environment as well.","MachineName":"DESKTOP-OIQSE1G","UserId":{"BinaryLength":12,"AccountDomainSid":null,"Value":"S-1-5-19"},"TaskDisplayName":null,"ProcessId":17108,"ThreadId":22524},{"TimeCreated":"2025-04-18 20:46:29","LogName":"System","Level":"Information","EventID":158,"ProviderName":"Microsoft-Windows-Time-Service","Message":"The time provider \u0027VMICTimeProvider\u0027 has indicated that the current hardware and operating environment is not supported and has stopped. This behavior is expected for VMICTimeProvider on non-HyperV-guest environments. This may be the expected behavior for the current provider in the current operating environment as well.","MachineName":"DESKTOP-OIQSE1G","UserId":{"BinaryLength":12,"AccountDomainSid":null,"Value":"S-1-5-19"},"TaskDisplayName":null,"ProcessId":17108,"ThreadId":22524},{"TimeCreated":"2025-04-18 20:45:13","LogName":"System","Level":"Information","EventID":16,"ProviderName":"Microsoft-Windows-Kernel-General","Message":"The access history in hive \\??\\C:\\ProgramData\\Microsoft\\Provisioning\\Microsoft-Desktop-Provisioning-Sequence.dat was cleared updating 0 keys and creating 0 modified pages.","MachineName":"DESKTOP-OIQSE1G","UserId":{"BinaryLength":12,"AccountDomainSid":null,"Value":"S-1-5-18"},"TaskDisplayName":null,"ProcessId":18956,"ThreadId":19072},{"TimeCreated":"2025-04-18 20:31:25","LogName":"System","Level":"Information","EventID":7040,"ProviderName":"Service Control Manager","Message":"The start type of the Background Intelligent Transfer Service service was changed from auto start to demand start.","MachineName":"DESKTOP-OIQSE1G","UserId":{"BinaryLength":12,"AccountDomainSid":null,"Value":"S-1-5-18"},"TaskDisplayName":null,"ProcessId":1212,"ThreadId":5076},{"TimeCreated":"2025-04-18 20:29:25","LogName":"System","Level":"Information","EventID":158,"ProviderName":"Microsoft-Windows-Time-Service","Message":"The time provider \u0027VMICTimeProvider\u0027 has indicated that the current hardware and operating environment is not supported and has stopped. This behavior is expected for VMICTimeProvider on non-HyperV-guest environments. This may be the expected behavior for the current provider in the current operating environment as well.","MachineName":"DESKTOP-OIQSE1G","UserId":{"BinaryLength":12,"AccountDomainSid":null,"Value":"S-1-5-19"},"TaskDisplayName":null,"ProcessId":17108,"ThreadId":22524},{"TimeCreated":"2025-04-18 20:29:04","LogName":"System","Level":"Information","EventID":7040,"ProviderName":"Service Control Manager","Message":"The start type of the Background Intelligent Transfer Service service was changed from demand start to auto start.","MachineName":"DESKTOP-OIQSE1G","UserId":{"BinaryLength":12,"AccountDomainSid":null,"Value":"S-1-5-18"},"TaskDisplayName":null,"ProcessId":1212,"ThreadId":21432},{"TimeCreated":"2025-04-18 20:28:08","LogName":"System","Level":"Warning","EventID":10016,"ProviderName":"Microsoft-Windows-DistributedCOM","Message":"The application-specific permission settings do not grant Local Activation permission for the COM Server application with CLSID \\n{2593F8B9-4EAF-457C-B68A-50F6B8EA6B54}\\n and APPID \\n{15C20B67-12E7-4BB6-92BB-7AFF07997402}\\n to the user DESKTOP-OIQSE1G\\mkroe SID (S-1-5-21-3773365355-1627060674-2487742414-1001) from address LocalHost (Using LRPC) running in the application container Unavailable SID (Unavailable). This security permission can be modified using the Component Services administrative tool.","MachineName":"DESKTOP-OIQSE1G","UserId":{"BinaryLength":28,"AccountDomainSid":{"BinaryLength":24,"AccountDomainSid":{"BinaryLength":24,"AccountDomainSid":{"BinaryLength":24,"AccountDomainSid":{"BinaryLength":24,"AccountDomainSid":{"BinaryLength":24,"AccountDomainSid":{"BinaryLength":24,"AccountDomainSid":"S-1-5-21-3773365355-1627060674-2487742414","Value":"S-1-5-21-3773365355-1627060674-2487742414"},"Value":"S-1-5-21-3773365355-1627060674-2487742414"},"Value":"S-1-5-21-3773365355-1627060674-2487742414"},"Value":"S-1-5-21-3773365355-1627060674-2487742414"},"Value":"S-1-5-21-3773365355-1627060674-2487742414"},"Value":"S-1-5-21-3773365355-1627060674-2487742414"},"Value":"S-1-5-21-3773365355-1627060674-2487742414-1001"},"TaskDisplayName":null,"ProcessId":1564,"ThreadId":1308},{"TimeCreated":"2025-04-18 20:28:07","LogName":"System","Level":"Information","EventID":17,"ProviderName":"TPM","Message":"The Trusted Platform Module (TPM) hardware failed to execute a TPM command.","MachineName":"DESKTOP-OIQSE1G","UserId":{"BinaryLength":12,"AccountDomainSid":null,"Value":"S-1-5-18"},"TaskDisplayName":null,"ProcessId":4,"ThreadId":412},{"TimeCreated":"2025-04-18 20:28:07","LogName":"System","Level":"Information","EventID":17,"ProviderName":"TPM","Message":"The Trusted Platform Module (TPM) hardware failed to execute a TPM command.","MachineName":"DESKTOP-OIQSE1G","UserId":{"BinaryLength":12,"AccountDomainSid":null,"Value":"S-1-5-18"},"TaskDisplayName":null,"ProcessId":4,"ThreadId":412},{"TimeCreated":"2025-04-18 20:28:06","LogName":"System","Level":"Information","EventID":17,"ProviderName":"TPM","Message":"The Trusted Platform Module (TPM) hardware failed to execute a TPM command.","MachineName":"DESKTOP-OIQSE1G","UserId":{"BinaryLength":12,"AccountDomainSid":null,"Value":"S-1-5-18"},"TaskDisplayName":null,"ProcessId":4,"ThreadId":412},{"TimeCreated":"2025-04-18 20:26:35","LogName":"System","Level":"Information","EventID":17,"ProviderName":"TPM","Message":"The Trusted Platform Module (TPM) hardware failed to execute a TPM command.","MachineName":"DESKTOP-OIQSE1G","UserId":{"BinaryLength":12,"AccountDomainSid":null,"Value":"S-1-5-18"},"TaskDisplayName":null,"ProcessId":4,"ThreadId":412},{"TimeCreated":"2025-04-18 20:26:35","LogName":"System","Level":"Information","EventID":17,"ProviderName":"TPM","Message":"The Trusted Platform Module (TPM) hardware failed to execute a TPM command.","MachineName":"DESKTOP-OIQSE1G","UserId":{"BinaryLength":12,"AccountDomainSid":null,"Value":"S-1-5-18"},"TaskDisplayName":null,"ProcessId":4,"ThreadId":412},{"TimeCreated":"2025-04-18 20:26:35","LogName":"System","Level":"Information","EventID":17,"ProviderName":"TPM","Message":"The Trusted Platform Module (TPM) hardware failed to execute a TPM command.","MachineName":"DESKTOP-OIQSE1G","UserId":{"BinaryLength":12,"AccountDomainSid":null,"Value":"S-1-5-18"},"TaskDisplayName":null,"ProcessId":4,"ThreadId":412},{"TimeCreated":"2025-04-18 20:26:35","LogName":"System","Level":"Warning","EventID":10016,"ProviderName":"Microsoft-Windows-DistributedCOM","Message":"The application-specific permission settings do not grant Local Activation permission for the COM Server application with CLSID \\n{2593F8B9-4EAF-457C-B68A-50F6B8EA6B54}\\n and APPID \\n{15C20B67-12E7-4BB6-92BB-7AFF07997402}\\n to the user DESKTOP-OIQSE1G\\mkroe SID (S-1-5-21-3773365355-1627060674-2487742414-1001) from address LocalHost (Using LRPC) running in the application container MicrosoftWindows.Client.WebExperience_525.5100.40.0_x64__cw5n1h2txyewy SID (Unavailable). This security permission can be modified using the Component Services administrative tool.","MachineName":"DESKTOP-OIQSE1G","UserId":{"BinaryLength":28,"AccountDomainSid":{"BinaryLength":24,"AccountDomainSid":{"BinaryLength":24,"AccountDomainSid":{"BinaryLength":24,"AccountDomainSid":{"BinaryLength":24,"AccountDomainSid":{"BinaryLength":24,"AccountDomainSid":{"BinaryLength":24,"AccountDomainSid":"S-1-5-21-3773365355-1627060674-2487742414","Value":"S-1-5-21-3773365355-1627060674-2487742414"},"Value":"S-1-5-21-3773365355-1627060674-2487742414"},"Value":"S-1-5-21-3773365355-1627060674-2487742414"},"Value":"S-1-5-21-3773365355-1627060674-2487742414"},"Value":"S-1-5-21-3773365355-1627060674-2487742414"},"Value":"S-1-5-21-3773365355-1627060674-2487742414"},"Value":"S-1-5-21-3773365355-1627060674-2487742414-1001"},"TaskDisplayName":null,"ProcessId":1564,"ThreadId":3924},{"TimeCreated":"2025-04-18 20:22:14","LogName":"System","Level":"Information","EventID":7040,"ProviderName":"Service Control Manager","Message":"The start type of the Background Intelligent Transfer Service service was changed from auto start to demand start.","MachineName":"DESKTOP-OIQSE1G","UserId":{"BinaryLength":12,"AccountDomainSid":null,"Value":"S-1-5-18"},"TaskDisplayName":null,"ProcessId":1212,"ThreadId":20336},{"TimeCreated":"2025-04-18 20:22:05","LogName":"System","Level":"Warning","EventID":10016,"ProviderName":"Microsoft-Windows-DistributedCOM","Message":"The application-specific permission settings do not grant Local Activation permission for the COM Server application with CLSID \\n{2593F8B9-4EAF-457C-B68A-50F6B8EA6B54}\\n and APPID \\n{15C20B67-12E7-4BB6-92BB-7AFF07997402}\\n to the user DESKTOP-OIQSE1G\\mkroe SID (S-1-5-21-3773365355-1627060674-2487742414-1001) from address LocalHost (Using LRPC) running in the application container Unavailable SID (Unavailable). This security permission can be modified using the Component Services administrative tool.","MachineName":"DESKTOP-OIQSE1G","UserId":{"BinaryLength":28,"AccountDomainSid":{"BinaryLength":24,"AccountDomainSid":{"BinaryLength":24,"AccountDomainSid":{"BinaryLength":24,"AccountDomainSid":{"BinaryLength":24,"AccountDomainSid":{"BinaryLength":24,"AccountDomainSid":{"BinaryLength":24,"AccountDomainSid":"S-1-5-21-3773365355-1627060674-2487742414","Value":"S-1-5-21-3773365355-1627060674-2487742414"},"Value":"S-1-5-21-3773365355-1627060674-2487742414"},"Value":"S-1-5-21-3773365355-1627060674-2487742414"},"Value":"S-1-5-21-3773365355-1627060674-2487742414"},"Value":"S-1-5-21-3773365355-1627060674-2487742414"},"Value":"S-1-5-21-3773365355-1627060674-2487742414"},"Value":"S-1-5-21-3773365355-1627060674-2487742414-1001"},"TaskDisplayName":null,"ProcessId":1564,"ThreadId":25984},{"TimeCreated":"2025-04-18 20:20:32","LogName":"System","Level":"Error","EventID":7009,"ProviderName":"Service Control Manager","Message":"A timeout was reached (30000 milliseconds) while waiting for the Intel(R) SUR QC Software Asset Manager service to connect.","MachineName":"DESKTOP-OIQSE1G","UserId":null,"TaskDisplayName":null,"ProcessId":1212,"ThreadId":16908},{"TimeCreated":"2025-04-18 20:20:27","LogName":"System","Level":"Information","EventID":19,"ProviderName":"Microsoft-Windows-WindowsUpdateClient","Message":"Installation Successful: Windows successfully installed the following update: Security Intelligence Update for Microsoft Defender Antivirus - KB2267602 (Version 1.427.330.0) - Current Channel (Broad)","MachineName":"DESKTOP-OIQSE1G","UserId":{"BinaryLength":12,"AccountDomainSid":null,"Value":"S-1-5-18"},"TaskDisplayName":"Windows Update Agent","ProcessId":11652,"ThreadId":29576},{"TimeCreated":"2025-04-18 20:20:21","LogName":"System","Level":"Information","EventID":43,"ProviderName":"Microsoft-Windows-WindowsUpdateClient","Message":"Installation Started: Windows has started installing the following update: Security Intelligence Update for Microsoft Defender Antivirus - KB2267602 (Version 1.427.330.0) - Current Channel (Broad)","MachineName":"DESKTOP-OIQSE1G","UserId":{"BinaryLength":12,"AccountDomainSid":null,"Value":"S-1-5-18"},"TaskDisplayName":"Windows Update Agent","ProcessId":11652,"ThreadId":29576},{"TimeCreated":"2025-04-18 20:20:21","LogName":"System","Level":"Information","EventID":44,"ProviderName":"Microsoft-Windows-WindowsUpdateClient","Message":"Windows Update started downloading an update.","MachineName":"DESKTOP-OIQSE1G","UserId":{"BinaryLength":12,"AccountDomainSid":null,"Value":"S-1-5-18"},"TaskDisplayName":"Windows Update Agent","ProcessId":11652,"ThreadId":29576},{"TimeCreated":"2025-04-18 20:15:01","LogName":"System","Level":"Error","EventID":1796,"ProviderName":"Microsoft-Windows-TPM-WMI","Message":"The Secure Boot update failed to update a Secure Boot variable with error Secure Boot is not enabled on this machine.. For more information, please see https://go.microsoft.com/fwlink/?linkid=2169931","MachineName":"DESKTOP-OIQSE1G","UserId":{"BinaryLength":12,"AccountDomainSid":null,"Value":"S-1-5-18"},"TaskDisplayName":null,"ProcessId":23124,"ThreadId":29552},{"TimeCreated":"2025-04-18 20:14:47","LogName":"System","Level":"Information","EventID":19,"ProviderName":"Microsoft-Windows-WindowsUpdateClient","Message":"Installation Successful: Windows successfully installed the following update: 9NZKPSTSNW4P-Microsoft.XboxGamingOverlay","MachineName":"DESKTOP-OIQSE1G","UserId":{"BinaryLength":12,"AccountDomainSid":null,"Value":"S-1-5-18"},"TaskDisplayName":"Windows Update Agent","ProcessId":11652,"ThreadId":6720},{"TimeCreated":"2025-04-18 20:14:45","LogName":"System","Level":"Information","EventID":98,"ProviderName":"Microsoft-Windows-Ntfs","Message":"Volume ?? (\\Device\\HarddiskVolumeShadowCopy4) is healthy.  No action is needed.","MachineName":"DESKTOP-OIQSE1G","UserId":{"BinaryLength":12,"AccountDomainSid":null,"Value":"S-1-5-18"},"TaskDisplayName":null,"ProcessId":4,"ThreadId":13796},{"TimeCreated":"2025-04-18 20:14:45","LogName":"System","Level":"Information","EventID":43,"ProviderName":"Microsoft-Windows-WindowsUpdateClient","Message":"Installation Started: Windows has started installing the following update: 9NZKPSTSNW4P-Microsoft.XboxGamingOverlay","MachineName":"DESKTOP-OIQSE1G","UserId":{"BinaryLength":12,"AccountDomainSid":null,"Value":"S-1-5-18"},"TaskDisplayName":"Windows Update Agent","ProcessId":11652,"ThreadId":6720},{"TimeCreated":"2025-04-18 20:14:29","LogName":"System","Level":"Information","EventID":16,"ProviderName":"Microsoft-Windows-Kernel-General","Message":"The access history in hive \\??\\C:\\ProgramData\\Microsoft\\Windows\\AppRepository\\Packages\\Microsoft.XboxGamingOverlay_7.225.4081.0_x64__8wekyb3d8bbwe\\ActivationStore.dat was cleared updating 0 keys and creating 0 modified pages.","MachineName":"DESKTOP-OIQSE1G","UserId":{"BinaryLength":12,"AccountDomainSid":null,"Value":"S-1-5-18"},"TaskDisplayName":null,"ProcessId":8328,"ThreadId":11544},{"TimeCreated":"2025-04-18 20:14:28","LogName":"System","Level":"Information","EventID":44,"ProviderName":"Microsoft-Windows-WindowsUpdateClient","Message":"Windows Update started downloading an update.","MachineName":"DESKTOP-OIQSE1G","UserId":{"BinaryLength":12,"AccountDomainSid":null,"Value":"S-1-5-18"},"TaskDisplayName":"Windows Update Agent","ProcessId":11652,"ThreadId":12980},{"TimeCreated":"2025-04-18 20:14:05","LogName":"System","Level":"Information","EventID":7040,"ProviderName":"Service Control Manager","Message":"The start type of the Background Intelligent Transfer Service service was changed from demand start to auto start.","MachineName":"DESKTOP-OIQSE1G","UserId":{"BinaryLength":12,"AccountDomainSid":null,"Value":"S-1-5-18"},"TaskDisplayName":null,"ProcessId":1212,"ThreadId":16908},{"TimeCreated":"2025-04-18 20:13:34","LogName":"System","Level":"Information","EventID":7040,"ProviderName":"Service Control Manager","Message":"The start type of the Background Intelligent Transfer Service service was changed from auto start to demand start.","MachineName":"DESKTOP-OIQSE1G","UserId":{"BinaryLength":12,"AccountDomainSid":null,"Value":"S-1-5-18"},"TaskDisplayName":null,"ProcessId":1212,"ThreadId":16908},{"TimeCreated":"2025-04-18 20:13:25","LogName":"System","Level":"Information","EventID":16,"ProviderName":"Microsoft-Windows-Kernel-General","Message":"The access history in hive \\??\\C:\\Users\\mkroe\\AppData\\Local\\Packages\\ReaderNotificationClient_e1rzdqpraam7r\\Settings\\settings.dat was cleared updating 2 keys and creating 0 modified pages.","MachineName":"DESKTOP-OIQSE1G","UserId":{"BinaryLength":12,"AccountDomainSid":null,"Value":"S-1-5-18"},"TaskDisplayName":null,"ProcessId":26888,"ThreadId":27608},{"TimeCreated":"2025-04-18 20:13:07","LogName":"System","Level":"Information","EventID":17,"ProviderName":"TPM","Message":"The Trusted Platform Module (TPM) hardware failed to execute a TPM command.","MachineName":"DESKTOP-OIQSE1G","UserId":{"BinaryLength":12,"AccountDomainSid":null,"Value":"S-1-5-18"},"TaskDisplayName":null,"ProcessId":4,"ThreadId":412},{"TimeCreated":"2025-04-18 20:13:07","LogName":"System","Level":"Information","EventID":17,"ProviderName":"TPM","Message":"The Trusted Platform Module (TPM) hardware failed to execute a TPM command.","MachineName":"DESKTOP-OIQSE1G","UserId":{"BinaryLength":12,"AccountDomainSid":null,"Value":"S-1-5-18"},"TaskDisplayName":null,"ProcessId":4,"ThreadId":412},{"TimeCreated":"2025-04-18 20:13:07","LogName":"System","Level":"Information","EventID":17,"ProviderName":"TPM","Message":"The Trusted Platform Module (TPM) hardware failed to execute a TPM command.","MachineName":"DESKTOP-OIQSE1G","UserId":{"BinaryLength":12,"AccountDomainSid":null,"Value":"S-1-5-18"},"TaskDisplayName":null,"ProcessId":4,"ThreadId":412},{"TimeCreated":"2025-04-18 20:12:06","LogName":"System","Level":"Warning","EventID":10016,"ProviderName":"Microsoft-Windows-DistributedCOM","Message":"The application-specific permission settings do not grant Local Launch permission for the COM Server application with CLSID \\nWindows.SecurityCenter.WscBrokerManager\\n and APPID \\nUnavailable\\n to the user NT AUTHORITY\\SYSTEM SID (S-1-5-18) from address LocalHost (Using LRPC) running in the application container Unavailable SID (Unavailable). This security permission can be modified using the Component Services administrative tool.","MachineName":"DESKTOP-OIQSE1G","UserId":{"BinaryLength":12,"AccountDomainSid":null,"Value":"S-1-5-18"},"TaskDisplayName":null,"ProcessId":1564,"ThreadId":4904},{"TimeCreated":"2025-04-18 20:12:06","LogName":"System","Level":"Warning","EventID":10016,"ProviderName":"Microsoft-Windows-DistributedCOM","Message":"The application-specific permission settings do not grant Local Launch permission for the COM Server application with CLSID \\nWindows.SecurityCenter.WscDataProtection\\n and APPID \\nUnavailable\\n to the user NT AUTHORITY\\SYSTEM SID (S-1-5-18) from address LocalHost (Using LRPC) running in the application container Unavailable SID (Unavailable). This security permission can be modified using the Component Services administrative tool.","MachineName":"DESKTOP-OIQSE1G","UserId":{"BinaryLength":12,"AccountDomainSid":null,"Value":"S-1-5-18"},"TaskDisplayName":null,"ProcessId":1564,"ThreadId":1580},{"TimeCreated":"2025-04-18 20:12:06","LogName":"System","Level":"Warning","EventID":10016,"ProviderName":"Microsoft-Windows-DistributedCOM","Message":"The application-specific permission settings do not grant Local Launch permission for the COM Server application with CLSID \\nWindows.SecurityCenter.SecurityAppBroker\\n and APPID \\nUnavailable\\n to the user NT AUTHORITY\\SYSTEM SID (S-1-5-18) from address LocalHost (Using LRPC) running in the application container Unavailable SID (Unavailable). This security permission can be modified using the Component Services administrative tool.","MachineName":"DESKTOP-OIQSE1G","UserId":{"BinaryLength":12,"AccountDomainSid":null,"Value":"S-1-5-18"},"TaskDisplayName":null,"ProcessId":1564,"ThreadId":5032},{"TimeCreated":"2025-04-18 20:12:05","LogName":"System","Level":"Information","EventID":158,"ProviderName":"Microsoft-Windows-Time-Service","Message":"The time provider \u0027VMICTimeProvider\u0027 has indicated that the current hardware and operating environment is not supported and has stopped. This behavior is expected for VMICTimeProvider on non-HyperV-guest environments. This may be the expected behavior for the current provider in the current operating environment as well.","MachineName":"DESKTOP-OIQSE1G","UserId":{"BinaryLength":12,"AccountDomainSid":null,"Value":"S-1-5-19"},"TaskDisplayName":null,"ProcessId":17108,"ThreadId":21656},{"TimeCreated":"2025-04-18 20:11:52","LogName":"System","Level":"Warning","EventID":10016,"ProviderName":"Microsoft-Windows-DistributedCOM","Message":"The application-specific permission settings do not grant Local Activation permission for the COM Server application with CLSID \\n{2593F8B9-4EAF-457C-B68A-50F6B8EA6B54}\\n and APPID \\n{15C20B67-12E7-4BB6-92BB-7AFF07997402}\\n to the user DESKTOP-OIQSE1G\\mkroe SID (S-1-5-21-3773365355-1627060674-2487742414-1001) from address LocalHost (Using LRPC) running in the application container Unavailable SID (Unavailable). This security permission can be modified using the Component Services administrative tool.","MachineName":"DESKTOP-OIQSE1G","UserId":{"BinaryLength":28,"AccountDomainSid":{"BinaryLength":24,"AccountDomainSid":{"BinaryLength":24,"AccountDomainSid":{"BinaryLength":24,"AccountDomainSid":{"BinaryLength":24,"AccountDomainSid":{"BinaryLength":24,"AccountDomainSid":{"BinaryLength":24,"AccountDomainSid":"S-1-5-21-3773365355-1627060674-2487742414","Value":"S-1-5-21-3773365355-1627060674-2487742414"},"Value":"S-1-5-21-3773365355-1627060674-2487742414"},"Value":"S-1-5-21-3773365355-1627060674-2487742414"},"Value":"S-1-5-21-3773365355-1627060674-2487742414"},"Value":"S-1-5-21-3773365355-1627060674-2487742414"},"Value":"S-1-5-21-3773365355-1627060674-2487742414"},"Value":"S-1-5-21-3773365355-1627060674-2487742414-1001"},"TaskDisplayName":null,"ProcessId":1564,"ThreadId":1828},{"TimeCreated":"2025-04-18 20:11:40","LogName":"System","Level":"Information","EventID":16,"ProviderName":"Microsoft-Windows-Kernel-General","Message":"The access history in hive \\??\\C:\\Users\\mkroe\\AppData\\Local\\Packages\\MicrosoftWindows.CrossDevice_cw5n1h2txyewy\\Settings\\settings.dat was cleared updating 35 keys and creating 4 modified pages.","MachineName":"DESKTOP-OIQSE1G","UserId":{"BinaryLength":12,"AccountDomainSid":null,"Value":"S-1-5-18"},"TaskDisplayName":null,"ProcessId":19232,"ThreadId":19236},{"TimeCreated":"2025-04-18 20:11:39","LogName":"System","Level":"Information","EventID":16,"ProviderName":"Microsoft-Windows-Kernel-General","Message":"The access history in hive \\??\\C:\\Users\\mkroe\\AppData\\Local\\Packages\\MicrosoftWindows.CrossDevice_cw5n1h2txyewy\\SystemAppData\\Helium\\UserClasses.dat was cleared updating 1 keys and creating 1 modified pages.","MachineName":"DESKTOP-OIQSE1G","UserId":{"BinaryLength":12,"AccountDomainSid":null,"Value":"S-1-5-18"},"TaskDisplayName":null,"ProcessId":4572,"ThreadId":8768},{"TimeCreated":"2025-04-18 20:11:39","LogName":"System","Level":"Information","EventID":16,"ProviderName":"Microsoft-Windows-Kernel-General","Message":"The access history in hive \\??\\C:\\Users\\mkroe\\AppData\\Local\\Packages\\MicrosoftWindows.CrossDevice_cw5n1h2txyewy\\SystemAppData\\Helium\\User.dat was cleared updating 8 keys and creating 1 modified pages.","MachineName":"DESKTOP-OIQSE1G","UserId":{"BinaryLength":12,"AccountDomainSid":null,"Value":"S-1-5-18"},"TaskDisplayName":null,"ProcessId":4572,"ThreadId":8768},