{"TimeCreated":"2025-04-19 09:28:52","LogName":"Application","Level":"Information","EventID":1,"ProviderName":"Universal Print","Message":"Successfully received access_token for da9b70f6-5323-4ce6-ae5c-88dcc5082966 with OAuthClientId=dae89220-69ba-4957-a77a-47b78695e883 and OAuthAuthority=https://login.microsoftonline.com/common","MachineName":"DESKTOP-OIQSE1G","UserId":null,"TaskDisplayName":"None","ProcessId":36484,"ThreadId":0},{"TimeCreated":"2025-04-19 09:28:52","LogName":"Application","Level":"Information","EventID":1,"ProviderName":"Universal Print","Message":"Initialization Successful. Enabled=true, CloudPrintSolution=UniversalPrint, DiscoveryEndpoint=https://discovery.print.microsoft.com, OAuthAuthority=https://login.microsoftonline.com/common, OAuthClientId=dae89220-69ba-4957-a77a-47b78695e883, DiscoveryResourceId=da9b70f6-5323-4ce6-ae5c-88dcc5082966, PrintResourceId=da9b70f6-5323-4ce6-ae5c-88dcc5082966","MachineName":"DESKTOP-OIQSE1G","UserId":null,"TaskDisplayName":"None","ProcessId":36484,"ThreadId":0},{"TimeCreated":"2025-04-19 09:28:52","LogName":"Application","Level":"Information","EventID":1,"ProviderName":"Universal Print","Message":"Successfully received access_token for da9b70f6-5323-4ce6-ae5c-88dcc5082966 with OAuthClientId=dae89220-69ba-4957-a77a-47b78695e883 and OAuthAuthority=https://login.microsoftonline.com/common","MachineName":"DESKTOP-OIQSE1G","UserId":null,"TaskDisplayName":"None","ProcessId":36484,"ThreadId":0},{"TimeCreated":"2025-04-19 09:28:52","LogName":"Application","Level":"Information","EventID":1,"ProviderName":"Universal Print","Message":"Using cached state. State: Enabled","MachineName":"DESKTOP-OIQSE1G","UserId":null,"TaskDisplayName":"None","ProcessId":36484,"ThreadId":0},{"TimeCreated":"2025-04-19 09:28:52","LogName":"Application","Level":"Information","EventID":1,"ProviderName":"Universal Print","Message":"Device is Workplace Joined.","MachineName":"DESKTOP-OIQSE1G","UserId":null,"TaskDisplayName":"None","ProcessId":36484,"ThreadId":0},{"TimeCreated":"2025-04-19 09:28:29","LogName":"Application","Level":"Information","EventID":16384,"ProviderName":"Microsoft-Windows-Security-SPP","Message":"Successfully scheduled Software Protection service for re-start at 2125-03-26T15:28:29Z. Reason: RulesEngine.","MachineName":"DESKTOP-OIQSE1G","UserId":null,"TaskDisplayName":null,"ProcessId":19584,"ThreadId":0},{"TimeCreated":"2025-04-19 09:28:04","LogName":"Application","Level":"Information","EventID":1,"ProviderName":"Universal Print","Message":"Successfully received access_token for da9b70f6-5323-4ce6-ae5c-88dcc5082966 with OAuthClientId=dae89220-69ba-4957-a77a-47b78695e883 and OAuthAuthority=https://login.microsoftonline.com/common","MachineName":"DESKTOP-OIQSE1G","UserId":null,"TaskDisplayName":"None","ProcessId":8996,"ThreadId":0},{"TimeCreated":"2025-04-19 09:28:04","LogName":"Application","Level":"Information","EventID":8216,"ProviderName":"System Restore","Message":"Skipping creation of restore point (Process = C:\\WINDOWS\\system32\\svchost.exe -k netsvcs -p -s wuauserv; Description = Windows Update) as there is a restore point avaliable which is recent enough for System Restore.","MachineName":"DESKTOP-OIQSE1G","UserId":null,"TaskDisplayName":"None","ProcessId":30248,"ThreadId":0},{"TimeCreated":"2025-04-19 09:28:04","LogName":"Application","Level":"Information","EventID":1,"ProviderName":"Universal Print","Message":"Successfully received access_token for da9b70f6-5323-4ce6-ae5c-88dcc5082966 with OAuthClientId=dae89220-69ba-4957-a77a-47b78695e883 and OAuthAuthority=https://login.microsoftonline.com/common","MachineName":"DESKTOP-OIQSE1G","UserId":null,"TaskDisplayName":"None","ProcessId":8996,"ThreadId":0},{"TimeCreated":"2025-04-19 09:28:03","LogName":"Application","Level":"Information","EventID":1,"ProviderName":"Universal Print","Message":"Initialization Successful. Enabled=true, CloudPrintSolution=UniversalPrint, DiscoveryEndpoint=https://discovery.print.microsoft.com, OAuthAuthority=https://login.microsoftonline.com/common, OAuthClientId=dae89220-69ba-4957-a77a-47b78695e883, DiscoveryResourceId=da9b70f6-5323-4ce6-ae5c-88dcc5082966, PrintResourceId=da9b70f6-5323-4ce6-ae5c-88dcc5082966","MachineName":"DESKTOP-OIQSE1G","UserId":null,"TaskDisplayName":"None","ProcessId":8996,"ThreadId":0},{"TimeCreated":"2025-04-19 09:28:03","LogName":"Application","Level":"Information","EventID":1,"ProviderName":"Universal Print","Message":"Successfully received access_token for da9b70f6-5323-4ce6-ae5c-88dcc5082966 with OAuthClientId=dae89220-69ba-4957-a77a-47b78695e883 and OAuthAuthority=https://login.microsoftonline.com/common","MachineName":"DESKTOP-OIQSE1G","UserId":null,"TaskDisplayName":"None","ProcessId":8996,"ThreadId":0},{"TimeCreated":"2025-04-19 09:28:01","LogName":"Application","Level":"Information","EventID":1,"ProviderName":"Universal Print","Message":"Successfully received access_token for 00000003-0000-0000-c000-000000000000 with OAuthClientId=dae89220-69ba-4957-a77a-47b78695e883 and OAuthAuthority=https://login.microsoftonline.com/common","MachineName":"DESKTOP-OIQSE1G","UserId":null,"TaskDisplayName":"None","ProcessId":8996,"ThreadId":0},{"TimeCreated":"2025-04-19 09:28:00","LogName":"Application","Level":"Information","EventID":1,"ProviderName":"Universal Print","Message":"Device is Workplace Joined.","MachineName":"DESKTOP-OIQSE1G","UserId":null,"TaskDisplayName":"None","ProcessId":8996,"ThreadId":0},{"TimeCreated":"2025-04-18 21:48:46","LogName":"Application","Level":"Information","EventID":16394,"ProviderName":"Microsoft-Windows-Security-SPP","Message":"Offline downlevel migration succeeded.","MachineName":"DESKTOP-OIQSE1G","UserId":null,"TaskDisplayName":null,"ProcessId":19584,"ThreadId":0},{"TimeCreated":"2025-04-18 21:38:44","LogName":"Application","Level":"Information","EventID":10001,"ProviderName":"Microsoft-Windows-RestartManager","Message":"Ending session 1 started  2025 - 04 - 19T03:38:44.275701000Z.","MachineName":"DESKTOP-OIQSE1G","UserId":{"BinaryLength":28,"AccountDomainSid":{"BinaryLength":24,"AccountDomainSid":{"BinaryLength":24,"AccountDomainSid":{"BinaryLength":24,"AccountDomainSid":{"BinaryLength":24,"AccountDomainSid":{"BinaryLength":24,"AccountDomainSid":{"BinaryLength":24,"AccountDomainSid":"S-1-5-21-3773365355-1627060674-2487742414","Value":"S-1-5-21-3773365355-1627060674-2487742414"},"Value":"S-1-5-21-3773365355-1627060674-2487742414"},"Value":"S-1-5-21-3773365355-1627060674-2487742414"},"Value":"S-1-5-21-3773365355-1627060674-2487742414"},"Value":"S-1-5-21-3773365355-1627060674-2487742414"},"Value":"S-1-5-21-3773365355-1627060674-2487742414"},"Value":"S-1-5-21-3773365355-1627060674-2487742414-1001"},"TaskDisplayName":null,"ProcessId":9752,"ThreadId":30112},{"TimeCreated":"2025-04-18 21:38:44","LogName":"Application","Level":"Information","EventID":10000,"ProviderName":"Microsoft-Windows-RestartManager","Message":"Starting session 1 -  2025 - 04 - 19T03:38:44.275701000Z.","MachineName":"DESKTOP-OIQSE1G","UserId":{"BinaryLength":28,"AccountDomainSid":{"BinaryLength":24,"AccountDomainSid":{"BinaryLength":24,"AccountDomainSid":{"BinaryLength":24,"AccountDomainSid":{"BinaryLength":24,"AccountDomainSid":{"BinaryLength":24,"AccountDomainSid":{"BinaryLength":24,"AccountDomainSid":"S-1-5-21-3773365355-1627060674-2487742414","Value":"S-1-5-21-3773365355-1627060674-2487742414"},"Value":"S-1-5-21-3773365355-1627060674-2487742414"},"Value":"S-1-5-21-3773365355-1627060674-2487742414"},"Value":"S-1-5-21-3773365355-1627060674-2487742414"},"Value":"S-1-5-21-3773365355-1627060674-2487742414"},"Value":"S-1-5-21-3773365355-1627060674-2487742414"},"Value":"S-1-5-21-3773365355-1627060674-2487742414-1001"},"TaskDisplayName":null,"ProcessId":9752,"ThreadId":30112},{"TimeCreated":"2025-04-18 21:38:38","LogName":"Application","Level":"Information","EventID":10001,"ProviderName":"Microsoft-Windows-RestartManager","Message":"Ending session 1 started  2025 - 04 - 19T03:38:38.392695800Z.","MachineName":"DESKTOP-OIQSE1G","UserId":{"BinaryLength":28,"AccountDomainSid":{"BinaryLength":24,"AccountDomainSid":{"BinaryLength":24,"AccountDomainSid":{"BinaryLength":24,"AccountDomainSid":{"BinaryLength":24,"AccountDomainSid":{"BinaryLength":24,"AccountDomainSid":{"BinaryLength":24,"AccountDomainSid":"S-1-5-21-3773365355-1627060674-2487742414","Value":"S-1-5-21-3773365355-1627060674-2487742414"},"Value":"S-1-5-21-3773365355-1627060674-2487742414"},"Value":"S-1-5-21-3773365355-1627060674-2487742414"},"Value":"S-1-5-21-3773365355-1627060674-2487742414"},"Value":"S-1-5-21-3773365355-1627060674-2487742414"},"Value":"S-1-5-21-3773365355-1627060674-2487742414"},"Value":"S-1-5-21-3773365355-1627060674-2487742414-1001"},"TaskDisplayName":null,"ProcessId":9752,"ThreadId":30112},{"TimeCreated":"2025-04-18 21:38:38","LogName":"Application","Level":"Information","EventID":10000,"ProviderName":"Microsoft-Windows-RestartManager","Message":"Starting session 1 -  2025 - 04 - 19T03:38:38.392695800Z.","MachineName":"DESKTOP-OIQSE1G","UserId":{"BinaryLength":28,"AccountDomainSid":{"BinaryLength":24,"AccountDomainSid":{"BinaryLength":24,"AccountDomainSid":{"BinaryLength":24,"AccountDomainSid":{"BinaryLength":24,"AccountDomainSid":{"BinaryLength":24,"AccountDomainSid":{"BinaryLength":24,"AccountDomainSid":"S-1-5-21-3773365355-1627060674-2487742414","Value":"S-1-5-21-3773365355-1627060674-2487742414"},"Value":"S-1-5-21-3773365355-1627060674-2487742414"},"Value":"S-1-5-21-3773365355-1627060674-2487742414"},"Value":"S-1-5-21-3773365355-1627060674-2487742414"},"Value":"S-1-5-21-3773365355-1627060674-2487742414"},"Value":"S-1-5-21-3773365355-1627060674-2487742414"},"Value":"S-1-5-21-3773365355-1627060674-2487742414-1001"},"TaskDisplayName":null,"ProcessId":9752,"ThreadId":30112},{"TimeCreated":"2025-04-18 21:29:56","LogName":"Application","Level":"Information","EventID":16384,"ProviderName":"Microsoft-Windows-Security-SPP","Message":"Successfully scheduled Software Protection service for re-start at 2125-03-26T03:29:56Z. Reason: RulesEngine.","MachineName":"DESKTOP-OIQSE1G","UserId":null,"TaskDisplayName":null,"ProcessId":2088,"ThreadId":0},{"TimeCreated":"2025-04-18 21:29:26","LogName":"Application","Level":"Information","EventID":16394,"ProviderName":"Microsoft-Windows-Security-SPP","Message":"Offline downlevel migration succeeded.","MachineName":"DESKTOP-OIQSE1G","UserId":null,"TaskDisplayName":null,"ProcessId":2088,"ThreadId":0},{"TimeCreated":"2025-04-18 21:14:55","LogName":"Application","Level":"Information","EventID":16384,"ProviderName":"Microsoft-Windows-Security-SPP","Message":"Successfully scheduled Software Protection service for re-start at 2125-03-26T03:14:55Z. Reason: RulesEngine.","MachineName":"DESKTOP-OIQSE1G","UserId":null,"TaskDisplayName":null,"ProcessId":16768,"ThreadId":0},{"TimeCreated":"2025-04-18 21:14:24","LogName":"Application","Level":"Information","EventID":16394,"ProviderName":"Microsoft-Windows-Security-SPP","Message":"Offline downlevel migration succeeded.","MachineName":"DESKTOP-OIQSE1G","UserId":null,"TaskDisplayName":null,"ProcessId":16768,"ThreadId":0},{"TimeCreated":"2025-04-18 20:47:18","LogName":"Application","Level":"Information","EventID":16384,"ProviderName":"Microsoft-Windows-Security-SPP","Message":"Successfully scheduled Software Protection service for re-start at 2125-03-26T02:47:18Z. Reason: RulesEngine.","MachineName":"DESKTOP-OIQSE1G","UserId":null,"TaskDisplayName":null,"ProcessId":24596,"ThreadId":0},{"TimeCreated":"2025-04-18 20:46:48","LogName":"Application","Level":"Information","EventID":16394,"ProviderName":"Microsoft-Windows-Security-SPP","Message":"Offline downlevel migration succeeded.","MachineName":"DESKTOP-OIQSE1G","UserId":null,"TaskDisplayName":null,"ProcessId":24596,"ThreadId":0},{"TimeCreated":"2025-04-18 20:46:30","LogName":"Application","Level":"Information","EventID":15,"ProviderName":"SecurityCenter","Message":"Updated Windows Defender status successfully to SECURITY_PRODUCT_STATE_ON.","MachineName":"DESKTOP-OIQSE1G","UserId":null,"TaskDisplayName":"None","ProcessId":20200,"ThreadId":0},{"TimeCreated":"2025-04-18 20:46:28","LogName":"Application","Level":"Information","EventID":264,"ProviderName":"Microsoft-Windows-Defrag","Message":"The storage optimizer couldn\u0027t complete defragmentation on (C:) because: The user cancelled the operation. (0x89000006)","MachineName":"DESKTOP-OIQSE1G","UserId":null,"TaskDisplayName":"None","ProcessId":13992,"ThreadId":0},{"TimeCreated":"2025-04-18 20:46:24","LogName":"Application","Level":"Information","EventID":15,"ProviderName":"SecurityCenter","Message":"Updated Windows Defender status successfully to SECURITY_PRODUCT_STATE_ON.","MachineName":"DESKTOP-OIQSE1G","UserId":null,"TaskDisplayName":"None","ProcessId":20200,"ThreadId":0},{"TimeCreated":"2025-04-18 20:46:22","LogName":"Application","Level":"Information","EventID":326,"ProviderName":"ESENT","Message":"svchost (23788,D,50,0) DS_Token_DB: The database engine attached a database (1, C:\\WINDOWS\\system32\\config\\systemprofile\\AppData\\Local\\DataSharing\\Storage\\DSTokenDB2.dat). (Time=0 seconds) \\n \\nSaved Cache: 1 0 \\nAdditional Data: lgposAttach = 00000008:0004:0268,\ndbv = 1568.300.620 (9620) \\n \\nInternal Timing Sequence: \n[1] 0.000009 +J(0) +M(C:0K, Fs:1, WS:4K # 0K, PF:0K # 0K, P:0K)\n[2] 0.001579 -0.000219 (1) WT +J(0) +M(C:0K, Fs:17, WS:4K # 4K, PF:4K # 0K, P:4K)\n[3] 0.008010 -0.002527 (6) WT +J(CM:0, PgRf:0, Rd:0/0, Dy:0/0, Lg:3480/2) +M(C:0K, Fs:6, WS:20K # 0K, PF:20K # 0K, P:20K)\n[4] 0.001251 +J(0)\n[5] -\n[6] 0.000577 -0.000368 (2) CM -0.000297 (2) WT +J(CM:2, PgRf:2, Rd:0/2, Dy:0/0, Lg:0/0) +M(C:0K, Fs:2, WS:8K # 0K, PF:0K # 0K, P:0K)\n[7] 0.000002 +J(0)\n[8] 0.000614 -0.000368 (1) CM -0.000330 (2) WT +J(CM:1, PgRf:1, Rd:4/1, Dy:0/0, Lg:0/0) +M(C:16K, Fs:25, WS:100K # 64K, PF:212K # 172K, P:212K)\n[9] -\n[10] -\n[11] -\n[12] 0.000014 +J(CM:0, PgRf:0, Rd:0/0, Dy:0/0, Lg:54/1) +M(C:0K, Fs:1, WS:4K # 4K, PF:20K # 16K, P:20K)\n[13] 0.000593 -0.000359 (3) CM -0.000298 (3) WT +J(CM:3, PgRf:23, Rd:0/2, Dy:0/0, Lg:0/0) +M(C:-8K, Fs:20, WS:72K # 76K, PF:-4K # 4K, P:-4K)\n[14] 0.000304 -0.000193 (2) CM -0.000138 (2) WT +J(CM:2, PgRf:40, Rd:0/2, Dy:0/0, Lg:0/0) +M(C:0K, Fs:4, WS:16K # 12K, PF:64K # 56K, P:64K)\n[15] 0.000005 +J(CM:0, PgRf:1, Rd:0/0, Dy:0/0, Lg:0/0)\n[16] 0.000009 +J(CM:0, PgRf:1, Rd:0/0, Dy:0/0, Lg:0/0) +M(C:0K, Fs:1, WS:4K # 4K, PF:0K # 0K, P:0K)\n[17] 0.000058 +J(CM:0, PgRf:42, Rd:0/0, Dy:0/0, Lg:0/0) +M(C:0K, Fs:8, WS:32K # 32K, PF:0K # 0K, P:0K)\n[18] 0.000001 +J(0)\n[19] 0.0 +J(0)\n[20] 0.000026 +J(CM:0, PgRf:3, Rd:0/0, Dy:0/0, Lg:0/0) +M(C:0K, Fs:3, WS:12K # 12K, PF:0K # 0K, P:0K).","MachineName":"DESKTOP-OIQSE1G","UserId":null,"TaskDisplayName":"General","ProcessId":23788,"ThreadId":0},{"TimeCreated":"2025-04-18 20:46:22","LogName":"Application","Level":"Information","EventID":105,"ProviderName":"ESENT","Message":"svchost (23788,D,0,0) DS_Token_DB: The database engine started a new instance (0). (Time=0.070 seconds) \\n \\nAdditional Data:\\n lgposV2[] = 00000007:0001:0000 - 00000007:000E:0268 - 00000008:0002:0000 - 00000008:0002:0000 (00000008:0001:0000)\nForwardLogsV2 = 0.033721 s - 1 lgens\ncReInits = 4\nRBSOn = 0\n \\n \\nInternal Timing Sequence: \n[1] 0.001178 +J(0) +M(C:0K, Fs:176, WS:684K # 684K, PF:3064K # 3064K, P:3064K)\n[2] 0.000488 +J(0) +M(C:8K, Fs:231, WS:912K # 912K, PF:1280K # 1280K, P:1280K)\n[3] 0.000019 +J(0) +M(C:0K, Fs:6, WS:20K # 20K, PF:68K # 68K, P:68K)\n[4] 0.000223 -0.000005 (1) WT +J(0) +M(C:0K, Fs:104, WS:412K # 412K, PF:196K # 196K, P:196K)\n[5] 0.007365 +J(0) +M(C:0K, Fs:37, WS:148K # 148K, PF:16K # 16K, P:16K)\n[6] 0.003143 +J(0) +M(C:0K, Fs:43, WS:172K # 172K, PF:12K # 12K, P:12K)\n[7] 0.001574 -0.000305 (2) WT +J(0) +M(C:0K, Fs:40, WS:160K # 160K, PF:64K # 64K, P:64K)\n[8] 0.025980 -0.004746 (14) WT +J(CM:0, PgRf:0, Rd:0/0, Dy:0/0, Lg:53559/37) +M(C:0K, Fs:183, WS:380K # 380K, PF:252K # 256K, P:252K)\n[9] 0.007958 -0.001308 (6) WT +J(CM:0, PgRf:0, Rd:0/0, Dy:0/0, Lg:4056/3) +M(C:0K, Fs:28, WS:100K # 100K, PF:16K # 12K, P:16K) + 1 lgens\n[10] 0.001422 -0.000181 (1) WT +J(0) +M(C:0K, Fs:1, WS:-56K # 4K, PF:-60K # 0K, P:-60K)\n[11] 0.000033 +J(CM:0, PgRf:0, Rd:0/0, Dy:0/0, Lg:49/1) +M(C:0K, Fs:4, WS:16K # 0K, PF:0K # 0K, P:0K)\n[12] 0.000808 +J(0)\n[13] 0.018532 -0.000391 (2) CM -0.001713 (17) WT +J(CM:2, PgRf:2, Rd:0/2, Dy:0/0, Lg:8759/5) +M(C:0K, Fs:72, WS:176K # 196K, PF:176K # 184K, P:176K)\n[14] 0.000018 +J(0)\n[15] 0.000011 +J(0)\n[16] 0.001277 -0.000085 (1) WT +J(0) +M(C:0K, Fs:2, WS:0K # 0K, PF:0K # 0K, P:0K).","MachineName":"DESKTOP-OIQSE1G","UserId":null,"TaskDisplayName":"General","ProcessId":23788,"ThreadId":0},{"TimeCreated":"2025-04-18 20:46:22","LogName":"Application","Level":"Information","EventID":302,"ProviderName":"ESENT","Message":"svchost (23788,U,98,0) DS_Token_DB: The database engine has successfully completed recovery steps.","MachineName":"DESKTOP-OIQSE1G","UserId":null,"TaskDisplayName":"General","ProcessId":23788,"ThreadId":0},{"TimeCreated":"2025-04-18 20:46:22","LogName":"Application","Level":"Information","EventID":301,"ProviderName":"ESENT","Message":"svchost (23788,R,98,0) DS_Token_DB: The database engine has finished replaying logfile C:\\WINDOWS\\system32\\config\\systemprofile\\AppData\\Local\\DataSharing\\Storage\\DSS.log. \\n \\nProcessing Stats: \n[1] 0.001126 -0.000310 (2) WT +J(CM:0, PgRf:0, Rd:0/0, Dy:0/0, Lg:4056/3) +M(C:0K, Fs:5, WS:12K # 16K, PF:0K # 4K, P:0K). \\nLog record of type \u0027FWriteLog\u0027 was seen most frequently (1 times)","MachineName":"DESKTOP-OIQSE1G","UserId":null,"TaskDisplayName":"General","ProcessId":23788,"ThreadId":0},{"TimeCreated":"2025-04-18 20:46:22","LogName":"Application","Level":"Information","EventID":301,"ProviderName":"ESENT","Message":"svchost (23788,R,98,0) DS_Token_DB: The database engine has finished replaying logfile C:\\WINDOWS\\system32\\config\\systemprofile\\AppData\\Local\\DataSharing\\Storage\\DSS00007.log. \\n \\nProcessing Stats: \n[1] 0.017871 -0.003831 (10) WT +J(CM:0, PgRf:0, Rd:0/0, Dy:0/0, Lg:53559/37) +M(C:0K, Fs:125, WS:224K # 156K, PF:160K # 96K, P:160K). \\nLog record of type \u0027AttachDB \u0027 was seen most frequently (4 times)","MachineName":"DESKTOP-OIQSE1G","UserId":null,"TaskDisplayName":"General","ProcessId":23788,"ThreadId":0},{"TimeCreated":"2025-04-18 20:46:22","LogName":"Application","Level":"Information","EventID":300,"ProviderName":"ESENT","Message":"svchost (23788,R,98,0) DS_Token_DB: The database engine is initiating recovery steps.","MachineName":"DESKTOP-OIQSE1G","UserId":null,"TaskDisplayName":"General","ProcessId":23788,"ThreadId":0},{"TimeCreated":"2025-04-18 20:46:22","LogName":"Application","Level":"Information","EventID":102,"ProviderName":"ESENT","Message":"svchost (23788,P,98,0) DS_Token_DB: The database engine (10.00.26100.0000) is starting a new instance (0).","MachineName":"DESKTOP-OIQSE1G","UserId":null,"TaskDisplayName":"General","ProcessId":23788,"ThreadId":0},{"TimeCreated":"2025-04-18 20:46:06","LogName":"Application","Level":"Information","EventID":1,"ProviderName":"Universal Print","Message":"Successfully received access_token for da9b70f6-5323-4ce6-ae5c-88dcc5082966 with OAuthClientId=dae89220-69ba-4957-a77a-47b78695e883 and OAuthAuthority=https://login.microsoftonline.com/3d9bab48-5f52-4b7d-a481-771eae5e6ed4","MachineName":"DESKTOP-OIQSE1G","UserId":null,"TaskDisplayName":"None","ProcessId":408,"ThreadId":0},{"TimeCreated":"2025-04-18 20:46:06","LogName":"Application","Level":"Information","EventID":1,"ProviderName":"Universal Print","Message":"Successfully received access_token for da9b70f6-5323-4ce6-ae5c-88dcc5082966 with OAuthClientId=dae89220-69ba-4957-a77a-47b78695e883 and OAuthAuthority=https://login.microsoftonline.com/3d9bab48-5f52-4b7d-a481-771eae5e6ed4","MachineName":"DESKTOP-OIQSE1G","UserId":null,"TaskDisplayName":"None","ProcessId":408,"ThreadId":0},{"TimeCreated":"2025-04-18 20:46:06","LogName":"Application","Level":"Information","EventID":1,"ProviderName":"Universal Print","Message":"Initialization Successful. Enabled=true, CloudPrintSolution=UniversalPrint, DiscoveryEndpoint=https://discovery.print.microsoft.com, OAuthAuthority=https://login.microsoftonline.com/3d9bab48-5f52-4b7d-a481-771eae5e6ed4, OAuthClientId=dae89220-69ba-4957-a77a-47b78695e883, DiscoveryResourceId=da9b70f6-5323-4ce6-ae5c-88dcc5082966, PrintResourceId=da9b70f6-5323-4ce6-ae5c-88dcc5082966","MachineName":"DESKTOP-OIQSE1G","UserId":null,"TaskDisplayName":"None","ProcessId":408,"ThreadId":0},{"TimeCreated":"2025-04-18 20:46:06","LogName":"Application","Level":"Information","EventID":1,"ProviderName":"Universal Print","Message":"Successfully received access_token for da9b70f6-5323-4ce6-ae5c-88dcc5082966 with OAuthClientId=dae89220-69ba-4957-a77a-47b78695e883 and OAuthAuthority=https://login.microsoftonline.com/3d9bab48-5f52-4b7d-a481-771eae5e6ed4","MachineName":"DESKTOP-OIQSE1G","UserId":null,"TaskDisplayName":"None","ProcessId":408,"ThreadId":0},{"TimeCreated":"2025-04-18 20:46:05","LogName":"Application","Level":"Information","EventID":1,"ProviderName":"Universal Print","Message":"Using cached state. State: Enabled","MachineName":"DESKTOP-OIQSE1G","UserId":null,"TaskDisplayName":"None","ProcessId":408,"ThreadId":0},{"TimeCreated":"2025-04-18 20:46:05","LogName":"Application","Level":"Information","EventID":1,"ProviderName":"Universal Print","Message":"Device is Workplace Joined.","MachineName":"DESKTOP-OIQSE1G","UserId":null,"TaskDisplayName":"None","ProcessId":408,"ThreadId":0},{"TimeCreated":"2025-04-18 20:45:41","LogName":"Application","Level":"Error","EventID":1,"ProviderName":"Universal Print","Message":"Failure response trying to get Device and Location Search Endpoints. HttpStatus=503, Response: \u003c!DOCTYPE html PUBLIC \u0027-//W3C//DTD XHTML 1.0 Transitional//EN\u0027 \u0027http://www.w3.org/TR/xhtml1/DTD/xhtml1-transitional.dtd\u0027\u003e\u003chtml xmlns=\u0027http://www.w3.org/1999/xhtml\u0027\u003e\u003chead\u003e\u003cmeta content=\u0027text/html; charset=utf-8\u0027 http-equiv=\u0027content-type\u0027/\u003e\u003cstyle type=\u0027text/css\u0027\u003ebody {font-family:Arial; margin-left:40px; }img  { border:0 none; }#content { margin-left: auto; margin-right: auto }#message h2 { font-size: 20px; font-weight: normal; color: #000000; margin: 34px 0px 0px 0px }#message p  { font-size: 13px; color: #000000; margin: 7px 0px 0px0px}#errorref { font-size: 11px; color: #737373; margin-top: 41px }\u003c/style\u003e\u003ctitle\u003eWindowsStackSvcs\u003c/title\u003e\u003c/head\u003e\u003cbody\u003e\u003cdiv id=\u0027content\u0027\u003e\u003cdiv id=\u0027message\u0027\u003e\u003ch2\u003eOur services aren\u0027t available right now\u003c/h2\u003e\u003cp\u003eWe\u0027re working to restore all services as soon as possible. Please check back soon.\u003c/p\u003e\u003c/div\u003e\u003cdiv id=\u0027errorref\u0027\u003e\u003cspan\u003eRef A: 8E5E3C9F308F4021ACA268155D022B2B Ref B: YVR311000113029 Ref C: 2025-04-19T02:45:22Z\u003c/span\u003e\u003c/div\u003e\u003c/div\u003e\u003c/body\u003e\u003c/html\u003e, TraceId: Ref A: 8E5E3C9F308F4021ACA268155D022B2B Ref B: YVR311000113029 Ref C: 2025-04-19T02:45:22Z","MachineName":"DESKTOP-OIQSE1G","UserId":null,"TaskDisplayName":"None","ProcessId":408,"ThreadId":0},{"TimeCreated":"2025-04-18 20:45:22","LogName":"Application","Level":"Information","EventID":1,"ProviderName":"Universal Print","Message":"Successfully received access_token for da9b70f6-5323-4ce6-ae5c-88dcc5082966 with OAuthClientId=dae89220-69ba-4957-a77a-47b78695e883 and OAuthAuthority=https://login.microsoftonline.com/3d9bab48-5f52-4b7d-a481-771eae5e6ed4","MachineName":"DESKTOP-OIQSE1G","UserId":null,"TaskDisplayName":"None","ProcessId":408,"ThreadId":0},{"TimeCreated":"2025-04-18 20:45:22","LogName":"Application","Level":"Unknown (0)","EventID":258,"ProviderName":"Microsoft-Windows-Defrag","Message":"The storage optimizer successfully completed defragmentation on System Reserved (D:)","MachineName":"DESKTOP-OIQSE1G","UserId":null,"TaskDisplayName":"None","ProcessId":13992,"ThreadId":0},{"TimeCreated":"2025-04-18 20:45:22","LogName":"Application","Level":"Unknown (0)","EventID":258,"ProviderName":"Microsoft-Windows-Defrag","Message":"The storage optimizer successfully completed retrim on System Reserved (D:)","MachineName":"DESKTOP-OIQSE1G","UserId":null,"TaskDisplayName":"None","ProcessId":13992,"ThreadId":0},{"TimeCreated":"2025-04-18 20:45:15","LogName":"Application","Level":"Information","EventID":1,"ProviderName":"Universal Print","Message":"Initialization Successful. Enabled=true, CloudPrintSolution=UniversalPrint, DiscoveryEndpoint=https://discovery.print.microsoft.com, OAuthAuthority=https://login.microsoftonline.com/3d9bab48-5f52-4b7d-a481-771eae5e6ed4, OAuthClientId=dae89220-69ba-4957-a77a-47b78695e883, DiscoveryResourceId=da9b70f6-5323-4ce6-ae5c-88dcc5082966, PrintResourceId=da9b70f6-5323-4ce6-ae5c-88dcc5082966","MachineName":"DESKTOP-OIQSE1G","UserId":null,"TaskDisplayName":"None","ProcessId":408,"ThreadId":0},{"TimeCreated":"2025-04-18 20:45:15","LogName":"Application","Level":"Information","EventID":1,"ProviderName":"Universal Print","Message":"Successfully received access_token for da9b70f6-5323-4ce6-ae5c-88dcc5082966 with OAuthClientId=dae89220-69ba-4957-a77a-47b78695e883 and OAuthAuthority=https://login.microsoftonline.com/3d9bab48-5f52-4b7d-a481-771eae5e6ed4","MachineName":"DESKTOP-OIQSE1G","UserId":null,"TaskDisplayName":"None","ProcessId":408,"ThreadId":0},{"TimeCreated":"2025-04-18 20:45:15","LogName":"Application","Level":"Information","EventID":1,"ProviderName":"Universal Print","Message":"Using cached state. State: Enabled","MachineName":"DESKTOP-OIQSE1G","UserId":null,"TaskDisplayName":"None","ProcessId":408,"ThreadId":0},{"TimeCreated":"2025-04-18 20:45:15","LogName":"Application","Level":"Information","EventID":1,"ProviderName":"Universal Print","Message":"Device is Workplace Joined.","MachineName":"DESKTOP-OIQSE1G","UserId":null,"TaskDisplayName":"None","ProcessId":408,"ThreadId":0},{"TimeCreated":"2025-04-18 20:37:52","LogName":"Application","Level":"Information","EventID":16384,"ProviderName":"Microsoft-Windows-Security-SPP","Message":"Successfully scheduled Software Protection service for re-start at 2125-03-26T02:37:52Z. Reason: RulesEngine.","MachineName":"DESKTOP-OIQSE1G","UserId":null,"TaskDisplayName":null,"ProcessId":26788,"ThreadId":0},{"TimeCreated":"2025-04-18 20:37:21","LogName":"Application","Level":"Information","EventID":16394,"ProviderName":"Microsoft-Windows-Security-SPP","Message":"Offline downlevel migration succeeded.","MachineName":"DESKTOP-OIQSE1G","UserId":null,"TaskDisplayName":null,"ProcessId":26788,"ThreadId":0},{"TimeCreated":"2025-04-18 20:29:34","LogName":"Application","Level":"Information","EventID":256,"ProviderName":"Chrome","Message":"[17616:10656:0418/202934.595:INFO:rlz_lib.cc(452)] Succeeded in sending RLZ ping","MachineName":"DESKTOP-OIQSE1G","UserId":{"BinaryLength":28,"AccountDomainSid":{"BinaryLength":24,"AccountDomainSid":{"BinaryLength":24,"AccountDomainSid":{"BinaryLength":24,"AccountDomainSid":{"BinaryLength":24,"AccountDomainSid":{"BinaryLength":24,"AccountDomainSid":{"BinaryLength":24,"AccountDomainSid":"S-1-5-21-3773365355-1627060674-2487742414","Value":"S-1-5-21-3773365355-1627060674-2487742414"},"Value":"S-1-5-21-3773365355-1627060674-2487742414"},"Value":"S-1-5-21-3773365355-1627060674-2487742414"},"Value":"S-1-5-21-3773365355-1627060674-2487742414"},"Value":"S-1-5-21-3773365355-1627060674-2487742414"},"Value":"S-1-5-21-3773365355-1627060674-2487742414"},"Value":"S-1-5-21-3773365355-1627060674-2487742414-1001"},"TaskDisplayName":"Browser Events","ProcessId":17616,"ThreadId":0},{"TimeCreated":"2025-04-18 20:29:34","LogName":"Application","Level":"Information","EventID":256,"ProviderName":"Chrome","Message":"[17616:10656:0418/202934.475:INFO:rlz_lib.cc(443)] Attempting to send RLZ ping brand=GCEA","MachineName":"DESKTOP-OIQSE1G","UserId":{"BinaryLength":28,"AccountDomainSid":{"BinaryLength":24,"AccountDomainSid":{"BinaryLength":24,"AccountDomainSid":{"BinaryLength":24,"AccountDomainSid":{"BinaryLength":24,"AccountDomainSid":{"BinaryLength":24,"AccountDomainSid":{"BinaryLength":24,"AccountDomainSid":"S-1-5-21-3773365355-1627060674-2487742414","Value":"S-1-5-21-3773365355-1627060674-2487742414"},"Value":"S-1-5-21-3773365355-1627060674-2487742414"},"Value":"S-1-5-21-3773365355-1627060674-2487742414"},"Value":"S-1-5-21-3773365355-1627060674-2487742414"},"Value":"S-1-5-21-3773365355-1627060674-2487742414"},"Value":"S-1-5-21-3773365355-1627060674-2487742414"},"Value":"S-1-5-21-3773365355-1627060674-2487742414-1001"},"TaskDisplayName":"Browser Events","ProcessId":17616,"ThreadId":0},{"TimeCreated":"2025-04-18 20:28:34","LogName":"Application","Level":"Information","EventID":256,"ProviderName":"Chrome","Message":"[17616:16516:0418/202834.467:INFO:extension_garbage_collector.cc(183)] Garbage collection for extensions on file thread is complete.","MachineName":"DESKTOP-OIQSE1G","UserId":{"BinaryLength":28,"AccountDomainSid":{"BinaryLength":24,"AccountDomainSid":{"BinaryLength":24,"AccountDomainSid":{"BinaryLength":24,"AccountDomainSid":{"BinaryLength":24,"AccountDomainSid":{"BinaryLength":24,"AccountDomainSid":{"BinaryLength":24,"AccountDomainSid":"S-1-5-21-3773365355-1627060674-2487742414","Value":"S-1-5-21-3773365355-1627060674-2487742414"},"Value":"S-1-5-21-3773365355-1627060674-2487742414"},"Value":"S-1-5-21-3773365355-1627060674-2487742414"},"Value":"S-1-5-21-3773365355-1627060674-2487742414"},"Value":"S-1-5-21-3773365355-1627060674-2487742414"},"Value":"S-1-5-21-3773365355-1627060674-2487742414"},"Value":"S-1-5-21-3773365355-1627060674-2487742414-1001"},"TaskDisplayName":"Browser Events","ProcessId":17616,"ThreadId":0},{"TimeCreated":"2025-04-18 20:20:29","LogName":"Application","Level":"Information","EventID":15,"ProviderName":"SecurityCenter","Message":"Updated Windows Defender status successfully to SECURITY_PRODUCT_STATE_ON.","MachineName":"DESKTOP-OIQSE1G","UserId":null,"TaskDisplayName":"None","ProcessId":20200,"ThreadId":0},{"TimeCreated":"2025-04-18 20:17:55","LogName":"Application","Level":"Information","EventID":8224,"ProviderName":"VSS","Message":"The VSS service is shutting down due to idle timeout. ","MachineName":"DESKTOP-OIQSE1G","UserId":null,"TaskDisplayName":"None","ProcessId":12552,"ThreadId":0},{"TimeCreated":"2025-04-18 20:15:57","LogName":"Application","Level":"Information","EventID":8302,"ProviderName":"Microsoft-Windows-System-Restore","Message":"Scoping successfully completed for shadowcopy \\\\?\\GLOBALROOT\\Device\\HarddiskVolumeShadowCopy4.","MachineName":"DESKTOP-OIQSE1G","UserId":{"BinaryLength":12,"AccountDomainSid":null,"Value":"S-1-5-18"},"TaskDisplayName":null,"ProcessId":23300,"ThreadId":23304},{"TimeCreated":"2025-04-18 20:15:57","LogName":"Application","Level":"Information","EventID":8301,"ProviderName":"Microsoft-Windows-System-Restore","Message":"Scoping completed for shadowcopy \\\\?\\GLOBALROOT\\Device\\HarddiskVolumeShadowCopy4.","MachineName":"DESKTOP-OIQSE1G","UserId":{"BinaryLength":12,"AccountDomainSid":null,"Value":"S-1-5-18"},"TaskDisplayName":null,"ProcessId":23300,"ThreadId":23304},{"TimeCreated":"2025-04-18 20:15:34","LogName":"Application","Level":"Information","EventID":16384,"ProviderName":"Microsoft-Windows-Security-SPP","Message":"Successfully scheduled Software Protection service for re-start at 2125-03-26T02:15:34Z. Reason: RulesEngine.","MachineName":"DESKTOP-OIQSE1G","UserId":null,"TaskDisplayName":null,"ProcessId":27872,"ThreadId":0},{"TimeCreated":"2025-04-18 20:15:04","LogName":"Application","Level":"Information","EventID":16394,"ProviderName":"Microsoft-Windows-Security-SPP","Message":"Offline downlevel migration succeeded.","MachineName":"DESKTOP-OIQSE1G","UserId":null,"TaskDisplayName":null,"ProcessId":27872,"ThreadId":0},{"TimeCreated":"2025-04-18 20:14:58","LogName":"Application","Level":"Information","EventID":16384,"ProviderName":"Microsoft-Windows-Security-SPP","Message":"Successfully scheduled Software Protection service for re-start at 2125-03-26T02:14:58Z. Reason: RulesEngine.","MachineName":"DESKTOP-OIQSE1G","UserId":null,"TaskDisplayName":null,"ProcessId":23344,"ThreadId":0},{"TimeCreated":"2025-04-18 20:14:55","LogName":"Application","Level":"Information","EventID":8300,"ProviderName":"Microsoft-Windows-System-Restore","Message":"Scoping started for shadowcopy \\\\?\\GLOBALROOT\\Device\\HarddiskVolumeShadowCopy4.","MachineName":"DESKTOP-OIQSE1G","UserId":{"BinaryLength":12,"AccountDomainSid":null,"Value":"S-1-5-18"},"TaskDisplayName":null,"ProcessId":23300,"ThreadId":23304},{"TimeCreated":"2025-04-18 20:14:45","LogName":"Application","Level":"Information","EventID":8194,"ProviderName":"System Restore","Message":"Successfully created restore point (Process = C:\\WINDOWS\\system32\\svchost.exe -k netsvcs -p -s wuauserv; Description = Windows Update).","MachineName":"DESKTOP-OIQSE1G","UserId":null,"TaskDisplayName":"None","ProcessId":11652,"ThreadId":0},{"TimeCreated":"2025-04-18 20:14:28","LogName":"Application","Level":"Information","EventID":16394,"ProviderName":"Microsoft-Windows-Security-SPP","Message":"Offline downlevel migration succeeded.","MachineName":"DESKTOP-OIQSE1G","UserId":null,"TaskDisplayName":null,"ProcessId":23344,"ThreadId":0},{"TimeCreated":"2025-04-18 20:14:26","LogName":"Application","Level":"Information","EventID":16384,"ProviderName":"Microsoft-Windows-Security-SPP","Message":"Successfully scheduled Software Protection service for re-start at 2125-03-26T02:14:26Z. Reason: RulesEngine.","MachineName":"DESKTOP-OIQSE1G","UserId":null,"TaskDisplayName":null,"ProcessId":27436,"ThreadId":0},{"TimeCreated":"2025-04-18 20:14:07","LogName":"Application","Level":"Warning","EventID":1008,"ProviderName":"Microsoft-Windows-Perflib","Message":"The Open procedure for service \"WmiApRpl\" in DLL \"C:\\WINDOWS\\system32\\wbem\\wmiaprpl.dll\" failed with error code The device is not ready.. Performance data for this service will not be available.","MachineName":"DESKTOP-OIQSE1G","UserId":{"BinaryLength":28,"AccountDomainSid":{"BinaryLength":24,"AccountDomainSid":{"BinaryLength":24,"AccountDomainSid":{"BinaryLength":24,"AccountDomainSid":{"BinaryLength":24,"AccountDomainSid":{"BinaryLength":24,"AccountDomainSid":{"BinaryLength":24,"AccountDomainSid":"S-1-5-21-3773365355-1627060674-2487742414","Value":"S-1-5-21-3773365355-1627060674-2487742414"},"Value":"S-1-5-21-3773365355-1627060674-2487742414"},"Value":"S-1-5-21-3773365355-1627060674-2487742414"},"Value":"S-1-5-21-3773365355-1627060674-2487742414"},"Value":"S-1-5-21-3773365355-1627060674-2487742414"},"Value":"S-1-5-21-3773365355-1627060674-2487742414"},"Value":"S-1-5-21-3773365355-1627060674-2487742414-1001"},"TaskDisplayName":null,"ProcessId":5552,"ThreadId":15704},{"TimeCreated":"2025-04-18 20:14:07","LogName":"Application","Level":"Warning","EventID":1008,"ProviderName":"Microsoft-Windows-Perflib","Message":"The Open procedure for service \"MSDTC\" in DLL \"C:\\WINDOWS\\system32\\msdtcuiu.DLL\" failed with error code The system cannot find the file specified.. Performance data for this service will not be available.","MachineName":"DESKTOP-OIQSE1G","UserId":{"BinaryLength":28,"AccountDomainSid":{"BinaryLength":24,"AccountDomainSid":{"BinaryLength":24,"AccountDomainSid":{"BinaryLength":24,"AccountDomainSid":{"BinaryLength":24,"AccountDomainSid":{"BinaryLength":24,"AccountDomainSid":{"BinaryLength":24,"AccountDomainSid":"S-1-5-21-3773365355-1627060674-2487742414","Value":"S-1-5-21-3773365355-1627060674-2487742414"},"Value":"S-1-5-21-3773365355-1627060674-2487742414"},"Value":"S-1-5-21-3773365355-1627060674-2487742414"},"Value":"S-1-5-21-3773365355-1627060674-2487742414"},"Value":"S-1-5-21-3773365355-1627060674-2487742414"},"Value":"S-1-5-21-3773365355-1627060674-2487742414"},"Value":"S-1-5-21-3773365355-1627060674-2487742414-1001"},"TaskDisplayName":null,"ProcessId":5552,"ThreadId":15704},{"TimeCreated":"2025-04-18 20:13:56","LogName":"Application","Level":"Information","EventID":16394,"ProviderName":"Microsoft-Windows-Security-SPP","Message":"Offline downlevel migration succeeded.","MachineName":"DESKTOP-OIQSE1G","UserId":null,"TaskDisplayName":null,"ProcessId":27436,"ThreadId":0},{"TimeCreated":"2025-04-18 20:13:35","LogName":"Application","Level":"Information","EventID":256,"ProviderName":"Chrome","Message":"[12560:15248:0418/201335.394:INFO:extension_garbage_collector.cc(183)] Garbage collection for extensions on file thread is complete.","MachineName":"DESKTOP-OIQSE1G","UserId":{"BinaryLength":28,"AccountDomainSid":{"BinaryLength":24,"AccountDomainSid":{"BinaryLength":24,"AccountDomainSid":{"BinaryLength":24,"AccountDomainSid":{"BinaryLength":24,"AccountDomainSid":{"BinaryLength":24,"AccountDomainSid":{"BinaryLength":24,"AccountDomainSid":"S-1-5-21-3773365355-1627060674-2487742414","Value":"S-1-5-21-3773365355-1627060674-2487742414"},"Value":"S-1-5-21-3773365355-1627060674-2487742414"},"Value":"S-1-5-21-3773365355-1627060674-2487742414"},"Value":"S-1-5-21-3773365355-1627060674-2487742414"},"Value":"S-1-5-21-3773365355-1627060674-2487742414"},"Value":"S-1-5-21-3773365355-1627060674-2487742414"},"Value":"S-1-5-21-3773365355-1627060674-2487742414-1001"},"TaskDisplayName":"Browser Events","ProcessId":12560,"ThreadId":0},{"TimeCreated":"2025-04-18 20:12:35","LogName":"Application","Level":"Unknown (0)","EventID":903,"ProviderName":"Microsoft-Windows-Security-SPP","Message":"The Software Protection service has stopped.\\n","MachineName":"DESKTOP-OIQSE1G","UserId":null,"TaskDisplayName":null,"ProcessId":22088,"ThreadId":0},{"TimeCreated":"2025-04-18 20:12:35","LogName":"Application","Level":"Information","EventID":16384,"ProviderName":"Microsoft-Windows-Security-SPP","Message":"Successfully scheduled Software Protection service for re-start at 2125-03-26T02:12:35Z. Reason: RulesEngine.","MachineName":"DESKTOP-OIQSE1G","UserId":null,"TaskDisplayName":null,"ProcessId":22088,"ThreadId":0},{"TimeCreated":"2025-04-18 20:12:08","LogName":"Application","Level":"Information","EventID":15,"ProviderName":"SecurityCenter","Message":"Updated Windows Defender status successfully to SECURITY_PRODUCT_STATE_ON.","MachineName":"DESKTOP-OIQSE1G","UserId":null,"TaskDisplayName":"None","ProcessId":20200,"ThreadId":0},{"TimeCreated":"2025-04-18 20:12:06","LogName":"Application","Level":"Information","EventID":1,"ProviderName":"SecurityCenter","Message":"The Windows Security Center Service has started.","MachineName":"DESKTOP-OIQSE1G","UserId":null,"TaskDisplayName":"None","ProcessId":20200,"ThreadId":0},{"TimeCreated":"2025-04-18 20:12:05","LogName":"Application","Level":"Unknown (0)","EventID":902,"ProviderName":"Microsoft-Windows-Security-SPP","Message":"The Software Protection service has started.\\n10.0.26100.3624","MachineName":"DESKTOP-OIQSE1G","UserId":null,"TaskDisplayName":null,"ProcessId":22088,"ThreadId":0},{"TimeCreated":"2025-04-18 20:12:05","LogName":"Application","Level":"Information","EventID":1003,"ProviderName":"Microsoft-Windows-Security-SPP","Message":"The Software Protection service has completed licensing status check.\\nApplication Id=55c92734-d682-4d71-983e-d6ec3f16059f\\nLicensing Status=\n1: 0567073a-7d74-403b-b2d5-6b35da372d8d, 1, 0 [(0 [0xC004F014, 0, 0], [(?)(?)(?)(?)(?)(?)(?)(?)])(1 )(2 )(3 )]\n2: 1b750385-9fe2-49a8-ab55-149d0546395b, 1, 0 [(0 [0xC004F014, 0, 0], [(?)(?)(?)(?)(?)(?)(?)(?)])(1 )(2 )(3 )]\n3: 1d873132-f09f-4eb2-bf5a-2e4fb48935e8, 1, 0 [(0 [0xC004F014, 0, 0], [(?)(?)(?)(?)(?)(?)(?)(?)])(1 )(2 )(3 )]\n4: 2b1f36bb-c1cd-4306-bf5c-a0367c2d97d8, 1, 1 [(0 )(1 )(2 [0x00000000, 1, 0], [(?)( 1 0x00000000)(?)(?)(?)(?)( 10 0x00000000 msft:rm/algorithm/flags/1.0)(?)])(3 )]\n5: 30d469c6-a78f-4476-b5c8-af78d5b6a5fb, 1, 0 [(0 [0xC004F014, 0, 0], [(?)(?)(?)(?)(?)(?)(?)(?)])(1 )(2 )(3 )]\n6: 3ae2cc14-ab2d-41f4-972f-5e20142771dc, 1, 0 [(0 [0xC004F014, 0, 0], [(?)(?)(?)(?)(?)(?)(?)(?)])(1 )(2 )(3 )]\n7: 4002e33a-524c-4100-8108-131a0d42c0ea, 1, 0 [(0 [0xC004F014, 0, 0], [(?)(?)(?)(?)(?)(?)(?)(?)])(1 )(2 )(3 )]\n8: 411b3d4f-be6d-4a06-baaa-9cabfc256cae, 1, 0 [(0 [0xC004F014, 0, 0], [(?)(?)(?)(?)(?)(?)(?)(?)])(1 )(2 )(3 )]\n9: 58e97c99-f377-4ef1-81d5-4ad5522b5fd8, 1, 0 [(0 [0xC004F014, 0, 0], [(?)(?)(?)(?)(?)(?)(?)(?)])(1 )(2 )(3 )]\n10: 653098ee-780d-4863-8cf2-d18399ce413b, 1, 0 [(0 [0xC004F014, 0, 0], [(?)(?)(?)(?)(?)(?)(?)(?)])(1 )(2 )(3 )]\n11: 74436dbb-cc17-46de-867f-14906ba4a938, 1, 0 [(0 [0xC004F014, 0, 0], [(?)(?)(?)(?)(?)(?)(?)(?)])(1 )(2 )(3 )]\n12: 8a292df8-d653-4057-8133-a0701792f912, 1, 0 [(0 [0xC004F014, 0, 0], [(?)(?)(?)(?)(?)(?)(?)(?)])(1 )(2 )(3 )]\n13: 8db63db6-4f8f-46d6-a448-66444faaaa72, 1, 0 [(0 [0xC004F014, 0, 0], [(?)(?)(?)(?)(?)(?)(?)(?)])(1 )(2 )(3 )]\n14: cd918a57-a41b-4c82-8dce-1a538e221a83, 1, 0 [(0 [0xC004F014, 0, 0], [(?)(?)(?)(?)(?)(?)(?)(?)])(1 )(2 )(3 )]\n15: da9621af-f086-4244-b563-18611e51aa1a, 1, 0 [(0 [0xC004F014, 0, 0], [(?)(?)(?)(?)(?)(?)(?)(?)])(1 )(2 )(3 )]\n16: e371d89a-73e8-4b24-a7ff-23a3641dd18e, 1, 0 [(0 [0xC004F014, 0, 0], [(?)(?)(?)(?)(?)(?)(?)(?)])(1 )(2 )(3 )]\n17: ed799377-74b8-4989-a244-14d082e65972, 1, 0 [(0 [0xC004F014, 0, 0], [(?)(?)(?)(?)(?)(?)(?)(?)])(1 )(2 )(3 )]\n\n","MachineName":"DESKTOP-OIQSE1G","UserId":null,"TaskDisplayName":null,"ProcessId":22088,"ThreadId":0},{"TimeCreated":"2025-04-18 20:12:05","LogName":"Application","Level":"Information","EventID":1066,"ProviderName":"Microsoft-Windows-Security-SPP","Message":"Initialization status for service objects.\\nC:\\WINDOWS\\system32\\sppwinob.dll, msft:spp/windowsfunctionality/agent/7.0, 0x00000000, 0x00000000\nC:\\WINDOWS\\system32\\sppobjs.dll, msft:rm/algorithm/inherited/1.0, 0x00000000, 0x00000000\nC:\\WINDOWS\\system32\\sppobjs.dll, msft:rm/algorithm/phone/1.0, 0x00000000, 0x00000000\nC:\\WINDOWS\\system32\\sppobjs.dll, msft:rm/algorithm/pkey/detect, 0x00000000, 0x00000000\nC:\\WINDOWS\\system32\\sppobjs.dll, msft:spp/ActionScheduler/1.0, 0x00000000, 0x00000000\nC:\\WINDOWS\\system32\\sppobjs.dll, msft:spp/TaskScheduler/1.0, 0x00000000, 0x00000000\nC:\\WINDOWS\\system32\\sppobjs.dll, msft:spp/statecollector/pkey, 0x00000000, 0x00000000\nC:\\WINDOWS\\system32\\sppobjs.dll, msft:spp/volume/services/kms/1.0, 0x00000000, 0x00000000\nC:\\WINDOWS\\system32\\sppobjs.dll, msft:spp/volume/services/kms/activationinfo/1.0, 0x00000000, 0x00000000\n","MachineName":"DESKTOP-OIQSE1G","UserId":null,"TaskDisplayName":null,"ProcessId":22088,"ThreadId":0},{"TimeCreated":"2025-04-18 20:12:05","LogName":"Application","Level":"Information","EventID":16394,"ProviderName":"Microsoft-Windows-Security-SPP","Message":"Offline downlevel migration succeeded.","MachineName":"DESKTOP-OIQSE1G","UserId":null,"TaskDisplayName":null,"ProcessId":22088,"ThreadId":0},{"TimeCreated":"2025-04-18 20:12:05","LogName":"Application","Level":"Information","EventID":900,"ProviderName":"Microsoft-Windows-Security-SPP","Message":"The Software Protection service is starting.\\nParameters:\u003cexplicit\u003e","MachineName":"DESKTOP-OIQSE1G","UserId":null,"TaskDisplayName":null,"ProcessId":22088,"ThreadId":0},{"TimeCreated":"2025-04-18 20:12:04","LogName":"Application","Level":"Information","EventID":0,"ProviderName":"edgeupdate","Message":"Service stopped.","MachineName":"DESKTOP-OIQSE1G","UserId":null,"TaskDisplayName":"None","ProcessId":24352,"ThreadId":0},{"TimeCreated":"2025-04-18 20:11:05","LogName":"Application","Level":"Information","EventID":1,"ProviderName":"Universal Print","Message":"Successfully received access_token for da9b70f6-5323-4ce6-ae5c-88dcc5082966 with OAuthClientId=dae89220-69ba-4957-a77a-47b78695e883 and OAuthAuthority=https://login.microsoftonline.com/3d9bab48-5f52-4b7d-a481-771eae5e6ed4","MachineName":"DESKTOP-OIQSE1G","UserId":null,"TaskDisplayName":"None","ProcessId":21368,"ThreadId":0},{"TimeCreated":"2025-04-18 20:11:05","LogName":"Application","Level":"Information","EventID":1,"ProviderName":"Universal Print","Message":"Successfully received access_token for da9b70f6-5323-4ce6-ae5c-88dcc5082966 with OAuthClientId=dae89220-69ba-4957-a77a-47b78695e883 and OAuthAuthority=https://login.microsoftonline.com/3d9bab48-5f52-4b7d-a481-771eae5e6ed4","MachineName":"DESKTOP-OIQSE1G","UserId":null,"TaskDisplayName":"None","ProcessId":21368,"ThreadId":0},{"TimeCreated":"2025-04-18 20:11:05","LogName":"Application","Level":"Information","EventID":1,"ProviderName":"Universal Print","Message":"Initialization Successful. Enabled=true, CloudPrintSolution=UniversalPrint, DiscoveryEndpoint=https://discovery.print.microsoft.com, OAuthAuthority=https://login.microsoftonline.com/3d9bab48-5f52-4b7d-a481-771eae5e6ed4, OAuthClientId=dae89220-69ba-4957-a77a-47b78695e883, DiscoveryResourceId=da9b70f6-5323-4ce6-ae5c-88dcc5082966, PrintResourceId=da9b70f6-5323-4ce6-ae5c-88dcc5082966","MachineName":"DESKTOP-OIQSE1G","UserId":null,"TaskDisplayName":"None","ProcessId":21368,"ThreadId":0},{"TimeCreated":"2025-04-18 20:11:05","LogName":"Application","Level":"Information","EventID":1,"ProviderName":"Universal Print","Message":"Successfully received access_token for da9b70f6-5323-4ce6-ae5c-88dcc5082966 with OAuthClientId=dae89220-69ba-4957-a77a-47b78695e883 and OAuthAuthority=https://login.microsoftonline.com/3d9bab48-5f52-4b7d-a481-771eae5e6ed4","MachineName":"DESKTOP-OIQSE1G","UserId":null,"TaskDisplayName":"None","ProcessId":21368,"ThreadId":0},{"TimeCreated":"2025-04-18 20:11:05","LogName":"Application","Level":"Information","EventID":1,"ProviderName":"Universal Print","Message":"Using cached state. State: Enabled","MachineName":"DESKTOP-OIQSE1G","UserId":null,"TaskDisplayName":"None","ProcessId":21368,"ThreadId":0},{"TimeCreated":"2025-04-18 20:11:05","LogName":"Application","Level":"Information","EventID":1,"ProviderName":"Universal Print","Message":"Device is Workplace Joined.","MachineName":"DESKTOP-OIQSE1G","UserId":null,"TaskDisplayName":"None","ProcessId":21368,"ThreadId":0},{"TimeCreated":"2025-04-18 20:10:19","LogName":"Application","Level":"Information","EventID":2003,"ProviderName":"DSAService","Message":"\u003cDSAExceptionEvent xmlns:xsi=\"http://www.w3.org/2001/XMLSchema-instance\" xmlns:xsd=\"http://www.w3.org/2001/XMLSchema\" xmlns=\"https://www.intel.com\"\u003e\u003cOS\u003e\u003cDescription\u003eWindows 10 Home\u003c/Description\u003e\u003cVersion\u003e6.3\u003c/Version\u003e\u003cBuild\u003e26100\u003c/Build\u003e\u003cRelease\u003e2009\u003c/Release\u003e\u003cEpmId\u003ewindows-11-24h2-64\u003c/EpmId\u003e\u003c/OS\u003e\u003cDSAVersion\u003e25.2.15.9\u003c/DSAVersion\u003e\u003cModule\u003eDSARulesCore.dll\u003c/Module\u003e\u003cClassName\u003eIntel.DSA.Rules.RuleSets.Rebar\u003c/ClassName\u003e\u003cMethodName\u003eConvertDetectionOutputToMessage\u003c/MethodName\u003e\u003cExceptionType\u003eResizableBarMessageException\u003c/ExceptionType\u003e\u003cMessage\u003eCheckAmdPlatform\u003c/Message\u003e\u003c/DSAExceptionEvent\u003e","MachineName":"DESKTOP-OIQSE1G","UserId":null,"TaskDisplayName":"None","ProcessId":4684,"ThreadId":0},{"TimeCreated":"2025-04-18 20:10:18","LogName":"Application","Level":"Information","EventID":1,"ProviderName":"Universal Print","Message":"Successfully received access_token for da9b70f6-5323-4ce6-ae5c-88dcc5082966 with OAuthClientId=dae89220-69ba-4957-a77a-47b78695e883 and OAuthAuthority=https://login.microsoftonline.com/3d9bab48-5f52-4b7d-a481-771eae5e6ed4","MachineName":"DESKTOP-OIQSE1G","UserId":null,"TaskDisplayName":"None","ProcessId":17948,"ThreadId":0},{"TimeCreated":"2025-04-18 20:10:17","LogName":"Application","Level":"Information","EventID":1,"ProviderName":"Universal Print","Message":"Successfully received access_token for da9b70f6-5323-4ce6-ae5c-88dcc5082966 with OAuthClientId=dae89220-69ba-4957-a77a-47b78695e883 and OAuthAuthority=https://login.microsoftonline.com/3d9bab48-5f52-4b7d-a481-771eae5e6ed4","MachineName":"DESKTOP-OIQSE1G","UserId":null,"TaskDisplayName":"None","ProcessId":17948,"ThreadId":0},{"TimeCreated":"2025-04-18 20:10:17","LogName":"Application","Level":"Information","EventID":1,"ProviderName":"Universal Print","Message":"Initialization Successful. Enabled=true, CloudPrintSolution=UniversalPrint, DiscoveryEndpoint=https://discovery.print.microsoft.com, OAuthAuthority=https://login.microsoftonline.com/3d9bab48-5f52-4b7d-a481-771eae5e6ed4, OAuthClientId=dae89220-69ba-4957-a77a-47b78695e883, DiscoveryResourceId=da9b70f6-5323-4ce6-ae5c-88dcc5082966, PrintResourceId=da9b70f6-5323-4ce6-ae5c-88dcc5082966","MachineName":"DESKTOP-OIQSE1G","UserId":null,"TaskDisplayName":"None","ProcessId":17948,"ThreadId":0},{"TimeCreated":"2025-04-18 20:10:17","LogName":"Application","Level":"Information","EventID":1,"ProviderName":"Universal Print","Message":"Successfully received access_token for da9b70f6-5323-4ce6-ae5c-88dcc5082966 with OAuthClientId=dae89220-69ba-4957-a77a-47b78695e883 and OAuthAuthority=https://login.microsoftonline.com/3d9bab48-5f52-4b7d-a481-771eae5e6ed4","MachineName":"DESKTOP-OIQSE1G","UserId":null,"TaskDisplayName":"None","ProcessId":17948,"ThreadId":0},{"TimeCreated":"2025-04-18 20:10:17","LogName":"Application","Level":"Information","EventID":1,"ProviderName":"Universal Print","Message":"Using cached state. State: Enabled","MachineName":"DESKTOP-OIQSE1G","UserId":null,"TaskDisplayName":"None","ProcessId":17948,"ThreadId":0},{"TimeCreated":"2025-04-18 20:10:17","LogName":"Application","Level":"Information","EventID":1,"ProviderName":"Universal Print","Message":"Device is Workplace Joined.","MachineName":"DESKTOP-OIQSE1G","UserId":null,"TaskDisplayName":"None","ProcessId":17948,"ThreadId":0},