{"TimeCreated":"2025-04-18 06:20:25","LogName":"Application","Level":"Information","EventID":1,"ProviderName":"Universal Print","Message":"Initialization Successful. Enabled=true, CloudPrintSolution=UniversalPrint, DiscoveryEndpoint=https://discovery.print.microsoft.com, OAuthAuthority=https://login.microsoftonline.com/3d9bab48-5f52-4b7d-a481-771eae5e6ed4, OAuthClientId=dae89220-69ba-4957-a77a-47b78695e883, DiscoveryResourceId=da9b70f6-5323-4ce6-ae5c-88dcc5082966, PrintResourceId=da9b70f6-5323-4ce6-ae5c-88dcc5082966","MachineName":"DESKTOP-OIQSE1G","UserId":null,"TaskDisplayName":"None","ProcessId":19764,"ThreadId":0},{"TimeCreated":"2025-04-18 06:20:25","LogName":"Application","Level":"Information","EventID":1,"ProviderName":"Universal Print","Message":"Successfully received access_token for da9b70f6-5323-4ce6-ae5c-88dcc5082966 with OAuthClientId=dae89220-69ba-4957-a77a-47b78695e883 and OAuthAuthority=https://login.microsoftonline.com/3d9bab48-5f52-4b7d-a481-771eae5e6ed4","MachineName":"DESKTOP-OIQSE1G","UserId":null,"TaskDisplayName":"None","ProcessId":19764,"ThreadId":0},{"TimeCreated":"2025-04-18 06:20:23","LogName":"Application","Level":"Information","EventID":1,"ProviderName":"Universal Print","Message":"Successfully received access_token for 00000003-0000-0000-c000-000000000000 with OAuthClientId=dae89220-69ba-4957-a77a-47b78695e883 and OAuthAuthority=https://login.microsoftonline.com/3d9bab48-5f52-4b7d-a481-771eae5e6ed4","MachineName":"DESKTOP-OIQSE1G","UserId":null,"TaskDisplayName":"None","ProcessId":19764,"ThreadId":0},{"TimeCreated":"2025-04-18 06:20:23","LogName":"Application","Level":"Information","EventID":0,"ProviderName":"edgeupdate","Message":"Service stopped.","MachineName":"DESKTOP-OIQSE1G","UserId":null,"TaskDisplayName":"None","ProcessId":25112,"ThreadId":0},{"TimeCreated":"2025-04-18 06:20:23","LogName":"Application","Level":"Information","EventID":1,"ProviderName":"Universal Print","Message":"Device is Workplace Joined.","MachineName":"DESKTOP-OIQSE1G","UserId":null,"TaskDisplayName":"None","ProcessId":19764,"ThreadId":0},{"TimeCreated":"2025-04-18 06:20:16","LogName":"Application","Level":"Information","EventID":16394,"ProviderName":"Microsoft-Windows-Security-SPP","Message":"Offline downlevel migration succeeded.","MachineName":"DESKTOP-OIQSE1G","UserId":null,"TaskDisplayName":null,"ProcessId":27712,"ThreadId":0},{"TimeCreated":"2025-04-17 21:13:59","LogName":"Application","Level":"Information","EventID":2003,"ProviderName":"DSAService","Message":"\u003cDSAExceptionEvent xmlns:xsi=\"http://www.w3.org/2001/XMLSchema-instance\" xmlns:xsd=\"http://www.w3.org/2001/XMLSchema\" xmlns=\"https://www.intel.com\"\u003e\u003cOS\u003e\u003cDescription\u003eWindows 10 Home\u003c/Description\u003e\u003cVersion\u003e6.3\u003c/Version\u003e\u003cBuild\u003e26100\u003c/Build\u003e\u003cRelease\u003e2009\u003c/Release\u003e\u003cEpmId\u003ewindows-11-24h2-64\u003c/EpmId\u003e\u003c/OS\u003e\u003cDSAVersion\u003e25.2.15.9\u003c/DSAVersion\u003e\u003cModule\u003eDSARulesCore.dll\u003c/Module\u003e\u003cClassName\u003eIntel.DSA.Rules.RuleSets.Rebar\u003c/ClassName\u003e\u003cMethodName\u003eConvertDetectionOutputToMessage\u003c/MethodName\u003e\u003cExceptionType\u003eResizableBarMessageException\u003c/ExceptionType\u003e\u003cMessage\u003eCheckAmdPlatform\u003c/Message\u003e\u003c/DSAExceptionEvent\u003e","MachineName":"DESKTOP-OIQSE1G","UserId":null,"TaskDisplayName":"None","ProcessId":4404,"ThreadId":0},{"TimeCreated":"2025-04-17 21:12:32","LogName":"Application","Level":"Information","EventID":16384,"ProviderName":"Microsoft-Windows-Security-SPP","Message":"Successfully scheduled Software Protection service for re-start at 2125-03-25T03:12:32Z. Reason: RulesEngine.","MachineName":"DESKTOP-OIQSE1G","UserId":null,"TaskDisplayName":null,"ProcessId":39832,"ThreadId":0},{"TimeCreated":"2025-04-17 21:12:02","LogName":"Application","Level":"Information","EventID":16394,"ProviderName":"Microsoft-Windows-Security-SPP","Message":"Offline downlevel migration succeeded.","MachineName":"DESKTOP-OIQSE1G","UserId":null,"TaskDisplayName":null,"ProcessId":39832,"ThreadId":0},{"TimeCreated":"2025-04-17 21:07:38","LogName":"Application","Level":"Information","EventID":16384,"ProviderName":"Microsoft-Windows-Security-SPP","Message":"Successfully scheduled Software Protection service for re-start at 2125-03-25T03:07:38Z. Reason: RulesEngine.","MachineName":"DESKTOP-OIQSE1G","UserId":null,"TaskDisplayName":null,"ProcessId":46552,"ThreadId":0},{"TimeCreated":"2025-04-17 21:07:08","LogName":"Application","Level":"Information","EventID":16394,"ProviderName":"Microsoft-Windows-Security-SPP","Message":"Offline downlevel migration succeeded.","MachineName":"DESKTOP-OIQSE1G","UserId":null,"TaskDisplayName":null,"ProcessId":46552,"ThreadId":0},{"TimeCreated":"2025-04-17 20:57:38","LogName":"Application","Level":"Information","EventID":16384,"ProviderName":"Microsoft-Windows-Security-SPP","Message":"Successfully scheduled Software Protection service for re-start at 2125-03-25T02:57:38Z. Reason: RulesEngine.","MachineName":"DESKTOP-OIQSE1G","UserId":null,"TaskDisplayName":null,"ProcessId":55080,"ThreadId":0},{"TimeCreated":"2025-04-17 20:57:08","LogName":"Application","Level":"Information","EventID":16394,"ProviderName":"Microsoft-Windows-Security-SPP","Message":"Offline downlevel migration succeeded.","MachineName":"DESKTOP-OIQSE1G","UserId":null,"TaskDisplayName":null,"ProcessId":55080,"ThreadId":0},{"TimeCreated":"2025-04-17 20:55:03","LogName":"Application","Level":"Information","EventID":16384,"ProviderName":"Microsoft-Windows-Security-SPP","Message":"Successfully scheduled Software Protection service for re-start at 2125-03-25T02:55:03Z. Reason: RulesEngine.","MachineName":"DESKTOP-OIQSE1G","UserId":null,"TaskDisplayName":null,"ProcessId":25708,"ThreadId":0},{"TimeCreated":"2025-04-17 20:54:33","LogName":"Application","Level":"Information","EventID":16394,"ProviderName":"Microsoft-Windows-Security-SPP","Message":"Offline downlevel migration succeeded.","MachineName":"DESKTOP-OIQSE1G","UserId":null,"TaskDisplayName":null,"ProcessId":25708,"ThreadId":0},{"TimeCreated":"2025-04-17 20:36:43","LogName":"Application","Level":"Information","EventID":16384,"ProviderName":"Microsoft-Windows-Security-SPP","Message":"Successfully scheduled Software Protection service for re-start at 2125-03-25T02:36:43Z. Reason: RulesEngine.","MachineName":"DESKTOP-OIQSE1G","UserId":null,"TaskDisplayName":null,"ProcessId":55356,"ThreadId":0},{"TimeCreated":"2025-04-17 20:36:13","LogName":"Application","Level":"Information","EventID":16394,"ProviderName":"Microsoft-Windows-Security-SPP","Message":"Offline downlevel migration succeeded.","MachineName":"DESKTOP-OIQSE1G","UserId":null,"TaskDisplayName":null,"ProcessId":55356,"ThreadId":0},{"TimeCreated":"2025-04-17 20:15:47","LogName":"Application","Level":"Information","EventID":16384,"ProviderName":"Microsoft-Windows-Security-SPP","Message":"Successfully scheduled Software Protection service for re-start at 2125-03-25T02:15:47Z. Reason: RulesEngine.","MachineName":"DESKTOP-OIQSE1G","UserId":null,"TaskDisplayName":null,"ProcessId":4336,"ThreadId":0},{"TimeCreated":"2025-04-17 20:15:17","LogName":"Application","Level":"Information","EventID":16394,"ProviderName":"Microsoft-Windows-Security-SPP","Message":"Offline downlevel migration succeeded.","MachineName":"DESKTOP-OIQSE1G","UserId":null,"TaskDisplayName":null,"ProcessId":4336,"ThreadId":0},{"TimeCreated":"2025-04-17 19:40:24","LogName":"Application","Level":"Information","EventID":8224,"ProviderName":"VSS","Message":"The VSS service is shutting down due to idle timeout. ","MachineName":"DESKTOP-OIQSE1G","UserId":null,"TaskDisplayName":"None","ProcessId":57944,"ThreadId":0},{"TimeCreated":"2025-04-17 19:37:55","LogName":"Application","Level":"Information","EventID":16384,"ProviderName":"Microsoft-Windows-Security-SPP","Message":"Successfully scheduled Software Protection service for re-start at 2125-03-25T01:37:55Z. Reason: RulesEngine.","MachineName":"DESKTOP-OIQSE1G","UserId":null,"TaskDisplayName":null,"ProcessId":12560,"ThreadId":0},{"TimeCreated":"2025-04-17 19:37:24","LogName":"Application","Level":"Information","EventID":8216,"ProviderName":"System Restore","Message":"Skipping creation of restore point (Process = C:\\WINDOWS\\system32\\svchost.exe -k netsvcs -p -s wuauserv; Description = Windows Update) as there is a restore point avaliable which is recent enough for System Restore.","MachineName":"DESKTOP-OIQSE1G","UserId":null,"TaskDisplayName":"None","ProcessId":55592,"ThreadId":0},{"TimeCreated":"2025-04-17 19:37:24","LogName":"Application","Level":"Information","EventID":16394,"ProviderName":"Microsoft-Windows-Security-SPP","Message":"Offline downlevel migration succeeded.","MachineName":"DESKTOP-OIQSE1G","UserId":null,"TaskDisplayName":null,"ProcessId":12560,"ThreadId":0},{"TimeCreated":"2025-04-17 19:37:11","LogName":"Application","Level":"Information","EventID":16384,"ProviderName":"Microsoft-Windows-Security-SPP","Message":"Successfully scheduled Software Protection service for re-start at 2125-03-25T01:37:11Z. Reason: RulesEngine.","MachineName":"DESKTOP-OIQSE1G","UserId":null,"TaskDisplayName":null,"ProcessId":15668,"ThreadId":0},{"TimeCreated":"2025-04-17 19:36:41","LogName":"Application","Level":"Information","EventID":16394,"ProviderName":"Microsoft-Windows-Security-SPP","Message":"Offline downlevel migration succeeded.","MachineName":"DESKTOP-OIQSE1G","UserId":null,"TaskDisplayName":null,"ProcessId":15668,"ThreadId":0},{"TimeCreated":"2025-04-17 19:26:22","LogName":"Application","Level":"Information","EventID":1,"ProviderName":"Universal Print","Message":"Successfully received access_token for da9b70f6-5323-4ce6-ae5c-88dcc5082966 with OAuthClientId=dae89220-69ba-4957-a77a-47b78695e883 and OAuthAuthority=https://login.microsoftonline.com/common","MachineName":"DESKTOP-OIQSE1G","UserId":null,"TaskDisplayName":"None","ProcessId":55612,"ThreadId":0},{"TimeCreated":"2025-04-17 19:26:21","LogName":"Application","Level":"Information","EventID":1,"ProviderName":"Universal Print","Message":"Successfully received access_token for da9b70f6-5323-4ce6-ae5c-88dcc5082966 with OAuthClientId=dae89220-69ba-4957-a77a-47b78695e883 and OAuthAuthority=https://login.microsoftonline.com/common","MachineName":"DESKTOP-OIQSE1G","UserId":null,"TaskDisplayName":"None","ProcessId":55612,"ThreadId":0},{"TimeCreated":"2025-04-17 19:26:21","LogName":"Application","Level":"Information","EventID":1,"ProviderName":"Universal Print","Message":"Initialization Successful. Enabled=true, CloudPrintSolution=UniversalPrint, DiscoveryEndpoint=https://discovery.print.microsoft.com, OAuthAuthority=https://login.microsoftonline.com/common, OAuthClientId=dae89220-69ba-4957-a77a-47b78695e883, DiscoveryResourceId=da9b70f6-5323-4ce6-ae5c-88dcc5082966, PrintResourceId=da9b70f6-5323-4ce6-ae5c-88dcc5082966","MachineName":"DESKTOP-OIQSE1G","UserId":null,"TaskDisplayName":"None","ProcessId":55612,"ThreadId":0},{"TimeCreated":"2025-04-17 19:26:21","LogName":"Application","Level":"Information","EventID":1,"ProviderName":"Universal Print","Message":"Successfully received access_token for da9b70f6-5323-4ce6-ae5c-88dcc5082966 with OAuthClientId=dae89220-69ba-4957-a77a-47b78695e883 and OAuthAuthority=https://login.microsoftonline.com/common","MachineName":"DESKTOP-OIQSE1G","UserId":null,"TaskDisplayName":"None","ProcessId":55612,"ThreadId":0},{"TimeCreated":"2025-04-17 19:26:21","LogName":"Application","Level":"Information","EventID":1,"ProviderName":"Universal Print","Message":"Using cached state. State: Enabled","MachineName":"DESKTOP-OIQSE1G","UserId":null,"TaskDisplayName":"None","ProcessId":55612,"ThreadId":0},{"TimeCreated":"2025-04-17 19:26:21","LogName":"Application","Level":"Information","EventID":1,"ProviderName":"Universal Print","Message":"Device is Workplace Joined.","MachineName":"DESKTOP-OIQSE1G","UserId":null,"TaskDisplayName":"None","ProcessId":55612,"ThreadId":0},{"TimeCreated":"2025-04-17 19:25:34","LogName":"Application","Level":"Information","EventID":1,"ProviderName":"Universal Print","Message":"Successfully received access_token for da9b70f6-5323-4ce6-ae5c-88dcc5082966 with OAuthClientId=dae89220-69ba-4957-a77a-47b78695e883 and OAuthAuthority=https://login.microsoftonline.com/common","MachineName":"DESKTOP-OIQSE1G","UserId":null,"TaskDisplayName":"None","ProcessId":39784,"ThreadId":0},{"TimeCreated":"2025-04-17 19:25:33","LogName":"Application","Level":"Information","EventID":1,"ProviderName":"Universal Print","Message":"Successfully received access_token for da9b70f6-5323-4ce6-ae5c-88dcc5082966 with OAuthClientId=dae89220-69ba-4957-a77a-47b78695e883 and OAuthAuthority=https://login.microsoftonline.com/common","MachineName":"DESKTOP-OIQSE1G","UserId":null,"TaskDisplayName":"None","ProcessId":39784,"ThreadId":0},{"TimeCreated":"2025-04-17 19:25:33","LogName":"Application","Level":"Information","EventID":1,"ProviderName":"Universal Print","Message":"Initialization Successful. Enabled=true, CloudPrintSolution=UniversalPrint, DiscoveryEndpoint=https://discovery.print.microsoft.com, OAuthAuthority=https://login.microsoftonline.com/common, OAuthClientId=dae89220-69ba-4957-a77a-47b78695e883, DiscoveryResourceId=da9b70f6-5323-4ce6-ae5c-88dcc5082966, PrintResourceId=da9b70f6-5323-4ce6-ae5c-88dcc5082966","MachineName":"DESKTOP-OIQSE1G","UserId":null,"TaskDisplayName":"None","ProcessId":39784,"ThreadId":0},{"TimeCreated":"2025-04-17 19:25:33","LogName":"Application","Level":"Information","EventID":1,"ProviderName":"Universal Print","Message":"Successfully received access_token for da9b70f6-5323-4ce6-ae5c-88dcc5082966 with OAuthClientId=dae89220-69ba-4957-a77a-47b78695e883 and OAuthAuthority=https://login.microsoftonline.com/common","MachineName":"DESKTOP-OIQSE1G","UserId":null,"TaskDisplayName":"None","ProcessId":39784,"ThreadId":0},{"TimeCreated":"2025-04-17 19:25:33","LogName":"Application","Level":"Information","EventID":1,"ProviderName":"Universal Print","Message":"Using cached state. State: Enabled","MachineName":"DESKTOP-OIQSE1G","UserId":null,"TaskDisplayName":"None","ProcessId":39784,"ThreadId":0},{"TimeCreated":"2025-04-17 19:25:33","LogName":"Application","Level":"Information","EventID":1,"ProviderName":"Universal Print","Message":"Device is Workplace Joined.","MachineName":"DESKTOP-OIQSE1G","UserId":null,"TaskDisplayName":"None","ProcessId":39784,"ThreadId":0},{"TimeCreated":"2025-04-17 18:59:58","LogName":"Application","Level":"Information","EventID":16384,"ProviderName":"Microsoft-Windows-Security-SPP","Message":"Successfully scheduled Software Protection service for re-start at 2125-03-25T00:59:58Z. Reason: RulesEngine.","MachineName":"DESKTOP-OIQSE1G","UserId":null,"TaskDisplayName":null,"ProcessId":52936,"ThreadId":0},{"TimeCreated":"2025-04-17 18:59:28","LogName":"Application","Level":"Information","EventID":16394,"ProviderName":"Microsoft-Windows-Security-SPP","Message":"Offline downlevel migration succeeded.","MachineName":"DESKTOP-OIQSE1G","UserId":null,"TaskDisplayName":null,"ProcessId":52936,"ThreadId":0},{"TimeCreated":"2025-04-17 18:53:50","LogName":"Application","Level":"Information","EventID":15,"ProviderName":"SecurityCenter","Message":"Updated Windows Defender status successfully to SECURITY_PRODUCT_STATE_ON.","MachineName":"DESKTOP-OIQSE1G","UserId":null,"TaskDisplayName":"None","ProcessId":20996,"ThreadId":0},{"TimeCreated":"2025-04-17 18:53:48","LogName":"Application","Level":"Information","EventID":15,"ProviderName":"SecurityCenter","Message":"Updated Windows Defender status successfully to SECURITY_PRODUCT_STATE_ON.","MachineName":"DESKTOP-OIQSE1G","UserId":null,"TaskDisplayName":"None","ProcessId":20996,"ThreadId":0},{"TimeCreated":"2025-04-17 18:43:30","LogName":"Application","Level":"Information","EventID":8224,"ProviderName":"VSS","Message":"The VSS service is shutting down due to idle timeout. ","MachineName":"DESKTOP-OIQSE1G","UserId":null,"TaskDisplayName":"None","ProcessId":31140,"ThreadId":0},{"TimeCreated":"2025-04-17 18:40:59","LogName":"Application","Level":"Information","EventID":16384,"ProviderName":"Microsoft-Windows-Security-SPP","Message":"Successfully scheduled Software Protection service for re-start at 2125-03-25T00:40:59Z. Reason: RulesEngine.","MachineName":"DESKTOP-OIQSE1G","UserId":null,"TaskDisplayName":null,"ProcessId":55104,"ThreadId":0},{"TimeCreated":"2025-04-17 18:40:32","LogName":"Application","Level":"Information","EventID":1001,"ProviderName":"Windows Error Reporting","Message":"Fault bucket 2224500542900477679, type 5\\nEvent Name: StoreAgentInstallFailure1\\nResponse: Not available\\nCab Id: 0\\n\\nProblem signature:\\nP1: Update;ScanForUpdatesForUser-taskhostw-SearchForAllUpdatesWithUpdateOptionsAsync\\nP2: 80073d02\\nP3: 26100\\nP4: 3775\\nP5: Windows.Desktop\\nP6: H\\nP7: \\nP8: \\nP9: \\nP10: \\n\\nAttached files:\\n\\\\?\\C:\\Windows\\Temp\\FailureReportMetadata_5369.txt\\n\\\\?\\C:\\ProgramData\\Microsoft\\Windows\\WER\\Temp\\WER.226921b7-743d-45c2-9aba-1ae2537d11b8.tmp.WERInternalMetadata.xml\\n\\\\?\\C:\\ProgramData\\Microsoft\\Windows\\WER\\ReportQueue\\NonCritical_Update;ScanForUp_1651ce57d528e45cda0136de9f0f2c67e36ec8c_00000000_cab_7e82d40c-a1d1-4522-86e2-86fc3305544c\\WPR_initiated_DiagTrackMiniLogger_OneTrace_User_Logger_20240808_1_EC_0_inject.etl\\n\\\\?\\C:\\ProgramData\\Microsoft\\Windows\\WER\\Temp\\WER.85b35e56-da86-4a52-aafd-b24e304a5a42.tmp.etl\\n\\\\?\\C:\\ProgramData\\Microsoft\\Windows\\WER\\ReportQueue\\NonCritical_Update;ScanForUp_1651ce57d528e45cda0136de9f0f2c67e36ec8c_00000000_cab_7e82d40c-a1d1-4522-86e2-86fc3305544c\\WPR_initiated_DiagTrackMiniLogger_WPR System Collector_inject.etl\\n\\\\?\\C:\\ProgramData\\Microsoft\\Windows\\WER\\Temp\\WER.907a633d-8f69-4c3d-9cac-55d2cd636bc8.tmp.etl\\n\\\\?\\C:\\ProgramData\\Microsoft\\Windows\\WER\\Temp\\WER.65aefe28-7e96-47dd-b752-d0a785a64e9e.tmp.csv\\n\\\\?\\C:\\ProgramData\\Microsoft\\Windows\\WER\\Temp\\WER.55e978f6-463b-4d97-98a0-937c09550bab.tmp.txt\\n\\\\?\\C:\\ProgramData\\Microsoft\\Windows\\WER\\Temp\\WER.e750558a-5d1c-430c-9733-cc5d9f0c485c.tmp.xml\\n\\nThese files may be available here:\\n\\\\?\\C:\\ProgramData\\Microsoft\\Windows\\WER\\ReportArchive\\NonCritical_Update;ScanForUp_1651ce57d528e45cda0136de9f0f2c67e36ec8c_00000000_7e82d40c-a1d1-4522-86e2-86fc3305544c\\n\\nAnalysis symbol: \\nRechecking for solution: 0\\nReport Id: 7e82d40c-a1d1-4522-86e2-86fc3305544c\\nReport Status: 268435456\\nHashed bucket: b01d96e3c0d1c03e6edf0375363f1eef\\nCab Guid: 0","MachineName":"DESKTOP-OIQSE1G","UserId":{"BinaryLength":12,"AccountDomainSid":null,"Value":"S-1-5-18"},"TaskDisplayName":null,"ProcessId":51164,"ThreadId":40168},{"TimeCreated":"2025-04-17 18:40:32","LogName":"Application","Level":"Information","EventID":1001,"ProviderName":"Windows Error Reporting","Message":"Fault bucket , type 0\\nEvent Name: StoreAgentInstallFailure1\\nResponse: Not available\\nCab Id: 0\\n\\nProblem signature:\\nP1: Update;ScanForUpdatesForUser-taskhostw-SearchForAllUpdatesWithUpdateOptionsAsync\\nP2: 80073d02\\nP3: 26100\\nP4: 3775\\nP5: Windows.Desktop\\nP6: H\\nP7: \\nP8: \\nP9: \\nP10: \\n\\nAttached files:\\n\\\\?\\C:\\Windows\\Temp\\FailureReportMetadata_5369.txt\\n\\\\?\\C:\\ProgramData\\Microsoft\\Windows\\WER\\Temp\\WER.226921b7-743d-45c2-9aba-1ae2537d11b8.tmp.WERInternalMetadata.xml\\n\\\\?\\C:\\ProgramData\\Microsoft\\Windows\\WER\\ReportQueue\\NonCritical_Update;ScanForUp_1651ce57d528e45cda0136de9f0f2c67e36ec8c_00000000_cab_7e82d40c-a1d1-4522-86e2-86fc3305544c\\WPR_initiated_DiagTrackMiniLogger_OneTrace_User_Logger_20240808_1_EC_0_inject.etl\\n\\\\?\\C:\\ProgramData\\Microsoft\\Windows\\WER\\Temp\\WER.85b35e56-da86-4a52-aafd-b24e304a5a42.tmp.etl\\n\\\\?\\C:\\ProgramData\\Microsoft\\Windows\\WER\\ReportQueue\\NonCritical_Update;ScanForUp_1651ce57d528e45cda0136de9f0f2c67e36ec8c_00000000_cab_7e82d40c-a1d1-4522-86e2-86fc3305544c\\WPR_initiated_DiagTrackMiniLogger_WPR System Collector_inject.etl\\n\\\\?\\C:\\ProgramData\\Microsoft\\Windows\\WER\\Temp\\WER.907a633d-8f69-4c3d-9cac-55d2cd636bc8.tmp.etl\\n\\\\?\\C:\\ProgramData\\Microsoft\\Windows\\WER\\Temp\\WER.65aefe28-7e96-47dd-b752-d0a785a64e9e.tmp.csv\\n\\\\?\\C:\\ProgramData\\Microsoft\\Windows\\WER\\Temp\\WER.55e978f6-463b-4d97-98a0-937c09550bab.tmp.txt\\n\\\\?\\C:\\ProgramData\\Microsoft\\Windows\\WER\\Temp\\WER.e750558a-5d1c-430c-9733-cc5d9f0c485c.tmp.xml\\n\\nThese files may be available here:\\n\\\\?\\C:\\ProgramData\\Microsoft\\Windows\\WER\\ReportQueue\\NonCritical_Update;ScanForUp_1651ce57d528e45cda0136de9f0f2c67e36ec8c_00000000_cab_7e82d40c-a1d1-4522-86e2-86fc3305544c\\n\\nAnalysis symbol: \\nRechecking for solution: 0\\nReport Id: 7e82d40c-a1d1-4522-86e2-86fc3305544c\\nReport Status: 4\\nHashed bucket: \\nCab Guid: 0","MachineName":"DESKTOP-OIQSE1G","UserId":{"BinaryLength":12,"AccountDomainSid":null,"Value":"S-1-5-18"},"TaskDisplayName":null,"ProcessId":4600,"ThreadId":38788},{"TimeCreated":"2025-04-17 18:40:30","LogName":"Application","Level":"Information","EventID":8216,"ProviderName":"System Restore","Message":"Skipping creation of restore point (Process = C:\\WINDOWS\\system32\\svchost.exe -k netsvcs -p -s wuauserv; Description = Windows Update) as there is a restore point avaliable which is recent enough for System Restore.","MachineName":"DESKTOP-OIQSE1G","UserId":null,"TaskDisplayName":"None","ProcessId":38892,"ThreadId":0},{"TimeCreated":"2025-04-17 18:40:30","LogName":"Application","Level":"Information","EventID":8216,"ProviderName":"System Restore","Message":"Skipping creation of restore point (Process = C:\\WINDOWS\\system32\\svchost.exe -k netsvcs -p -s wuauserv; Description = Windows Update) as there is a restore point avaliable which is recent enough for System Restore.","MachineName":"DESKTOP-OIQSE1G","UserId":null,"TaskDisplayName":"None","ProcessId":38892,"ThreadId":0},{"TimeCreated":"2025-04-17 18:40:28","LogName":"Application","Level":"Information","EventID":16394,"ProviderName":"Microsoft-Windows-Security-SPP","Message":"Offline downlevel migration succeeded.","MachineName":"DESKTOP-OIQSE1G","UserId":null,"TaskDisplayName":null,"ProcessId":55104,"ThreadId":0},{"TimeCreated":"2025-04-17 18:35:41","LogName":"Application","Level":"Information","EventID":1,"ProviderName":"Universal Print","Message":"Successfully received access_token for da9b70f6-5323-4ce6-ae5c-88dcc5082966 with OAuthClientId=dae89220-69ba-4957-a77a-47b78695e883 and OAuthAuthority=https://login.microsoftonline.com/common","MachineName":"DESKTOP-OIQSE1G","UserId":null,"TaskDisplayName":"None","ProcessId":3608,"ThreadId":0},{"TimeCreated":"2025-04-17 18:35:41","LogName":"Application","Level":"Information","EventID":1,"ProviderName":"Universal Print","Message":"Successfully received access_token for da9b70f6-5323-4ce6-ae5c-88dcc5082966 with OAuthClientId=dae89220-69ba-4957-a77a-47b78695e883 and OAuthAuthority=https://login.microsoftonline.com/common","MachineName":"DESKTOP-OIQSE1G","UserId":null,"TaskDisplayName":"None","ProcessId":3608,"ThreadId":0},{"TimeCreated":"2025-04-17 18:35:41","LogName":"Application","Level":"Information","EventID":1,"ProviderName":"Universal Print","Message":"Initialization Successful. Enabled=true, CloudPrintSolution=UniversalPrint, DiscoveryEndpoint=https://discovery.print.microsoft.com, OAuthAuthority=https://login.microsoftonline.com/common, OAuthClientId=dae89220-69ba-4957-a77a-47b78695e883, DiscoveryResourceId=da9b70f6-5323-4ce6-ae5c-88dcc5082966, PrintResourceId=da9b70f6-5323-4ce6-ae5c-88dcc5082966","MachineName":"DESKTOP-OIQSE1G","UserId":null,"TaskDisplayName":"None","ProcessId":3608,"ThreadId":0},{"TimeCreated":"2025-04-17 18:35:41","LogName":"Application","Level":"Information","EventID":1,"ProviderName":"Universal Print","Message":"Successfully received access_token for da9b70f6-5323-4ce6-ae5c-88dcc5082966 with OAuthClientId=dae89220-69ba-4957-a77a-47b78695e883 and OAuthAuthority=https://login.microsoftonline.com/common","MachineName":"DESKTOP-OIQSE1G","UserId":null,"TaskDisplayName":"None","ProcessId":3608,"ThreadId":0},{"TimeCreated":"2025-04-17 18:35:41","LogName":"Application","Level":"Information","EventID":1,"ProviderName":"Universal Print","Message":"Using cached state. State: Enabled","MachineName":"DESKTOP-OIQSE1G","UserId":null,"TaskDisplayName":"None","ProcessId":3608,"ThreadId":0},{"TimeCreated":"2025-04-17 18:35:41","LogName":"Application","Level":"Information","EventID":1,"ProviderName":"Universal Print","Message":"Device is Workplace Joined.","MachineName":"DESKTOP-OIQSE1G","UserId":null,"TaskDisplayName":"None","ProcessId":3608,"ThreadId":0},{"TimeCreated":"2025-04-17 18:35:20","LogName":"Application","Level":"Information","EventID":16384,"ProviderName":"Microsoft-Windows-Security-SPP","Message":"Successfully scheduled Software Protection service for re-start at 2125-03-25T00:35:20Z. Reason: RulesEngine.","MachineName":"DESKTOP-OIQSE1G","UserId":null,"TaskDisplayName":null,"ProcessId":45512,"ThreadId":0},{"TimeCreated":"2025-04-17 18:35:00","LogName":"Application","Level":"Information","EventID":1,"ProviderName":"Universal Print","Message":"Successfully received access_token for da9b70f6-5323-4ce6-ae5c-88dcc5082966 with OAuthClientId=dae89220-69ba-4957-a77a-47b78695e883 and OAuthAuthority=https://login.microsoftonline.com/common","MachineName":"DESKTOP-OIQSE1G","UserId":null,"TaskDisplayName":"None","ProcessId":40636,"ThreadId":0},{"TimeCreated":"2025-04-17 18:35:00","LogName":"Application","Level":"Information","EventID":1,"ProviderName":"Universal Print","Message":"Successfully received access_token for da9b70f6-5323-4ce6-ae5c-88dcc5082966 with OAuthClientId=dae89220-69ba-4957-a77a-47b78695e883 and OAuthAuthority=https://login.microsoftonline.com/common","MachineName":"DESKTOP-OIQSE1G","UserId":null,"TaskDisplayName":"None","ProcessId":40636,"ThreadId":0},{"TimeCreated":"2025-04-17 18:34:53","LogName":"Application","Level":"Information","EventID":1,"ProviderName":"Universal Print","Message":"Initialization Successful. Enabled=true, CloudPrintSolution=UniversalPrint, DiscoveryEndpoint=https://discovery.print.microsoft.com, OAuthAuthority=https://login.microsoftonline.com/common, OAuthClientId=dae89220-69ba-4957-a77a-47b78695e883, DiscoveryResourceId=da9b70f6-5323-4ce6-ae5c-88dcc5082966, PrintResourceId=da9b70f6-5323-4ce6-ae5c-88dcc5082966","MachineName":"DESKTOP-OIQSE1G","UserId":null,"TaskDisplayName":"None","ProcessId":40636,"ThreadId":0},{"TimeCreated":"2025-04-17 18:34:53","LogName":"Application","Level":"Information","EventID":1,"ProviderName":"Universal Print","Message":"Successfully received access_token for da9b70f6-5323-4ce6-ae5c-88dcc5082966 with OAuthClientId=dae89220-69ba-4957-a77a-47b78695e883 and OAuthAuthority=https://login.microsoftonline.com/common","MachineName":"DESKTOP-OIQSE1G","UserId":null,"TaskDisplayName":"None","ProcessId":40636,"ThreadId":0},{"TimeCreated":"2025-04-17 18:34:53","LogName":"Application","Level":"Information","EventID":1,"ProviderName":"Universal Print","Message":"Using cached state. State: Enabled","MachineName":"DESKTOP-OIQSE1G","UserId":null,"TaskDisplayName":"None","ProcessId":40636,"ThreadId":0},{"TimeCreated":"2025-04-17 18:34:53","LogName":"Application","Level":"Information","EventID":1,"ProviderName":"Universal Print","Message":"Device is Workplace Joined.","MachineName":"DESKTOP-OIQSE1G","UserId":null,"TaskDisplayName":"None","ProcessId":40636,"ThreadId":0},{"TimeCreated":"2025-04-17 18:34:50","LogName":"Application","Level":"Information","EventID":16394,"ProviderName":"Microsoft-Windows-Security-SPP","Message":"Offline downlevel migration succeeded.","MachineName":"DESKTOP-OIQSE1G","UserId":null,"TaskDisplayName":null,"ProcessId":45512,"ThreadId":0},{"TimeCreated":"2025-04-17 18:34:36","LogName":"Application","Level":"Information","EventID":16384,"ProviderName":"Microsoft-Windows-Security-SPP","Message":"Successfully scheduled Software Protection service for re-start at 2125-03-25T00:34:36Z. Reason: RulesEngine.","MachineName":"DESKTOP-OIQSE1G","UserId":null,"TaskDisplayName":null,"ProcessId":32476,"ThreadId":0},{"TimeCreated":"2025-04-17 18:34:13","LogName":"Application","Level":"Information","EventID":15,"ProviderName":"SecurityCenter","Message":"Updated Windows Defender status successfully to SECURITY_PRODUCT_STATE_ON.","MachineName":"DESKTOP-OIQSE1G","UserId":null,"TaskDisplayName":"None","ProcessId":20996,"ThreadId":0},{"TimeCreated":"2025-04-17 18:33:48","LogName":"Application","Level":"Information","EventID":16394,"ProviderName":"Microsoft-Windows-Security-SPP","Message":"Offline downlevel migration succeeded.","MachineName":"DESKTOP-OIQSE1G","UserId":null,"TaskDisplayName":null,"ProcessId":32476,"ThreadId":0},{"TimeCreated":"2025-04-17 18:30:13","LogName":"Application","Level":"Information","EventID":1,"ProviderName":"Universal Print","Message":"Successfully received access_token for da9b70f6-5323-4ce6-ae5c-88dcc5082966 with OAuthClientId=dae89220-69ba-4957-a77a-47b78695e883 and OAuthAuthority=https://login.microsoftonline.com/common","MachineName":"DESKTOP-OIQSE1G","UserId":null,"TaskDisplayName":"None","ProcessId":57976,"ThreadId":0},{"TimeCreated":"2025-04-17 18:30:13","LogName":"Application","Level":"Information","EventID":1,"ProviderName":"Universal Print","Message":"Successfully received access_token for da9b70f6-5323-4ce6-ae5c-88dcc5082966 with OAuthClientId=dae89220-69ba-4957-a77a-47b78695e883 and OAuthAuthority=https://login.microsoftonline.com/common","MachineName":"DESKTOP-OIQSE1G","UserId":null,"TaskDisplayName":"None","ProcessId":57976,"ThreadId":0},{"TimeCreated":"2025-04-17 18:30:13","LogName":"Application","Level":"Information","EventID":1,"ProviderName":"Universal Print","Message":"Initialization Successful. Enabled=true, CloudPrintSolution=UniversalPrint, DiscoveryEndpoint=https://discovery.print.microsoft.com, OAuthAuthority=https://login.microsoftonline.com/common, OAuthClientId=dae89220-69ba-4957-a77a-47b78695e883, DiscoveryResourceId=da9b70f6-5323-4ce6-ae5c-88dcc5082966, PrintResourceId=da9b70f6-5323-4ce6-ae5c-88dcc5082966","MachineName":"DESKTOP-OIQSE1G","UserId":null,"TaskDisplayName":"None","ProcessId":57976,"ThreadId":0},{"TimeCreated":"2025-04-17 18:30:13","LogName":"Application","Level":"Information","EventID":1,"ProviderName":"Universal Print","Message":"Successfully received access_token for da9b70f6-5323-4ce6-ae5c-88dcc5082966 with OAuthClientId=dae89220-69ba-4957-a77a-47b78695e883 and OAuthAuthority=https://login.microsoftonline.com/common","MachineName":"DESKTOP-OIQSE1G","UserId":null,"TaskDisplayName":"None","ProcessId":57976,"ThreadId":0},{"TimeCreated":"2025-04-17 18:30:13","LogName":"Application","Level":"Information","EventID":1,"ProviderName":"Universal Print","Message":"Using cached state. State: Enabled","MachineName":"DESKTOP-OIQSE1G","UserId":null,"TaskDisplayName":"None","ProcessId":57976,"ThreadId":0},{"TimeCreated":"2025-04-17 18:30:13","LogName":"Application","Level":"Information","EventID":1,"ProviderName":"Universal Print","Message":"Device is Workplace Joined.","MachineName":"DESKTOP-OIQSE1G","UserId":null,"TaskDisplayName":"None","ProcessId":57976,"ThreadId":0},{"TimeCreated":"2025-04-17 18:30:06","LogName":"Application","Level":"Information","EventID":1042,"ProviderName":"MsiInstaller","Message":"Ending a Windows Installer transaction: C:\\Program Files (x86)\\Common Files\\Adobe\\ARM\\1.0\\Cache\\Arm_018244601110_10853800086598259661345880471100259146.msi. Client Process Id: 8076.","MachineName":"DESKTOP-OIQSE1G","UserId":{"BinaryLength":12,"AccountDomainSid":null,"Value":"S-1-5-18"},"TaskDisplayName":"None","ProcessId":54616,"ThreadId":0},{"TimeCreated":"2025-04-17 18:30:06","LogName":"Application","Level":"Information","EventID":1033,"ProviderName":"MsiInstaller","Message":"Windows Installer installed the product. Product Name: Adobe Refresh Manager. Product Version: 1.8.0. Product Language: 1033. Manufacturer: Adobe Systems Incorporated. Installation success or error status: 0.","MachineName":"DESKTOP-OIQSE1G","UserId":{"BinaryLength":12,"AccountDomainSid":null,"Value":"S-1-5-18"},"TaskDisplayName":"None","ProcessId":54616,"ThreadId":0},{"TimeCreated":"2025-04-17 18:30:06","LogName":"Application","Level":"Information","EventID":11707,"ProviderName":"MsiInstaller","Message":"Product: Adobe Refresh Manager -- Installation operation completed successfully.","MachineName":"DESKTOP-OIQSE1G","UserId":{"BinaryLength":12,"AccountDomainSid":null,"Value":"S-1-5-18"},"TaskDisplayName":"None","ProcessId":54616,"ThreadId":0},{"TimeCreated":"2025-04-17 18:30:06","LogName":"Application","Level":"Information","EventID":0,"ProviderName":"AdobeARMservice","Message":"","MachineName":"DESKTOP-OIQSE1G","UserId":null,"TaskDisplayName":null,"ProcessId":38968,"ThreadId":0},{"TimeCreated":"2025-04-17 18:30:05","LogName":"Application","Level":"Information","EventID":0,"ProviderName":"AdobeARMservice","Message":"","MachineName":"DESKTOP-OIQSE1G","UserId":null,"TaskDisplayName":null,"ProcessId":4368,"ThreadId":0},{"TimeCreated":"2025-04-17 18:29:55","LogName":"Application","Level":"Information","EventID":0,"ProviderName":"edgeupdate","Message":"Service stopped.","MachineName":"DESKTOP-OIQSE1G","UserId":null,"TaskDisplayName":"None","ProcessId":31632,"ThreadId":0},{"TimeCreated":"2025-04-17 18:29:27","LogName":"Application","Level":"Information","EventID":1,"ProviderName":"Universal Print","Message":"Successfully received access_token for da9b70f6-5323-4ce6-ae5c-88dcc5082966 with OAuthClientId=dae89220-69ba-4957-a77a-47b78695e883 and OAuthAuthority=https://login.microsoftonline.com/common","MachineName":"DESKTOP-OIQSE1G","UserId":null,"TaskDisplayName":"None","ProcessId":49164,"ThreadId":0},{"TimeCreated":"2025-04-17 18:29:27","LogName":"Application","Level":"Information","EventID":1,"ProviderName":"Universal Print","Message":"Successfully received access_token for da9b70f6-5323-4ce6-ae5c-88dcc5082966 with OAuthClientId=dae89220-69ba-4957-a77a-47b78695e883 and OAuthAuthority=https://login.microsoftonline.com/common","MachineName":"DESKTOP-OIQSE1G","UserId":null,"TaskDisplayName":"None","ProcessId":49164,"ThreadId":0},{"TimeCreated":"2025-04-17 18:29:26","LogName":"Application","Level":"Information","EventID":1,"ProviderName":"Universal Print","Message":"Initialization Successful. Enabled=true, CloudPrintSolution=UniversalPrint, DiscoveryEndpoint=https://discovery.print.microsoft.com, OAuthAuthority=https://login.microsoftonline.com/common, OAuthClientId=dae89220-69ba-4957-a77a-47b78695e883, DiscoveryResourceId=da9b70f6-5323-4ce6-ae5c-88dcc5082966, PrintResourceId=da9b70f6-5323-4ce6-ae5c-88dcc5082966","MachineName":"DESKTOP-OIQSE1G","UserId":null,"TaskDisplayName":"None","ProcessId":49164,"ThreadId":0},{"TimeCreated":"2025-04-17 18:29:26","LogName":"Application","Level":"Information","EventID":1,"ProviderName":"Universal Print","Message":"Successfully received access_token for da9b70f6-5323-4ce6-ae5c-88dcc5082966 with OAuthClientId=dae89220-69ba-4957-a77a-47b78695e883 and OAuthAuthority=https://login.microsoftonline.com/common","MachineName":"DESKTOP-OIQSE1G","UserId":null,"TaskDisplayName":"None","ProcessId":49164,"ThreadId":0},{"TimeCreated":"2025-04-17 18:29:26","LogName":"Application","Level":"Information","EventID":16384,"ProviderName":"Microsoft-Windows-Security-SPP","Message":"Successfully scheduled Software Protection service for re-start at 2125-03-25T00:29:26Z. Reason: RulesEngine.","MachineName":"DESKTOP-OIQSE1G","UserId":null,"TaskDisplayName":null,"ProcessId":24444,"ThreadId":0},{"TimeCreated":"2025-04-17 18:29:24","LogName":"Application","Level":"Information","EventID":1,"ProviderName":"Universal Print","Message":"Successfully received access_token for 00000003-0000-0000-c000-000000000000 with OAuthClientId=dae89220-69ba-4957-a77a-47b78695e883 and OAuthAuthority=https://login.microsoftonline.com/common","MachineName":"DESKTOP-OIQSE1G","UserId":null,"TaskDisplayName":"None","ProcessId":49164,"ThreadId":0},{"TimeCreated":"2025-04-17 18:29:23","LogName":"Application","Level":"Information","EventID":1,"ProviderName":"Universal Print","Message":"Device is Workplace Joined.","MachineName":"DESKTOP-OIQSE1G","UserId":null,"TaskDisplayName":"None","ProcessId":49164,"ThreadId":0},{"TimeCreated":"2025-04-17 18:29:16","LogName":"Application","Level":"Information","EventID":1040,"ProviderName":"MsiInstaller","Message":"Beginning a Windows Installer transaction: C:\\Program Files (x86)\\Common Files\\Adobe\\ARM\\1.0\\Cache\\Arm_018244601110_10853800086598259661345880471100259146.msi. Client Process Id: 8076.","MachineName":"DESKTOP-OIQSE1G","UserId":{"BinaryLength":12,"AccountDomainSid":null,"Value":"S-1-5-18"},"TaskDisplayName":"None","ProcessId":54616,"ThreadId":0},{"TimeCreated":"2025-04-17 18:28:55","LogName":"Application","Level":"Information","EventID":16394,"ProviderName":"Microsoft-Windows-Security-SPP","Message":"Offline downlevel migration succeeded.","MachineName":"DESKTOP-OIQSE1G","UserId":null,"TaskDisplayName":null,"ProcessId":24444,"ThreadId":0},{"TimeCreated":"2025-04-17 18:28:55","LogName":"Application","Level":"Information","EventID":0,"ProviderName":"OneDriveUpdaterService","Message":"","MachineName":"DESKTOP-OIQSE1G","UserId":null,"TaskDisplayName":null,"ProcessId":30220,"ThreadId":0},{"TimeCreated":"2025-04-17 18:28:47","LogName":"Application","Level":"Information","EventID":0,"ProviderName":"OneDriveUpdaterService","Message":"","MachineName":"DESKTOP-OIQSE1G","UserId":null,"TaskDisplayName":null,"ProcessId":30220,"ThreadId":0},{"TimeCreated":"2025-04-16 22:11:43","LogName":"Application","Level":"Information","EventID":16384,"ProviderName":"Microsoft-Windows-Security-SPP","Message":"Successfully scheduled Software Protection service for re-start at 2125-03-24T04:11:43Z. Reason: RulesEngine.","MachineName":"DESKTOP-OIQSE1G","UserId":null,"TaskDisplayName":null,"ProcessId":49968,"ThreadId":0},{"TimeCreated":"2025-04-16 22:11:12","LogName":"Application","Level":"Information","EventID":16394,"ProviderName":"Microsoft-Windows-Security-SPP","Message":"Offline downlevel migration succeeded.","MachineName":"DESKTOP-OIQSE1G","UserId":null,"TaskDisplayName":null,"ProcessId":49968,"ThreadId":0},{"TimeCreated":"2025-04-16 21:53:15","LogName":"Application","Level":"Information","EventID":16384,"ProviderName":"Microsoft-Windows-Security-SPP","Message":"Successfully scheduled Software Protection service for re-start at 2125-03-24T03:53:15Z. Reason: RulesEngine.","MachineName":"DESKTOP-OIQSE1G","UserId":null,"TaskDisplayName":null,"ProcessId":43668,"ThreadId":0},{"TimeCreated":"2025-04-16 21:52:45","LogName":"Application","Level":"Information","EventID":16394,"ProviderName":"Microsoft-Windows-Security-SPP","Message":"Offline downlevel migration succeeded.","MachineName":"DESKTOP-OIQSE1G","UserId":null,"TaskDisplayName":null,"ProcessId":43668,"ThreadId":0},{"TimeCreated":"2025-04-16 21:24:15","LogName":"Application","Level":"Information","EventID":16384,"ProviderName":"Microsoft-Windows-Security-SPP","Message":"Successfully scheduled Software Protection service for re-start at 2125-03-24T03:24:15Z. Reason: RulesEngine.","MachineName":"DESKTOP-OIQSE1G","UserId":null,"TaskDisplayName":null,"ProcessId":53972,"ThreadId":0},{"TimeCreated":"2025-04-16 21:23:45","LogName":"Application","Level":"Information","EventID":16394,"ProviderName":"Microsoft-Windows-Security-SPP","Message":"Offline downlevel migration succeeded.","MachineName":"DESKTOP-OIQSE1G","UserId":null,"TaskDisplayName":null,"ProcessId":53972,"ThreadId":0},{"TimeCreated":"2025-04-16 21:03:35","LogName":"Application","Level":"Information","EventID":16384,"ProviderName":"Microsoft-Windows-Security-SPP","Message":"Successfully scheduled Software Protection service for re-start at 2125-03-24T03:03:35Z. Reason: RulesEngine.","MachineName":"DESKTOP-OIQSE1G","UserId":null,"TaskDisplayName":null,"ProcessId":16752,"ThreadId":0},{"TimeCreated":"2025-04-16 21:03:00","LogName":"Application","Level":"Information","EventID":16394,"ProviderName":"Microsoft-Windows-Security-SPP","Message":"Offline downlevel migration succeeded.","MachineName":"DESKTOP-OIQSE1G","UserId":null,"TaskDisplayName":null,"ProcessId":16752,"ThreadId":0},{"TimeCreated":"2025-04-16 21:02:55","LogName":"Application","Level":"Information","EventID":2003,"ProviderName":"DSAService","Message":"\u003cDSAExceptionEvent xmlns:xsi=\"http://www.w3.org/2001/XMLSchema-instance\" xmlns:xsd=\"http://www.w3.org/2001/XMLSchema\" xmlns=\"https://www.intel.com\"\u003e\u003cOS\u003e\u003cDescription\u003eWindows 10 Home\u003c/Description\u003e\u003cVersion\u003e6.3\u003c/Version\u003e\u003cBuild\u003e26100\u003c/Build\u003e\u003cRelease\u003e2009\u003c/Release\u003e\u003cEpmId\u003ewindows-11-24h2-64\u003c/EpmId\u003e\u003c/OS\u003e\u003cDSAVersion\u003e25.2.15.9\u003c/DSAVersion\u003e\u003cModule\u003eDSARulesCore.dll\u003c/Module\u003e\u003cClassName\u003eIntel.DSA.Rules.RuleSets.Rebar\u003c/ClassName\u003e\u003cMethodName\u003eConvertDetectionOutputToMessage\u003c/MethodName\u003e\u003cExceptionType\u003eResizableBarMessageException\u003c/ExceptionType\u003e\u003cMessage\u003eCheckAmdPlatform\u003c/Message\u003e\u003c/DSAExceptionEvent\u003e","MachineName":"DESKTOP-OIQSE1G","UserId":null,"TaskDisplayName":"None","ProcessId":4404,"ThreadId":0},{"TimeCreated":"2025-04-16 20:56:10","LogName":"Application","Level":"Information","EventID":1001,"ProviderName":"Windows Error Reporting","Message":"Fault bucket 1215928028218311369, type 4\\nEvent Name: APPCRASH\\nResponse: Not available\\nCab Id: 0\\n\\nProblem signature:\\nP1: pwsh.exe\\nP2: 7.1.3.0\\nP3: 602c44b3\\nP4: KERNELBASE.dll\\nP5: 10.0.26100.3775\\nP6: 6e2fc3bb\\nP7: e0434352\\nP8: 00000000000c933a\\nP9: \\nP10: \\n\\nAttached files:\\n\\\\?\\C:\\ProgramData\\Microsoft\\Windows\\WER\\Temp\\WER.02af8ee3-7169-4c87-b6c2-5bc6a8b66ecd.tmp.mdmp\\n\\\\?\\C:\\ProgramData\\Microsoft\\Windows\\WER\\Temp\\WER.90d73aec-266f-420c-a9ef-fd2b0b400a65.tmp.WERInternalMetadata.xml\\nWPR_initiated_DiagTrackMiniLogger_OneTrace_User_Logger_20250414_1_EC_0_inject.etl\\n\\\\?\\C:\\ProgramData\\Microsoft\\Windows\\WER\\Temp\\WER.f6e25077-0e7f-4e64-9f33-b846ecffae16.tmp.etl\\nWPR_initiated_DiagTrackMiniLogger_WPR System Collector_inject.etl\\n\\\\?\\C:\\ProgramData\\Microsoft\\Windows\\WER\\Temp\\WER.a351d4d0-ec3a-4d1d-aa28-65990ddd168f.tmp.etl\\n\\\\?\\C:\\ProgramData\\Microsoft\\Windows\\WER\\Temp\\WER.5eb40161-9d0f-4113-a083-7f651b1cdf01.tmp.csv\\n\\\\?\\C:\\ProgramData\\Microsoft\\Windows\\WER\\Temp\\WER.186dc836-b49f-4492-8ed5-89c0d3e68a1a.tmp.txt\\n\\\\?\\C:\\ProgramData\\Microsoft\\Windows\\WER\\Temp\\WER.c0575992-543a-4180-bcc6-ee901d574439.tmp.xml\\n\\nThese files may be available here:\\n\\\\?\\C:\\ProgramData\\Microsoft\\Windows\\WER\\ReportArchive\\AppCrash_pwsh.exe_d7eb2f75143fe5a59b1a9fd40b31ea6ab9acfd2_fc6c33bb_a1219d3a-1ddf-46eb-9a10-d0de5c3af437\\n\\nAnalysis symbol: \\nRechecking for solution: 0\\nReport Id: 09f4f080-29eb-41ee-b223-4d416918b124\\nReport Status: 268435456\\nHashed bucket: d26db99b1a959a7020dfd8197264c2c9\\nCab Guid: 0","MachineName":"DESKTOP-OIQSE1G","UserId":{"BinaryLength":28,"AccountDomainSid":{"BinaryLength":24,"AccountDomainSid":{"BinaryLength":24,"AccountDomainSid":{"BinaryLength":24,"AccountDomainSid":{"BinaryLength":24,"AccountDomainSid":{"BinaryLength":24,"AccountDomainSid":{"BinaryLength":24,"AccountDomainSid":"S-1-5-21-3773365355-1627060674-2487742414","Value":"S-1-5-21-3773365355-1627060674-2487742414"},"Value":"S-1-5-21-3773365355-1627060674-2487742414"},"Value":"S-1-5-21-3773365355-1627060674-2487742414"},"Value":"S-1-5-21-3773365355-1627060674-2487742414"},"Value":"S-1-5-21-3773365355-1627060674-2487742414"},"Value":"S-1-5-21-3773365355-1627060674-2487742414"},"Value":"S-1-5-21-3773365355-1627060674-2487742414-1001"},"TaskDisplayName":null,"ProcessId":59720,"ThreadId":35596},{"TimeCreated":"2025-04-16 20:56:08","LogName":"Application","Level":"Error","EventID":1000,"ProviderName":"Application Error","Message":"Faulting application name: pwsh.exe, version: 7.1.3.0, time stamp: 0x602c44b3\\nFaulting module name: KERNELBASE.dll, version: 10.0.26100.3775, time stamp: 0x6e2fc3bb\\nException code: 0xe0434352\\nFault offset: 0x00000000000c933a\\nFaulting process id: 0xAD7C\\nFaulting application start time: 0x1DBAE739374FCD3\\nFaulting application path: C:\\Program Files\\PowerShell\\7\\pwsh.exe\\nFaulting module path: C:\\WINDOWS\\System32\\KERNELBASE.dll\\nReport Id: 09f4f080-29eb-41ee-b223-4d416918b124\\nFaulting package full name: \\nFaulting package-relative application ID: ","MachineName":"DESKTOP-OIQSE1G","UserId":{"BinaryLength":28,"AccountDomainSid":{"BinaryLength":24,"AccountDomainSid":{"BinaryLength":24,"AccountDomainSid":{"BinaryLength":24,"AccountDomainSid":{"BinaryLength":24,"AccountDomainSid":{"BinaryLength":24,"AccountDomainSid":{"BinaryLength":24,"AccountDomainSid":"S-1-5-21-3773365355-1627060674-2487742414","Value":"S-1-5-21-3773365355-1627060674-2487742414"},"Value":"S-1-5-21-3773365355-1627060674-2487742414"},"Value":"S-1-5-21-3773365355-1627060674-2487742414"},"Value":"S-1-5-21-3773365355-1627060674-2487742414"},"Value":"S-1-5-21-3773365355-1627060674-2487742414"},"Value":"S-1-5-21-3773365355-1627060674-2487742414"},"Value":"S-1-5-21-3773365355-1627060674-2487742414-1001"},"TaskDisplayName":"Application Crashing Events","ProcessId":59720,"ThreadId":35596},{"TimeCreated":"2025-04-16 20:56:07","LogName":"Application","Level":"Error","EventID":1026,"ProviderName":".NET Runtime","Message":"Application: pwsh.exe\nCoreCLR Version: 5.0.421.11614\n.NET Version: 5.0.4\nDescription: The process was terminated due to an unhandled exception.\nException Info: System.InvalidOperationException: Cannot read keys when either application does not have a console or when console input has been redirected. Try Console.Read.\\n   at System.ConsolePal.ReadKey(Boolean intercept)\\n   at System.Console.ReadKey(Boolean intercept)\\n   at Microsoft.PowerShell.Internal.VirtualTerminal.ReadKey()\\n   at Microsoft.PowerShell.PSConsoleReadLine.ReadOneOrMoreKeys()\\n   at Microsoft.PowerShell.PSConsoleReadLine.ReadKeyThreadProc()\\n   at System.Threading.ThreadHelper.ThreadStart_Context(Object state)\\n   at System.Threading.ExecutionContext.RunInternal(ExecutionContext executionContext, ContextCallback callback, Object state)\\n--- End of stack trace from previous location ---\\n   at System.Threading.ExecutionContext.RunInternal(ExecutionContext executionContext, ContextCallback callback, Object state)\\n   at System.Threading.ThreadHelper.ThreadStart()\n","MachineName":"DESKTOP-OIQSE1G","UserId":null,"TaskDisplayName":"None","ProcessId":44412,"ThreadId":0},{"TimeCreated":"2025-04-16 20:48:48","LogName":"Application","Level":"Information","EventID":1,"ProviderName":"Universal Print","Message":"Successfully received access_token for da9b70f6-5323-4ce6-ae5c-88dcc5082966 with OAuthClientId=dae89220-69ba-4957-a77a-47b78695e883 and OAuthAuthority=https://login.microsoftonline.com/3d9bab48-5f52-4b7d-a481-771eae5e6ed4","MachineName":"DESKTOP-OIQSE1G","UserId":null,"TaskDisplayName":"None","ProcessId":27928,"ThreadId":0},{"TimeCreated":"2025-04-16 20:48:48","LogName":"Application","Level":"Information","EventID":1,"ProviderName":"Universal Print","Message":"Successfully received access_token for da9b70f6-5323-4ce6-ae5c-88dcc5082966 with OAuthClientId=dae89220-69ba-4957-a77a-47b78695e883 and OAuthAuthority=https://login.microsoftonline.com/3d9bab48-5f52-4b7d-a481-771eae5e6ed4","MachineName":"DESKTOP-OIQSE1G","UserId":null,"TaskDisplayName":"None","ProcessId":27928,"ThreadId":0},{"TimeCreated":"2025-04-16 20:48:48","LogName":"Application","Level":"Information","EventID":1,"ProviderName":"Universal Print","Message":"Initialization Successful. Enabled=true, CloudPrintSolution=UniversalPrint, DiscoveryEndpoint=https://discovery.print.microsoft.com, OAuthAuthority=https://login.microsoftonline.com/3d9bab48-5f52-4b7d-a481-771eae5e6ed4, OAuthClientId=dae89220-69ba-4957-a77a-47b78695e883, DiscoveryResourceId=da9b70f6-5323-4ce6-ae5c-88dcc5082966, PrintResourceId=da9b70f6-5323-4ce6-ae5c-88dcc5082966","MachineName":"DESKTOP-OIQSE1G","UserId":null,"TaskDisplayName":"None","ProcessId":27928,"ThreadId":0},{"TimeCreated":"2025-04-16 20:48:48","LogName":"Application","Level":"Information","EventID":1,"ProviderName":"Universal Print","Message":"Successfully received access_token for da9b70f6-5323-4ce6-ae5c-88dcc5082966 with OAuthClientId=dae89220-69ba-4957-a77a-47b78695e883 and OAuthAuthority=https://login.microsoftonline.com/3d9bab48-5f52-4b7d-a481-771eae5e6ed4","MachineName":"DESKTOP-OIQSE1G","UserId":null,"TaskDisplayName":"None","ProcessId":27928,"ThreadId":0},{"TimeCreated":"2025-04-16 20:48:48","LogName":"Application","Level":"Information","EventID":1,"ProviderName":"Universal Print","Message":"Using cached state. State: Enabled","MachineName":"DESKTOP-OIQSE1G","UserId":null,"TaskDisplayName":"None","ProcessId":27928,"ThreadId":0},{"TimeCreated":"2025-04-16 20:48:48","LogName":"Application","Level":"Information","EventID":1,"ProviderName":"Universal Print","Message":"Device is Workplace Joined.","MachineName":"DESKTOP-OIQSE1G","UserId":null,"TaskDisplayName":"None","ProcessId":27928,"ThreadId":0},{"TimeCreated":"2025-04-16 20:48:24","LogName":"Application","Level":"Information","EventID":16384,"ProviderName":"Microsoft-Windows-Security-SPP","Message":"Successfully scheduled Software Protection service for re-start at 2125-03-24T02:48:24Z. Reason: RulesEngine.","MachineName":"DESKTOP-OIQSE1G","UserId":null,"TaskDisplayName":null,"ProcessId":25404,"ThreadId":0},